
   INFO  Server running on [http://0.0.0.0:8000].  

  Press Ctrl+C to stop the server

  PHP Deprecated:  App\Traits\CacheableTrait::scopeCacheFor(): Implicitly marking parameter $key as nullable is deprecated, the explicit nullable type must be used instead in /Users/tamsar/Downloads/mkaccounting/app/Traits/CacheableTrait.php on line 33
  PHP Deprecated:  App\Traits\CacheableTrait::scopeCacheWithTags(): Implicitly marking parameter $key as nullable is deprecated, the explicit nullable type must be used instead in /Users/tamsar/Downloads/mkaccounting/app/Traits/CacheableTrait.php on line 43
  PHP Deprecated:  App\Traits\CacheableTrait::scopeCacheShort(): Implicitly marking parameter $key as nullable is deprecated, the explicit nullable type must be used instead in /Users/tamsar/Downloads/mkaccounting/app/Traits/CacheableTrait.php on line 57
  PHP Deprecated:  App\Traits\CacheableTrait::scopeCacheMedium(): Implicitly marking parameter $key as nullable is deprecated, the explicit nullable type must be used instead in /Users/tamsar/Downloads/mkaccounting/app/Traits/CacheableTrait.php on line 65
  PHP Deprecated:  App\Traits\CacheableTrait::scopeCacheLong(): Implicitly marking parameter $key as nullable is deprecated, the explicit nullable type must be used instead in /Users/tamsar/Downloads/mkaccounting/app/Traits/CacheableTrait.php on line 73
  PHP Deprecated:  App\Traits\CacheableTrait::scopeCacheForCompany(): Implicitly marking parameter $seconds as nullable is deprecated, the explicit nullable type must be used instead in /Users/tamsar/Downloads/mkaccounting/app/Traits/CacheableTrait.php on line 81
  PHP Deprecated:  App\Traits\CacheableTrait::scopeCacheForCompany(): Implicitly marking parameter $key as nullable is deprecated, the explicit nullable type must be used instead in /Users/tamsar/Downloads/mkaccounting/app/Traits/CacheableTrait.php on line 81
  PHP Deprecated:  App\Traits\CacheableTrait::cacheAttribute(): Implicitly marking parameter $seconds as nullable is deprecated, the explicit nullable type must be used instead in /Users/tamsar/Downloads/mkaccounting/app/Traits/CacheableTrait.php on line 94
  PHP Deprecated:  App\Traits\CacheableTrait::cacheRelation(): Implicitly marking parameter $seconds as nullable is deprecated, the explicit nullable type must be used instead in /Users/tamsar/Downloads/mkaccounting/app/Traits/CacheableTrait.php on line 112
  PHP Deprecated:  App\Traits\CacheableTrait::cacheComputed(): Implicitly marking parameter $seconds as nullable is deprecated, the explicit nullable type must be used instead in /Users/tamsar/Downloads/mkaccounting/app/Traits/CacheableTrait.php on line 125
  PHP Deprecated:  Lavary\Menu\Item::activate(): Implicitly marking parameter $item as nullable is deprecated, the explicit nullable type must be used instead in /Users/tamsar/Downloads/mkaccounting/vendor/lavary/laravel-menu/src/Lavary/Menu/Item.php on line 432
  2025-07-28 15:45:37 ............................................ ~ 505.35ms
  2025-07-28 15:45:37 ............................................ ~ 505.70ms
  2025-07-28 15:45:38 /favicons/site.webmanifest ................... ~ 0.47ms
  2025-07-28 15:45:38 /favicons/favicon.ico ........................ ~ 1.14ms

   INFO  Environment modified. Restarting server...  

   INFO  Server running on [http://0.0.0.0:8000].  

  Press Ctrl+C to stop the server

  PHP Deprecated:  App\Traits\CacheableTrait::scopeCacheFor(): Implicitly marking parameter $key as nullable is deprecated, the explicit nullable type must be used instead in /Users/tamsar/Downloads/mkaccounting/app/Traits/CacheableTrait.php on line 33
  PHP Deprecated:  App\Traits\CacheableTrait::scopeCacheWithTags(): Implicitly marking parameter $key as nullable is deprecated, the explicit nullable type must be used instead in /Users/tamsar/Downloads/mkaccounting/app/Traits/CacheableTrait.php on line 43
  PHP Deprecated:  App\Traits\CacheableTrait::scopeCacheShort(): Implicitly marking parameter $key as nullable is deprecated, the explicit nullable type must be used instead in /Users/tamsar/Downloads/mkaccounting/app/Traits/CacheableTrait.php on line 57
  PHP Deprecated:  App\Traits\CacheableTrait::scopeCacheMedium(): Implicitly marking parameter $key as nullable is deprecated, the explicit nullable type must be used instead in /Users/tamsar/Downloads/mkaccounting/app/Traits/CacheableTrait.php on line 65
  PHP Deprecated:  App\Traits\CacheableTrait::scopeCacheLong(): Implicitly marking parameter $key as nullable is deprecated, the explicit nullable type must be used instead in /Users/tamsar/Downloads/mkaccounting/app/Traits/CacheableTrait.php on line 73
  PHP Deprecated:  App\Traits\CacheableTrait::scopeCacheForCompany(): Implicitly marking parameter $seconds as nullable is deprecated, the explicit nullable type must be used instead in /Users/tamsar/Downloads/mkaccounting/app/Traits/CacheableTrait.php on line 81
  PHP Deprecated:  App\Traits\CacheableTrait::scopeCacheForCompany(): Implicitly marking parameter $key as nullable is deprecated, the explicit nullable type must be used instead in /Users/tamsar/Downloads/mkaccounting/app/Traits/CacheableTrait.php on line 81
  PHP Deprecated:  App\Traits\CacheableTrait::cacheAttribute(): Implicitly marking parameter $seconds as nullable is deprecated, the explicit nullable type must be used instead in /Users/tamsar/Downloads/mkaccounting/app/Traits/CacheableTrait.php on line 94
  PHP Deprecated:  App\Traits\CacheableTrait::cacheRelation(): Implicitly marking parameter $seconds as nullable is deprecated, the explicit nullable type must be used instead in /Users/tamsar/Downloads/mkaccounting/app/Traits/CacheableTrait.php on line 112
  PHP Deprecated:  App\Traits\CacheableTrait::cacheComputed(): Implicitly marking parameter $seconds as nullable is deprecated, the explicit nullable type must be used instead in /Users/tamsar/Downloads/mkaccounting/app/Traits/CacheableTrait.php on line 125
  PHP Deprecated:  Lavary\Menu\Item::activate(): Implicitly marking parameter $item as nullable is deprecated, the explicit nullable type must be used instead in /Users/tamsar/Downloads/mkaccounting/vendor/lavary/laravel-menu/src/Lavary/Menu/Item.php on line 432
  2025-07-28 15:46:37 .............................................. ~ 0.37ms
  2025-07-28 15:46:38 .............................................. ~ 0.03ms
  2025-07-28 15:46:38 .............................................. ~ 0.24ms
  2025-07-28 15:46:38 /favicons/favicon.ico ........................ ~ 0.02ms
  2025-07-28 15:53:35 ............................................ ~ 505.18ms
  2025-07-28 15:53:35 /favicons/site.webmanifest ................... ~ 0.02ms
  2025-07-28 15:53:39 .............................................. ~ 0.06ms
  2025-07-28 15:53:40 .............................................. ~ 0.02ms
  2025-07-28 15:53:40 ............................................ ~ 506.25ms
  2025-07-28 15:53:40 /favicons/favicon.ico ...................... ~ 506.60ms
  2025-07-28 15:53:40 /favicons/favicon-16x16.png .................. ~ 0.51ms
  2025-07-28 15:53:40 /favicons/favicon-32x32.png .................. ~ 1.05ms
  2025-07-28 15:53:40 /favicons/apple-touch-icon.png ............... ~ 1.53ms
  2025-07-28 15:53:43 .............................................. ~ 0.06ms
  2025-07-28 15:53:43 ............................................ ~ 503.11ms
  2025-07-28 15:53:43 .............................................. ~ 0.09ms
  2025-07-28 15:53:43 .............................................. ~ 0.87ms
  2025-07-28 15:53:43 /favicons/site.webmanifest ................... ~ 0.13ms
  2025-07-28 15:53:43 /favicons/favicon.ico ........................ ~ 0.42ms
  2025-07-28 15:54:30 /favicons/site.webmanifest ................... ~ 0.07ms
  2025-07-28 15:54:30 ............................................ ~ 505.37ms
  2025-07-28 15:54:30 .............................................. ~ 0.06ms
  2025-07-28 15:54:31 .............................................. ~ 0.02ms
  2025-07-28 15:54:31 .............................................. ~ 0.02ms
  2025-07-28 15:54:31 .............................................. ~ 0.01ms
  2025-07-28 15:54:31 ............................................ ~ 505.16ms
  2025-07-28 15:54:31 .............................................. ~ 0.05ms
  2025-07-28 15:54:31 .............................................. ~ 0.08ms
  2025-07-28 15:54:31 .............................................. ~ 0.03ms
  2025-07-28 15:54:31 .............................................. ~ 0.28ms
  2025-07-28 15:54:31 .............................................. ~ 0.56ms
  2025-07-28 15:54:31 .............................................. ~ 0.77ms
  2025-07-28 15:54:31 ............................................ ~ 504.67ms
  2025-07-28 15:54:31 ............................................ ~ 505.50ms
  2025-07-28 15:54:31 .............................................. ~ 0.76ms
  2025-07-28 15:54:31 .............................................. ~ 0.68ms
  2025-07-28 15:54:39 .............................................. ~ 0.09ms
  2025-07-28 15:59:31 .............................................. ~ 0.41ms
  2025-07-28 15:59:31 .............................................. ~ 0.09ms
  2025-07-28 16:02:20 .............................................. ~ 0.07ms
  2025-07-28 16:04:31 .............................................. ~ 0.19ms
  2025-07-28 16:04:31 .............................................. ~ 0.11ms
  2025-07-28 16:05:46 .............................................. ~ 0.17ms
  2025-07-28 16:07:54 .............................................. ~ 0.20ms
  2025-07-28 16:07:57 ............................................ ~ 506.60ms
  2025-07-28 16:07:57 .............................................. ~ 0.34ms
  2025-07-28 16:07:57 .............................................. ~ 0.02ms
  2025-07-28 16:07:57 .............................................. ~ 0.02ms
  2025-07-28 16:08:08 .............................................. ~ 0.10ms
  2025-07-28 16:08:08 .............................................. ~ 0.03ms
  2025-07-28 16:08:24 .............................................. ~ 0.21ms
  2025-07-28 16:08:24 .............................................. ~ 0.13ms
  2025-07-28 16:08:40 .............................................. ~ 0.16ms
  2025-07-28 16:08:40 .............................................. ~ 0.06ms
  2025-07-28 16:08:55 .............................................. ~ 0.21ms
  2025-07-28 16:08:55 .............................................. ~ 0.07ms
  2025-07-28 16:09:11 .............................................. ~ 0.15ms
  2025-07-28 16:09:11 .............................................. ~ 0.07ms
  2025-07-28 16:09:27 .............................................. ~ 0.08ms
  2025-07-28 16:09:27 .............................................. ~ 0.02ms
  2025-07-28 16:09:31 ............................................ ~ 502.45ms
  2025-07-28 16:09:31 .............................................. ~ 0.06ms
  2025-07-28 16:09:42 ............................................ ~ 505.07ms
  2025-07-28 16:09:42 .............................................. ~ 0.06ms
  2025-07-28 16:09:59 .............................................. ~ 0.21ms
  2025-07-28 16:10:09 .............................................. ~ 5.78ms
  2025-07-28 16:10:19 .............................................. ~ 0.32ms
  2025-07-28 16:10:21 .............................................. ~ 0.09ms
  2025-07-28 16:10:21 .............................................. ~ 0.02ms
  2025-07-28 16:10:21 .............................................. ~ 0.02ms
  2025-07-28 16:10:21 .............................................. ~ 0.03ms
  2025-07-28 16:10:46 .............................................. ~ 1.35ms
  2025-07-28 16:10:48 .............................................. ~ 0.08ms
  2025-07-28 16:10:48 .............................................. ~ 0.02ms
  2025-07-28 16:10:48 .............................................. ~ 0.01ms
  2025-07-28 16:10:48 .............................................. ~ 0.01ms
  2025-07-28 16:11:12 .............................................. ~ 0.16ms
  2025-07-28 16:11:14 .............................................. ~ 0.31ms
  2025-07-28 16:11:14 .............................................. ~ 0.03ms
  2025-07-28 16:11:14 .............................................. ~ 0.02ms
  2025-07-28 16:11:14 .............................................. ~ 0.01ms
  2025-07-28 16:14:31 .............................................. ~ 0.53ms
  2025-07-28 16:14:31 .............................................. ~ 0.24ms
  2025-07-28 16:19:31 .............................................. ~ 0.07ms
  2025-07-28 16:19:31 .............................................. ~ 0.02ms
  2025-07-28 16:19:34 ............................................ ~ 504.23ms
  2025-07-28 16:19:35 .............................................. ~ 0.07ms
  2025-07-28 16:19:35 .............................................. ~ 0.05ms
  2025-07-28 16:19:35 .............................................. ~ 0.06ms
  2025-07-28 16:19:36 .............................................. ~ 0.10ms
  2025-07-28 16:19:36 .............................................. ~ 0.51ms
  2025-07-28 16:19:36 .............................................. ~ 0.02ms
  2025-07-28 16:19:36 .............................................. ~ 0.02ms
  2025-07-28 16:19:38 ............................................ ~ 502.80ms
  2025-07-28 16:19:38 ............................................ ~ 504.67ms
  2025-07-28 16:19:38 .............................................. ~ 0.18ms
  2025-07-28 16:19:38 .............................................. ~ 0.06ms
  2025-07-28 16:19:45 ............................................ ~ 503.78ms
  2025-07-28 16:19:45 ............................................ ~ 504.80ms
  2025-07-28 16:19:46 .............................................. ~ 0.05ms
  2025-07-28 16:19:46 .............................................. ~ 0.07ms
  2025-07-28 16:19:47 .............................................. ~ 0.08ms
  2025-07-28 16:19:47 .............................................. ~ 0.30ms
  2025-07-28 16:19:47 .............................................. ~ 0.22ms
  2025-07-28 16:19:47 .............................................. ~ 0.22ms
  2025-07-28 16:19:47 .............................................. ~ 0.22ms
  2025-07-28 16:19:47 ............................................ ~ 502.52ms
  2025-07-28 16:19:47 ............................................ ~ 503.60ms
  2025-07-28 16:19:47 .............................................. ~ 0.74ms
  2025-07-28 16:19:49 .............................................. ~ 0.44ms
  2025-07-28 16:19:49 .............................................. ~ 0.24ms
  2025-07-28 16:19:56 .............................................. ~ 0.17ms
  2025-07-28 16:19:56 .............................................. ~ 0.50ms
  2025-07-28 16:19:56 .............................................. ~ 0.78ms
  2025-07-28 16:19:56 .............................................. ~ 0.05ms
  2025-07-28 16:19:56 .............................................. ~ 0.65ms
  2025-07-28 16:19:56 .............................................. ~ 0.75ms
  2025-07-28 16:20:03 .............................................. ~ 0.58ms
  2025-07-28 16:20:03 .............................................. ~ 2.25ms
  2025-07-28 16:20:03 .............................................. ~ 0.11ms
  2025-07-28 16:20:03 .............................................. ~ 0.05ms
  2025-07-28 16:20:10 .............................................. ~ 0.10ms
  2025-07-28 16:20:10 .............................................. ~ 0.41ms
  2025-07-28 16:20:11 .............................................. ~ 0.02ms
  2025-07-28 16:20:11 .............................................. ~ 0.06ms
  2025-07-28 16:20:17 .............................................. ~ 0.10ms
  2025-07-28 16:20:17 .............................................. ~ 0.38ms
  2025-07-28 16:20:17 .............................................. ~ 0.02ms
  2025-07-28 16:20:17 .............................................. ~ 0.03ms
  2025-07-28 16:20:25 .............................................. ~ 0.06ms
  2025-07-28 16:20:25 ............................................ ~ 506.50ms
  2025-07-28 16:20:25 ............................................ ~ 513.16ms
  2025-07-28 16:20:25 ............................................ ~ 513.92ms
  2025-07-28 16:20:25 .............................................. ~ 0.70ms
  2025-07-28 16:20:25 .............................................. ~ 0.74ms
  2025-07-28 16:20:25 .............................................. ~ 0.85ms
  2025-07-28 16:20:25 .............................................. ~ 0.76ms
  2025-07-28 16:20:32 .............................................. ~ 0.42ms
  2025-07-28 16:20:32 .............................................. ~ 2.58ms
  2025-07-28 16:20:32 .............................................. ~ 8.40ms
  2025-07-28 16:20:32 ............................................. ~ 26.73ms
  2025-07-28 16:20:32 .............................................. ~ 0.86ms
  2025-07-28 16:20:32 .............................................. ~ 0.32ms
  2025-07-28 16:20:32 .............................................. ~ 0.28ms
  2025-07-28 16:20:32 .............................................. ~ 0.27ms
  2025-07-28 16:20:45 .............................................. ~ 0.52ms
  2025-07-28 16:20:45 .............................................. ~ 2.37ms
  2025-07-28 16:20:45 .............................................. ~ 3.23ms
  2025-07-28 16:20:45 .............................................. ~ 0.09ms
  2025-07-28 16:20:45 .............................................. ~ 3.49ms
  2025-07-28 16:20:45 .............................................. ~ 1.78ms
  2025-07-28 16:20:51 .............................................. ~ 0.06ms
  2025-07-28 16:21:28 ............................................ ~ 502.79ms
  2025-07-28 16:21:29 /favicons/site.webmanifest ................... ~ 0.06ms
  2025-07-28 16:21:28 ............................................ ~ 503.42ms
  2025-07-28 16:21:29 .............................................. ~ 0.02ms
  2025-07-28 16:21:29 .............................................. ~ 0.02ms
  2025-07-28 16:21:29 .............................................. ~ 0.02ms
  2025-07-28 16:21:34 /favicons/site.webmanifest ................... ~ 0.07ms
  2025-07-28 16:21:34 ............................................ ~ 502.15ms
  127.0.0.1:59918 Invalid request (Unsupported SSL request)
  2025-07-28 16:21:55 .............................................. ~ 0.33ms
  127.0.0.1:59920 Invalid request (Unsupported SSL request)
  2025-07-28 16:21:55 .............................................. ~ 0.10ms
  127.0.0.1:59922 Invalid request (Unsupported SSL request)
  2025-07-28 16:21:55 .............................................. ~ 0.09ms
  127.0.0.1:59924 Invalid request (Unsupported SSL request)
  2025-07-28 16:21:55 .............................................. ~ 0.09ms
  127.0.0.1:59926 Invalid request (Unsupported SSL request)
  2025-07-28 16:21:55 .............................................. ~ 0.09ms
  127.0.0.1:59928 Invalid request (Unsupported SSL request)
  2025-07-28 16:21:55 .............................................. ~ 0.16ms
  2025-07-28 16:22:13 .............................................. ~ 0.06ms
  2025-07-28 16:22:13 ............................................ ~ 514.93ms
  2025-07-28 16:22:13 .............................................. ~ 0.05ms
  2025-07-28 16:22:13 /favicons/site.webmanifest ................... ~ 0.55ms
  2025-07-28 16:22:13 .............................................. ~ 0.03ms
  2025-07-28 16:22:13 .............................................. ~ 0.03ms
  2025-07-28 16:22:13 .............................................. ~ 0.13ms
  2025-07-28 16:22:17 ............................................. ~ 11 сек.
  2025-07-28 16:22:29 .............................................. ~ 0.07ms
  2025-07-28 16:22:36 .............................................. ~ 2.08ms
  2025-07-28 16:22:36 .............................................. ~ 4.80ms
  2025-07-28 16:22:36 .............................................. ~ 5.46ms
  2025-07-28 16:22:36 .............................................. ~ 6.52ms
  2025-07-28 16:22:37 .............................................. ~ 0.08ms
  2025-07-28 16:22:37 .............................................. ~ 4.16ms
  2025-07-28 16:22:37 .............................................. ~ 4.36ms
  2025-07-28 16:22:37 .............................................. ~ 0.90ms
  2025-07-28 16:22:44 .............................................. ~ 0.45ms
  2025-07-28 16:22:44 .............................................. ~ 0.05ms
  2025-07-28 16:22:50 .............................................. ~ 0.05ms
  2025-07-28 16:22:50 .............................................. ~ 0.29ms
  2025-07-28 16:22:50 .............................................. ~ 0.01ms
  2025-07-28 16:22:50 .............................................. ~ 0.02ms
  2025-07-28 16:22:50 .............................................. ~ 0.21ms
  2025-07-28 16:22:51 .............................................. ~ 0.02ms
  2025-07-28 16:22:51 .............................................. ~ 0.20ms
  2025-07-28 16:22:51 .............................................. ~ 0.01ms
  2025-07-28 16:22:51 ............................................ ~ 502.31ms
  2025-07-28 16:22:51 .............................................. ~ 0.02ms
  2025-07-28 16:22:51 .............................................. ~ 0.02ms
  2025-07-28 16:22:51 .............................................. ~ 0.02ms
  2025-07-28 16:23:01 ............................................ ~ 506.59ms
  2025-07-28 16:23:01 ............................................ ~ 507.52ms
  2025-07-28 16:23:01 .............................................. ~ 0.08ms
  2025-07-28 16:23:01 .............................................. ~ 0.05ms
  2025-07-28 16:23:08 .............................................. ~ 0.09ms
  2025-07-28 16:23:08 .............................................. ~ 0.04ms
  2025-07-28 16:23:14 ............................................ ~ 501.21ms
  2025-07-28 16:23:14 .............................................. ~ 0.06ms
  2025-07-28 16:23:16 .............................................. ~ 0.09ms
  2025-07-28 16:23:16 .............................................. ~ 0.04ms
  2025-07-28 16:23:35 .............................................. ~ 0.49ms
  2025-07-28 16:23:35 .............................................. ~ 0.06ms
  2025-07-28 16:23:44 .............................................. ~ 0.50ms
  2025-07-28 16:23:44 .............................................. ~ 0.08ms
  2025-07-28 16:23:50 .............................................. ~ 0.43ms
  2025-07-28 16:23:50 .............................................. ~ 0.10ms
  2025-07-28 16:23:55 .............................................. ~ 0.40ms
  2025-07-28 16:23:55 .............................................. ~ 0.06ms
  2025-07-28 16:24:00 .............................................. ~ 0.14ms
  2025-07-28 16:24:01 .............................................. ~ 0.05ms
  2025-07-28 16:24:01 .............................................. ~ 0.05ms
  2025-07-28 16:24:01 .............................................. ~ 0.03ms
  2025-07-28 16:24:07 .............................................. ~ 0.19ms
  2025-07-28 16:24:07 .............................................. ~ 0.04ms
  2025-07-28 16:24:15 .............................................. ~ 0.16ms
  2025-07-28 16:24:15 .............................................. ~ 0.61ms
  2025-07-28 16:24:15 .............................................. ~ 0.04ms
  2025-07-28 16:24:15 .............................................. ~ 0.04ms
  2025-07-28 16:24:22 .............................................. ~ 0.39ms
  2025-07-28 16:24:22 .............................................. ~ 0.06ms
  2025-07-28 16:24:36 .............................................. ~ 0.08ms
  2025-07-28 16:24:36 .............................................. ~ 0.32ms
  2025-07-28 16:24:36 ............................................ ~ 504.18ms
  2025-07-28 16:24:36 ............................................ ~ 504.96ms
  2025-07-28 16:24:36 .............................................. ~ 0.73ms
  2025-07-28 16:24:36 .............................................. ~ 0.77ms
  2025-07-28 16:24:53 ............................................ ~ 506.40ms
  2025-07-28 16:24:53 ............................................ ~ 507.35ms
  2025-07-28 16:24:53 .............................................. ~ 1.01ms
  2025-07-28 16:24:53 .............................................. ~ 0.71ms
  2025-07-28 16:24:53 .............................................. ~ 0.66ms
  2025-07-28 16:24:53 .............................................. ~ 0.84ms
  2025-07-28 16:24:53 .............................................. ~ 0.74ms
  2025-07-28 16:24:53 .............................................. ~ 1.09ms
  2025-07-28 16:24:53 .............................................. ~ 2.41ms
  2025-07-28 16:24:53 .............................................. ~ 0.71ms
  2025-07-28 16:26:38 ............................................ ~ 500.86ms
  2025-07-28 16:26:38 .............................................. ~ 0.02ms
  2025-07-28 16:26:38 .............................................. ~ 0.02ms
  2025-07-28 16:26:38 .............................................. ~ 0.24ms
  2025-07-28 16:26:38 .............................................. ~ 0.02ms
  2025-07-28 16:26:38 .............................................. ~ 0.02ms
  2025-07-28 16:26:38 .............................................. ~ 0.03ms
  2025-07-28 16:26:38 .............................................. ~ 0.30ms
  2025-07-28 16:26:38 .............................................. ~ 0.57ms
  2025-07-28 16:26:38 .............................................. ~ 0.83ms
  2025-07-28 16:26:38 .............................................. ~ 0.02ms
  2025-07-28 16:26:38 .............................................. ~ 0.29ms
  2025-07-28 16:26:38 .............................................. ~ 0.29ms
  2025-07-28 16:26:38 .............................................. ~ 0.29ms
  2025-07-28 16:26:47 .............................................. ~ 0.53ms
  2025-07-28 16:26:47 .............................................. ~ 0.06ms
  2025-07-28 16:27:40 .............................................. ~ 0.38ms
  2025-07-28 16:27:40 .............................................. ~ 0.05ms
  2025-07-28 16:30:46 .............................................. ~ 0.62ms
  2025-07-28 16:30:46 .............................................. ~ 1.86ms
  2025-07-28 16:30:46 .............................................. ~ 3.44ms
  2025-07-28 16:30:47 .............................................. ~ 0.09ms
  2025-07-28 16:30:47 .............................................. ~ 0.74ms
  2025-07-28 16:30:47 .............................................. ~ 1.20ms
  2025-07-28 16:30:49 /favicons/site.webmanifest ................... ~ 0.08ms
  2025-07-28 16:30:49 ............................................ ~ 505.36ms
  2025-07-28 16:31:30 .............................................. ~ 0.10ms
  2025-07-28 16:31:30 ............................................ ~ 507.42ms
  2025-07-28 16:31:30 .............................................. ~ 0.06ms
  2025-07-28 16:31:30 /favicons/favicon.ico ........................ ~ 0.29ms
  2025-07-28 16:31:30 /favicons/site.webmanifest ................... ~ 0.42ms
  2025-07-28 16:31:30 .............................................. ~ 0.02ms
  2025-07-28 16:31:30 .............................................. ~ 0.03ms
  2025-07-28 16:31:30 .............................................. ~ 0.24ms
  2025-07-28 16:31:30 ............................................ ~ 506.47ms
  2025-07-28 16:31:30 ............................................ ~ 507.58ms
  2025-07-28 16:31:30 .............................................. ~ 0.10ms
  2025-07-28 16:31:30 .............................................. ~ 2.26ms
  2025-07-28 16:31:30 .............................................. ~ 1.17ms
  2025-07-28 16:31:30 .............................................. ~ 0.75ms
  2025-07-28 16:35:03 .............................................. ~ 0.07ms
  2025-07-28 16:35:03 ............................................ ~ 504.52ms
  2025-07-28 16:35:03 .............................................. ~ 0.06ms
  2025-07-28 16:35:03 /favicons/favicon.ico ........................ ~ 1.49ms
  2025-07-28 16:35:03 /favicons/site.webmanifest ................... ~ 1.96ms
  2025-07-28 16:35:04 .............................................. ~ 1.14ms
  2025-07-28 16:35:04 .............................................. ~ 0.09ms
  2025-07-28 16:35:04 .............................................. ~ 0.72ms
  2025-07-28 16:35:04 .............................................. ~ 1.34ms
  2025-07-28 16:35:04 .............................................. ~ 2.22ms
  2025-07-28 16:35:04 .............................................. ~ 0.07ms
  2025-07-28 16:35:04 .............................................. ~ 0.52ms
  2025-07-28 16:35:04 .............................................. ~ 0.43ms
  2025-07-28 16:35:04 .............................................. ~ 0.42ms
  2025-07-28 16:35:07 .............................................. ~ 0.05ms
  2025-07-28 16:35:07 ............................................ ~ 505.24ms
  2025-07-28 16:35:08 /favicons/favicon.ico ........................ ~ 0.05ms
  2025-07-28 16:35:08 /favicons/site.webmanifest ................... ~ 0.24ms
  2025-07-28 16:35:08 .............................................. ~ 0.02ms
  2025-07-28 16:35:08 .............................................. ~ 0.02ms
  2025-07-28 16:35:08 .............................................. ~ 0.04ms
  2025-07-28 16:35:08 .............................................. ~ 0.33ms
  2025-07-28 16:35:08 .............................................. ~ 0.62ms
  2025-07-28 16:35:08 .............................................. ~ 0.92ms
  2025-07-28 16:35:08 .............................................. ~ 0.02ms
  2025-07-28 16:35:08 .............................................. ~ 0.32ms
  2025-07-28 16:35:08 .............................................. ~ 0.32ms
  2025-07-28 16:35:08 .............................................. ~ 0.32ms
  2025-07-28 16:35:58 .............................................. ~ 0.17ms
  2025-07-28 16:35:58 .............................................. ~ 0.06ms
  2025-07-28 16:36:03 .............................................. ~ 0.18ms
  2025-07-28 16:36:03 .............................................. ~ 0.04ms
  2025-07-28 16:36:09 .............................................. ~ 0.40ms
  2025-07-28 16:36:09 .............................................. ~ 0.07ms
  2025-07-28 16:37:18 .............................................. ~ 0.05ms
  2025-07-28 16:37:18 ............................................ ~ 505.22ms
  2025-07-28 16:37:19 .............................................. ~ 0.02ms
  2025-07-28 16:37:19 /favicons/favicon.ico ........................ ~ 0.27ms
  2025-07-28 16:37:19 /favicons/site.webmanifest ................... ~ 0.41ms
  2025-07-28 16:37:19 .............................................. ~ 0.02ms
  2025-07-28 16:37:19 .............................................. ~ 0.03ms
  2025-07-28 16:37:19 .............................................. ~ 0.25ms
  2025-07-28 16:37:19 .............................................. ~ 0.47ms
  2025-07-28 16:37:19 .............................................. ~ 0.69ms
  2025-07-28 16:37:19 .............................................. ~ 0.02ms
  2025-07-28 16:37:19 .............................................. ~ 0.25ms
  2025-07-28 16:37:19 .............................................. ~ 0.25ms
  2025-07-28 16:37:19 .............................................. ~ 0.24ms
  2025-07-28 16:39:24 .............................................. ~ 0.08ms
  2025-07-28 16:39:24 ............................................ ~ 503.33ms
  2025-07-28 16:39:25 .............................................. ~ 0.02ms
  2025-07-28 16:39:25 /favicons/favicon.ico ........................ ~ 0.37ms
  2025-07-28 16:39:25 /favicons/site.webmanifest ................... ~ 0.50ms
  2025-07-28 16:39:25 .............................................. ~ 0.01ms
  2025-07-28 16:39:25 .............................................. ~ 0.02ms
  2025-07-28 16:39:25 .............................................. ~ 0.21ms
  2025-07-28 16:39:25 .............................................. ~ 0.40ms
  2025-07-28 16:39:25 .............................................. ~ 0.68ms
  2025-07-28 16:39:25 .............................................. ~ 0.02ms
  2025-07-28 16:39:25 .............................................. ~ 0.22ms
  2025-07-28 16:39:25 .............................................. ~ 0.21ms
  2025-07-28 16:39:25 .............................................. ~ 0.21ms
  2025-07-28 16:40:42 .............................................. ~ 0.14ms
  2025-07-28 16:40:42 /favicons/site.webmanifest ................... ~ 0.03ms
  2025-07-28 16:40:42 .............................................. ~ 0.02ms
  2025-07-28 16:40:42 .............................................. ~ 0.28ms
  2025-07-28 16:44:25 .............................................. ~ 0.41ms
  2025-07-28 16:44:25 .............................................. ~ 0.05ms
  2025-07-28 16:49:25 .............................................. ~ 0.41ms
  2025-07-28 16:49:25 .............................................. ~ 0.07ms
  2025-07-28 16:52:39 .............................................. ~ 0.07ms
  2025-07-28 16:52:39 ............................................ ~ 503.75ms
  2025-07-28 16:52:39 /favicons/favicon.ico ........................ ~ 0.02ms
  2025-07-28 16:52:39 /favicons/site.webmanifest ................... ~ 0.02ms
  2025-07-28 16:52:39 .............................................. ~ 0.01ms
  2025-07-28 16:52:39 .............................................. ~ 0.02ms
  2025-07-28 16:52:39 .............................................. ~ 0.03ms
  2025-07-28 16:52:39 .............................................. ~ 0.24ms
  2025-07-28 16:52:39 .............................................. ~ 0.44ms
  2025-07-28 16:52:39 .............................................. ~ 0.65ms
  2025-07-28 16:52:40 .............................................. ~ 0.01ms
  2025-07-28 16:52:40 .............................................. ~ 0.02ms
  2025-07-28 16:52:40 .............................................. ~ 0.23ms
  2025-07-28 16:52:40 .............................................. ~ 0.22ms
  2025-07-28 16:52:46 .............................................. ~ 0.09ms
  2025-07-28 16:52:46 ............................................ ~ 505.53ms
  2025-07-28 16:52:46 /favicons/favicon.ico ........................ ~ 0.02ms
  2025-07-28 16:52:46 /favicons/site.webmanifest ................... ~ 0.02ms
  2025-07-28 16:52:47 .............................................. ~ 0.02ms
  2025-07-28 16:52:47 .............................................. ~ 0.01ms
  2025-07-28 16:52:47 ............................................ ~ 503.76ms
  2025-07-28 16:52:47 ............................................ ~ 505.19ms
  2025-07-28 16:52:47 ............................................ ~ 505.85ms
  2025-07-28 16:52:47 ............................................ ~ 506.44ms
  2025-07-28 16:52:47 .............................................. ~ 0.08ms
  2025-07-28 16:52:47 .............................................. ~ 0.10ms
  2025-07-28 16:52:47 .............................................. ~ 1.34ms
  2025-07-28 16:52:47 .............................................. ~ 1.18ms
  2025-07-28 16:52:54 .............................................. ~ 0.39ms
  2025-07-28 16:52:54 .............................................. ~ 0.05ms
  2025-07-28 16:53:09 .............................................. ~ 0.06ms
  2025-07-28 16:53:09 ............................................ ~ 507.49ms
  2025-07-28 16:53:09 .............................................. ~ 0.07ms
  2025-07-28 16:53:09 /favicons/favicon.ico ........................ ~ 0.80ms
  2025-07-28 16:53:09 /favicons/site.webmanifest ................... ~ 1.19ms
  2025-07-28 16:53:09 .............................................. ~ 0.10ms
  2025-07-28 16:53:09 .............................................. ~ 0.08ms
  2025-07-28 16:53:09 .............................................. ~ 1.16ms
  2025-07-28 16:53:09 .............................................. ~ 1.98ms
  2025-07-28 16:53:09 .............................................. ~ 3.04ms
  2025-07-28 16:53:09 .............................................. ~ 0.07ms
  2025-07-28 16:53:09 .............................................. ~ 0.72ms
  2025-07-28 16:53:09 .............................................. ~ 0.94ms
  2025-07-28 16:53:09 .............................................. ~ 1.53ms
  2025-07-28 16:53:14 .............................................. ~ 0.07ms
  2025-07-28 16:53:14 .............................................. ~ 0.07ms
  2025-07-28 16:53:14 .............................................. ~ 0.36ms
  2025-07-28 16:53:14 .............................................. ~ 0.23ms
  2025-07-28 16:53:14 .............................................. ~ 0.21ms
  2025-07-28 16:53:14 .............................................. ~ 0.20ms
  2025-07-28 16:53:18 .............................................. ~ 0.07ms
  2025-07-28 16:53:18 .............................................. ~ 0.28ms
  2025-07-28 16:53:18 .............................................. ~ 0.47ms
  2025-07-28 16:53:18 ............................................ ~ 506.61ms
  2025-07-28 16:53:18 ............................................ ~ 513.90ms
  2025-07-28 16:53:18 .............................................. ~ 1.26ms
  2025-07-28 16:53:19 .............................................. ~ 0.08ms
  2025-07-28 16:53:19 .............................................. ~ 0.34ms
  2025-07-28 16:53:19 .............................................. ~ 0.02ms
  2025-07-28 16:53:19 .............................................. ~ 0.02ms
  2025-07-28 16:53:21 .............................................. ~ 0.55ms
  2025-07-28 16:53:21 .............................................. ~ 3.85ms
  2025-07-28 16:53:21 .............................................. ~ 0.05ms
  2025-07-28 16:53:21 .............................................. ~ 0.05ms
  2025-07-28 16:53:49 .............................................. ~ 0.14ms
  2025-07-28 16:53:49 .............................................. ~ 0.52ms
  2025-07-28 16:53:49 .............................................. ~ 0.93ms
  2025-07-28 16:53:49 .............................................. ~ 0.04ms
  2025-07-28 16:53:49 .............................................. ~ 0.66ms
  2025-07-28 16:53:49 .............................................. ~ 0.43ms
  2025-07-28 16:58:50 .............................................. ~ 0.42ms
  2025-07-28 16:58:50 .............................................. ~ 0.07ms
  2025-07-28 17:03:50 .............................................. ~ 1.21ms
  2025-07-28 17:03:50 .............................................. ~ 0.16ms
  2025-07-28 17:08:50 ............................................ ~ 511.68ms
  2025-07-28 17:08:50 .............................................. ~ 0.08ms
  2025-07-28 17:13:50 .............................................. ~ 0.20ms
  2025-07-28 17:13:50 .............................................. ~ 0.02ms
  2025-07-28 17:18:34 .............................................. ~ 0.21ms
  2025-07-28 17:18:34 ............................................ ~ 510.59ms
  2025-07-28 17:18:35 /favicons/favicon.ico ........................ ~ 0.02ms
  2025-07-28 17:18:35 /favicons/site.webmanifest ................... ~ 0.02ms
  2025-07-28 17:18:35 .............................................. ~ 0.02ms
  2025-07-28 17:18:35 .............................................. ~ 0.01ms
  2025-07-28 17:18:35 .............................................. ~ 0.02ms
  2025-07-28 17:18:35 ............................................ ~ 513.35ms
  2025-07-28 17:18:35 ............................................ ~ 517.08ms
  2025-07-28 17:18:35 ............................................ ~ 520.07ms
  2025-07-28 17:18:35 .............................................. ~ 0.05ms
  2025-07-28 17:18:35 .............................................. ~ 0.08ms
  2025-07-28 17:18:35 .............................................. ~ 0.79ms
  2025-07-28 17:18:35 .............................................. ~ 0.85ms
  2025-07-28 18:59:32 .............................................. ~ 0.74ms
  2025-07-28 18:59:32 .............................................. ~ 0.05ms
  2025-07-28 20:50:08 .............................................. ~ 1.02ms
  2025-07-28 20:50:08 .............................................. ~ 0.15ms
  2025-07-28 21:10:50 .............................................. ~ 0.94ms
  2025-07-28 21:10:50 .............................................. ~ 0.07ms
  2025-07-28 21:15:32 .............................................. ~ 0.34ms
  2025-07-28 21:15:32 ............................................ ~ 511.76ms
  2025-07-28 21:15:32 /favicons/favicon.ico ........................ ~ 0.08ms
  2025-07-28 21:15:33 /favicons/site.webmanifest ................... ~ 0.06ms
  2025-07-28 21:15:34 .............................................. ~ 0.02ms
  2025-07-28 21:15:34 .............................................. ~ 0.01ms
  2025-07-28 21:15:34 ............................................ ~ 510.95ms
  2025-07-28 21:15:34 ............................................ ~ 511.89ms
  2025-07-28 21:15:34 ............................................ ~ 512.64ms
  2025-07-28 21:15:34 ............................................ ~ 513.29ms
  2025-07-28 21:15:34 .............................................. ~ 0.09ms
  2025-07-28 21:15:34 .............................................. ~ 0.73ms
  2025-07-28 21:15:34 .............................................. ~ 0.69ms
  2025-07-28 21:15:34 .............................................. ~ 0.67ms
  2025-07-28 21:22:51 .............................................. ~ 0.30ms
  2025-07-28 21:22:51 /favicons/favicon.ico ........................ ~ 0.54ms
  2025-07-28 21:22:51 /favicons/site.webmanifest ................... ~ 0.27ms
  2025-07-28 21:22:51 ............................................ ~ 506.04ms
  2025-07-28 21:22:51 .............................................. ~ 0.06ms
  2025-07-28 21:22:51 .............................................. ~ 0.12ms
  2025-07-28 21:22:51 .............................................. ~ 1.41ms
  2025-07-28 21:22:51 .............................................. ~ 3.28ms
  2025-07-28 21:22:51 .............................................. ~ 4.18ms
  2025-07-28 21:22:51 .............................................. ~ 0.70ms
  2025-07-28 21:22:51 .............................................. ~ 1.60ms
  2025-07-28 21:22:51 .............................................. ~ 1.28ms
  2025-07-28 21:22:51 .............................................. ~ 0.81ms
  2025-07-28 21:23:37 .............................................. ~ 0.17ms
  2025-07-28 21:23:37 /favicons/favicon.ico ...................... ~ 509.56ms
  2025-07-28 21:23:37 /favicons/site.webmanifest ................... ~ 0.21ms
  2025-07-28 21:23:37 .............................................. ~ 0.02ms
  2025-07-28 21:23:37 .............................................. ~ 0.01ms
  2025-07-28 21:23:37 .............................................. ~ 0.02ms
  2025-07-28 21:23:37 .............................................. ~ 0.22ms
  2025-07-28 21:23:37 .............................................. ~ 0.42ms
  2025-07-28 21:23:37 .............................................. ~ 0.62ms
  2025-07-28 21:23:38 .............................................. ~ 0.02ms
  2025-07-28 21:23:38 .............................................. ~ 0.39ms
  2025-07-28 21:23:38 .............................................. ~ 0.31ms
  2025-07-28 21:23:38 .............................................. ~ 0.22ms
  2025-07-28 21:58:33 ............................................ ~ 506.78ms
  2025-07-28 21:58:33 .............................................. ~ 0.10ms
  2025-07-28 22:01:21 .............................................. ~ 0.08ms
  2025-07-28 22:01:21 /favicons/favicon.ico ...................... ~ 511.83ms
  2025-07-28 22:01:21 /favicons/site.webmanifest ................... ~ 1.01ms
  2025-07-28 22:01:22 .............................................. ~ 0.07ms
  2025-07-28 22:01:23 .............................................. ~ 0.02ms
  2025-07-28 22:01:23 .............................................. ~ 0.42ms
  2025-07-28 22:01:23 .............................................. ~ 1.34ms
  2025-07-28 22:01:23 .............................................. ~ 2.07ms
  2025-07-28 22:01:23 .............................................. ~ 2.57ms
  2025-07-28 22:01:23 .............................................. ~ 0.86ms
  2025-07-28 22:01:23 .............................................. ~ 0.27ms
  2025-07-28 22:01:23 .............................................. ~ 0.28ms
  2025-07-28 22:01:23 .............................................. ~ 0.26ms
  2025-07-28 22:53:36 ............................................ ~ 506.55ms
  2025-07-28 22:53:36 .............................................. ~ 0.05ms
  2025-07-28 22:53:36 .............................................. ~ 0.05ms
  2025-07-28 22:53:36 .............................................. ~ 0.06ms
  2025-07-28 22:53:39 .............................................. ~ 0.10ms
  2025-07-28 22:53:39 .............................................. ~ 0.44ms
  2025-07-28 22:53:39 .............................................. ~ 0.75ms
  2025-07-28 22:53:39 .............................................. ~ 0.03ms
  2025-07-28 22:53:39 .............................................. ~ 0.34ms
  2025-07-28 22:53:39 .............................................. ~ 0.33ms
  2025-07-28 22:54:00 ............................................ ~ 507.52ms
  2025-07-28 22:54:00 .............................................. ~ 0.07ms
  2025-07-28 22:54:02 .............................................. ~ 0.06ms
  2025-07-28 22:54:02 /favicons/favicon.ico ........................ ~ 0.32ms
  2025-07-28 22:54:02 /favicons/site.webmanifest ................... ~ 0.17ms
  2025-07-28 22:54:02 .............................................. ~ 0.02ms
  2025-07-28 22:54:02 .............................................. ~ 0.02ms
  2025-07-28 22:54:02 .............................................. ~ 0.02ms
  2025-07-28 22:54:02 .............................................. ~ 0.01ms
  2025-07-28 22:54:02 .............................................. ~ 0.02ms
  2025-07-28 22:54:02 .............................................. ~ 0.01ms
  2025-07-28 22:54:07 .............................................. ~ 0.14ms
  2025-07-28 22:54:07 .............................................. ~ 0.50ms
  2025-07-28 22:54:07 .............................................. ~ 0.34ms
  2025-07-28 22:54:07 .............................................. ~ 0.33ms
  2025-07-28 22:54:07 .............................................. ~ 0.34ms
  2025-07-28 22:54:07 .............................................. ~ 0.32ms
  2025-07-28 22:55:37 .............................................. ~ 0.54ms
  2025-07-28 22:55:37 .............................................. ~ 0.08ms
  2025-07-28 22:55:39 .............................................. ~ 0.07ms
  2025-07-28 22:55:39 .............................................. ~ 0.28ms
  2025-07-28 22:55:39 ............................................ ~ 506.24ms
  2025-07-28 22:55:39 .............................................. ~ 0.14ms
  2025-07-28 22:55:39 .............................................. ~ 4.03ms
  2025-07-28 22:55:39 .............................................. ~ 1.50ms
  2025-07-28 22:56:47 .............................................. ~ 0.06ms
  2025-07-28 22:56:47 .............................................. ~ 0.02ms
  2025-07-28 22:56:47 .............................................. ~ 0.02ms
  2025-07-28 22:56:47 .............................................. ~ 0.25ms
  2025-07-28 22:56:47 .............................................. ~ 0.02ms
  2025-07-28 22:56:47 .............................................. ~ 0.01ms
  2025-07-28 23:03:34 .............................................. ~ 0.08ms
  2025-07-28 23:03:34 .............................................. ~ 0.02ms
  2025-07-28 23:07:01 .............................................. ~ 0.08ms
  2025-07-28 23:07:01 /favicons/favicon.ico ........................ ~ 0.34ms
  2025-07-28 23:07:01 /favicons/site.webmanifest ................... ~ 0.17ms
  2025-07-28 23:07:01 ............................................ ~ 507.15ms
  2025-07-28 23:07:01 .............................................. ~ 0.83ms
  2025-07-28 23:07:01 .............................................. ~ 0.22ms
  2025-07-28 23:07:01 .............................................. ~ 0.78ms
  2025-07-28 23:07:01 .............................................. ~ 1.39ms
  2025-07-28 23:07:01 .............................................. ~ 0.34ms
  2025-07-28 23:07:01 .............................................. ~ 1.40ms
  2025-07-28 23:07:01 .............................................. ~ 0.24ms
  2025-07-28 23:08:30 ............................................ ~ 503.59ms
  2025-07-28 23:08:30 /favicons/favicon.ico ........................ ~ 0.03ms
  2025-07-28 23:08:30 /favicons/site.webmanifest ................... ~ 0.15ms
  2025-07-28 23:08:30 .............................................. ~ 0.01ms
  2025-07-28 23:08:30 .............................................. ~ 0.01ms
  2025-07-28 23:08:30 .............................................. ~ 0.02ms
  2025-07-28 23:08:30 .............................................. ~ 0.21ms
  2025-07-28 23:08:30 .............................................. ~ 0.40ms
  2025-07-28 23:08:30 .............................................. ~ 0.02ms
  2025-07-28 23:08:30 .............................................. ~ 0.21ms
  2025-07-28 23:08:30 ............................................ ~ 506.56ms
  2025-07-28 23:09:15 .............................................. ~ 0.06ms
  2025-07-28 23:09:15 /favicons/favicon.ico ........................ ~ 0.02ms
  2025-07-28 23:09:15 /favicons/site.webmanifest ................... ~ 0.15ms
  2025-07-28 23:09:15 ............................................ ~ 505.64ms
  2025-07-28 23:09:15 .............................................. ~ 0.06ms
  2025-07-28 23:09:15 .............................................. ~ 0.08ms
  2025-07-28 23:09:15 .............................................. ~ 1.39ms
  2025-07-28 23:09:15 .............................................. ~ 2.07ms
  2025-07-28 23:09:15 .............................................. ~ 0.07ms
  2025-07-28 23:09:15 .............................................. ~ 0.70ms
  2025-07-28 23:09:15 .............................................. ~ 0.95ms
  2025-07-28 23:11:56 .............................................. ~ 0.06ms
  2025-07-28 23:11:56 /favicons/favicon.ico ...................... ~ 505.65ms
  2025-07-28 23:11:57 /favicons/site.webmanifest ................... ~ 0.31ms
  2025-07-28 23:11:57 .............................................. ~ 0.02ms
  2025-07-28 23:11:57 .............................................. ~ 0.02ms
  2025-07-28 23:11:57 .............................................. ~ 0.04ms
  2025-07-28 23:11:57 .............................................. ~ 0.34ms
  2025-07-28 23:11:57 .............................................. ~ 0.64ms
  2025-07-28 23:11:57 .............................................. ~ 0.02ms
  2025-07-28 23:11:57 .............................................. ~ 0.33ms
  2025-07-28 23:11:57 .............................................. ~ 0.32ms
  2025-07-28 23:12:16 .............................................. ~ 0.08ms
  2025-07-28 23:12:17 .............................................. ~ 0.02ms
  2025-07-28 23:12:18 .............................................. ~ 0.46ms
  2025-07-28 23:12:18 .............................................. ~ 0.12ms
  2025-07-28 23:13:07 .............................................. ~ 0.09ms
  2025-07-28 23:13:07 .............................................. ~ 0.31ms
  2025-07-28 23:13:07 .............................................. ~ 0.23ms
  2025-07-28 23:13:07 .............................................. ~ 0.21ms
  2025-07-28 23:13:07 .............................................. ~ 0.20ms
  2025-07-28 23:13:07 .............................................. ~ 0.20ms
  2025-07-28 23:15:23 ............................................ ~ 506.99ms
  2025-07-28 23:15:23 .............................................. ~ 0.09ms
  2025-07-28 23:16:31 .............................................. ~ 0.09ms
  2025-07-28 23:16:31 .............................................. ~ 0.34ms
  2025-07-28 23:16:31 .............................................. ~ 0.58ms
  2025-07-28 23:16:31 .............................................. ~ 0.26ms
  2025-07-28 23:16:31 .............................................. ~ 0.25ms
  2025-07-28 23:16:31 .............................................. ~ 0.24ms
  2025-07-28 23:17:43 .............................................. ~ 1.15ms
  2025-07-28 23:17:43 .............................................. ~ 0.73ms
  2025-07-28 23:18:37 .............................................. ~ 0.06ms
  2025-07-28 23:18:37 .............................................. ~ 0.27ms
  2025-07-28 23:18:37 ............................................ ~ 510.85ms
  2025-07-28 23:18:37 .............................................. ~ 0.16ms
  2025-07-28 23:18:37 .............................................. ~ 1.39ms
  2025-07-28 23:18:37 .............................................. ~ 0.74ms
  2025-07-28 23:18:39 ............................................ ~ 504.53ms
  2025-07-28 23:18:39 ............................................ ~ 505.45ms
  2025-07-28 23:18:39 .............................................. ~ 0.06ms
  2025-07-28 23:18:39 .............................................. ~ 0.05ms
  2025-07-28 23:18:42 .............................................. ~ 0.12ms
  2025-07-28 23:18:42 .............................................. ~ 0.50ms
  2025-07-28 23:18:42 .............................................. ~ 0.02ms
  2025-07-28 23:18:42 .............................................. ~ 0.02ms
  2025-07-28 23:18:44 .............................................. ~ 1.09ms
  2025-07-28 23:18:44 .............................................. ~ 4.30ms
  2025-07-28 23:18:44 .............................................. ~ 0.27ms
  2025-07-28 23:18:44 .............................................. ~ 0.06ms
  2025-07-28 23:18:46 ............................................ ~ 503.09ms
  2025-07-28 23:18:46 ............................................ ~ 503.68ms
  2025-07-28 23:18:46 .............................................. ~ 0.52ms
  2025-07-28 23:18:46 .............................................. ~ 0.53ms
  2025-07-28 23:18:46 .............................................. ~ 0.53ms
  2025-07-28 23:18:46 .............................................. ~ 0.51ms
  2025-07-28 23:18:46 .............................................. ~ 0.55ms
  2025-07-28 23:18:46 .............................................. ~ 0.61ms
  2025-07-28 23:18:48 .............................................. ~ 0.06ms
  2025-07-28 23:18:48 .............................................. ~ 0.28ms
  2025-07-28 23:18:48 .............................................. ~ 0.47ms
  2025-07-28 23:18:48 ............................................ ~ 505.30ms
  2025-07-28 23:18:48 .............................................. ~ 0.10ms
  2025-07-28 23:18:48 .............................................. ~ 1.97ms
  2025-07-28 23:18:48 .............................................. ~ 5.99ms
  2025-07-28 23:18:48 .............................................. ~ 0.76ms
  2025-07-28 23:18:58 .............................................. ~ 0.41ms
  2025-07-28 23:18:58 .............................................. ~ 1.41ms
  2025-07-28 23:18:58 .............................................. ~ 0.70ms
  2025-07-28 23:18:58 .............................................. ~ 1.15ms
  2025-07-28 23:18:58 .............................................. ~ 1.86ms
  2025-07-28 23:18:58 .............................................. ~ 2.34ms
  2025-07-28 23:19:00 ............................................ ~ 505.89ms
  2025-07-28 23:19:53 .............................................. ~ 0.09ms
  2025-07-28 23:19:53 /favicons/site.webmanifest ................... ~ 0.02ms
  2025-07-28 23:19:53 .............................................. ~ 0.52ms
  2025-07-28 23:19:53 .............................................. ~ 0.02ms
  2025-07-28 23:19:53 .............................................. ~ 0.01ms
  2025-07-28 23:19:53 .............................................. ~ 0.02ms
  2025-07-28 23:20:04 .............................................. ~ 3 сек.
  2025-07-28 23:20:08 /favicons/site.webmanifest ................... ~ 0.03ms
  2025-07-28 23:20:08 .............................................. ~ 0.20ms
  2025-07-28 23:20:08 .............................................. ~ 0.02ms
  2025-07-28 23:20:08 .............................................. ~ 0.02ms
  2025-07-28 23:20:08 .............................................. ~ 0.02ms
  2025-07-28 23:20:15 .............................................. ~ 0.07ms
  2025-07-28 23:20:15 /favicons/favicon.ico ........................ ~ 0.03ms
  2025-07-28 23:20:15 /favicons/site.webmanifest ................... ~ 0.15ms
  2025-07-28 23:20:15 .............................................. ~ 0.01ms
  2025-07-28 23:20:15 .............................................. ~ 0.01ms
  2025-07-28 23:20:15 .............................................. ~ 0.01ms
  2025-07-28 23:20:15 .............................................. ~ 0.01ms
  2025-07-28 23:20:17 .............................................. ~ 0.10ms
  2025-07-28 23:20:18 /favicons/site.webmanifest ................... ~ 0.03ms
  2025-07-28 23:20:17 /favicons/favicon.ico ........................ ~ 0.62ms
  2025-07-28 23:20:18 .............................................. ~ 0.03ms
  2025-07-28 23:20:18 .............................................. ~ 0.02ms
  2025-07-28 23:20:18 .............................................. ~ 0.02ms
  2025-07-28 23:20:18 .............................................. ~ 0.02ms
  2025-07-28 23:20:23 .............................................. ~ 0.08ms
  2025-07-28 23:20:23 /favicons/favicon.ico ...................... ~ 518.82ms
  2025-07-28 23:20:23 /favicons/site.webmanifest ................... ~ 2.34ms
  2025-07-28 23:20:23 .............................................. ~ 0.02ms
  2025-07-28 23:20:24 .............................................. ~ 0.02ms
  2025-07-28 23:20:24 .............................................. ~ 0.02ms
  2025-07-28 23:20:24 .............................................. ~ 0.02ms
  2025-07-28 23:21:37 .............................................. ~ 0.10ms
  2025-07-28 23:21:37 /favicons/favicon.ico ........................ ~ 0.46ms
  2025-07-28 23:21:37 /favicons/site.webmanifest ................... ~ 0.23ms
  2025-07-28 23:21:37 .............................................. ~ 0.02ms
  2025-07-28 23:21:37 .............................................. ~ 0.02ms
  2025-07-28 23:21:37 .............................................. ~ 0.02ms
  2025-07-28 23:21:37 .............................................. ~ 0.02ms
  2025-07-29 00:27:40 ............................................ ~ 506.92ms
  2025-07-29 00:27:40 /favicons/site.webmanifest ................... ~ 0.18ms
  2025-07-29 00:27:40 /favicons/favicon.ico ...................... ~ 509.96ms
  2025-07-29 00:27:42 .............................................. ~ 0.07ms
  2025-07-29 00:27:42 .............................................. ~ 0.03ms
  2025-07-29 00:27:42 ............................................ ~ 511.81ms
  2025-07-29 00:27:42 .............................................. ~ 0.06ms
  2025-07-29 14:44:15 ...................................... ~ 2 мин. 39 сек.
  127.0.0.1:61406 Invalid request (Unsupported SSL request)
  2025-08-01 15:35:45 .............................................. ~ 2.30ms
  127.0.0.1:61408 Invalid request (Unsupported SSL request)
  2025-08-01 15:35:45 .............................................. ~ 0.10ms
  127.0.0.1:61410 Invalid request (Unsupported SSL request)
  2025-08-01 15:35:45 .............................................. ~ 0.12ms
  2025-08-04 17:23:33 .............................................. ~ 1.16ms
  2025-08-04 17:23:33 /favicons/site.webmanifest ................... ~ 2.31ms
  2025-08-04 17:23:33 .............................................. ~ 0.02ms
  2025-08-04 17:23:33 .............................................. ~ 0.40ms
