
> dev
> vite


  VITE v6.3.5  ready in 150 ms

  ➜  Local:   http://localhost:5173/
  ➜  Network: use --host to expose

  LARAVEL v12.12.0  plugin v1.3.0

  ➜  APP_URL: http://127.0.0.1:8000
3:45:59 PM [vite] .env changed, restarting server...
3:45:59 PM [vite] server restarted.

  LARAVEL v12.12.0  plugin v1.3.0

  ➜  APP_URL: http://localhost:8000
4:35:03 PM [vite] (client) page reload lang/locales.js
4:35:07 PM [vite] (client) page reload lang/locales.js
4:35:51 PM [vite] (client) hmr update /resources/scripts/admin/layouts/partials/TheSiteHeader.vue, /resources/sass/invoiceshelf.scss
4:35:58 PM [vite] (client) hmr update /resources/scripts/admin/layouts/partials/TheSiteHeader.vue, /resources/sass/invoiceshelf.scss
4:36:03 PM [vite] (client) hmr update /resources/scripts/admin/layouts/partials/TheSiteHeader.vue, /resources/sass/invoiceshelf.scss
4:36:09 PM [vite] (client) hmr update /resources/scripts/admin/layouts/partials/TheSiteHeader.vue, /resources/sass/invoiceshelf.scss
4:52:38 PM [vite] (client) page reload resources/scripts/admin/stores/global.js
4:52:45 PM [vite] (client) page reload resources/scripts/admin/stores/global.js
4:52:53 PM [vite] (client) hmr update /resources/scripts/admin/layouts/partials/TheSiteHeader.vue, /resources/sass/invoiceshelf.scss
4:53:09 PM [vite] (client) page reload resources/scripts/plugins/i18n.js
11:07:01 PM [vite] (client) page reload lang/mk.json
11:08:29 PM [vite] (client) page reload lang/sq.json
11:09:14 PM [vite] (client) page reload lang/sq.json
