2025-11-14T16:23:49.000000000Z [inf]  Mounting volume on: /var/lib/containers/railwayapp/bind-mounts/f7f23c31-f414-426c-a756-72d971e94500/vol_fbj0jmd9ow95b1he
2025-11-14T16:23:50.000000000Z [inf]  Starting Container
2025-11-14T16:23:51.726294318Z [inf]  Waiting for database... (1/30)
2025-11-14T16:23:51.726388887Z [inf]  === Application Startup ===
2025-11-14T16:23:51.726452043Z [inf]  Railway detected: Parsing MYSQL_URL...
2025-11-14T16:23:51.726459917Z [inf]  DB configured from MYSQL_URL
2025-11-14T16:23:51.726467572Z [inf]  Waiting for database at mysql-y5el.railway.internal:3306...
2025-11-14T16:23:52.931773988Z [inf]  Waiting for database... (2/30)
2025-11-14T16:23:55.103522224Z [inf]  Waiting for database... (3/30)
2025-11-14T16:23:57.786375688Z [inf]  Waiting for database... (4/30)
2025-11-14T16:23:59.662863537Z [inf]  Waiting for database... (5/30)
2025-11-14T16:24:01.692649071Z [inf]  Waiting for database... (6/30)
2025-11-14T16:24:03.785911256Z [inf]  Waiting for database... (7/30)
2025-11-14T16:24:05.954064367Z [inf]  Waiting for database... (8/30)
2025-11-14T16:24:08.125741430Z [inf]  Waiting for database... (9/30)
2025-11-14T16:24:10.703378552Z [inf]  Waiting for database... (10/30)
2025-11-14T16:24:12.823668126Z [inf]  Waiting for database... (11/30)
2025-11-14T16:24:14.793922430Z [inf]  Waiting for database... (12/30)
2025-11-14T16:24:16.828202563Z [inf]  Waiting for database... (13/30)
2025-11-14T16:24:19.005048550Z [inf]  Waiting for database... (14/30)
2025-11-14T16:24:21.170227582Z [inf]  Waiting for database... (15/30)
2025-11-14T16:24:23.764689775Z [inf]  Waiting for database... (16/30)
2025-11-14T16:24:25.912219496Z [inf]  Waiting for database... (17/30)
2025-11-14T16:24:27.931207601Z [inf]  Waiting for database... (18/30)
2025-11-14T16:24:29.900389545Z [inf]  Waiting for database... (19/30)
2025-11-14T16:24:32.048072461Z [inf]  Waiting for database... (20/30)
2025-11-14T16:24:34.221741880Z [inf]  Waiting for database... (21/30)
2025-11-14T16:24:36.900088500Z [inf]  Waiting for database... (22/30)
2025-11-14T16:24:38.991293754Z [inf]  Waiting for database... (23/30)
2025-11-14T16:24:40.877115381Z [inf]  Waiting for database... (24/30)
2025-11-14T16:24:43.018290803Z [inf]  Waiting for database... (25/30)
2025-11-14T16:24:45.068644299Z [inf]  Waiting for database... (26/30)
2025-11-14T16:24:47.234354870Z [inf]  Waiting for database... (27/30)
2025-11-14T16:24:49.956027511Z [inf]  Waiting for database... (28/30)
2025-11-14T16:24:51.950587462Z [inf]  Waiting for database... (29/30)
2025-11-14T16:24:53.996169278Z [inf]  Waiting for database... (30/30)
2025-11-14T16:24:56.034477366Z [inf]  Clearing caches...
2025-11-14T16:24:56.034492886Z [inf]  ✅ Permissions set for www user
2025-11-14T16:24:56.034502031Z [inf]  Nginx configured to listen on ports 80 and 8080
2025-11-14T16:24:56.303989735Z [inf]  
2025-11-14T16:24:56.303999880Z [inf]     INFO  Configuration cache cleared successfully.  
2025-11-14T16:24:56.304007513Z [inf]  
2025-11-14T16:24:57.055013806Z [inf]  
2025-11-14T16:24:57.055020548Z [inf]     INFO  Application cache cleared successfully.  
2025-11-14T16:24:57.055025508Z [inf]  
2025-11-14T16:24:57.114302130Z [inf]  
2025-11-14T16:24:57.114311615Z [inf]     INFO  Route cache cleared successfully.  
2025-11-14T16:24:57.114316414Z [inf]  
2025-11-14T16:24:58.038276237Z [inf]  
2025-11-14T16:24:58.038284201Z [inf]     INFO  Compiled views cleared successfully.  
2025-11-14T16:24:58.038291396Z [inf]  
2025-11-14T16:24:58.038298638Z [inf]  Running migrations...
2025-11-14T16:24:58.038306840Z [inf]  
2025-11-14T16:24:58.038315622Z [inf]     INFO  Nothing to migrate.  
2025-11-14T16:24:58.038326055Z [inf]  
2025-11-14T16:24:58.267717378Z [inf]  Profile status: COMPLETED
2025-11-14T16:24:59.034848187Z [inf]  Already installed (profile_complete = COMPLETED)
2025-11-14T16:24:59.034863178Z [inf]  ✅ Installation complete, all markers in place
2025-11-14T16:24:59.034886873Z [inf]  Database marker exists: YES
2025-11-14T16:24:59.170885453Z [inf]  
2025-11-14T16:24:59.170891853Z [inf]     INFO  The [public/storage] link has been connected to [storage/app/public].  
2025-11-14T16:24:59.170897585Z [inf]  
2025-11-14T16:24:59.188019412Z [inf]  Verifying Laravel application...
2025-11-14T16:24:59.981970061Z [inf]  Laravel Framework 12.12.0
2025-11-14T16:24:59.981976909Z [inf]  Testing PHP bootstrap...
2025-11-14T16:24:59.981981646Z [inf]  
2025-11-14T16:24:59.981986476Z [inf]    GET|HEAD        / ..................................................... home
2025-11-14T16:24:59.981991697Z [inf]    GET|HEAD        admin/{vue?} ............................... admin.dashboard
2025-11-14T16:24:59.982006026Z [inf]    GET|HEAD        api/ai/risk .................... AiSummaryController@getRisk
2025-11-14T16:24:59.982013909Z [inf]    GET|HEAD        api/ai/summary .............. AiSummaryController@getSummary
2025-11-14T16:24:59.986551840Z [inf]  Testing database connection...
2025-11-14T16:25:01.006614652Z [inf]  DB OK
2025-11-14T16:25:01.006623148Z [inf]  Enabling verbose PHP errors for debugging...
2025-11-14T16:25:01.006631344Z [inf]  Testing home route...
2025-11-14T16:25:01.119532183Z [inf]  Home route test passed
2025-11-14T16:25:01.119538474Z [inf]  Validating nginx configuration...
2025-11-14T16:25:01.121878480Z [inf]  nginx: the configuration file /etc/nginx/nginx.conf syntax is ok
2025-11-14T16:25:01.126329851Z [inf]  nginx: configuration file /etc/nginx/nginx.conf test is successful
2025-11-14T16:25:01.126340206Z [inf]  Validating PHP-FPM configuration...
2025-11-14T16:25:01.167364837Z [inf]  [14-Nov-2025 16:25:01] NOTICE: configuration file /usr/local/etc/php-fpm.conf test is successful
2025-11-14T16:25:01.167371055Z [inf]  
2025-11-14T16:25:01.167378523Z [inf]  [14-Nov-2025 16:25:01] NOTICE: configuration file /usr/local/etc/php-fpm.conf test is successful
2025-11-14T16:25:01.167386456Z [inf]  
2025-11-14T16:25:01.170208065Z [inf]  Setting final permissions before starting services...
2025-11-14T16:25:01.176710224Z [inf]  ✅ Final permissions set for www user
2025-11-14T16:25:01.176714964Z [inf]  Starting application services in background...
2025-11-14T16:25:01.176719450Z [inf]  Waiting for services to be ready...
2025-11-14T16:25:01.377875645Z [err]  /usr/lib/python3.12/site-packages/supervisor/options.py:13: UserWarning: pkg_resources is deprecated as an API. See https://setuptools.pypa.io/en/latest/pkg_resources.html. The pkg_resources package is slated for removal as early as 2025-11-30. Refrain from using this package or pin to Setuptools<81.
2025-11-14T16:25:01.377883503Z [err]    import pkg_resources
2025-11-14T16:25:01.420140775Z [inf]  2025-11-14 16:25:01,414 INFO Set uid to user 0 succeeded
2025-11-14T16:25:01.420149727Z [inf]  2025-11-14 16:25:01,417 INFO supervisord started with pid 118
2025-11-14T16:25:02.421776977Z [inf]  2025-11-14 16:25:02,420 INFO spawned: 'nginx' with pid 120
2025-11-14T16:25:02.428072020Z [inf]  2025-11-14 16:25:02,422 INFO spawned: 'php-fpm' with pid 121
2025-11-14T16:25:02.428077257Z [inf]  2025-11-14 16:25:02,424 INFO spawned: 'scheduler' with pid 122
2025-11-14T16:25:03.128312371Z [err]  [14-Nov-2025 16:25:02] NOTICE: fpm is running, pid 121
2025-11-14T16:25:03.128317426Z [err]  [14-Nov-2025 16:25:02] NOTICE: ready to handle connections
2025-11-14T16:25:04.064750600Z [inf]  2025-11-14 16:25:03,768 INFO success: nginx entered RUNNING state, process has stayed up for > than 1 seconds (startsecs)
2025-11-14T16:25:04.064756468Z [inf]  2025-11-14 16:25:03,768 INFO success: php-fpm entered RUNNING state, process has stayed up for > than 1 seconds (startsecs)
2025-11-14T16:25:04.064763658Z [inf]  2025-11-14 16:25:03,768 INFO success: scheduler entered RUNNING state, process has stayed up for > than 1 seconds (startsecs)
2025-11-14T16:25:06.176381109Z [inf]  Checking if PHP-FPM is listening on port 9000...
2025-11-14T16:25:06.196559476Z [inf]  tcp        0      0 :::9000                 :::*                    LISTEN      
2025-11-14T16:25:06.196567486Z [inf]  Checking if nginx is listening on port 8080...
2025-11-14T16:25:06.214744460Z [inf]  tcp        0      0 0.0.0.0:8080            0.0.0.0:*               LISTEN      
2025-11-14T16:25:06.214755889Z [inf]  Testing HTTP request through nginx/php-fpm...
2025-11-14T16:25:07.070038752Z [err]  127.0.0.1 -  14/Nov/2025:16:25:06 +0000 "GET /index.php" 503
2025-11-14T16:25:07.070042937Z [inf]  ❌ Health check failed (HTTP 503)
2025-11-14T16:25:07.070048560Z [inf]  Response: {"status":"degraded","timestamp":"2025-11-14T16:25:06+00:00","version":"1.0.0","environment":"production","checks":{"database":true,"redis":true,"queues":true,"signer":false,"bank_sync":true,"storage":true,"backup":true,"certificates":true,"paddle":false}}
2025-11-14T16:25:07.070053369Z [inf]  HTTP_CODE:503
2025-11-14T16:25:07.070058516Z [inf]  === PHP-FPM Error Logs ===
2025-11-14T16:25:07.070063263Z [inf]  No php-fpm error log found
2025-11-14T16:25:07.070069108Z [inf]  === Laravel Error Logs ===
2025-11-14T16:25:07.070073911Z [inf]  [2025-11-14 16:24:59] production.INFO: IntelligentFieldMapper initialized {"matcher_count":4,"matchers":["App\\Services\\Import\\Intelligent\\Matchers\\ExactMatcher","App\\Services\\Import\\Intelligent\\Matchers\\SynonymMatcher","App\\Services\\Import\\Intelligent\\Matchers\\FuzzyMatcher","App\\Services\\Import\\Intelligent\\Matchers\\PatternMatcher"]} 
2025-11-14T16:25:07.070078457Z [inf]  [2025-11-14 16:24:59] production.INFO: ImportService initialized {"intelligent_enabled":true,"fallback_enabled":true} 
2025-11-14T16:25:07.070083096Z [inf]  [2025-11-14 16:24:59] production.INFO: IntelligentFieldMapper initialized {"matcher_count":4,"matchers":["App\\Services\\Import\\Intelligent\\Matchers\\ExactMatcher","App\\Services\\Import\\Intelligent\\Matchers\\SynonymMatcher","App\\Services\\Import\\Intelligent\\Matchers\\FuzzyMatcher","App\\Services\\Import\\Intelligent\\Matchers\\PatternMatcher"]} 
2025-11-14T16:25:07.070087737Z [inf]  [2025-11-14 16:24:59] production.INFO: ImportService initialized {"intelligent_enabled":true,"fallback_enabled":true} 
2025-11-14T16:25:07.070091790Z [inf]  [2025-11-14 16:24:59] production.INFO: IntelligentFieldMapper initialized {"matcher_count":4,"matchers":["App\\Services\\Import\\Intelligent\\Matchers\\ExactMatcher","App\\Services\\Import\\Intelligent\\Matchers\\SynonymMatcher","App\\Services\\Import\\Intelligent\\Matchers\\FuzzyMatcher","App\\Services\\Import\\Intelligent\\Matchers\\PatternMatcher"]} 
2025-11-14T16:25:07.073943410Z [inf]  [2025-11-14 16:24:59] production.INFO: ImportService initialized {"intelligent_enabled":true,"fallback_enabled":true} 
2025-11-14T16:25:07.073948410Z [inf]  [2025-11-14 16:24:59] production.INFO: IntelligentFieldMapper initialized {"matcher_count":4,"matchers":["App\\Services\\Import\\Intelligent\\Matchers\\ExactMatcher","App\\Services\\Import\\Intelligent\\Matchers\\SynonymMatcher","App\\Services\\Import\\Intelligent\\Matchers\\FuzzyMatcher","App\\Services\\Import\\Intelligent\\Matchers\\PatternMatcher"]} 
2025-11-14T16:25:07.073952568Z [inf]  [2025-11-14 16:24:59] production.INFO: ImportService initialized {"intelligent_enabled":true,"fallback_enabled":true} 
2025-11-14T16:25:07.073956552Z [inf]  [2025-11-14 16:24:59] production.INFO: IntelligentFieldMapper initialized {"matcher_count":4,"matchers":["App\\Services\\Import\\Intelligent\\Matchers\\ExactMatcher","App\\Services\\Import\\Intelligent\\Matchers\\SynonymMatcher","App\\Services\\Import\\Intelligent\\Matchers\\FuzzyMatcher","App\\Services\\Import\\Intelligent\\Matchers\\PatternMatcher"]} 
2025-11-14T16:25:07.073960406Z [inf]  [2025-11-14 16:24:59] production.INFO: ImportService initialized {"intelligent_enabled":true,"fallback_enabled":true} 
2025-11-14T16:25:07.073964994Z [inf]  [2025-11-14 16:24:59] production.INFO: IntelligentFieldMapper initialized {"matcher_count":4,"matchers":["App\\Services\\Import\\Intelligent\\Matchers\\ExactMatcher","App\\Services\\Import\\Intelligent\\Matchers\\SynonymMatcher","App\\Services\\Import\\Intelligent\\Matchers\\FuzzyMatcher","App\\Services\\Import\\Intelligent\\Matchers\\PatternMatcher"]} 
2025-11-14T16:25:07.073987403Z [inf]  [2025-11-14 16:24:59] production.INFO: ImportService initialized {"intelligent_enabled":true,"fallback_enabled":true} 
2025-11-14T16:25:07.073993855Z [inf]  [2025-11-14 16:24:59] production.INFO: IntelligentFieldMapper initialized {"matcher_count":4,"matchers":["App\\Services\\Import\\Intelligent\\Matchers\\ExactMatcher","App\\Services\\Import\\Intelligent\\Matchers\\SynonymMatcher","App\\Services\\Import\\Intelligent\\Matchers\\FuzzyMatcher","App\\Services\\Import\\Intelligent\\Matchers\\PatternMatcher"]} 
2025-11-14T16:25:07.074868872Z [inf]  === Nginx Error Logs ===
2025-11-14T16:25:07.074898093Z [inf]  [2025-11-14 16:24:59] production.INFO: ImportService initialized {"intelligent_enabled":true,"fallback_enabled":true} 
2025-11-14T16:25:07.074904966Z [inf]  [2025-11-14 16:24:59] production.INFO: IntelligentFieldMapper initialized {"matcher_count":4,"matchers":["App\\Services\\Import\\Intelligent\\Matchers\\ExactMatcher","App\\Services\\Import\\Intelligent\\Matchers\\SynonymMatcher","App\\Services\\Import\\Intelligent\\Matchers\\FuzzyMatcher","App\\Services\\Import\\Intelligent\\Matchers\\PatternMatcher"]} 
2025-11-14T16:25:07.074911232Z [inf]  [2025-11-14 16:24:59] production.INFO: ImportService initialized {"intelligent_enabled":true,"fallback_enabled":true} 
2025-11-14T16:25:07.074913433Z [inf]  [2025-11-14 16:25:06] production.WARNING: Health check: Certificate file not found {"path":"/var/www/html/storage/certificates/certificate.pem"} 
2025-11-14T16:25:07.074918185Z [inf]  [2025-11-14 16:24:59] production.INFO: IntelligentFieldMapper initialized {"matcher_count":4,"matchers":["App\\Services\\Import\\Intelligent\\Matchers\\ExactMatcher","App\\Services\\Import\\Intelligent\\Matchers\\SynonymMatcher","App\\Services\\Import\\Intelligent\\Matchers\\FuzzyMatcher","App\\Services\\Import\\Intelligent\\Matchers\\PatternMatcher"]} 
2025-11-14T16:25:07.074922535Z [inf]  [2025-11-14 16:25:06] production.WARNING: Health check: Certificate check failed {"error":"SQLSTATE[42S22]: Column not found: 1054 Unknown column 'expires_at' in 'where clause' (Connection: mysql, SQL: select count(*) as aggregate from `certificates` where `expires_at` <= 2025-12-14 16:25:06 and `expires_at` > 2025-11-14 16:25:06)"} 
2025-11-14T16:25:07.074925697Z [inf]  [2025-11-14 16:24:59] production.INFO: ImportService initialized {"intelligent_enabled":true,"fallback_enabled":true} 
2025-11-14T16:25:07.074929762Z [inf]  [2025-11-14 16:25:06] production.WARNING: Health check: Missing Paddle configuration {"config_key":"cashier.seller_id"} 
2025-11-14T16:25:07.077663396Z [inf]  ✅ Home route accessible (HTTP 200)
2025-11-14T16:25:07.077673230Z [inf]  All startup checks complete. Supervisor running with PID 118
2025-11-14T16:25:07.077680130Z [inf]  Application ready to serve requests.
2025-11-14T16:25:07.077694909Z [inf]  Testing home route through HTTP...
2025-11-14T16:25:07.077701246Z [err]  127.0.0.1 -  14/Nov/2025:16:25:06 +0000 "GET /index.php" 200
2025-11-14T16:25:15.057382605Z [err]  127.0.0.1 -  14/Nov/2025:16:25:14 +0000 "GET /index.php" 503
2025-11-14T16:25:54.598677427Z [err]  127.0.0.1 -  14/Nov/2025:16:25:45 +0000 "GET /index.php" 503
2025-11-14T16:26:24.619793091Z [err]  127.0.0.1 -  14/Nov/2025:16:26:15 +0000 "GET /index.php" 503
2025-11-14T16:26:53.998361961Z [err]  127.0.0.1 -  14/Nov/2025:16:26:45 +0000 "GET /index.php" 503
2025-11-14T16:27:24.013150663Z [err]  127.0.0.1 -  14/Nov/2025:16:27:16 +0000 "GET /index.php" 503
2025-11-14T16:27:54.061253604Z [err]  127.0.0.1 -  14/Nov/2025:16:27:46 +0000 "GET /index.php" 503
2025-11-14T16:28:23.619739876Z [err]  127.0.0.1 -  14/Nov/2025:16:28:17 +0000 "GET /index.php" 503