content.js:4 content.js: v2.0.3
content_script.js:1 Uncaught TypeError: Cannot read properties of undefined (reading 'control')
    at content_script.js:1:422999
    at Array.some (<anonymous>)
    at shouldOfferCompletionListForField (content_script.js:1:422984)
    at elementWasFocused (content_script.js:1:423712)
    at HTMLDocument.focusInEventHandler (content_script.js:1:423069)
(anonymous) @ content_script.js:1
shouldOfferCompletionListForField @ content_script.js:1
elementWasFocused @ content_script.js:1
focusInEventHandler @ content_script.js:1
content_script.js:1 Uncaught TypeError: Cannot read properties of undefined (reading 'control')
    at content_script.js:1:422999
    at Array.some (<anonymous>)
    at shouldOfferCompletionListForField (content_script.js:1:422984)
    at elementWasFocused (content_script.js:1:423712)
    at HTMLDocument.focusInEventHandler (content_script.js:1:423069)
(anonymous) @ content_script.js:1
shouldOfferCompletionListForField @ content_script.js:1
elementWasFocused @ content_script.js:1
focusInEventHandler @ content_script.js:1
content_script.js:1 Uncaught (in promise) TypeError: Cannot read properties of undefined (reading 'control')
    at content_script.js:1:422999
    at Array.some (<anonymous>)
    at shouldOfferCompletionListForField (content_script.js:1:422984)
    at processInputEvent (content_script.js:1:426332)
(anonymous) @ content_script.js:1
shouldOfferCompletionListForField @ content_script.js:1
processInputEvent @ content_script.js:1
content_script.js:1 Uncaught TypeError: Cannot read properties of undefined (reading 'control')
    at content_script.js:1:422999
    at Array.some (<anonymous>)
    at shouldOfferCompletionListForField (content_script.js:1:422984)
    at elementWasFocused (content_script.js:1:423712)
    at HTMLDocument.focusInEventHandler (content_script.js:1:423069)
(anonymous) @ content_script.js:1
shouldOfferCompletionListForField @ content_script.js:1
elementWasFocused @ content_script.js:1
focusInEventHandler @ content_script.js:1
/api/v1/users:1  Failed to load resource: the server responded with a status of 402 ()
users-Bw58dFdI.js:1 Uncaught (in promise) TypeError: n.tc is not a function
    at users-Bw58dFdI.js:1:1769
users-Bw58dFdI.js:1 Uncaught (in promise) TypeError: n.tc is not a function
    at users-Bw58dFdI.js:1:1769
