main-uFS4y_1Q.js:109 🔥🔥🔥 CUSTOMER STORE MODULE LOADED - VERSION 2025-11-26-03:11 🔥🔥🔥
main-uFS4y_1Q.js:72 [intlify] Not found 'Chart of Accounts' key in 'mk' locale messages.
rd @ main-uFS4y_1Q.js:72
main-uFS4y_1Q.js:72 [intlify] Fall back to translate 'Chart of Accounts' key with 'en' locale.
rd @ main-uFS4y_1Q.js:72
main-uFS4y_1Q.js:72 [intlify] Not found 'Chart of Accounts' key in 'en' locale messages.
rd @ main-uFS4y_1Q.js:72
main-uFS4y_1Q.js:72 [intlify] Not found 'Account Mappings' key in 'mk' locale messages.
rd @ main-uFS4y_1Q.js:72
main-uFS4y_1Q.js:72 [intlify] Fall back to translate 'Account Mappings' key with 'en' locale.
rd @ main-uFS4y_1Q.js:72
main-uFS4y_1Q.js:72 [intlify] Not found 'Account Mappings' key in 'en' locale messages.
rd @ main-uFS4y_1Q.js:72
main-uFS4y_1Q.js:72 [intlify] Not found 'Journal Entries' key in 'mk' locale messages.
rd @ main-uFS4y_1Q.js:72
main-uFS4y_1Q.js:72 [intlify] Fall back to translate 'Journal Entries' key with 'en' locale.
rd @ main-uFS4y_1Q.js:72
main-uFS4y_1Q.js:72 [intlify] Not found 'Journal Entries' key in 'en' locale messages.
rd @ main-uFS4y_1Q.js:72
main-uFS4y_1Q.js:72 [intlify] Not found 'Journal Review' key in 'mk' locale messages.
rd @ main-uFS4y_1Q.js:72
main-uFS4y_1Q.js:72 [intlify] Fall back to translate 'Journal Review' key with 'en' locale.
rd @ main-uFS4y_1Q.js:72
main-uFS4y_1Q.js:72 [intlify] Not found 'Journal Review' key in 'en' locale messages.
rd @ main-uFS4y_1Q.js:72
main-uFS4y_1Q.js:72 [intlify] Not found 'Export Journal' key in 'mk' locale messages.
rd @ main-uFS4y_1Q.js:72
main-uFS4y_1Q.js:72 [intlify] Fall back to translate 'Export Journal' key with 'en' locale.
rd @ main-uFS4y_1Q.js:72
main-uFS4y_1Q.js:72 [intlify] Not found 'Export Journal' key in 'en' locale messages.
rd @ main-uFS4y_1Q.js:72
partner-accounting-Df-ajdxU.js:1 [PartnerAccounting] Fetching accounts for company: 2
partner-accounting-Df-ajdxU.js:1 [PartnerAccounting] Accounts response: Objectdata: (85) [{…}, {…}, {…}, {…}, {…}, {…}, {…}, {…}, {…}, {…}, {…}, {…}, {…}, {…}, {…}, {…}, {…}, {…}, {…}, {…}, {…}, {…}, {…}, {…}, {…}, {…}, {…}, {…}, {…}, {…}, {…}, {…}, {…}, {…}, {…}, {…}, {…}, {…}, {…}, {…}, {…}, {…}, {…}, {…}, {…}, {…}, {…}, {…}, {…}, {…}, {…}, {…}, {…}, {…}, {…}, {…}, {…}, {…}, {…}, {…}, {…}, {…}, {…}, {…}, {…}, {…}, {…}, {…}, {…}, {…}, {…}, {…}, {…}, {…}, {…}, {…}, {…}, {…}, {…}, {…}, {…}, {…}, {…}, {…}, {…}]success: true[[Prototype]]: Object
partner-accounting-Df-ajdxU.js:1 [PartnerAccounting] Stored accounts count: 85
main-uFS4y_1Q.js:20 TypeError: Cannot read properties of undefined (reading 'map')
    at Se (BaseMultiselect-DB9ILE8h.js:1:5781)
    at BaseMultiselect-DB9ILE8h.js:1:2323
    at u (main-uFS4y_1Q.js:16:8102)
    at Array.forEach (<anonymous>)
    at kr (main-uFS4y_1Q.js:16:8194)
    at Proxy.forEach (main-uFS4y_1Q.js:16:6981)
    at d$.fn (BaseMultiselect-DB9ILE8h.js:1:2311)
    at CE (main-uFS4y_1Q.js:16:3323)
    at get value (main-uFS4y_1Q.js:16:15629)
    at d$.fn (BaseMultiselect-DB9ILE8h.js:1:2750)
h$ @ main-uFS4y_1Q.js:20
main-uFS4y_1Q.js:20 TypeError: Cannot read properties of undefined (reading 'map')
    at Se (BaseMultiselect-DB9ILE8h.js:1:5781)
    at BaseMultiselect-DB9ILE8h.js:1:2323
    at u (main-uFS4y_1Q.js:16:8102)
    at Array.forEach (<anonymous>)
    at kr (main-uFS4y_1Q.js:16:8194)
    at Proxy.forEach (main-uFS4y_1Q.js:16:6981)
    at d$.fn (BaseMultiselect-DB9ILE8h.js:1:2311)
    at CE (main-uFS4y_1Q.js:16:3323)
    at get value (main-uFS4y_1Q.js:16:15629)
    at d$.fn (BaseMultiselect-DB9ILE8h.js:1:2750)
h$ @ main-uFS4y_1Q.js:20
main-uFS4y_1Q.js:20 TypeError: Cannot read properties of undefined (reading 'map')
    at Se (BaseMultiselect-DB9ILE8h.js:1:5781)
    at BaseMultiselect-DB9ILE8h.js:1:2323
    at u (main-uFS4y_1Q.js:16:8102)
    at Array.forEach (<anonymous>)
    at kr (main-uFS4y_1Q.js:16:8194)
    at Proxy.forEach (main-uFS4y_1Q.js:16:6981)
    at d$.fn (BaseMultiselect-DB9ILE8h.js:1:2311)
    at CE (main-uFS4y_1Q.js:16:3323)
    at get value (main-uFS4y_1Q.js:16:15629)
    at d$.fn (BaseMultiselect-DB9ILE8h.js:1:2750)
h$ @ main-uFS4y_1Q.js:20
main-uFS4y_1Q.js:20 TypeError: Cannot read properties of undefined (reading 'map')
    at Se (BaseMultiselect-DB9ILE8h.js:1:5781)
    at BaseMultiselect-DB9ILE8h.js:1:2323
    at u (main-uFS4y_1Q.js:16:8102)
    at Array.forEach (<anonymous>)
    at kr (main-uFS4y_1Q.js:16:8194)
    at Proxy.forEach (main-uFS4y_1Q.js:16:6981)
    at d$.fn (BaseMultiselect-DB9ILE8h.js:1:2311)
    at CE (main-uFS4y_1Q.js:16:3323)
    at get value (main-uFS4y_1Q.js:16:15629)
    at d$.fn (BaseMultiselect-DB9ILE8h.js:1:2750)
h$ @ main-uFS4y_1Q.js:20
main-uFS4y_1Q.js:20 TypeError: Cannot read properties of undefined (reading 'map')
    at Se (BaseMultiselect-DB9ILE8h.js:1:5781)
    at BaseMultiselect-DB9ILE8h.js:1:2323
    at u (main-uFS4y_1Q.js:16:8102)
    at Array.forEach (<anonymous>)
    at kr (main-uFS4y_1Q.js:16:8194)
    at Proxy.forEach (main-uFS4y_1Q.js:16:6981)
    at d$.fn (BaseMultiselect-DB9ILE8h.js:1:2311)
    at CE (main-uFS4y_1Q.js:16:3323)
    at get value (main-uFS4y_1Q.js:16:15629)
    at d$.fn (BaseMultiselect-DB9ILE8h.js:1:2750)
h$ @ main-uFS4y_1Q.js:20
main-uFS4y_1Q.js:20 TypeError: Cannot read properties of undefined (reading 'map')
    at Se (BaseMultiselect-DB9ILE8h.js:1:5781)
    at BaseMultiselect-DB9ILE8h.js:1:2323
    at u (main-uFS4y_1Q.js:16:8102)
    at Array.forEach (<anonymous>)
    at kr (main-uFS4y_1Q.js:16:8194)
    at Proxy.forEach (main-uFS4y_1Q.js:16:6981)
    at d$.fn (BaseMultiselect-DB9ILE8h.js:1:2311)
    at CE (main-uFS4y_1Q.js:16:3323)
    at get value (main-uFS4y_1Q.js:16:15629)
    at d$.fn (BaseMultiselect-DB9ILE8h.js:1:2750)
h$ @ main-uFS4y_1Q.js:20
main-uFS4y_1Q.js:20 TypeError: Cannot read properties of undefined (reading 'map')
    at Se (BaseMultiselect-DB9ILE8h.js:1:5781)
    at BaseMultiselect-DB9ILE8h.js:1:2323
    at u (main-uFS4y_1Q.js:16:8102)
    at Array.forEach (<anonymous>)
    at kr (main-uFS4y_1Q.js:16:8194)
    at Proxy.forEach (main-uFS4y_1Q.js:16:6981)
    at d$.fn (BaseMultiselect-DB9ILE8h.js:1:2311)
    at CE (main-uFS4y_1Q.js:16:3323)
    at get value (main-uFS4y_1Q.js:16:15629)
    at d$.fn (BaseMultiselect-DB9ILE8h.js:1:2750)
h$ @ main-uFS4y_1Q.js:20
main-uFS4y_1Q.js:20 TypeError: Cannot read properties of undefined (reading 'map')
    at Se (BaseMultiselect-DB9ILE8h.js:1:5781)
    at BaseMultiselect-DB9ILE8h.js:1:2323
    at u (main-uFS4y_1Q.js:16:8102)
    at Array.forEach (<anonymous>)
    at kr (main-uFS4y_1Q.js:16:8194)
    at Proxy.forEach (main-uFS4y_1Q.js:16:6981)
    at d$.fn (BaseMultiselect-DB9ILE8h.js:1:2311)
    at CE (main-uFS4y_1Q.js:16:3323)
    at get value (main-uFS4y_1Q.js:16:15629)
    at d$.fn (BaseMultiselect-DB9ILE8h.js:1:2750)
h$ @ main-uFS4y_1Q.js:20
main-uFS4y_1Q.js:20 TypeError: Cannot read properties of undefined (reading 'map')
    at Se (BaseMultiselect-DB9ILE8h.js:1:5781)
    at BaseMultiselect-DB9ILE8h.js:1:2323
    at u (main-uFS4y_1Q.js:16:8102)
    at Array.forEach (<anonymous>)
    at kr (main-uFS4y_1Q.js:16:8194)
    at Proxy.forEach (main-uFS4y_1Q.js:16:6981)
    at d$.fn (BaseMultiselect-DB9ILE8h.js:1:2311)
    at CE (main-uFS4y_1Q.js:16:3323)
    at get value (main-uFS4y_1Q.js:16:15629)
    at d$.fn (BaseMultiselect-DB9ILE8h.js:1:2750)
h$ @ main-uFS4y_1Q.js:20
main-uFS4y_1Q.js:20 TypeError: Cannot read properties of undefined (reading 'map')
    at Se (BaseMultiselect-DB9ILE8h.js:1:5781)
    at BaseMultiselect-DB9ILE8h.js:1:2323
    at u (main-uFS4y_1Q.js:16:8102)
    at Array.forEach (<anonymous>)
    at kr (main-uFS4y_1Q.js:16:8194)
    at Proxy.forEach (main-uFS4y_1Q.js:16:6981)
    at d$.fn (BaseMultiselect-DB9ILE8h.js:1:2311)
    at CE (main-uFS4y_1Q.js:16:3323)
    at get value (main-uFS4y_1Q.js:16:15629)
    at d$.fn (BaseMultiselect-DB9ILE8h.js:1:2750)
h$ @ main-uFS4y_1Q.js:20
main-uFS4y_1Q.js:20 TypeError: Cannot read properties of undefined (reading 'map')
    at Se (BaseMultiselect-DB9ILE8h.js:1:5781)
    at BaseMultiselect-DB9ILE8h.js:1:2323
    at u (main-uFS4y_1Q.js:16:8102)
    at Array.forEach (<anonymous>)
    at kr (main-uFS4y_1Q.js:16:8194)
    at Proxy.forEach (main-uFS4y_1Q.js:16:6981)
    at d$.fn (BaseMultiselect-DB9ILE8h.js:1:2311)
    at CE (main-uFS4y_1Q.js:16:3323)
    at get value (main-uFS4y_1Q.js:16:15629)
    at d$.fn (BaseMultiselect-DB9ILE8h.js:1:2750)
h$ @ main-uFS4y_1Q.js:20
main-uFS4y_1Q.js:20 TypeError: Cannot read properties of undefined (reading 'map')
    at Se (BaseMultiselect-DB9ILE8h.js:1:5781)
    at BaseMultiselect-DB9ILE8h.js:1:2323
    at u (main-uFS4y_1Q.js:16:8102)
    at Array.forEach (<anonymous>)
    at kr (main-uFS4y_1Q.js:16:8194)
    at Proxy.forEach (main-uFS4y_1Q.js:16:6981)
    at d$.fn (BaseMultiselect-DB9ILE8h.js:1:2311)
    at CE (main-uFS4y_1Q.js:16:3323)
    at get value (main-uFS4y_1Q.js:16:15629)
    at d$.fn (BaseMultiselect-DB9ILE8h.js:1:2750)
h$ @ main-uFS4y_1Q.js:20
main-uFS4y_1Q.js:20 TypeError: Cannot read properties of undefined (reading 'map')
    at Se (BaseMultiselect-DB9ILE8h.js:1:5781)
    at BaseMultiselect-DB9ILE8h.js:1:2323
    at u (main-uFS4y_1Q.js:16:8102)
    at Array.forEach (<anonymous>)
    at kr (main-uFS4y_1Q.js:16:8194)
    at Proxy.forEach (main-uFS4y_1Q.js:16:6981)
    at d$.fn (BaseMultiselect-DB9ILE8h.js:1:2311)
    at CE (main-uFS4y_1Q.js:16:3323)
    at get value (main-uFS4y_1Q.js:16:15629)
    at d$.fn (BaseMultiselect-DB9ILE8h.js:1:2750)
h$ @ main-uFS4y_1Q.js:20
main-uFS4y_1Q.js:20 TypeError: Cannot read properties of undefined (reading 'map')
    at Se (BaseMultiselect-DB9ILE8h.js:1:5781)
    at BaseMultiselect-DB9ILE8h.js:1:2323
    at u (main-uFS4y_1Q.js:16:8102)
    at Array.forEach (<anonymous>)
    at kr (main-uFS4y_1Q.js:16:8194)
    at Proxy.forEach (main-uFS4y_1Q.js:16:6981)
    at d$.fn (BaseMultiselect-DB9ILE8h.js:1:2311)
    at CE (main-uFS4y_1Q.js:16:3323)
    at get value (main-uFS4y_1Q.js:16:15629)
    at d$.fn (BaseMultiselect-DB9ILE8h.js:1:2750)
h$ @ main-uFS4y_1Q.js:20
main-uFS4y_1Q.js:20 TypeError: Cannot read properties of undefined (reading 'map')
    at Se (BaseMultiselect-DB9ILE8h.js:1:5781)
    at BaseMultiselect-DB9ILE8h.js:1:2323
    at u (main-uFS4y_1Q.js:16:8102)
    at Array.forEach (<anonymous>)
    at kr (main-uFS4y_1Q.js:16:8194)
    at Proxy.forEach (main-uFS4y_1Q.js:16:6981)
    at d$.fn (BaseMultiselect-DB9ILE8h.js:1:2311)
    at CE (main-uFS4y_1Q.js:16:3323)
    at get value (main-uFS4y_1Q.js:16:15629)
    at d$.fn (BaseMultiselect-DB9ILE8h.js:1:2750)
h$ @ main-uFS4y_1Q.js:20
main-uFS4y_1Q.js:20 TypeError: Cannot read properties of undefined (reading 'map')
    at Se (BaseMultiselect-DB9ILE8h.js:1:5781)
    at BaseMultiselect-DB9ILE8h.js:1:2323
    at u (main-uFS4y_1Q.js:16:8102)
    at Array.forEach (<anonymous>)
    at kr (main-uFS4y_1Q.js:16:8194)
    at Proxy.forEach (main-uFS4y_1Q.js:16:6981)
    at d$.fn (BaseMultiselect-DB9ILE8h.js:1:2311)
    at CE (main-uFS4y_1Q.js:16:3323)
    at get value (main-uFS4y_1Q.js:16:15629)
    at d$.fn (BaseMultiselect-DB9ILE8h.js:1:2750)
h$ @ main-uFS4y_1Q.js:20
main-uFS4y_1Q.js:20 TypeError: Cannot read properties of undefined (reading 'map')
    at Se (BaseMultiselect-DB9ILE8h.js:1:5781)
    at BaseMultiselect-DB9ILE8h.js:1:2323
    at u (main-uFS4y_1Q.js:16:8102)
    at Array.forEach (<anonymous>)
    at kr (main-uFS4y_1Q.js:16:8194)
    at Proxy.forEach (main-uFS4y_1Q.js:16:6981)
    at d$.fn (BaseMultiselect-DB9ILE8h.js:1:2311)
    at CE (main-uFS4y_1Q.js:16:3323)
    at get value (main-uFS4y_1Q.js:16:15629)
    at d$.fn (BaseMultiselect-DB9ILE8h.js:1:2750)
h$ @ main-uFS4y_1Q.js:20
main-uFS4y_1Q.js:20 TypeError: Cannot read properties of undefined (reading 'map')
    at Se (BaseMultiselect-DB9ILE8h.js:1:5781)
    at BaseMultiselect-DB9ILE8h.js:1:2323
    at u (main-uFS4y_1Q.js:16:8102)
    at Array.forEach (<anonymous>)
    at kr (main-uFS4y_1Q.js:16:8194)
    at Proxy.forEach (main-uFS4y_1Q.js:16:6981)
    at d$.fn (BaseMultiselect-DB9ILE8h.js:1:2311)
    at CE (main-uFS4y_1Q.js:16:3323)
    at get value (main-uFS4y_1Q.js:16:15629)
    at d$.fn (BaseMultiselect-DB9ILE8h.js:1:2750)
h$ @ main-uFS4y_1Q.js:20
main-uFS4y_1Q.js:20 TypeError: Cannot read properties of undefined (reading 'map')
    at Se (BaseMultiselect-DB9ILE8h.js:1:5781)
    at BaseMultiselect-DB9ILE8h.js:1:2323
    at u (main-uFS4y_1Q.js:16:8102)
    at Array.forEach (<anonymous>)
    at kr (main-uFS4y_1Q.js:16:8194)
    at Proxy.forEach (main-uFS4y_1Q.js:16:6981)
    at d$.fn (BaseMultiselect-DB9ILE8h.js:1:2311)
    at CE (main-uFS4y_1Q.js:16:3323)
    at get value (main-uFS4y_1Q.js:16:15629)
    at d$.fn (BaseMultiselect-DB9ILE8h.js:1:2750)
h$ @ main-uFS4y_1Q.js:20
main-uFS4y_1Q.js:20 TypeError: Cannot read properties of undefined (reading 'map')
    at Se (BaseMultiselect-DB9ILE8h.js:1:5781)
    at BaseMultiselect-DB9ILE8h.js:1:2323
    at u (main-uFS4y_1Q.js:16:8102)
    at Array.forEach (<anonymous>)
    at kr (main-uFS4y_1Q.js:16:8194)
    at Proxy.forEach (main-uFS4y_1Q.js:16:6981)
    at d$.fn (BaseMultiselect-DB9ILE8h.js:1:2311)
    at CE (main-uFS4y_1Q.js:16:3323)
    at get value (main-uFS4y_1Q.js:16:15629)
    at d$.fn (BaseMultiselect-DB9ILE8h.js:1:2750)
h$ @ main-uFS4y_1Q.js:20
