[2025-11-19 22:32:14] production.INFO: IntelligentFieldMapper initialized {"matcher_count":4,"matchers":["App\\Services\\Import\\Intelligent\\Matchers\\ExactMatcher","App\\Services\\Import\\Intelligent\\Matchers\\SynonymMatcher","App\\Services\\Import\\Intelligent\\Matchers\\FuzzyMatcher","App\\Services\\Import\\Intelligent\\Matchers\\PatternMatcher"]} 
[2025-11-19 22:32:14] production.INFO: ImportService initialized {"intelligent_enabled":true,"fallback_enabled":true} 
[2025-11-19 22:32:14] production.INFO: IntelligentFieldMapper initialized {"matcher_count":4,"matchers":["App\\Services\\Import\\Intelligent\\Matchers\\ExactMatcher","App\\Services\\Import\\Intelligent\\Matchers\\SynonymMatcher","App\\Services\\Import\\Intelligent\\Matchers\\FuzzyMatcher","App\\Services\\Import\\Intelligent\\Matchers\\PatternMatcher"]} 
[2025-11-19 22:32:14] production.INFO: ImportService initialized {"intelligent_enabled":true,"fallback_enabled":true} 
[2025-11-19 22:32:14] production.INFO: IntelligentFieldMapper initialized {"matcher_count":4,"matchers":["App\\Services\\Import\\Intelligent\\Matchers\\ExactMatcher","App\\Services\\Import\\Intelligent\\Matchers\\SynonymMatcher","App\\Services\\Import\\Intelligent\\Matchers\\FuzzyMatcher","App\\Services\\Import\\Intelligent\\Matchers\\PatternMatcher"]} 
[2025-11-19 22:32:14] production.INFO: ImportService initialized {"intelligent_enabled":true,"fallback_enabled":true} 
[2025-11-19 22:32:14] production.INFO: IntelligentFieldMapper initialized {"matcher_count":4,"matchers":["App\\Services\\Import\\Intelligent\\Matchers\\ExactMatcher","App\\Services\\Import\\Intelligent\\Matchers\\SynonymMatcher","App\\Services\\Import\\Intelligent\\Matchers\\FuzzyMatcher","App\\Services\\Import\\Intelligent\\Matchers\\PatternMatcher"]} 
[2025-11-19 22:32:14] production.INFO: ImportService initialized {"intelligent_enabled":true,"fallback_enabled":true} 
[2025-11-19 22:32:14] production.INFO: IntelligentFieldMapper initialized {"matcher_count":4,"matchers":["App\\Services\\Import\\Intelligent\\Matchers\\ExactMatcher","App\\Services\\Import\\Intelligent\\Matchers\\SynonymMatcher","App\\Services\\Import\\Intelligent\\Matchers\\FuzzyMatcher","App\\Services\\Import\\Intelligent\\Matchers\\PatternMatcher"]} 
[2025-11-19 22:32:14] production.INFO: ImportService initialized {"intelligent_enabled":true,"fallback_enabled":true} 
[2025-11-19 22:32:14] production.INFO: IntelligentFieldMapper initialized {"matcher_count":4,"matchers":["App\\Services\\Import\\Intelligent\\Matchers\\ExactMatcher","App\\Services\\Import\\Intelligent\\Matchers\\SynonymMatcher","App\\Services\\Import\\Intelligent\\Matchers\\FuzzyMatcher","App\\Services\\Import\\Intelligent\\Matchers\\PatternMatcher"]} 
[2025-11-19 22:32:14] production.INFO: ImportService initialized {"intelligent_enabled":true,"fallback_enabled":true} 
[2025-11-19 22:32:14] production.INFO: IntelligentFieldMapper initialized {"matcher_count":4,"matchers":["App\\Services\\Import\\Intelligent\\Matchers\\ExactMatcher","App\\Services\\Import\\Intelligent\\Matchers\\SynonymMatcher","App\\Services\\Import\\Intelligent\\Matchers\\FuzzyMatcher","App\\Services\\Import\\Intelligent\\Matchers\\PatternMatcher"]} 
[2025-11-19 22:32:14] production.INFO: ImportService initialized {"intelligent_enabled":true,"fallback_enabled":true} 
[2025-11-19 22:32:14] production.INFO: IntelligentFieldMapper initialized {"matcher_count":4,"matchers":["App\\Services\\Import\\Intelligent\\Matchers\\ExactMatcher","App\\Services\\Import\\Intelligent\\Matchers\\SynonymMatcher","App\\Services\\Import\\Intelligent\\Matchers\\FuzzyMatcher","App\\Services\\Import\\Intelligent\\Matchers\\PatternMatcher"]} 
[2025-11-19 22:32:14] production.INFO: ImportService initialized {"intelligent_enabled":true,"fallback_enabled":true} 
[2025-11-19 22:32:14] production.INFO: IntelligentFieldMapper initialized {"matcher_count":4,"matchers":["App\\Services\\Import\\Intelligent\\Matchers\\ExactMatcher","App\\Services\\Import\\Intelligent\\Matchers\\SynonymMatcher","App\\Services\\Import\\Intelligent\\Matchers\\FuzzyMatcher","App\\Services\\Import\\Intelligent\\Matchers\\PatternMatcher"]} 
[2025-11-19 22:32:14] production.INFO: ImportService initialized {"intelligent_enabled":true,"fallback_enabled":true} 
[2025-11-19 22:32:21] production.WARNING: Health check: Certificate file not found {"path":"/var/www/html/storage/certificates/certificate.pem"} 
[2025-11-19 22:32:21] production.WARNING: Health check: Missing Paddle configuration {"missing":["cashier.seller_id","cashier.api_key","cashier.public_key","cashier.webhook.secret"],"note":"Paddle not configured yet - this is expected until production setup"} 
[2025-11-19 22:32:29] production.WARNING: Health check: Certificate file not found {"path":"/var/www/html/storage/certificates/certificate.pem"} 
[2025-11-19 22:32:29] production.WARNING: Health check: Missing Paddle configuration {"missing":["cashier.seller_id","cashier.api_key","cashier.public_key","cashier.webhook.secret"],"note":"Paddle not configured yet - this is expected until production setup"} 
[2025-11-19 22:32:51] production.INFO: Authenticate middleware handling request {"url":"https://app.facturino.mk/api/v1/certificates/current","method":"GET","guards":["sanctum"],"authenticated_before":true,"user_id_before":8,"session_id":"khJ8K3LjqnbxMSv7qm13FUtt2wla2ByBheyzBN9v","has_session_cookie":true} 
[2025-11-19 22:32:51] production.INFO: Authenticate middleware completed {"authenticated_after":true,"user_id_after":8} 
[2025-11-19 22:33:44] production.INFO: Authenticate middleware handling request {"url":"https://app.facturino.mk/api/v1/auth/logout","method":"POST","guards":["sanctum"],"authenticated_before":true,"user_id_before":8,"session_id":"r96NRXJksSiJBoMfONBzzojmwrTGNT8vpbqtUMtA","has_session_cookie":true} 
[2025-11-19 22:33:44] production.INFO: Authenticate middleware completed {"authenticated_after":true,"user_id_after":8} 
[2025-11-19 22:34:09] production.INFO: Login attempt {"email":"partner@demo.mk","has_password":true,"ip":"77.28.42.158","user_agent":"Mozilla/5.0 (Macintosh; Intel Mac OS X 10_15_7) AppleWebKit/537.36 (KHTML, like Gecko) Chrome/142.0.0.0 Safari/537.36"} 
[2025-11-19 22:34:09] production.INFO: Login successful {"email":"partner@demo.mk"} 
[2025-11-19 22:34:10] production.INFO: Authenticate middleware handling request {"url":"https://app.facturino.mk/api/v1/partner/commissions","method":"GET","guards":["sanctum"],"authenticated_before":true,"user_id_before":8,"session_id":"YHEDuAuxSSmHHGTtAMGA7eMJNwgDLgSFmAtJozQ7","has_session_cookie":true} 
[2025-11-19 22:34:10] production.INFO: Authenticate middleware handling request {"url":"https://app.facturino.mk/api/v1/partner/dashboard","method":"GET","guards":["sanctum"],"authenticated_before":true,"user_id_before":8,"session_id":"YHEDuAuxSSmHHGTtAMGA7eMJNwgDLgSFmAtJozQ7","has_session_cookie":true} 
[2025-11-19 22:34:10] production.INFO: PartnerDashboardController::commissions called {"url":"https://app.facturino.mk/api/v1/partner/commissions","method":"GET","user_id":8} 
[2025-11-19 22:34:10] production.INFO: PartnerDashboardController::index called {"url":"https://app.facturino.mk/api/v1/partner/dashboard","method":"GET","user_id":8} 
[2025-11-19 22:34:10] production.INFO: Partner found {"partner_id":3,"user_id":8} 
[2025-11-19 22:34:10] production.INFO: Partner found for commissions {"partner_id":3,"user_id":8} 
[2025-11-19 22:34:10] production.INFO: Authenticate middleware completed {"authenticated_after":true,"user_id_after":8} 
[2025-11-19 22:34:10] production.INFO: Authenticate middleware completed {"authenticated_after":true,"user_id_after":8} 
[2025-11-19 22:34:12] production.INFO: Authenticate middleware handling request {"url":"https://app.facturino.mk/api/v1/bootstrap","method":"GET","guards":["sanctum"],"authenticated_before":true,"user_id_before":8,"session_id":"YHEDuAuxSSmHHGTtAMGA7eMJNwgDLgSFmAtJozQ7","has_session_cookie":true} 
[2025-11-19 22:34:12] production.INFO: Bootstrap controller reached {"authenticated":true,"user_id":8,"guard":"sanctum","session_id":"YHEDuAuxSSmHHGTtAMGA7eMJNwgDLgSFmAtJozQ7","has_company_header":true,"company_header":"1"} 
[2025-11-19 22:34:12] production.INFO: Authenticate middleware completed {"authenticated_after":true,"user_id_after":8} 
[2025-11-19 22:34:12] production.INFO: Authenticate middleware handling request {"url":"https://app.facturino.mk/api/v1/console/companies","method":"GET","guards":["sanctum"],"authenticated_before":true,"user_id_before":8,"session_id":"YHEDuAuxSSmHHGTtAMGA7eMJNwgDLgSFmAtJozQ7","has_session_cookie":true} 
[2025-11-19 22:34:12] production.INFO: Authenticate middleware completed {"authenticated_after":true,"user_id_after":8} 
[2025-11-19 22:34:12] production.INFO: Authenticate middleware handling request {"url":"https://app.facturino.mk/api/v1/console/companies","method":"GET","guards":["sanctum"],"authenticated_before":true,"user_id_before":8,"session_id":"YHEDuAuxSSmHHGTtAMGA7eMJNwgDLgSFmAtJozQ7","has_session_cookie":true} 
[2025-11-19 22:34:13] production.INFO: Authenticate middleware completed {"authenticated_after":true,"user_id_after":8} 
[2025-11-19 22:34:14] production.INFO: Authenticate middleware handling request {"url":"https://app.facturino.mk/api/v1/certificates/current","method":"GET","guards":["sanctum"],"authenticated_before":true,"user_id_before":8,"session_id":"khJ8K3LjqnbxMSv7qm13FUtt2wla2ByBheyzBN9v","has_session_cookie":true} 
[2025-11-19 22:34:14] production.INFO: Authenticate middleware completed {"authenticated_after":true,"user_id_after":8} 
[2025-11-19 22:34:14] production.INFO: Authenticate middleware handling request {"url":"https://app.facturino.mk/api/v1/console/switch","method":"POST","guards":["sanctum"],"authenticated_before":true,"user_id_before":8,"session_id":"YHEDuAuxSSmHHGTtAMGA7eMJNwgDLgSFmAtJozQ7","has_session_cookie":true} 
[2025-11-19 22:34:14] production.INFO: Authenticate middleware completed {"authenticated_after":true,"user_id_after":8} 
[2025-11-19 22:34:14] production.INFO: Authenticate middleware handling request {"url":"https://app.facturino.mk/api/v1/invoices","method":"GET","guards":["sanctum"],"authenticated_before":true,"user_id_before":8,"session_id":"YHEDuAuxSSmHHGTtAMGA7eMJNwgDLgSFmAtJozQ7","has_session_cookie":true} 
[2025-11-19 22:34:14] production.INFO: Authenticate middleware handling request {"url":"https://app.facturino.mk/api/v1/certificates/current","method":"GET","guards":["sanctum"],"authenticated_before":true,"user_id_before":8,"session_id":"YHEDuAuxSSmHHGTtAMGA7eMJNwgDLgSFmAtJozQ7","has_session_cookie":true} 
[2025-11-19 22:34:14] production.INFO: InvoicesController::index called {"user_id":8,"user_role":"partner","company_header":"1"} 
[2025-11-19 22:34:14] production.INFO: Authenticate middleware completed {"authenticated_after":true,"user_id_after":8} 
[2025-11-19 22:34:14] production.INFO: Authenticate middleware completed {"authenticated_after":true,"user_id_after":8} 
[2025-11-19 22:34:21] production.INFO: Authenticate middleware handling request {"url":"https://app.facturino.mk/debug/logs","method":"GET","guards":[],"authenticated_before":true,"user_id_before":8,"session_id":"YHEDuAuxSSmHHGTtAMGA7eMJNwgDLgSFmAtJozQ7","has_session_cookie":true} 