[2025-11-19 11:51:18] production.INFO: IntelligentFieldMapper initialized {"matcher_count":4,"matchers":["App\\Services\\Import\\Intelligent\\Matchers\\ExactMatcher","App\\Services\\Import\\Intelligent\\Matchers\\SynonymMatcher","App\\Services\\Import\\Intelligent\\Matchers\\FuzzyMatcher","App\\Services\\Import\\Intelligent\\Matchers\\PatternMatcher"]} 
[2025-11-19 11:51:18] production.INFO: ImportService initialized {"intelligent_enabled":true,"fallback_enabled":true} 
[2025-11-19 11:51:18] production.INFO: IntelligentFieldMapper initialized {"matcher_count":4,"matchers":["App\\Services\\Import\\Intelligent\\Matchers\\ExactMatcher","App\\Services\\Import\\Intelligent\\Matchers\\SynonymMatcher","App\\Services\\Import\\Intelligent\\Matchers\\FuzzyMatcher","App\\Services\\Import\\Intelligent\\Matchers\\PatternMatcher"]} 
[2025-11-19 11:51:18] production.INFO: ImportService initialized {"intelligent_enabled":true,"fallback_enabled":true} 
[2025-11-19 11:51:18] production.INFO: IntelligentFieldMapper initialized {"matcher_count":4,"matchers":["App\\Services\\Import\\Intelligent\\Matchers\\ExactMatcher","App\\Services\\Import\\Intelligent\\Matchers\\SynonymMatcher","App\\Services\\Import\\Intelligent\\Matchers\\FuzzyMatcher","App\\Services\\Import\\Intelligent\\Matchers\\PatternMatcher"]} 
[2025-11-19 11:51:18] production.INFO: ImportService initialized {"intelligent_enabled":true,"fallback_enabled":true} 
[2025-11-19 11:51:18] production.INFO: IntelligentFieldMapper initialized {"matcher_count":4,"matchers":["App\\Services\\Import\\Intelligent\\Matchers\\ExactMatcher","App\\Services\\Import\\Intelligent\\Matchers\\SynonymMatcher","App\\Services\\Import\\Intelligent\\Matchers\\FuzzyMatcher","App\\Services\\Import\\Intelligent\\Matchers\\PatternMatcher"]} 
[2025-11-19 11:51:18] production.INFO: ImportService initialized {"intelligent_enabled":true,"fallback_enabled":true} 
[2025-11-19 11:51:18] production.INFO: IntelligentFieldMapper initialized {"matcher_count":4,"matchers":["App\\Services\\Import\\Intelligent\\Matchers\\ExactMatcher","App\\Services\\Import\\Intelligent\\Matchers\\SynonymMatcher","App\\Services\\Import\\Intelligent\\Matchers\\FuzzyMatcher","App\\Services\\Import\\Intelligent\\Matchers\\PatternMatcher"]} 
[2025-11-19 11:51:18] production.INFO: ImportService initialized {"intelligent_enabled":true,"fallback_enabled":true} 
[2025-11-19 11:51:18] production.INFO: IntelligentFieldMapper initialized {"matcher_count":4,"matchers":["App\\Services\\Import\\Intelligent\\Matchers\\ExactMatcher","App\\Services\\Import\\Intelligent\\Matchers\\SynonymMatcher","App\\Services\\Import\\Intelligent\\Matchers\\FuzzyMatcher","App\\Services\\Import\\Intelligent\\Matchers\\PatternMatcher"]} 
[2025-11-19 11:51:18] production.INFO: ImportService initialized {"intelligent_enabled":true,"fallback_enabled":true} 
[2025-11-19 11:51:18] production.INFO: IntelligentFieldMapper initialized {"matcher_count":4,"matchers":["App\\Services\\Import\\Intelligent\\Matchers\\ExactMatcher","App\\Services\\Import\\Intelligent\\Matchers\\SynonymMatcher","App\\Services\\Import\\Intelligent\\Matchers\\FuzzyMatcher","App\\Services\\Import\\Intelligent\\Matchers\\PatternMatcher"]} 
[2025-11-19 11:51:18] production.INFO: ImportService initialized {"intelligent_enabled":true,"fallback_enabled":true} 
[2025-11-19 11:51:18] production.INFO: IntelligentFieldMapper initialized {"matcher_count":4,"matchers":["App\\Services\\Import\\Intelligent\\Matchers\\ExactMatcher","App\\Services\\Import\\Intelligent\\Matchers\\SynonymMatcher","App\\Services\\Import\\Intelligent\\Matchers\\FuzzyMatcher","App\\Services\\Import\\Intelligent\\Matchers\\PatternMatcher"]} 
[2025-11-19 11:51:18] production.INFO: ImportService initialized {"intelligent_enabled":true,"fallback_enabled":true} 
[2025-11-19 11:51:18] production.INFO: IntelligentFieldMapper initialized {"matcher_count":4,"matchers":["App\\Services\\Import\\Intelligent\\Matchers\\ExactMatcher","App\\Services\\Import\\Intelligent\\Matchers\\SynonymMatcher","App\\Services\\Import\\Intelligent\\Matchers\\FuzzyMatcher","App\\Services\\Import\\Intelligent\\Matchers\\PatternMatcher"]} 
[2025-11-19 11:51:18] production.INFO: ImportService initialized {"intelligent_enabled":true,"fallback_enabled":true} 
[2025-11-19 11:51:25] production.WARNING: Health check: Certificate file not found {"path":"/var/www/html/storage/certificates/certificate.pem"} 
[2025-11-19 11:51:25] production.WARNING: Health check: Missing Paddle configuration {"missing":["cashier.seller_id","cashier.api_key","cashier.public_key","cashier.webhook.secret"],"note":"Paddle not configured yet - this is expected until production setup"} 
[2025-11-19 11:51:32] production.WARNING: Health check: Certificate file not found {"path":"/var/www/html/storage/certificates/certificate.pem"} 
[2025-11-19 11:51:32] production.WARNING: Health check: Missing Paddle configuration {"missing":["cashier.seller_id","cashier.api_key","cashier.public_key","cashier.webhook.secret"],"note":"Paddle not configured yet - this is expected until production setup"} 
[2025-11-19 11:53:26] production.WARNING: API 404 Not Found {"url":"https://app.facturino.mk/api/v1/companies,route:null,user_id,company_id:2,ip:7","method":"GET","ip":"34.235.48.77","user_agent":"Mozilla/5.0 (compatible)"} 
[2025-11-19 11:53:27] production.WARNING: API 404 Not Found {"url":"https://app.facturino.mk/api/v1/bootstrap,route:null,user_id,company_id:2,ip","method":"GET","ip":"34.235.48.77","user_agent":"Mozilla/5.0 (compatible)"} 
[2025-11-19 11:53:42] production.WARNING: API 404 Not Found {"url":"https://app.facturino.mk/api/v1/companies,route:null,user_id,company_id:2,ip:77.28.5.111,user_agent:Mozilla/5.0","method":"GET","ip":"54.156.251.192","user_agent":"Mozilla/5.0 (compatible)"} 
[2025-11-19 11:53:45] production.WARNING: API 404 Not Found {"url":"https://app.facturino.mk/api/v1/bootstrap,route:null,user_id,company_id:2,ip:77.28.5.111,user_agent:Mozilla/5.0","method":"GET","ip":"34.235.48.77","user_agent":"Mozilla/5.0 (compatible)"} 
[2025-11-19 11:55:47] production.INFO: Authenticate middleware handling request {"url":"https://app.facturino.mk/api/v1/bootstrap","method":"GET","guards":["sanctum"],"authenticated_before":true,"user_id_before":2,"session_id":"rvFZri2pMz0v9DLRfE2WWCJNjake0mMrMMnInRvm","has_session_cookie":true} 
[2025-11-19 11:55:48] production.INFO: Bootstrap controller reached {"authenticated":true,"user_id":2,"guard":"sanctum","session_id":"rvFZri2pMz0v9DLRfE2WWCJNjake0mMrMMnInRvm","has_company_header":true,"company_header":"2"} 
[2025-11-19 11:55:48] production.INFO: CompanyResource::toArray - Returning to frontend {"company_id":1,"vat_id":null,"vat_number_raw":null,"vat_number_returned":null,"tax_id":null} 
[2025-11-19 11:55:48] production.INFO: CompanyResource::toArray - Returning to frontend {"company_id":2,"vat_id":"MK12345678901","vat_number_raw":"MK12345678901","vat_number_returned":"MK12345678901","tax_id":"MK12345678901"} 
[2025-11-19 11:55:48] production.INFO: CompanyResource::toArray - Returning to frontend {"company_id":2,"vat_id":"MK12345678901","vat_number_raw":"MK12345678901","vat_number_returned":"MK12345678901","tax_id":"MK12345678901"} 
[2025-11-19 11:55:48] production.INFO: CompanyResource::toArray - Returning to frontend {"company_id":1,"vat_id":null,"vat_number_raw":null,"vat_number_returned":null,"tax_id":null} 
[2025-11-19 11:55:48] production.INFO: CompanyResource::toArray - Returning to frontend {"company_id":2,"vat_id":"MK12345678901","vat_number_raw":"MK12345678901","vat_number_returned":"MK12345678901","tax_id":"MK12345678901"} 
[2025-11-19 11:55:48] production.INFO: Authenticate middleware completed {"authenticated_after":true,"user_id_after":2} 
[2025-11-19 11:55:48] production.WARNING: Slow operation detected {"operation":"req_691db043efc7c","execution_time_ms":719.34,"memory_used_bytes":16777216,"memory_used_mb":16.0} 
[2025-11-19 11:55:48] production.WARNING: Slow request detected {"operation":"req_691db043efc7c","execution_time_ms":719.34,"memory_used_bytes":16777216,"memory_used_mb":16.0,"method":"GET","url":"https://app.facturino.mk/api/v1/bootstrap","route":null,"user_id":2,"company_id":"2","ip":"77.28.5.111","user_agent":"Mozilla/5.0 (Macintosh; Intel Mac OS X 10_15_7) AppleWebKit/537.36 (KHTML, like Gecko) Chrome/142.0.0.0 Safari/537.36","response_status":200} 
[2025-11-19 11:55:48] production.INFO: Authenticate middleware handling request {"url":"https://app.facturino.mk/api/v1/companies","method":"GET","guards":["sanctum"],"authenticated_before":true,"user_id_before":2,"session_id":"rvFZri2pMz0v9DLRfE2WWCJNjake0mMrMMnInRvm","has_session_cookie":true} 
[2025-11-19 11:55:48] production.INFO: Authenticate middleware handling request {"url":"https://app.facturino.mk/api/v1/console/companies","method":"GET","guards":["sanctum"],"authenticated_before":true,"user_id_before":2,"session_id":"rvFZri2pMz0v9DLRfE2WWCJNjake0mMrMMnInRvm","has_session_cookie":true} 
[2025-11-19 11:55:48] production.INFO: Authenticate middleware completed {"authenticated_after":true,"user_id_after":2} 
[2025-11-19 11:55:48] production.INFO: CompanyResource::toArray - Returning to frontend {"company_id":1,"vat_id":null,"vat_number_raw":null,"vat_number_returned":null,"tax_id":null} 
[2025-11-19 11:55:49] production.INFO: CompanyResource::toArray - Returning to frontend {"company_id":2,"vat_id":"MK12345678901","vat_number_raw":"MK12345678901","vat_number_returned":"MK12345678901","tax_id":"MK12345678901"} 
[2025-11-19 11:55:49] production.INFO: Authenticate middleware completed {"authenticated_after":true,"user_id_after":2} 
[2025-11-19 11:55:56] production.INFO: Authenticate middleware handling request {"url":"https://app.facturino.mk/api/v1/users","method":"POST","guards":["sanctum"],"authenticated_before":true,"user_id_before":2,"session_id":"rvFZri2pMz0v9DLRfE2WWCJNjake0mMrMMnInRvm","has_session_cookie":true} 
[2025-11-19 11:55:56] production.INFO: Looking for existing user {"email":"partner@demo.mk","email_length":15,"email_trimmed":"partner@demo.mk"} 
[2025-11-19 11:55:56] production.WARNING: User not found {"searched_email":"partner@demo.mk","all_emails":["admin@invoiceshelf.com","your-email@example.com"]} 
[2025-11-19 11:55:56] production.INFO: Authenticate middleware completed {"authenticated_after":true,"user_id_after":2} 
[2025-11-19 11:56:33] production.INFO: Authenticate middleware handling request {"url":"https://app.facturino.mk/debug/logs","method":"GET","guards":[],"authenticated_before":true,"user_id_before":2,"session_id":"rvFZri2pMz0v9DLRfE2WWCJNjake0mMrMMnInRvm","has_session_cookie":true} 