 [intlify] Not found 'dashboard.quick_actions' key in 'mk' locale messages.
Id @ main-CBrKO3G4.js:72
lg @ main-CBrKO3G4.js:75
YC @ main-CBrKO3G4.js:75
PK @ main-CBrKO3G4.js:75
(anonymous) @ main-CBrKO3G4.js:105
La @ main-CBrKO3G4.js:105
Uo @ main-CBrKO3G4.js:105
(anonymous) @ Dashboard-bz5Pxm5_.js:1
n @ main-CBrKO3G4.js:20
rt @ main-CBrKO3G4.js:22
(anonymous) @ main-CBrKO3G4.js:109
pf @ main-CBrKO3G4.js:22
G @ main-CBrKO3G4.js:22
run @ main-CBrKO3G4.js:16
fe @ main-CBrKO3G4.js:22
ze @ main-CBrKO3G4.js:22
re @ main-CBrKO3G4.js:22
v @ main-CBrKO3G4.js:22
G @ main-CBrKO3G4.js:22
run @ main-CBrKO3G4.js:16
fe @ main-CBrKO3G4.js:22
ze @ main-CBrKO3G4.js:22
re @ main-CBrKO3G4.js:22
v @ main-CBrKO3G4.js:22
N @ main-CBrKO3G4.js:22
T @ main-CBrKO3G4.js:22
A @ main-CBrKO3G4.js:22
v @ main-CBrKO3G4.js:22
N @ main-CBrKO3G4.js:22
Y @ main-CBrKO3G4.js:22
v @ main-CBrKO3G4.js:22
N @ main-CBrKO3G4.js:22
T @ main-CBrKO3G4.js:22
A @ main-CBrKO3G4.js:22
v @ main-CBrKO3G4.js:22
G @ main-CBrKO3G4.js:22
run @ main-CBrKO3G4.js:16
fe @ main-CBrKO3G4.js:22
ze @ main-CBrKO3G4.js:22
re @ main-CBrKO3G4.js:22
v @ main-CBrKO3G4.js:22
G @ main-CBrKO3G4.js:22
run @ main-CBrKO3G4.js:16
fe @ main-CBrKO3G4.js:22
ze @ main-CBrKO3G4.js:22
re @ main-CBrKO3G4.js:22
v @ main-CBrKO3G4.js:22
G @ main-CBrKO3G4.js:22
run @ main-CBrKO3G4.js:16
runIfDirty @ main-CBrKO3G4.js:16
uc @ main-CBrKO3G4.js:20
JA @ main-CBrKO3G4.js:20
 [intlify] Fall back to translate 'dashboard.quick_actions' key with 'en' locale.
Id @ main-CBrKO3G4.js:72
YC @ main-CBrKO3G4.js:75
PK @ main-CBrKO3G4.js:75
(anonymous) @ main-CBrKO3G4.js:105
La @ main-CBrKO3G4.js:105
Uo @ main-CBrKO3G4.js:105
(anonymous) @ Dashboard-bz5Pxm5_.js:1
n @ main-CBrKO3G4.js:20
rt @ main-CBrKO3G4.js:22
(anonymous) @ main-CBrKO3G4.js:109
pf @ main-CBrKO3G4.js:22
G @ main-CBrKO3G4.js:22
run @ main-CBrKO3G4.js:16
fe @ main-CBrKO3G4.js:22
ze @ main-CBrKO3G4.js:22
re @ main-CBrKO3G4.js:22
v @ main-CBrKO3G4.js:22
G @ main-CBrKO3G4.js:22
run @ main-CBrKO3G4.js:16
fe @ main-CBrKO3G4.js:22
ze @ main-CBrKO3G4.js:22
re @ main-CBrKO3G4.js:22
v @ main-CBrKO3G4.js:22
N @ main-CBrKO3G4.js:22
T @ main-CBrKO3G4.js:22
A @ main-CBrKO3G4.js:22
v @ main-CBrKO3G4.js:22
N @ main-CBrKO3G4.js:22
Y @ main-CBrKO3G4.js:22
v @ main-CBrKO3G4.js:22
N @ main-CBrKO3G4.js:22
T @ main-CBrKO3G4.js:22
A @ main-CBrKO3G4.js:22
v @ main-CBrKO3G4.js:22
G @ main-CBrKO3G4.js:22
run @ main-CBrKO3G4.js:16
fe @ main-CBrKO3G4.js:22
ze @ main-CBrKO3G4.js:22
re @ main-CBrKO3G4.js:22
v @ main-CBrKO3G4.js:22
G @ main-CBrKO3G4.js:22
run @ main-CBrKO3G4.js:16
fe @ main-CBrKO3G4.js:22
ze @ main-CBrKO3G4.js:22
re @ main-CBrKO3G4.js:22
v @ main-CBrKO3G4.js:22
G @ main-CBrKO3G4.js:22
run @ main-CBrKO3G4.js:16
runIfDirty @ main-CBrKO3G4.js:16
uc @ main-CBrKO3G4.js:20
JA @ main-CBrKO3G4.js:20
 [intlify] Not found 'dashboard.quick_actions' key in 'en' locale messages.
Id @ main-CBrKO3G4.js:72
lg @ main-CBrKO3G4.js:75
YC @ main-CBrKO3G4.js:75
PK @ main-CBrKO3G4.js:75
(anonymous) @ main-CBrKO3G4.js:105
La @ main-CBrKO3G4.js:105
Uo @ main-CBrKO3G4.js:105
(anonymous) @ Dashboard-bz5Pxm5_.js:1
n @ main-CBrKO3G4.js:20
rt @ main-CBrKO3G4.js:22
(anonymous) @ main-CBrKO3G4.js:109
pf @ main-CBrKO3G4.js:22
G @ main-CBrKO3G4.js:22
run @ main-CBrKO3G4.js:16
fe @ main-CBrKO3G4.js:22
ze @ main-CBrKO3G4.js:22
re @ main-CBrKO3G4.js:22
v @ main-CBrKO3G4.js:22
G @ main-CBrKO3G4.js:22
run @ main-CBrKO3G4.js:16
fe @ main-CBrKO3G4.js:22
ze @ main-CBrKO3G4.js:22
re @ main-CBrKO3G4.js:22
v @ main-CBrKO3G4.js:22
N @ main-CBrKO3G4.js:22
T @ main-CBrKO3G4.js:22
A @ main-CBrKO3G4.js:22
v @ main-CBrKO3G4.js:22
N @ main-CBrKO3G4.js:22
Y @ main-CBrKO3G4.js:22
v @ main-CBrKO3G4.js:22
N @ main-CBrKO3G4.js:22
T @ main-CBrKO3G4.js:22
A @ main-CBrKO3G4.js:22
v @ main-CBrKO3G4.js:22
G @ main-CBrKO3G4.js:22
run @ main-CBrKO3G4.js:16
fe @ main-CBrKO3G4.js:22
ze @ main-CBrKO3G4.js:22
re @ main-CBrKO3G4.js:22
v @ main-CBrKO3G4.js:22
G @ main-CBrKO3G4.js:22
run @ main-CBrKO3G4.js:16
fe @ main-CBrKO3G4.js:22
ze @ main-CBrKO3G4.js:22
re @ main-CBrKO3G4.js:22
v @ main-CBrKO3G4.js:22
G @ main-CBrKO3G4.js:22
run @ main-CBrKO3G4.js:16
runIfDirty @ main-CBrKO3G4.js:16
uc @ main-CBrKO3G4.js:20
JA @ main-CBrKO3G4.js:20
 [intlify] Not found 'dashboard.create_invoice_desc' key in 'mk' locale messages.
Id @ main-CBrKO3G4.js:72
lg @ main-CBrKO3G4.js:75
YC @ main-CBrKO3G4.js:75
PK @ main-CBrKO3G4.js:75
(anonymous) @ main-CBrKO3G4.js:105
La @ main-CBrKO3G4.js:105
Uo @ main-CBrKO3G4.js:105
(anonymous) @ Dashboard-bz5Pxm5_.js:1
n @ main-CBrKO3G4.js:20
(anonymous) @ main-CBrKO3G4.js:38
pf @ main-CBrKO3G4.js:22
G @ main-CBrKO3G4.js:22
run @ main-CBrKO3G4.js:16
fe @ main-CBrKO3G4.js:22
ze @ main-CBrKO3G4.js:22
re @ main-CBrKO3G4.js:22
v @ main-CBrKO3G4.js:22
N @ main-CBrKO3G4.js:22
T @ main-CBrKO3G4.js:22
A @ main-CBrKO3G4.js:22
v @ main-CBrKO3G4.js:22
N @ main-CBrKO3G4.js:22
Y @ main-CBrKO3G4.js:22
v @ main-CBrKO3G4.js:22
N @ main-CBrKO3G4.js:22
T @ main-CBrKO3G4.js:22
A @ main-CBrKO3G4.js:22
v @ main-CBrKO3G4.js:22
N @ main-CBrKO3G4.js:22
T @ main-CBrKO3G4.js:22
A @ main-CBrKO3G4.js:22
v @ main-CBrKO3G4.js:22
G @ main-CBrKO3G4.js:22
run @ main-CBrKO3G4.js:16
fe @ main-CBrKO3G4.js:22
ze @ main-CBrKO3G4.js:22
re @ main-CBrKO3G4.js:22
v @ main-CBrKO3G4.js:22
G @ main-CBrKO3G4.js:22
run @ main-CBrKO3G4.js:16
fe @ main-CBrKO3G4.js:22
ze @ main-CBrKO3G4.js:22
re @ main-CBrKO3G4.js:22
v @ main-CBrKO3G4.js:22
N @ main-CBrKO3G4.js:22
T @ main-CBrKO3G4.js:22
A @ main-CBrKO3G4.js:22
v @ main-CBrKO3G4.js:22
N @ main-CBrKO3G4.js:22
Y @ main-CBrKO3G4.js:22
v @ main-CBrKO3G4.js:22
N @ main-CBrKO3G4.js:22
T @ main-CBrKO3G4.js:22
A @ main-CBrKO3G4.js:22
v @ main-CBrKO3G4.js:22
G @ main-CBrKO3G4.js:22
run @ main-CBrKO3G4.js:16
fe @ main-CBrKO3G4.js:22
ze @ main-CBrKO3G4.js:22
re @ main-CBrKO3G4.js:22
v @ main-CBrKO3G4.js:22
G @ main-CBrKO3G4.js:22
run @ main-CBrKO3G4.js:16
fe @ main-CBrKO3G4.js:22
ze @ main-CBrKO3G4.js:22
re @ main-CBrKO3G4.js:22
v @ main-CBrKO3G4.js:22
G @ main-CBrKO3G4.js:22
run @ main-CBrKO3G4.js:16
runIfDirty @ main-CBrKO3G4.js:16
uc @ main-CBrKO3G4.js:20
JA @ main-CBrKO3G4.js:20
 [intlify] Fall back to translate 'dashboard.create_invoice_desc' key with 'en' locale.
Id @ main-CBrKO3G4.js:72
YC @ main-CBrKO3G4.js:75
PK @ main-CBrKO3G4.js:75
(anonymous) @ main-CBrKO3G4.js:105
La @ main-CBrKO3G4.js:105
Uo @ main-CBrKO3G4.js:105
(anonymous) @ Dashboard-bz5Pxm5_.js:1
n @ main-CBrKO3G4.js:20
(anonymous) @ main-CBrKO3G4.js:38
pf @ main-CBrKO3G4.js:22
G @ main-CBrKO3G4.js:22
run @ main-CBrKO3G4.js:16
fe @ main-CBrKO3G4.js:22
ze @ main-CBrKO3G4.js:22
re @ main-CBrKO3G4.js:22
v @ main-CBrKO3G4.js:22
N @ main-CBrKO3G4.js:22
T @ main-CBrKO3G4.js:22
A @ main-CBrKO3G4.js:22
v @ main-CBrKO3G4.js:22
N @ main-CBrKO3G4.js:22
Y @ main-CBrKO3G4.js:22
v @ main-CBrKO3G4.js:22
N @ main-CBrKO3G4.js:22
T @ main-CBrKO3G4.js:22
A @ main-CBrKO3G4.js:22
v @ main-CBrKO3G4.js:22
N @ main-CBrKO3G4.js:22
T @ main-CBrKO3G4.js:22
A @ main-CBrKO3G4.js:22
v @ main-CBrKO3G4.js:22
G @ main-CBrKO3G4.js:22
run @ main-CBrKO3G4.js:16
fe @ main-CBrKO3G4.js:22
ze @ main-CBrKO3G4.js:22
re @ main-CBrKO3G4.js:22
v @ main-CBrKO3G4.js:22
G @ main-CBrKO3G4.js:22
run @ main-CBrKO3G4.js:16
fe @ main-CBrKO3G4.js:22
ze @ main-CBrKO3G4.js:22
re @ main-CBrKO3G4.js:22
v @ main-CBrKO3G4.js:22
N @ main-CBrKO3G4.js:22
T @ main-CBrKO3G4.js:22
A @ main-CBrKO3G4.js:22
v @ main-CBrKO3G4.js:22
N @ main-CBrKO3G4.js:22
Y @ main-CBrKO3G4.js:22
v @ main-CBrKO3G4.js:22
N @ main-CBrKO3G4.js:22
T @ main-CBrKO3G4.js:22
A @ main-CBrKO3G4.js:22
v @ main-CBrKO3G4.js:22
G @ main-CBrKO3G4.js:22
run @ main-CBrKO3G4.js:16
fe @ main-CBrKO3G4.js:22
ze @ main-CBrKO3G4.js:22
re @ main-CBrKO3G4.js:22
v @ main-CBrKO3G4.js:22
G @ main-CBrKO3G4.js:22
run @ main-CBrKO3G4.js:16
fe @ main-CBrKO3G4.js:22
ze @ main-CBrKO3G4.js:22
re @ main-CBrKO3G4.js:22
v @ main-CBrKO3G4.js:22
G @ main-CBrKO3G4.js:22
run @ main-CBrKO3G4.js:16
runIfDirty @ main-CBrKO3G4.js:16
uc @ main-CBrKO3G4.js:20
JA @ main-CBrKO3G4.js:20
 [intlify] Not found 'dashboard.create_invoice_desc' key in 'en' locale messages.
Id @ main-CBrKO3G4.js:72
lg @ main-CBrKO3G4.js:75
YC @ main-CBrKO3G4.js:75
PK @ main-CBrKO3G4.js:75
(anonymous) @ main-CBrKO3G4.js:105
La @ main-CBrKO3G4.js:105
Uo @ main-CBrKO3G4.js:105
(anonymous) @ Dashboard-bz5Pxm5_.js:1
n @ main-CBrKO3G4.js:20
(anonymous) @ main-CBrKO3G4.js:38
pf @ main-CBrKO3G4.js:22
G @ main-CBrKO3G4.js:22
run @ main-CBrKO3G4.js:16
fe @ main-CBrKO3G4.js:22
ze @ main-CBrKO3G4.js:22
re @ main-CBrKO3G4.js:22
v @ main-CBrKO3G4.js:22
N @ main-CBrKO3G4.js:22
T @ main-CBrKO3G4.js:22
A @ main-CBrKO3G4.js:22
v @ main-CBrKO3G4.js:22
N @ main-CBrKO3G4.js:22
Y @ main-CBrKO3G4.js:22
v @ main-CBrKO3G4.js:22
N @ main-CBrKO3G4.js:22
T @ main-CBrKO3G4.js:22
A @ main-CBrKO3G4.js:22
v @ main-CBrKO3G4.js:22
N @ main-CBrKO3G4.js:22
T @ main-CBrKO3G4.js:22
A @ main-CBrKO3G4.js:22
v @ main-CBrKO3G4.js:22
G @ main-CBrKO3G4.js:22
run @ main-CBrKO3G4.js:16
fe @ main-CBrKO3G4.js:22
ze @ main-CBrKO3G4.js:22
re @ main-CBrKO3G4.js:22
v @ main-CBrKO3G4.js:22
G @ main-CBrKO3G4.js:22
run @ main-CBrKO3G4.js:16
fe @ main-CBrKO3G4.js:22
ze @ main-CBrKO3G4.js:22
re @ main-CBrKO3G4.js:22
v @ main-CBrKO3G4.js:22
N @ main-CBrKO3G4.js:22
T @ main-CBrKO3G4.js:22
A @ main-CBrKO3G4.js:22
v @ main-CBrKO3G4.js:22
N @ main-CBrKO3G4.js:22
Y @ main-CBrKO3G4.js:22
v @ main-CBrKO3G4.js:22
N @ main-CBrKO3G4.js:22
T @ main-CBrKO3G4.js:22
A @ main-CBrKO3G4.js:22
v @ main-CBrKO3G4.js:22
G @ main-CBrKO3G4.js:22
run @ main-CBrKO3G4.js:16
fe @ main-CBrKO3G4.js:22
ze @ main-CBrKO3G4.js:22
re @ main-CBrKO3G4.js:22
v @ main-CBrKO3G4.js:22
G @ main-CBrKO3G4.js:22
run @ main-CBrKO3G4.js:16
fe @ main-CBrKO3G4.js:22
ze @ main-CBrKO3G4.js:22
re @ main-CBrKO3G4.js:22
v @ main-CBrKO3G4.js:22
G @ main-CBrKO3G4.js:22
run @ main-CBrKO3G4.js:16
runIfDirty @ main-CBrKO3G4.js:16
uc @ main-CBrKO3G4.js:20
JA @ main-CBrKO3G4.js:20
 [intlify] Not found 'dashboard.create_customer_desc' key in 'mk' locale messages.
Id @ main-CBrKO3G4.js:72
lg @ main-CBrKO3G4.js:75
YC @ main-CBrKO3G4.js:75
PK @ main-CBrKO3G4.js:75
(anonymous) @ main-CBrKO3G4.js:105
La @ main-CBrKO3G4.js:105
Uo @ main-CBrKO3G4.js:105
(anonymous) @ Dashboard-bz5Pxm5_.js:1
n @ main-CBrKO3G4.js:20
(anonymous) @ main-CBrKO3G4.js:38
pf @ main-CBrKO3G4.js:22
G @ main-CBrKO3G4.js:22
run @ main-CBrKO3G4.js:16
fe @ main-CBrKO3G4.js:22
ze @ main-CBrKO3G4.js:22
re @ main-CBrKO3G4.js:22
v @ main-CBrKO3G4.js:22
N @ main-CBrKO3G4.js:22
T @ main-CBrKO3G4.js:22
A @ main-CBrKO3G4.js:22
v @ main-CBrKO3G4.js:22
N @ main-CBrKO3G4.js:22
Y @ main-CBrKO3G4.js:22
v @ main-CBrKO3G4.js:22
N @ main-CBrKO3G4.js:22
T @ main-CBrKO3G4.js:22
A @ main-CBrKO3G4.js:22
v @ main-CBrKO3G4.js:22
N @ main-CBrKO3G4.js:22
T @ main-CBrKO3G4.js:22
A @ main-CBrKO3G4.js:22
v @ main-CBrKO3G4.js:22
G @ main-CBrKO3G4.js:22
run @ main-CBrKO3G4.js:16
fe @ main-CBrKO3G4.js:22
ze @ main-CBrKO3G4.js:22
re @ main-CBrKO3G4.js:22
v @ main-CBrKO3G4.js:22
G @ main-CBrKO3G4.js:22
run @ main-CBrKO3G4.js:16
fe @ main-CBrKO3G4.js:22
ze @ main-CBrKO3G4.js:22
re @ main-CBrKO3G4.js:22
v @ main-CBrKO3G4.js:22
N @ main-CBrKO3G4.js:22
T @ main-CBrKO3G4.js:22
A @ main-CBrKO3G4.js:22
v @ main-CBrKO3G4.js:22
N @ main-CBrKO3G4.js:22
Y @ main-CBrKO3G4.js:22
v @ main-CBrKO3G4.js:22
N @ main-CBrKO3G4.js:22
T @ main-CBrKO3G4.js:22
A @ main-CBrKO3G4.js:22
v @ main-CBrKO3G4.js:22
G @ main-CBrKO3G4.js:22
run @ main-CBrKO3G4.js:16
fe @ main-CBrKO3G4.js:22
ze @ main-CBrKO3G4.js:22
re @ main-CBrKO3G4.js:22
v @ main-CBrKO3G4.js:22
G @ main-CBrKO3G4.js:22
run @ main-CBrKO3G4.js:16
fe @ main-CBrKO3G4.js:22
ze @ main-CBrKO3G4.js:22
re @ main-CBrKO3G4.js:22
v @ main-CBrKO3G4.js:22
G @ main-CBrKO3G4.js:22
run @ main-CBrKO3G4.js:16
runIfDirty @ main-CBrKO3G4.js:16
uc @ main-CBrKO3G4.js:20
JA @ main-CBrKO3G4.js:20
 [intlify] Fall back to translate 'dashboard.create_customer_desc' key with 'en' locale.
Id @ main-CBrKO3G4.js:72
YC @ main-CBrKO3G4.js:75
PK @ main-CBrKO3G4.js:75
(anonymous) @ main-CBrKO3G4.js:105
La @ main-CBrKO3G4.js:105
Uo @ main-CBrKO3G4.js:105
(anonymous) @ Dashboard-bz5Pxm5_.js:1
n @ main-CBrKO3G4.js:20
(anonymous) @ main-CBrKO3G4.js:38
pf @ main-CBrKO3G4.js:22
G @ main-CBrKO3G4.js:22
run @ main-CBrKO3G4.js:16
fe @ main-CBrKO3G4.js:22
ze @ main-CBrKO3G4.js:22
re @ main-CBrKO3G4.js:22
v @ main-CBrKO3G4.js:22
N @ main-CBrKO3G4.js:22
T @ main-CBrKO3G4.js:22
A @ main-CBrKO3G4.js:22
v @ main-CBrKO3G4.js:22
N @ main-CBrKO3G4.js:22
Y @ main-CBrKO3G4.js:22
v @ main-CBrKO3G4.js:22
N @ main-CBrKO3G4.js:22
T @ main-CBrKO3G4.js:22
A @ main-CBrKO3G4.js:22
v @ main-CBrKO3G4.js:22
N @ main-CBrKO3G4.js:22
T @ main-CBrKO3G4.js:22
A @ main-CBrKO3G4.js:22
v @ main-CBrKO3G4.js:22
G @ main-CBrKO3G4.js:22
run @ main-CBrKO3G4.js:16
fe @ main-CBrKO3G4.js:22
ze @ main-CBrKO3G4.js:22
re @ main-CBrKO3G4.js:22
v @ main-CBrKO3G4.js:22
G @ main-CBrKO3G4.js:22
run @ main-CBrKO3G4.js:16
fe @ main-CBrKO3G4.js:22
ze @ main-CBrKO3G4.js:22
re @ main-CBrKO3G4.js:22
v @ main-CBrKO3G4.js:22
N @ main-CBrKO3G4.js:22
T @ main-CBrKO3G4.js:22
A @ main-CBrKO3G4.js:22
v @ main-CBrKO3G4.js:22
N @ main-CBrKO3G4.js:22
Y @ main-CBrKO3G4.js:22
v @ main-CBrKO3G4.js:22
N @ main-CBrKO3G4.js:22
T @ main-CBrKO3G4.js:22
A @ main-CBrKO3G4.js:22
v @ main-CBrKO3G4.js:22
G @ main-CBrKO3G4.js:22
run @ main-CBrKO3G4.js:16
fe @ main-CBrKO3G4.js:22
ze @ main-CBrKO3G4.js:22
re @ main-CBrKO3G4.js:22
v @ main-CBrKO3G4.js:22
G @ main-CBrKO3G4.js:22
run @ main-CBrKO3G4.js:16
fe @ main-CBrKO3G4.js:22
ze @ main-CBrKO3G4.js:22
re @ main-CBrKO3G4.js:22
v @ main-CBrKO3G4.js:22
G @ main-CBrKO3G4.js:22
run @ main-CBrKO3G4.js:16
runIfDirty @ main-CBrKO3G4.js:16
uc @ main-CBrKO3G4.js:20
JA @ main-CBrKO3G4.js:20
 [intlify] Not found 'dashboard.create_customer_desc' key in 'en' locale messages.
Id @ main-CBrKO3G4.js:72
lg @ main-CBrKO3G4.js:75
YC @ main-CBrKO3G4.js:75
PK @ main-CBrKO3G4.js:75
(anonymous) @ main-CBrKO3G4.js:105
La @ main-CBrKO3G4.js:105
Uo @ main-CBrKO3G4.js:105
(anonymous) @ Dashboard-bz5Pxm5_.js:1
n @ main-CBrKO3G4.js:20
(anonymous) @ main-CBrKO3G4.js:38
pf @ main-CBrKO3G4.js:22
G @ main-CBrKO3G4.js:22
run @ main-CBrKO3G4.js:16
fe @ main-CBrKO3G4.js:22
ze @ main-CBrKO3G4.js:22
re @ main-CBrKO3G4.js:22
v @ main-CBrKO3G4.js:22
N @ main-CBrKO3G4.js:22
T @ main-CBrKO3G4.js:22
A @ main-CBrKO3G4.js:22
v @ main-CBrKO3G4.js:22
N @ main-CBrKO3G4.js:22
Y @ main-CBrKO3G4.js:22
v @ main-CBrKO3G4.js:22
N @ main-CBrKO3G4.js:22
T @ main-CBrKO3G4.js:22
A @ main-CBrKO3G4.js:22
v @ main-CBrKO3G4.js:22
N @ main-CBrKO3G4.js:22
T @ main-CBrKO3G4.js:22
A @ main-CBrKO3G4.js:22
v @ main-CBrKO3G4.js:22
G @ main-CBrKO3G4.js:22
run @ main-CBrKO3G4.js:16
fe @ main-CBrKO3G4.js:22
ze @ main-CBrKO3G4.js:22
re @ main-CBrKO3G4.js:22
v @ main-CBrKO3G4.js:22
G @ main-CBrKO3G4.js:22
run @ main-CBrKO3G4.js:16
fe @ main-CBrKO3G4.js:22
ze @ main-CBrKO3G4.js:22
re @ main-CBrKO3G4.js:22
v @ main-CBrKO3G4.js:22
N @ main-CBrKO3G4.js:22
T @ main-CBrKO3G4.js:22
A @ main-CBrKO3G4.js:22
v @ main-CBrKO3G4.js:22
N @ main-CBrKO3G4.js:22
Y @ main-CBrKO3G4.js:22
v @ main-CBrKO3G4.js:22
N @ main-CBrKO3G4.js:22
T @ main-CBrKO3G4.js:22
A @ main-CBrKO3G4.js:22
v @ main-CBrKO3G4.js:22
G @ main-CBrKO3G4.js:22
run @ main-CBrKO3G4.js:16
fe @ main-CBrKO3G4.js:22
ze @ main-CBrKO3G4.js:22
re @ main-CBrKO3G4.js:22
v @ main-CBrKO3G4.js:22
G @ main-CBrKO3G4.js:22
run @ main-CBrKO3G4.js:16
fe @ main-CBrKO3G4.js:22
ze @ main-CBrKO3G4.js:22
re @ main-CBrKO3G4.js:22
v @ main-CBrKO3G4.js:22
G @ main-CBrKO3G4.js:22
run @ main-CBrKO3G4.js:16
runIfDirty @ main-CBrKO3G4.js:16
uc @ main-CBrKO3G4.js:20
JA @ main-CBrKO3G4.js:20
 [intlify] Not found 'imports.import_data' key in 'mk' locale messages.
Id @ main-CBrKO3G4.js:72
lg @ main-CBrKO3G4.js:75
YC @ main-CBrKO3G4.js:75
PK @ main-CBrKO3G4.js:75
(anonymous) @ main-CBrKO3G4.js:105
La @ main-CBrKO3G4.js:105
Uo @ main-CBrKO3G4.js:105
(anonymous) @ Dashboard-bz5Pxm5_.js:1
n @ main-CBrKO3G4.js:20
(anonymous) @ main-CBrKO3G4.js:38
pf @ main-CBrKO3G4.js:22
G @ main-CBrKO3G4.js:22
run @ main-CBrKO3G4.js:16
fe @ main-CBrKO3G4.js:22
ze @ main-CBrKO3G4.js:22
re @ main-CBrKO3G4.js:22
v @ main-CBrKO3G4.js:22
N @ main-CBrKO3G4.js:22
T @ main-CBrKO3G4.js:22
A @ main-CBrKO3G4.js:22
v @ main-CBrKO3G4.js:22
N @ main-CBrKO3G4.js:22
Y @ main-CBrKO3G4.js:22
v @ main-CBrKO3G4.js:22
N @ main-CBrKO3G4.js:22
T @ main-CBrKO3G4.js:22
A @ main-CBrKO3G4.js:22
v @ main-CBrKO3G4.js:22
N @ main-CBrKO3G4.js:22
T @ main-CBrKO3G4.js:22
A @ main-CBrKO3G4.js:22
v @ main-CBrKO3G4.js:22
G @ main-CBrKO3G4.js:22
run @ main-CBrKO3G4.js:16
fe @ main-CBrKO3G4.js:22
ze @ main-CBrKO3G4.js:22
re @ main-CBrKO3G4.js:22
v @ main-CBrKO3G4.js:22
G @ main-CBrKO3G4.js:22
run @ main-CBrKO3G4.js:16
fe @ main-CBrKO3G4.js:22
ze @ main-CBrKO3G4.js:22
re @ main-CBrKO3G4.js:22
v @ main-CBrKO3G4.js:22
N @ main-CBrKO3G4.js:22
T @ main-CBrKO3G4.js:22
A @ main-CBrKO3G4.js:22
v @ main-CBrKO3G4.js:22
N @ main-CBrKO3G4.js:22
Y @ main-CBrKO3G4.js:22
v @ main-CBrKO3G4.js:22
N @ main-CBrKO3G4.js:22
T @ main-CBrKO3G4.js:22
A @ main-CBrKO3G4.js:22
v @ main-CBrKO3G4.js:22
G @ main-CBrKO3G4.js:22
run @ main-CBrKO3G4.js:16
fe @ main-CBrKO3G4.js:22
ze @ main-CBrKO3G4.js:22
re @ main-CBrKO3G4.js:22
v @ main-CBrKO3G4.js:22
G @ main-CBrKO3G4.js:22
run @ main-CBrKO3G4.js:16
fe @ main-CBrKO3G4.js:22
ze @ main-CBrKO3G4.js:22
re @ main-CBrKO3G4.js:22
v @ main-CBrKO3G4.js:22
G @ main-CBrKO3G4.js:22
run @ main-CBrKO3G4.js:16
runIfDirty @ main-CBrKO3G4.js:16
uc @ main-CBrKO3G4.js:20
JA @ main-CBrKO3G4.js:20
 [intlify] Fall back to translate 'imports.import_data' key with 'en' locale.
Id @ main-CBrKO3G4.js:72
YC @ main-CBrKO3G4.js:75
PK @ main-CBrKO3G4.js:75
(anonymous) @ main-CBrKO3G4.js:105
La @ main-CBrKO3G4.js:105
Uo @ main-CBrKO3G4.js:105
(anonymous) @ Dashboard-bz5Pxm5_.js:1
n @ main-CBrKO3G4.js:20
(anonymous) @ main-CBrKO3G4.js:38
pf @ main-CBrKO3G4.js:22
G @ main-CBrKO3G4.js:22
run @ main-CBrKO3G4.js:16
fe @ main-CBrKO3G4.js:22
ze @ main-CBrKO3G4.js:22
re @ main-CBrKO3G4.js:22
v @ main-CBrKO3G4.js:22
N @ main-CBrKO3G4.js:22
T @ main-CBrKO3G4.js:22
A @ main-CBrKO3G4.js:22
v @ main-CBrKO3G4.js:22
N @ main-CBrKO3G4.js:22
Y @ main-CBrKO3G4.js:22
v @ main-CBrKO3G4.js:22
N @ main-CBrKO3G4.js:22
T @ main-CBrKO3G4.js:22
A @ main-CBrKO3G4.js:22
v @ main-CBrKO3G4.js:22
N @ main-CBrKO3G4.js:22
T @ main-CBrKO3G4.js:22
A @ main-CBrKO3G4.js:22
v @ main-CBrKO3G4.js:22
G @ main-CBrKO3G4.js:22
run @ main-CBrKO3G4.js:16
fe @ main-CBrKO3G4.js:22
ze @ main-CBrKO3G4.js:22
re @ main-CBrKO3G4.js:22
v @ main-CBrKO3G4.js:22
G @ main-CBrKO3G4.js:22
run @ main-CBrKO3G4.js:16
fe @ main-CBrKO3G4.js:22
ze @ main-CBrKO3G4.js:22
re @ main-CBrKO3G4.js:22
v @ main-CBrKO3G4.js:22
N @ main-CBrKO3G4.js:22
T @ main-CBrKO3G4.js:22
A @ main-CBrKO3G4.js:22
v @ main-CBrKO3G4.js:22
N @ main-CBrKO3G4.js:22
Y @ main-CBrKO3G4.js:22
v @ main-CBrKO3G4.js:22
N @ main-CBrKO3G4.js:22
T @ main-CBrKO3G4.js:22
A @ main-CBrKO3G4.js:22
v @ main-CBrKO3G4.js:22
G @ main-CBrKO3G4.js:22
run @ main-CBrKO3G4.js:16
fe @ main-CBrKO3G4.js:22
ze @ main-CBrKO3G4.js:22
re @ main-CBrKO3G4.js:22
v @ main-CBrKO3G4.js:22
G @ main-CBrKO3G4.js:22
run @ main-CBrKO3G4.js:16
fe @ main-CBrKO3G4.js:22
ze @ main-CBrKO3G4.js:22
re @ main-CBrKO3G4.js:22
v @ main-CBrKO3G4.js:22
G @ main-CBrKO3G4.js:22
run @ main-CBrKO3G4.js:16
runIfDirty @ main-CBrKO3G4.js:16
uc @ main-CBrKO3G4.js:20
JA @ main-CBrKO3G4.js:20
 [intlify] Not found 'imports.import_data' key in 'en' locale messages.
Id @ main-CBrKO3G4.js:72
lg @ main-CBrKO3G4.js:75
YC @ main-CBrKO3G4.js:75
PK @ main-CBrKO3G4.js:75
(anonymous) @ main-CBrKO3G4.js:105
La @ main-CBrKO3G4.js:105
Uo @ main-CBrKO3G4.js:105
(anonymous) @ Dashboard-bz5Pxm5_.js:1
n @ main-CBrKO3G4.js:20
(anonymous) @ main-CBrKO3G4.js:38
pf @ main-CBrKO3G4.js:22
G @ main-CBrKO3G4.js:22
run @ main-CBrKO3G4.js:16
fe @ main-CBrKO3G4.js:22
ze @ main-CBrKO3G4.js:22
re @ main-CBrKO3G4.js:22
v @ main-CBrKO3G4.js:22
N @ main-CBrKO3G4.js:22
T @ main-CBrKO3G4.js:22
A @ main-CBrKO3G4.js:22
v @ main-CBrKO3G4.js:22
N @ main-CBrKO3G4.js:22
Y @ main-CBrKO3G4.js:22
v @ main-CBrKO3G4.js:22
N @ main-CBrKO3G4.js:22
T @ main-CBrKO3G4.js:22
A @ main-CBrKO3G4.js:22
v @ main-CBrKO3G4.js:22
N @ main-CBrKO3G4.js:22
T @ main-CBrKO3G4.js:22
A @ main-CBrKO3G4.js:22
v @ main-CBrKO3G4.js:22
G @ main-CBrKO3G4.js:22
run @ main-CBrKO3G4.js:16
fe @ main-CBrKO3G4.js:22
ze @ main-CBrKO3G4.js:22
re @ main-CBrKO3G4.js:22
v @ main-CBrKO3G4.js:22
G @ main-CBrKO3G4.js:22
run @ main-CBrKO3G4.js:16
fe @ main-CBrKO3G4.js:22
ze @ main-CBrKO3G4.js:22
re @ main-CBrKO3G4.js:22
v @ main-CBrKO3G4.js:22
N @ main-CBrKO3G4.js:22
T @ main-CBrKO3G4.js:22
A @ main-CBrKO3G4.js:22
v @ main-CBrKO3G4.js:22
N @ main-CBrKO3G4.js:22
Y @ main-CBrKO3G4.js:22
v @ main-CBrKO3G4.js:22
N @ main-CBrKO3G4.js:22
T @ main-CBrKO3G4.js:22
A @ main-CBrKO3G4.js:22
v @ main-CBrKO3G4.js:22
G @ main-CBrKO3G4.js:22
run @ main-CBrKO3G4.js:16
fe @ main-CBrKO3G4.js:22
ze @ main-CBrKO3G4.js:22
re @ main-CBrKO3G4.js:22
v @ main-CBrKO3G4.js:22
G @ main-CBrKO3G4.js:22
run @ main-CBrKO3G4.js:16
fe @ main-CBrKO3G4.js:22
ze @ main-CBrKO3G4.js:22
re @ main-CBrKO3G4.js:22
v @ main-CBrKO3G4.js:22
G @ main-CBrKO3G4.js:22
run @ main-CBrKO3G4.js:16
runIfDirty @ main-CBrKO3G4.js:16
uc @ main-CBrKO3G4.js:20
JA @ main-CBrKO3G4.js:20
 [intlify] Not found 'dashboard.import_data_desc' key in 'mk' locale messages.
Id @ main-CBrKO3G4.js:72
lg @ main-CBrKO3G4.js:75
YC @ main-CBrKO3G4.js:75
PK @ main-CBrKO3G4.js:75
(anonymous) @ main-CBrKO3G4.js:105
La @ main-CBrKO3G4.js:105
Uo @ main-CBrKO3G4.js:105
(anonymous) @ Dashboard-bz5Pxm5_.js:1
n @ main-CBrKO3G4.js:20
(anonymous) @ main-CBrKO3G4.js:38
pf @ main-CBrKO3G4.js:22
G @ main-CBrKO3G4.js:22
run @ main-CBrKO3G4.js:16
fe @ main-CBrKO3G4.js:22
ze @ main-CBrKO3G4.js:22
re @ main-CBrKO3G4.js:22
v @ main-CBrKO3G4.js:22
N @ main-CBrKO3G4.js:22
T @ main-CBrKO3G4.js:22
A @ main-CBrKO3G4.js:22
v @ main-CBrKO3G4.js:22
N @ main-CBrKO3G4.js:22
Y @ main-CBrKO3G4.js:22
v @ main-CBrKO3G4.js:22
N @ main-CBrKO3G4.js:22
T @ main-CBrKO3G4.js:22
A @ main-CBrKO3G4.js:22
v @ main-CBrKO3G4.js:22
N @ main-CBrKO3G4.js:22
T @ main-CBrKO3G4.js:22
A @ main-CBrKO3G4.js:22
v @ main-CBrKO3G4.js:22
G @ main-CBrKO3G4.js:22
run @ main-CBrKO3G4.js:16
fe @ main-CBrKO3G4.js:22
ze @ main-CBrKO3G4.js:22
re @ main-CBrKO3G4.js:22
v @ main-CBrKO3G4.js:22
G @ main-CBrKO3G4.js:22
run @ main-CBrKO3G4.js:16
fe @ main-CBrKO3G4.js:22
ze @ main-CBrKO3G4.js:22
re @ main-CBrKO3G4.js:22
v @ main-CBrKO3G4.js:22
N @ main-CBrKO3G4.js:22
T @ main-CBrKO3G4.js:22
A @ main-CBrKO3G4.js:22
v @ main-CBrKO3G4.js:22
N @ main-CBrKO3G4.js:22
Y @ main-CBrKO3G4.js:22
v @ main-CBrKO3G4.js:22
N @ main-CBrKO3G4.js:22
T @ main-CBrKO3G4.js:22
A @ main-CBrKO3G4.js:22
v @ main-CBrKO3G4.js:22
G @ main-CBrKO3G4.js:22
run @ main-CBrKO3G4.js:16
fe @ main-CBrKO3G4.js:22
ze @ main-CBrKO3G4.js:22
re @ main-CBrKO3G4.js:22
v @ main-CBrKO3G4.js:22
G @ main-CBrKO3G4.js:22
run @ main-CBrKO3G4.js:16
fe @ main-CBrKO3G4.js:22
ze @ main-CBrKO3G4.js:22
re @ main-CBrKO3G4.js:22
v @ main-CBrKO3G4.js:22
G @ main-CBrKO3G4.js:22
run @ main-CBrKO3G4.js:16
runIfDirty @ main-CBrKO3G4.js:16
uc @ main-CBrKO3G4.js:20
JA @ main-CBrKO3G4.js:20
 [intlify] Fall back to translate 'dashboard.import_data_desc' key with 'en' locale.
Id @ main-CBrKO3G4.js:72
YC @ main-CBrKO3G4.js:75
PK @ main-CBrKO3G4.js:75
(anonymous) @ main-CBrKO3G4.js:105
La @ main-CBrKO3G4.js:105
Uo @ main-CBrKO3G4.js:105
(anonymous) @ Dashboard-bz5Pxm5_.js:1
n @ main-CBrKO3G4.js:20
(anonymous) @ main-CBrKO3G4.js:38
pf @ main-CBrKO3G4.js:22
G @ main-CBrKO3G4.js:22
run @ main-CBrKO3G4.js:16
fe @ main-CBrKO3G4.js:22
ze @ main-CBrKO3G4.js:22
re @ main-CBrKO3G4.js:22
v @ main-CBrKO3G4.js:22
N @ main-CBrKO3G4.js:22
T @ main-CBrKO3G4.js:22
A @ main-CBrKO3G4.js:22
v @ main-CBrKO3G4.js:22
N @ main-CBrKO3G4.js:22
Y @ main-CBrKO3G4.js:22
v @ main-CBrKO3G4.js:22
N @ main-CBrKO3G4.js:22
T @ main-CBrKO3G4.js:22
A @ main-CBrKO3G4.js:22
v @ main-CBrKO3G4.js:22
N @ main-CBrKO3G4.js:22
T @ main-CBrKO3G4.js:22
A @ main-CBrKO3G4.js:22
v @ main-CBrKO3G4.js:22
G @ main-CBrKO3G4.js:22
run @ main-CBrKO3G4.js:16
fe @ main-CBrKO3G4.js:22
ze @ main-CBrKO3G4.js:22
re @ main-CBrKO3G4.js:22
v @ main-CBrKO3G4.js:22
G @ main-CBrKO3G4.js:22
run @ main-CBrKO3G4.js:16
fe @ main-CBrKO3G4.js:22
ze @ main-CBrKO3G4.js:22
re @ main-CBrKO3G4.js:22
v @ main-CBrKO3G4.js:22
N @ main-CBrKO3G4.js:22
T @ main-CBrKO3G4.js:22
A @ main-CBrKO3G4.js:22
v @ main-CBrKO3G4.js:22
N @ main-CBrKO3G4.js:22
Y @ main-CBrKO3G4.js:22
v @ main-CBrKO3G4.js:22
N @ main-CBrKO3G4.js:22
T @ main-CBrKO3G4.js:22
A @ main-CBrKO3G4.js:22
v @ main-CBrKO3G4.js:22
G @ main-CBrKO3G4.js:22
run @ main-CBrKO3G4.js:16
fe @ main-CBrKO3G4.js:22
ze @ main-CBrKO3G4.js:22
re @ main-CBrKO3G4.js:22
v @ main-CBrKO3G4.js:22
G @ main-CBrKO3G4.js:22
run @ main-CBrKO3G4.js:16
fe @ main-CBrKO3G4.js:22
ze @ main-CBrKO3G4.js:22
re @ main-CBrKO3G4.js:22
v @ main-CBrKO3G4.js:22
G @ main-CBrKO3G4.js:22
run @ main-CBrKO3G4.js:16
runIfDirty @ main-CBrKO3G4.js:16
uc @ main-CBrKO3G4.js:20
JA @ main-CBrKO3G4.js:20
 [intlify] Not found 'dashboard.import_data_desc' key in 'en' locale messages.
Id @ main-CBrKO3G4.js:72
lg @ main-CBrKO3G4.js:75
YC @ main-CBrKO3G4.js:75
PK @ main-CBrKO3G4.js:75
(anonymous) @ main-CBrKO3G4.js:105
La @ main-CBrKO3G4.js:105
Uo @ main-CBrKO3G4.js:105
(anonymous) @ Dashboard-bz5Pxm5_.js:1
n @ main-CBrKO3G4.js:20
(anonymous) @ main-CBrKO3G4.js:38
pf @ main-CBrKO3G4.js:22
G @ main-CBrKO3G4.js:22
run @ main-CBrKO3G4.js:16
fe @ main-CBrKO3G4.js:22
ze @ main-CBrKO3G4.js:22
re @ main-CBrKO3G4.js:22
v @ main-CBrKO3G4.js:22
N @ main-CBrKO3G4.js:22
T @ main-CBrKO3G4.js:22
A @ main-CBrKO3G4.js:22
v @ main-CBrKO3G4.js:22
N @ main-CBrKO3G4.js:22
Y @ main-CBrKO3G4.js:22
v @ main-CBrKO3G4.js:22
N @ main-CBrKO3G4.js:22
T @ main-CBrKO3G4.js:22
A @ main-CBrKO3G4.js:22
v @ main-CBrKO3G4.js:22
N @ main-CBrKO3G4.js:22
T @ main-CBrKO3G4.js:22
A @ main-CBrKO3G4.js:22
v @ main-CBrKO3G4.js:22
G @ main-CBrKO3G4.js:22
run @ main-CBrKO3G4.js:16
fe @ main-CBrKO3G4.js:22
ze @ main-CBrKO3G4.js:22
re @ main-CBrKO3G4.js:22
v @ main-CBrKO3G4.js:22
G @ main-CBrKO3G4.js:22
run @ main-CBrKO3G4.js:16
fe @ main-CBrKO3G4.js:22
ze @ main-CBrKO3G4.js:22
re @ main-CBrKO3G4.js:22
v @ main-CBrKO3G4.js:22
N @ main-CBrKO3G4.js:22
T @ main-CBrKO3G4.js:22
A @ main-CBrKO3G4.js:22
v @ main-CBrKO3G4.js:22
N @ main-CBrKO3G4.js:22
Y @ main-CBrKO3G4.js:22
v @ main-CBrKO3G4.js:22
N @ main-CBrKO3G4.js:22
T @ main-CBrKO3G4.js:22
A @ main-CBrKO3G4.js:22
v @ main-CBrKO3G4.js:22
G @ main-CBrKO3G4.js:22
run @ main-CBrKO3G4.js:16
fe @ main-CBrKO3G4.js:22
ze @ main-CBrKO3G4.js:22
re @ main-CBrKO3G4.js:22
v @ main-CBrKO3G4.js:22
G @ main-CBrKO3G4.js:22
run @ main-CBrKO3G4.js:16
fe @ main-CBrKO3G4.js:22
ze @ main-CBrKO3G4.js:22
re @ main-CBrKO3G4.js:22
v @ main-CBrKO3G4.js:22
G @ main-CBrKO3G4.js:22
run @ main-CBrKO3G4.js:16
runIfDirty @ main-CBrKO3G4.js:16
uc @ main-CBrKO3G4.js:20
JA @ main-CBrKO3G4.js:20
 [intlify] Not found 'reports.reports' key in 'mk' locale messages.
Id @ main-CBrKO3G4.js:72
lg @ main-CBrKO3G4.js:75
YC @ main-CBrKO3G4.js:75
PK @ main-CBrKO3G4.js:75
(anonymous) @ main-CBrKO3G4.js:105
La @ main-CBrKO3G4.js:105
Uo @ main-CBrKO3G4.js:105
(anonymous) @ Dashboard-bz5Pxm5_.js:1
n @ main-CBrKO3G4.js:20
(anonymous) @ main-CBrKO3G4.js:38
pf @ main-CBrKO3G4.js:22
G @ main-CBrKO3G4.js:22
run @ main-CBrKO3G4.js:16
fe @ main-CBrKO3G4.js:22
ze @ main-CBrKO3G4.js:22
re @ main-CBrKO3G4.js:22
v @ main-CBrKO3G4.js:22
N @ main-CBrKO3G4.js:22
T @ main-CBrKO3G4.js:22
A @ main-CBrKO3G4.js:22
v @ main-CBrKO3G4.js:22
N @ main-CBrKO3G4.js:22
Y @ main-CBrKO3G4.js:22
v @ main-CBrKO3G4.js:22
N @ main-CBrKO3G4.js:22
T @ main-CBrKO3G4.js:22
A @ main-CBrKO3G4.js:22
v @ main-CBrKO3G4.js:22
N @ main-CBrKO3G4.js:22
T @ main-CBrKO3G4.js:22
A @ main-CBrKO3G4.js:22
v @ main-CBrKO3G4.js:22
G @ main-CBrKO3G4.js:22
run @ main-CBrKO3G4.js:16
fe @ main-CBrKO3G4.js:22
ze @ main-CBrKO3G4.js:22
re @ main-CBrKO3G4.js:22
v @ main-CBrKO3G4.js:22
G @ main-CBrKO3G4.js:22
run @ main-CBrKO3G4.js:16
fe @ main-CBrKO3G4.js:22
ze @ main-CBrKO3G4.js:22
re @ main-CBrKO3G4.js:22
v @ main-CBrKO3G4.js:22
N @ main-CBrKO3G4.js:22
T @ main-CBrKO3G4.js:22
A @ main-CBrKO3G4.js:22
v @ main-CBrKO3G4.js:22
N @ main-CBrKO3G4.js:22
Y @ main-CBrKO3G4.js:22
v @ main-CBrKO3G4.js:22
N @ main-CBrKO3G4.js:22
T @ main-CBrKO3G4.js:22
A @ main-CBrKO3G4.js:22
v @ main-CBrKO3G4.js:22
G @ main-CBrKO3G4.js:22
run @ main-CBrKO3G4.js:16
fe @ main-CBrKO3G4.js:22
ze @ main-CBrKO3G4.js:22
re @ main-CBrKO3G4.js:22
v @ main-CBrKO3G4.js:22
G @ main-CBrKO3G4.js:22
run @ main-CBrKO3G4.js:16
fe @ main-CBrKO3G4.js:22
ze @ main-CBrKO3G4.js:22
re @ main-CBrKO3G4.js:22
v @ main-CBrKO3G4.js:22
G @ main-CBrKO3G4.js:22
run @ main-CBrKO3G4.js:16
runIfDirty @ main-CBrKO3G4.js:16
uc @ main-CBrKO3G4.js:20
JA @ main-CBrKO3G4.js:20
 [intlify] Fall back to translate 'reports.reports' key with 'en' locale.
Id @ main-CBrKO3G4.js:72
YC @ main-CBrKO3G4.js:75
PK @ main-CBrKO3G4.js:75
(anonymous) @ main-CBrKO3G4.js:105
La @ main-CBrKO3G4.js:105
Uo @ main-CBrKO3G4.js:105
(anonymous) @ Dashboard-bz5Pxm5_.js:1
n @ main-CBrKO3G4.js:20
(anonymous) @ main-CBrKO3G4.js:38
pf @ main-CBrKO3G4.js:22
G @ main-CBrKO3G4.js:22
run @ main-CBrKO3G4.js:16
fe @ main-CBrKO3G4.js:22
ze @ main-CBrKO3G4.js:22
re @ main-CBrKO3G4.js:22
v @ main-CBrKO3G4.js:22
N @ main-CBrKO3G4.js:22
T @ main-CBrKO3G4.js:22
A @ main-CBrKO3G4.js:22
v @ main-CBrKO3G4.js:22
N @ main-CBrKO3G4.js:22
Y @ main-CBrKO3G4.js:22
v @ main-CBrKO3G4.js:22
N @ main-CBrKO3G4.js:22
T @ main-CBrKO3G4.js:22
A @ main-CBrKO3G4.js:22
v @ main-CBrKO3G4.js:22
N @ main-CBrKO3G4.js:22
T @ main-CBrKO3G4.js:22
A @ main-CBrKO3G4.js:22
v @ main-CBrKO3G4.js:22
G @ main-CBrKO3G4.js:22
run @ main-CBrKO3G4.js:16
fe @ main-CBrKO3G4.js:22
ze @ main-CBrKO3G4.js:22
re @ main-CBrKO3G4.js:22
v @ main-CBrKO3G4.js:22
G @ main-CBrKO3G4.js:22
run @ main-CBrKO3G4.js:16
fe @ main-CBrKO3G4.js:22
ze @ main-CBrKO3G4.js:22
re @ main-CBrKO3G4.js:22
v @ main-CBrKO3G4.js:22
N @ main-CBrKO3G4.js:22
T @ main-CBrKO3G4.js:22
A @ main-CBrKO3G4.js:22
v @ main-CBrKO3G4.js:22
N @ main-CBrKO3G4.js:22
Y @ main-CBrKO3G4.js:22
v @ main-CBrKO3G4.js:22
N @ main-CBrKO3G4.js:22
T @ main-CBrKO3G4.js:22
A @ main-CBrKO3G4.js:22
v @ main-CBrKO3G4.js:22
G @ main-CBrKO3G4.js:22
run @ main-CBrKO3G4.js:16
fe @ main-CBrKO3G4.js:22
ze @ main-CBrKO3G4.js:22
re @ main-CBrKO3G4.js:22
v @ main-CBrKO3G4.js:22
G @ main-CBrKO3G4.js:22
run @ main-CBrKO3G4.js:16
fe @ main-CBrKO3G4.js:22
ze @ main-CBrKO3G4.js:22
re @ main-CBrKO3G4.js:22
v @ main-CBrKO3G4.js:22
G @ main-CBrKO3G4.js:22
run @ main-CBrKO3G4.js:16
runIfDirty @ main-CBrKO3G4.js:16
uc @ main-CBrKO3G4.js:20
JA @ main-CBrKO3G4.js:20
 [intlify] Not found 'reports.reports' key in 'en' locale messages.
Id @ main-CBrKO3G4.js:72
lg @ main-CBrKO3G4.js:75
YC @ main-CBrKO3G4.js:75
PK @ main-CBrKO3G4.js:75
(anonymous) @ main-CBrKO3G4.js:105
La @ main-CBrKO3G4.js:105
Uo @ main-CBrKO3G4.js:105
(anonymous) @ Dashboard-bz5Pxm5_.js:1
n @ main-CBrKO3G4.js:20
(anonymous) @ main-CBrKO3G4.js:38
pf @ main-CBrKO3G4.js:22
G @ main-CBrKO3G4.js:22
run @ main-CBrKO3G4.js:16
fe @ main-CBrKO3G4.js:22
ze @ main-CBrKO3G4.js:22
re @ main-CBrKO3G4.js:22
v @ main-CBrKO3G4.js:22
N @ main-CBrKO3G4.js:22
T @ main-CBrKO3G4.js:22
A @ main-CBrKO3G4.js:22
v @ main-CBrKO3G4.js:22
N @ main-CBrKO3G4.js:22
Y @ main-CBrKO3G4.js:22
v @ main-CBrKO3G4.js:22
N @ main-CBrKO3G4.js:22
T @ main-CBrKO3G4.js:22
A @ main-CBrKO3G4.js:22
v @ main-CBrKO3G4.js:22
N @ main-CBrKO3G4.js:22
T @ main-CBrKO3G4.js:22
A @ main-CBrKO3G4.js:22
v @ main-CBrKO3G4.js:22
G @ main-CBrKO3G4.js:22
run @ main-CBrKO3G4.js:16
fe @ main-CBrKO3G4.js:22
ze @ main-CBrKO3G4.js:22
re @ main-CBrKO3G4.js:22
v @ main-CBrKO3G4.js:22
G @ main-CBrKO3G4.js:22
run @ main-CBrKO3G4.js:16
fe @ main-CBrKO3G4.js:22
ze @ main-CBrKO3G4.js:22
re @ main-CBrKO3G4.js:22
v @ main-CBrKO3G4.js:22
N @ main-CBrKO3G4.js:22
T @ main-CBrKO3G4.js:22
A @ main-CBrKO3G4.js:22
v @ main-CBrKO3G4.js:22
N @ main-CBrKO3G4.js:22
Y @ main-CBrKO3G4.js:22
v @ main-CBrKO3G4.js:22
N @ main-CBrKO3G4.js:22
T @ main-CBrKO3G4.js:22
A @ main-CBrKO3G4.js:22
v @ main-CBrKO3G4.js:22
G @ main-CBrKO3G4.js:22
run @ main-CBrKO3G4.js:16
fe @ main-CBrKO3G4.js:22
ze @ main-CBrKO3G4.js:22
re @ main-CBrKO3G4.js:22
v @ main-CBrKO3G4.js:22
G @ main-CBrKO3G4.js:22
run @ main-CBrKO3G4.js:16
fe @ main-CBrKO3G4.js:22
ze @ main-CBrKO3G4.js:22
re @ main-CBrKO3G4.js:22
v @ main-CBrKO3G4.js:22
G @ main-CBrKO3G4.js:22
run @ main-CBrKO3G4.js:16
runIfDirty @ main-CBrKO3G4.js:16
uc @ main-CBrKO3G4.js:20
JA @ main-CBrKO3G4.js:20
 [intlify] Not found 'dashboard.view_reports_desc' key in 'mk' locale messages.
Id @ main-CBrKO3G4.js:72
lg @ main-CBrKO3G4.js:75
YC @ main-CBrKO3G4.js:75
PK @ main-CBrKO3G4.js:75
(anonymous) @ main-CBrKO3G4.js:105
La @ main-CBrKO3G4.js:105
Uo @ main-CBrKO3G4.js:105
(anonymous) @ Dashboard-bz5Pxm5_.js:1
n @ main-CBrKO3G4.js:20
(anonymous) @ main-CBrKO3G4.js:38
pf @ main-CBrKO3G4.js:22
G @ main-CBrKO3G4.js:22
run @ main-CBrKO3G4.js:16
fe @ main-CBrKO3G4.js:22
ze @ main-CBrKO3G4.js:22
re @ main-CBrKO3G4.js:22
v @ main-CBrKO3G4.js:22
N @ main-CBrKO3G4.js:22
T @ main-CBrKO3G4.js:22
A @ main-CBrKO3G4.js:22
v @ main-CBrKO3G4.js:22
N @ main-CBrKO3G4.js:22
Y @ main-CBrKO3G4.js:22
v @ main-CBrKO3G4.js:22
N @ main-CBrKO3G4.js:22
T @ main-CBrKO3G4.js:22
A @ main-CBrKO3G4.js:22
v @ main-CBrKO3G4.js:22
N @ main-CBrKO3G4.js:22
T @ main-CBrKO3G4.js:22
A @ main-CBrKO3G4.js:22
v @ main-CBrKO3G4.js:22
G @ main-CBrKO3G4.js:22
run @ main-CBrKO3G4.js:16
fe @ main-CBrKO3G4.js:22
ze @ main-CBrKO3G4.js:22
re @ main-CBrKO3G4.js:22
v @ main-CBrKO3G4.js:22
G @ main-CBrKO3G4.js:22
run @ main-CBrKO3G4.js:16
fe @ main-CBrKO3G4.js:22
ze @ main-CBrKO3G4.js:22
re @ main-CBrKO3G4.js:22
v @ main-CBrKO3G4.js:22
N @ main-CBrKO3G4.js:22
T @ main-CBrKO3G4.js:22
A @ main-CBrKO3G4.js:22
v @ main-CBrKO3G4.js:22
N @ main-CBrKO3G4.js:22
Y @ main-CBrKO3G4.js:22
v @ main-CBrKO3G4.js:22
N @ main-CBrKO3G4.js:22
T @ main-CBrKO3G4.js:22
A @ main-CBrKO3G4.js:22
v @ main-CBrKO3G4.js:22
G @ main-CBrKO3G4.js:22
run @ main-CBrKO3G4.js:16
fe @ main-CBrKO3G4.js:22
ze @ main-CBrKO3G4.js:22
re @ main-CBrKO3G4.js:22
v @ main-CBrKO3G4.js:22
G @ main-CBrKO3G4.js:22
run @ main-CBrKO3G4.js:16
fe @ main-CBrKO3G4.js:22
ze @ main-CBrKO3G4.js:22
re @ main-CBrKO3G4.js:22
v @ main-CBrKO3G4.js:22
G @ main-CBrKO3G4.js:22
run @ main-CBrKO3G4.js:16
runIfDirty @ main-CBrKO3G4.js:16
uc @ main-CBrKO3G4.js:20
JA @ main-CBrKO3G4.js:20
 [intlify] Fall back to translate 'dashboard.view_reports_desc' key with 'en' locale.
Id @ main-CBrKO3G4.js:72
YC @ main-CBrKO3G4.js:75
PK @ main-CBrKO3G4.js:75
(anonymous) @ main-CBrKO3G4.js:105
La @ main-CBrKO3G4.js:105
Uo @ main-CBrKO3G4.js:105
(anonymous) @ Dashboard-bz5Pxm5_.js:1
n @ main-CBrKO3G4.js:20
(anonymous) @ main-CBrKO3G4.js:38
pf @ main-CBrKO3G4.js:22
G @ main-CBrKO3G4.js:22
run @ main-CBrKO3G4.js:16
fe @ main-CBrKO3G4.js:22
ze @ main-CBrKO3G4.js:22
re @ main-CBrKO3G4.js:22
v @ main-CBrKO3G4.js:22
N @ main-CBrKO3G4.js:22
T @ main-CBrKO3G4.js:22
A @ main-CBrKO3G4.js:22
v @ main-CBrKO3G4.js:22
N @ main-CBrKO3G4.js:22
Y @ main-CBrKO3G4.js:22
v @ main-CBrKO3G4.js:22
N @ main-CBrKO3G4.js:22
T @ main-CBrKO3G4.js:22
A @ main-CBrKO3G4.js:22
v @ main-CBrKO3G4.js:22
N @ main-CBrKO3G4.js:22
T @ main-CBrKO3G4.js:22
A @ main-CBrKO3G4.js:22
v @ main-CBrKO3G4.js:22
G @ main-CBrKO3G4.js:22
run @ main-CBrKO3G4.js:16
fe @ main-CBrKO3G4.js:22
ze @ main-CBrKO3G4.js:22
re @ main-CBrKO3G4.js:22
v @ main-CBrKO3G4.js:22
G @ main-CBrKO3G4.js:22
run @ main-CBrKO3G4.js:16
fe @ main-CBrKO3G4.js:22
ze @ main-CBrKO3G4.js:22
re @ main-CBrKO3G4.js:22
v @ main-CBrKO3G4.js:22
N @ main-CBrKO3G4.js:22
T @ main-CBrKO3G4.js:22
A @ main-CBrKO3G4.js:22
v @ main-CBrKO3G4.js:22
N @ main-CBrKO3G4.js:22
Y @ main-CBrKO3G4.js:22
v @ main-CBrKO3G4.js:22
N @ main-CBrKO3G4.js:22
T @ main-CBrKO3G4.js:22
A @ main-CBrKO3G4.js:22
v @ main-CBrKO3G4.js:22
G @ main-CBrKO3G4.js:22
run @ main-CBrKO3G4.js:16
fe @ main-CBrKO3G4.js:22
ze @ main-CBrKO3G4.js:22
re @ main-CBrKO3G4.js:22
v @ main-CBrKO3G4.js:22
G @ main-CBrKO3G4.js:22
run @ main-CBrKO3G4.js:16
fe @ main-CBrKO3G4.js:22
ze @ main-CBrKO3G4.js:22
re @ main-CBrKO3G4.js:22
v @ main-CBrKO3G4.js:22
G @ main-CBrKO3G4.js:22
run @ main-CBrKO3G4.js:16
runIfDirty @ main-CBrKO3G4.js:16
uc @ main-CBrKO3G4.js:20
JA @ main-CBrKO3G4.js:20
 [intlify] Not found 'dashboard.view_reports_desc' key in 'en' locale messages.
Id @ main-CBrKO3G4.js:72
lg @ main-CBrKO3G4.js:75
YC @ main-CBrKO3G4.js:75
PK @ main-CBrKO3G4.js:75
(anonymous) @ main-CBrKO3G4.js:105
La @ main-CBrKO3G4.js:105
Uo @ main-CBrKO3G4.js:105
(anonymous) @ Dashboard-bz5Pxm5_.js:1
n @ main-CBrKO3G4.js:20
(anonymous) @ main-CBrKO3G4.js:38
pf @ main-CBrKO3G4.js:22
G @ main-CBrKO3G4.js:22
run @ main-CBrKO3G4.js:16
fe @ main-CBrKO3G4.js:22
ze @ main-CBrKO3G4.js:22
re @ main-CBrKO3G4.js:22
v @ main-CBrKO3G4.js:22
N @ main-CBrKO3G4.js:22
T @ main-CBrKO3G4.js:22
A @ main-CBrKO3G4.js:22
v @ main-CBrKO3G4.js:22
N @ main-CBrKO3G4.js:22
Y @ main-CBrKO3G4.js:22
v @ main-CBrKO3G4.js:22
N @ main-CBrKO3G4.js:22
T @ main-CBrKO3G4.js:22
A @ main-CBrKO3G4.js:22
v @ main-CBrKO3G4.js:22
N @ main-CBrKO3G4.js:22
T @ main-CBrKO3G4.js:22
A @ main-CBrKO3G4.js:22
v @ main-CBrKO3G4.js:22
G @ main-CBrKO3G4.js:22
run @ main-CBrKO3G4.js:16
fe @ main-CBrKO3G4.js:22
ze @ main-CBrKO3G4.js:22
re @ main-CBrKO3G4.js:22
v @ main-CBrKO3G4.js:22
G @ main-CBrKO3G4.js:22
run @ main-CBrKO3G4.js:16
fe @ main-CBrKO3G4.js:22
ze @ main-CBrKO3G4.js:22
re @ main-CBrKO3G4.js:22
v @ main-CBrKO3G4.js:22
N @ main-CBrKO3G4.js:22
T @ main-CBrKO3G4.js:22
A @ main-CBrKO3G4.js:22
v @ main-CBrKO3G4.js:22
N @ main-CBrKO3G4.js:22
Y @ main-CBrKO3G4.js:22
v @ main-CBrKO3G4.js:22
N @ main-CBrKO3G4.js:22
T @ main-CBrKO3G4.js:22
A @ main-CBrKO3G4.js:22
v @ main-CBrKO3G4.js:22
G @ main-CBrKO3G4.js:22
run @ main-CBrKO3G4.js:16
fe @ main-CBrKO3G4.js:22
ze @ main-CBrKO3G4.js:22
re @ main-CBrKO3G4.js:22
v @ main-CBrKO3G4.js:22
G @ main-CBrKO3G4.js:22
run @ main-CBrKO3G4.js:16
fe @ main-CBrKO3G4.js:22
ze @ main-CBrKO3G4.js:22
re @ main-CBrKO3G4.js:22
v @ main-CBrKO3G4.js:22
G @ main-CBrKO3G4.js:22
run @ main-CBrKO3G4.js:16
runIfDirty @ main-CBrKO3G4.js:16
uc @ main-CBrKO3G4.js:20
JA @ main-CBrKO3G4.js:20
 [intlify] Not found 'dashboard.overdue_invoices' key in 'mk' locale messages.
Id @ main-CBrKO3G4.js:72
lg @ main-CBrKO3G4.js:75
YC @ main-CBrKO3G4.js:75
PK @ main-CBrKO3G4.js:75
(anonymous) @ main-CBrKO3G4.js:105
La @ main-CBrKO3G4.js:105
Uo @ main-CBrKO3G4.js:105
(anonymous) @ Dashboard-bz5Pxm5_.js:1
n @ main-CBrKO3G4.js:20
rt @ main-CBrKO3G4.js:22
(anonymous) @ main-CBrKO3G4.js:109
pf @ main-CBrKO3G4.js:22
G @ main-CBrKO3G4.js:22
run @ main-CBrKO3G4.js:16
fe @ main-CBrKO3G4.js:22
ze @ main-CBrKO3G4.js:22
re @ main-CBrKO3G4.js:22
v @ main-CBrKO3G4.js:22
G @ main-CBrKO3G4.js:22
run @ main-CBrKO3G4.js:16
fe @ main-CBrKO3G4.js:22
ze @ main-CBrKO3G4.js:22
re @ main-CBrKO3G4.js:22
v @ main-CBrKO3G4.js:22
N @ main-CBrKO3G4.js:22
T @ main-CBrKO3G4.js:22
A @ main-CBrKO3G4.js:22
v @ main-CBrKO3G4.js:22
N @ main-CBrKO3G4.js:22
Y @ main-CBrKO3G4.js:22
v @ main-CBrKO3G4.js:22
N @ main-CBrKO3G4.js:22
T @ main-CBrKO3G4.js:22
A @ main-CBrKO3G4.js:22
v @ main-CBrKO3G4.js:22
G @ main-CBrKO3G4.js:22
run @ main-CBrKO3G4.js:16
fe @ main-CBrKO3G4.js:22
ze @ main-CBrKO3G4.js:22
re @ main-CBrKO3G4.js:22
v @ main-CBrKO3G4.js:22
G @ main-CBrKO3G4.js:22
run @ main-CBrKO3G4.js:16
fe @ main-CBrKO3G4.js:22
ze @ main-CBrKO3G4.js:22
re @ main-CBrKO3G4.js:22
v @ main-CBrKO3G4.js:22
G @ main-CBrKO3G4.js:22
run @ main-CBrKO3G4.js:16
runIfDirty @ main-CBrKO3G4.js:16
uc @ main-CBrKO3G4.js:20
JA @ main-CBrKO3G4.js:20
 [intlify] Fall back to translate 'dashboard.overdue_invoices' key with 'en' locale.
Id @ main-CBrKO3G4.js:72
YC @ main-CBrKO3G4.js:75
PK @ main-CBrKO3G4.js:75
(anonymous) @ main-CBrKO3G4.js:105
La @ main-CBrKO3G4.js:105
Uo @ main-CBrKO3G4.js:105
(anonymous) @ Dashboard-bz5Pxm5_.js:1
n @ main-CBrKO3G4.js:20
rt @ main-CBrKO3G4.js:22
(anonymous) @ main-CBrKO3G4.js:109
pf @ main-CBrKO3G4.js:22
G @ main-CBrKO3G4.js:22
run @ main-CBrKO3G4.js:16
fe @ main-CBrKO3G4.js:22
ze @ main-CBrKO3G4.js:22
re @ main-CBrKO3G4.js:22
v @ main-CBrKO3G4.js:22
G @ main-CBrKO3G4.js:22
run @ main-CBrKO3G4.js:16
fe @ main-CBrKO3G4.js:22
ze @ main-CBrKO3G4.js:22
re @ main-CBrKO3G4.js:22
v @ main-CBrKO3G4.js:22
N @ main-CBrKO3G4.js:22
T @ main-CBrKO3G4.js:22
A @ main-CBrKO3G4.js:22
v @ main-CBrKO3G4.js:22
N @ main-CBrKO3G4.js:22
Y @ main-CBrKO3G4.js:22
v @ main-CBrKO3G4.js:22
N @ main-CBrKO3G4.js:22
T @ main-CBrKO3G4.js:22
A @ main-CBrKO3G4.js:22
v @ main-CBrKO3G4.js:22
G @ main-CBrKO3G4.js:22
run @ main-CBrKO3G4.js:16
fe @ main-CBrKO3G4.js:22
ze @ main-CBrKO3G4.js:22
re @ main-CBrKO3G4.js:22
v @ main-CBrKO3G4.js:22
G @ main-CBrKO3G4.js:22
run @ main-CBrKO3G4.js:16
fe @ main-CBrKO3G4.js:22
ze @ main-CBrKO3G4.js:22
re @ main-CBrKO3G4.js:22
v @ main-CBrKO3G4.js:22
G @ main-CBrKO3G4.js:22
run @ main-CBrKO3G4.js:16
runIfDirty @ main-CBrKO3G4.js:16
uc @ main-CBrKO3G4.js:20
JA @ main-CBrKO3G4.js:20
 [intlify] Not found 'dashboard.overdue_invoices' key in 'en' locale messages.
Id @ main-CBrKO3G4.js:72
lg @ main-CBrKO3G4.js:75
YC @ main-CBrKO3G4.js:75
PK @ main-CBrKO3G4.js:75
(anonymous) @ main-CBrKO3G4.js:105
La @ main-CBrKO3G4.js:105
Uo @ main-CBrKO3G4.js:105
(anonymous) @ Dashboard-bz5Pxm5_.js:1
n @ main-CBrKO3G4.js:20
rt @ main-CBrKO3G4.js:22
(anonymous) @ main-CBrKO3G4.js:109
pf @ main-CBrKO3G4.js:22
G @ main-CBrKO3G4.js:22
run @ main-CBrKO3G4.js:16
fe @ main-CBrKO3G4.js:22
ze @ main-CBrKO3G4.js:22
re @ main-CBrKO3G4.js:22
v @ main-CBrKO3G4.js:22
G @ main-CBrKO3G4.js:22
run @ main-CBrKO3G4.js:16
fe @ main-CBrKO3G4.js:22
ze @ main-CBrKO3G4.js:22
re @ main-CBrKO3G4.js:22
v @ main-CBrKO3G4.js:22
N @ main-CBrKO3G4.js:22
T @ main-CBrKO3G4.js:22
A @ main-CBrKO3G4.js:22
v @ main-CBrKO3G4.js:22
N @ main-CBrKO3G4.js:22
Y @ main-CBrKO3G4.js:22
v @ main-CBrKO3G4.js:22
N @ main-CBrKO3G4.js:22
T @ main-CBrKO3G4.js:22
A @ main-CBrKO3G4.js:22
v @ main-CBrKO3G4.js:22
G @ main-CBrKO3G4.js:22
run @ main-CBrKO3G4.js:16
fe @ main-CBrKO3G4.js:22
ze @ main-CBrKO3G4.js:22
re @ main-CBrKO3G4.js:22
v @ main-CBrKO3G4.js:22
G @ main-CBrKO3G4.js:22
run @ main-CBrKO3G4.js:16
fe @ main-CBrKO3G4.js:22
ze @ main-CBrKO3G4.js:22
re @ main-CBrKO3G4.js:22
v @ main-CBrKO3G4.js:22
G @ main-CBrKO3G4.js:22
run @ main-CBrKO3G4.js:16
runIfDirty @ main-CBrKO3G4.js:16
uc @ main-CBrKO3G4.js:20
JA @ main-CBrKO3G4.js:20
 [AI Insights] Fetching insights...
 [AI Insights] Fetch response: Object
 [intlify] Not found 'dashboard.overdue_invoices' key in 'mk' locale messages.
Id @ main-CBrKO3G4.js:72
 [intlify] Fall back to translate 'dashboard.overdue_invoices' key with 'en' locale.
Id @ main-CBrKO3G4.js:72
 [intlify] Not found 'dashboard.overdue_invoices' key in 'en' locale messages.
Id @ main-CBrKO3G4.js:72
 [intlify] Not found 'dashboard.total_overdue' key in 'mk' locale messages.
Id @ main-CBrKO3G4.js:72
 [intlify] Fall back to translate 'dashboard.total_overdue' key with 'en' locale.
Id @ main-CBrKO3G4.js:72
 [intlify] Not found 'dashboard.total_overdue' key in 'en' locale messages.
Id @ main-CBrKO3G4.js:72
 [intlify] Not found 'invoices.overdue_by' key in 'mk' locale messages.
Id @ main-CBrKO3G4.js:72
 [intlify] Fall back to translate 'invoices.overdue_by' key with 'en' locale.
Id @ main-CBrKO3G4.js:72
 [intlify] Not found 'invoices.overdue_by' key in 'en' locale messages.
Id @ main-CBrKO3G4.js:72
 [intlify] Not found 'general.days' key in 'mk' locale messages.
Id @ main-CBrKO3G4.js:72
 [intlify] Fall back to translate 'general.days' key with 'en' locale.
Id @ main-CBrKO3G4.js:72
 [intlify] Not found 'general.days' key in 'en' locale messages.
Id @ main-CBrKO3G4.js:72
 [intlify] Not found 'invoices.overdue_by' key in 'mk' locale messages.
Id @ main-CBrKO3G4.js:72
 [intlify] Fall back to translate 'invoices.overdue_by' key with 'en' locale.
Id @ main-CBrKO3G4.js:72
 [intlify] Not found 'invoices.overdue_by' key in 'en' locale messages.
Id @ main-CBrKO3G4.js:72
 [intlify] Not found 'general.days' key in 'mk' locale messages.
Id @ main-CBrKO3G4.js:72
 [intlify] Fall back to translate 'general.days' key with 'en' locale.
Id @ main-CBrKO3G4.js:72
 [intlify] Not found 'general.days' key in 'en' locale messages.
Id @ main-CBrKO3G4.js:72
 [intlify] Not found 'invoices.overdue_by' key in 'mk' locale messages.
Id @ main-CBrKO3G4.js:72
 [intlify] Fall back to translate 'invoices.overdue_by' key with 'en' locale.
Id @ main-CBrKO3G4.js:72
 [intlify] Not found 'invoices.overdue_by' key in 'en' locale messages.
Id @ main-CBrKO3G4.js:72
 [intlify] Not found 'general.days' key in 'mk' locale messages.
Id @ main-CBrKO3G4.js:72
 [intlify] Fall back to translate 'general.days' key with 'en' locale.
Id @ main-CBrKO3G4.js:72
 [intlify] Not found 'general.days' key in 'en' locale messages.
Id @ main-CBrKO3G4.js:72
 [intlify] Not found 'invoices.overdue_by' key in 'mk' locale messages.
Id @ main-CBrKO3G4.js:72
 [intlify] Fall back to translate 'invoices.overdue_by' key with 'en' locale.
Id @ main-CBrKO3G4.js:72
 [intlify] Not found 'invoices.overdue_by' key in 'en' locale messages.
Id @ main-CBrKO3G4.js:72
 [intlify] Not found 'general.days' key in 'mk' locale messages.
Id @ main-CBrKO3G4.js:72
 [intlify] Fall back to translate 'general.days' key with 'en' locale.
Id @ main-CBrKO3G4.js:72
 [intlify] Not found 'general.days' key in 'en' locale messages.
Id @ main-CBrKO3G4.js:72
 [intlify] Not found 'invoices.overdue_by' key in 'mk' locale messages.
Id @ main-CBrKO3G4.js:72
 [intlify] Fall back to translate 'invoices.overdue_by' key with 'en' locale.
Id @ main-CBrKO3G4.js:72
 [intlify] Not found 'invoices.overdue_by' key in 'en' locale messages.
Id @ main-CBrKO3G4.js:72
 [intlify] Not found 'general.days' key in 'mk' locale messages.
Id @ main-CBrKO3G4.js:72
 [intlify] Fall back to translate 'general.days' key with 'en' locale.
Id @ main-CBrKO3G4.js:72
 [intlify] Not found 'general.days' key in 'en' locale messages.
Id @ main-CBrKO3G4.js:72
main-CBrKO3G4.js:72 [intlify] Not found 'dashboard.view_all_overdue' key in 'mk' locale messages.
Id @ main-CBrKO3G4.js:72
main-CBrKO3G4.js:72 [intlify] Fall back to translate 'dashboard.view_all_overdue' key with 'en' locale.
Id @ main-CBrKO3G4.js:72
main-CBrKO3G4.js:72 [intlify] Not found 'dashboard.view_all_overdue' key in 'en' locale messages.
Id @ main-CBrKO3G4.js:72
main-CBrKO3G4.js:72 [intlify] Not found 'dashboard.quick_actions' key in 'mk' locale messages.
Id @ main-CBrKO3G4.js:72
main-CBrKO3G4.js:72 [intlify] Fall back to translate 'dashboard.quick_actions' key with 'en' locale.
Id @ main-CBrKO3G4.js:72
main-CBrKO3G4.js:72 [intlify] Not found 'dashboard.quick_actions' key in 'en' locale messages.
Id @ main-CBrKO3G4.js:72
main-CBrKO3G4.js:72 [intlify] Not found 'dashboard.create_invoice_desc' key in 'mk' locale messages.
Id @ main-CBrKO3G4.js:72
main-CBrKO3G4.js:72 [intlify] Fall back to translate 'dashboard.create_invoice_desc' key with 'en' locale.
Id @ main-CBrKO3G4.js:72
main-CBrKO3G4.js:72 [intlify] Not found 'dashboard.create_invoice_desc' key in 'en' locale messages.
Id @ main-CBrKO3G4.js:72
main-CBrKO3G4.js:72 [intlify] Not found 'dashboard.create_customer_desc' key in 'mk' locale messages.
Id @ main-CBrKO3G4.js:72
main-CBrKO3G4.js:72 [intlify] Fall back to translate 'dashboard.create_customer_desc' key with 'en' locale.
Id @ main-CBrKO3G4.js:72
main-CBrKO3G4.js:72 [intlify] Not found 'dashboard.create_customer_desc' key in 'en' locale messages.
Id @ main-CBrKO3G4.js:72
main-CBrKO3G4.js:72 [intlify] Not found 'imports.import_data' key in 'mk' locale messages.
Id @ main-CBrKO3G4.js:72
main-CBrKO3G4.js:72 [intlify] Fall back to translate 'imports.import_data' key with 'en' locale.
Id @ main-CBrKO3G4.js:72
main-CBrKO3G4.js:72 [intlify] Not found 'imports.import_data' key in 'en' locale messages.
Id @ main-CBrKO3G4.js:72
main-CBrKO3G4.js:72 [intlify] Not found 'dashboard.import_data_desc' key in 'mk' locale messages.
Id @ main-CBrKO3G4.js:72
main-CBrKO3G4.js:72 [intlify] Fall back to translate 'dashboard.import_data_desc' key with 'en' locale.
Id @ main-CBrKO3G4.js:72
main-CBrKO3G4.js:72 [intlify] Not found 'dashboard.import_data_desc' key in 'en' locale messages.
Id @ main-CBrKO3G4.js:72
main-CBrKO3G4.js:72 [intlify] Not found 'reports.reports' key in 'mk' locale messages.
Id @ main-CBrKO3G4.js:72
main-CBrKO3G4.js:72 [intlify] Fall back to translate 'reports.reports' key with 'en' locale.
Id @ main-CBrKO3G4.js:72
main-CBrKO3G4.js:72 [intlify] Not found 'reports.reports' key in 'en' locale messages.
Id @ main-CBrKO3G4.js:72
main-CBrKO3G4.js:72 [intlify] Not found 'dashboard.view_reports_desc' key in 'mk' locale messages.
Id @ main-CBrKO3G4.js:72
main-CBrKO3G4.js:72 [intlify] Fall back to translate 'dashboard.view_reports_desc' key with 'en' locale.
Id @ main-CBrKO3G4.js:72
main-CBrKO3G4.js:72 [intlify] Not found 'dashboard.view_reports_desc' key in 'en' locale messages.
Id @ main-CBrKO3G4.js:72
main-CBrKO3G4.js:72 [intlify] Not found 'dashboard.overdue_invoices' key in 'mk' locale messages.
Id @ main-CBrKO3G4.js:72
main-CBrKO3G4.js:72 [intlify] Fall back to translate 'dashboard.overdue_invoices' key with 'en' locale.
Id @ main-CBrKO3G4.js:72
main-CBrKO3G4.js:72 [intlify] Not found 'dashboard.overdue_invoices' key in 'en' locale messages.
Id @ main-CBrKO3G4.js:72
Dashboard-bz5Pxm5_.js:1 [AI Insights] Fetching insights...
Dashboard-bz5Pxm5_.js:1 [AI Insights] Fetch response: Object
main-CBrKO3G4.js:72 [intlify] Not found 'dashboard.quick_actions' key in 'mk' locale messages.
Id @ main-CBrKO3G4.js:72
main-CBrKO3G4.js:72 [intlify] Fall back to translate 'dashboard.quick_actions' key with 'en' locale.
Id @ main-CBrKO3G4.js:72
main-CBrKO3G4.js:72 [intlify] Not found 'dashboard.quick_actions' key in 'en' locale messages.
Id @ main-CBrKO3G4.js:72
main-CBrKO3G4.js:72 [intlify] Not found 'dashboard.overdue_invoices' key in 'mk' locale messages.
Id @ main-CBrKO3G4.js:72
main-CBrKO3G4.js:72 [intlify] Fall back to translate 'dashboard.overdue_invoices' key with 'en' locale.
Id @ main-CBrKO3G4.js:72
main-CBrKO3G4.js:72 [intlify] Not found 'dashboard.overdue_invoices' key in 'en' locale messages.
Id @ main-CBrKO3G4.js:72
main-CBrKO3G4.js:72 [intlify] Not found 'dashboard.total_overdue' key in 'mk' locale messages.
Id @ main-CBrKO3G4.js:72
main-CBrKO3G4.js:72 [intlify] Fall back to translate 'dashboard.total_overdue' key with 'en' locale.
Id @ main-CBrKO3G4.js:72
main-CBrKO3G4.js:72 [intlify] Not found 'dashboard.total_overdue' key in 'en' locale messages.
Id @ main-CBrKO3G4.js:72
main-CBrKO3G4.js:72 [intlify] Not found 'invoices.overdue_by' key in 'mk' locale messages.
Id @ main-CBrKO3G4.js:72
main-CBrKO3G4.js:72 [intlify] Fall back to translate 'invoices.overdue_by' key with 'en' locale.
Id @ main-CBrKO3G4.js:72
main-CBrKO3G4.js:72 [intlify] Not found 'invoices.overdue_by' key in 'en' locale messages.
Id @ main-CBrKO3G4.js:72
main-CBrKO3G4.js:72 [intlify] Not found 'general.days' key in 'mk' locale messages.
Id @ main-CBrKO3G4.js:72
main-CBrKO3G4.js:72 [intlify] Fall back to translate 'general.days' key with 'en' locale.
Id @ main-CBrKO3G4.js:72
main-CBrKO3G4.js:72 [intlify] Not found 'general.days' key in 'en' locale messages.
Id @ main-CBrKO3G4.js:72
main-CBrKO3G4.js:72 [intlify] Not found 'invoices.overdue_by' key in 'mk' locale messages.
Id @ main-CBrKO3G4.js:72
main-CBrKO3G4.js:72 [intlify] Fall back to translate 'invoices.overdue_by' key with 'en' locale.
Id @ main-CBrKO3G4.js:72
main-CBrKO3G4.js:72 [intlify] Not found 'invoices.overdue_by' key in 'en' locale messages.
Id @ main-CBrKO3G4.js:72
main-CBrKO3G4.js:72 [intlify] Not found 'general.days' key in 'mk' locale messages.
Id @ main-CBrKO3G4.js:72
main-CBrKO3G4.js:72 [intlify] Fall back to translate 'general.days' key with 'en' locale.
Id @ main-CBrKO3G4.js:72
main-CBrKO3G4.js:72 [intlify] Not found 'general.days' key in 'en' locale messages.
Id @ main-CBrKO3G4.js:72
main-CBrKO3G4.js:72 [intlify] Not found 'invoices.overdue_by' key in 'mk' locale messages.
Id @ main-CBrKO3G4.js:72
main-CBrKO3G4.js:72 [intlify] Fall back to translate 'invoices.overdue_by' key with 'en' locale.
Id @ main-CBrKO3G4.js:72
main-CBrKO3G4.js:72 [intlify] Not found 'invoices.overdue_by' key in 'en' locale messages.
Id @ main-CBrKO3G4.js:72
main-CBrKO3G4.js:72 [intlify] Not found 'general.days' key in 'mk' locale messages.
Id @ main-CBrKO3G4.js:72
main-CBrKO3G4.js:72 [intlify] Fall back to translate 'general.days' key with 'en' locale.
Id @ main-CBrKO3G4.js:72
main-CBrKO3G4.js:72 [intlify] Not found 'general.days' key in 'en' locale messages.
Id @ main-CBrKO3G4.js:72
main-CBrKO3G4.js:72 [intlify] Not found 'invoices.overdue_by' key in 'mk' locale messages.
Id @ main-CBrKO3G4.js:72
main-CBrKO3G4.js:72 [intlify] Fall back to translate 'invoices.overdue_by' key with 'en' locale.
Id @ main-CBrKO3G4.js:72
main-CBrKO3G4.js:72 [intlify] Not found 'invoices.overdue_by' key in 'en' locale messages.
Id @ main-CBrKO3G4.js:72
main-CBrKO3G4.js:72 [intlify] Not found 'general.days' key in 'mk' locale messages.
Id @ main-CBrKO3G4.js:72
main-CBrKO3G4.js:72 [intlify] Fall back to translate 'general.days' key with 'en' locale.
Id @ main-CBrKO3G4.js:72
main-CBrKO3G4.js:72 [intlify] Not found 'general.days' key in 'en' locale messages.
Id @ main-CBrKO3G4.js:72
main-CBrKO3G4.js:72 [intlify] Not found 'invoices.overdue_by' key in 'mk' locale messages.
Id @ main-CBrKO3G4.js:72
main-CBrKO3G4.js:72 [intlify] Fall back to translate 'invoices.overdue_by' key with 'en' locale.
Id @ main-CBrKO3G4.js:72
main-CBrKO3G4.js:72 [intlify] Not found 'invoices.overdue_by' key in 'en' locale messages.
Id @ main-CBrKO3G4.js:72
main-CBrKO3G4.js:72 [intlify] Not found 'general.days' key in 'mk' locale messages.
Id @ main-CBrKO3G4.js:72
main-CBrKO3G4.js:72 [intlify] Fall back to translate 'general.days' key with 'en' locale.
Id @ main-CBrKO3G4.js:72
main-CBrKO3G4.js:72 [intlify] Not found 'general.days' key in 'en' locale messages.
Id @ main-CBrKO3G4.js:72
main-CBrKO3G4.js:72 [intlify] Not found 'dashboard.view_all_overdue' key in 'mk' locale messages.
Id @ main-CBrKO3G4.js:72
main-CBrKO3G4.js:72 [intlify] Fall back to translate 'dashboard.view_all_overdue' key with 'en' locale.
Id @ main-CBrKO3G4.js:72
main-CBrKO3G4.js:72 [intlify] Not found 'dashboard.view_all_overdue' key in 'en' locale messages.
Id @ main-CBrKO3G4.js:72
Scan-BhGLei77.js:1 Receipt scan response: Object
Scan-BhGLei77.js:1 Response data: Object
Scan-BhGLei77.js:1 scanResult set to: Proxy(Object)
Scan-BhGLei77.js:1 Has hOCR: false
Scan-BhGLei77.js:1 ocrText set to: ey   fe;
  
  MAPKT ,0,0,, , 
|   7  BY
 029 
main-CBrKO3G4.js:72 [intlify] Not found 'bills.bill_number_placeholder' key in 'mk' locale messages.
Id @ main-CBrKO3G4.js:72
main-CBrKO3G4.js:72 [intlify] Fall back to translate 'bills.bill_number_placeholder' key with 'en' locale.
Id @ main-CBrKO3G4.js:72
main-CBrKO3G4.js:72 [intlify] Not found 'bills.bill_number_placeholder' key in 'en' locale messages.
Id @ main-CBrKO3G4.js:72
Scan-BhGLei77.js:1 Image loaded successfully: 1324 x 3955
