[2025-11-11 23:08:44] production.WARNING: Slow operation detected {"operation":"req_6913c1fc15060","execution_time_ms":594.12,"memory_used_bytes":14680064,"memory_used_mb":14.0} 
[2025-11-11 23:08:44] production.WARNING: Slow request detected {"operation":"req_6913c1fc15060","execution_time_ms":594.12,"memory_used_bytes":14680064,"memory_used_mb":14.0,"method":"GET","url":"https://www.facturino.mk/api/v1/bootstrap","route":null,"user_id":2,"company_id":"2","ip":"79.125.199.91","user_agent":"Mozilla/5.0 (Macintosh; Intel Mac OS X 10_15_7) AppleWebKit/537.36 (KHTML, like Gecko) Chrome/142.0.0.0 Safari/537.36","response_status":200} 
[2025-11-11 23:08:44] production.WARNING: Certificate file missing for certificate {"certificate_id":12,"path":"certificates/company_2/931f2fb58ea0200b_1762889719.pem"} 
[2025-11-11 23:08:47] production.WARNING: Slow operation detected {"operation":"req_6913c1fe9f2fd","execution_time_ms":393.18,"memory_used_bytes":0,"memory_used_mb":0.0} 
[2025-11-11 23:08:47] production.WARNING: Slow request detected {"operation":"req_6913c1fe9f2fd","execution_time_ms":393.18,"memory_used_bytes":0,"memory_used_mb":0.0,"method":"GET","url":"https://www.facturino.mk/api/v1/customers","route":"customers.index","user_id":2,"company_id":"2","ip":"79.125.199.91","user_agent":"Mozilla/5.0 (Macintosh; Intel Mac OS X 10_15_7) AppleWebKit/537.36 (KHTML, like Gecko) Chrome/142.0.0.0 Safari/537.36","response_status":200} 
[2025-11-11 23:08:48] production.WARNING: Slow operation detected {"operation":"req_6913c1fe9f615","execution_time_ms":2166.91,"memory_used_bytes":4194304,"memory_used_mb":4.0} 
[2025-11-11 23:08:48] production.WARNING: Slow request detected {"operation":"req_6913c1fe9f615","execution_time_ms":2166.91,"memory_used_bytes":4194304,"memory_used_mb":4.0,"method":"GET","url":"https://www.facturino.mk/api/v1/invoices","route":"invoices.index","user_id":2,"company_id":"2","ip":"79.125.199.91","user_agent":"Mozilla/5.0 (Macintosh; Intel Mac OS X 10_15_7) AppleWebKit/537.36 (KHTML, like Gecko) Chrome/142.0.0.0 Safari/537.36","response_status":200} 
[2025-11-11 23:08:50] production.WARNING: Slow operation detected {"operation":"req_6913c2022366d","execution_time_ms":334.8,"memory_used_bytes":2097152,"memory_used_mb":2.0} 
[2025-11-11 23:08:50] production.WARNING: Slow request detected {"operation":"req_6913c2022366d","execution_time_ms":334.8,"memory_used_bytes":2097152,"memory_used_mb":2.0,"method":"GET","url":"https://www.facturino.mk/api/v1/invoices/12","route":"invoices.show","user_id":2,"company_id":"2","ip":"79.125.199.91","user_agent":"Mozilla/5.0 (Macintosh; Intel Mac OS X 10_15_7) AppleWebKit/537.36 (KHTML, like Gecko) Chrome/142.0.0.0 Safari/537.36","response_status":200} 
[2025-11-11 23:08:51] production.WARNING: Slow operation detected {"operation":"req_6913c202a4565","execution_time_ms":442.84,"memory_used_bytes":12582912,"memory_used_mb":12.0} 
[2025-11-11 23:08:51] production.WARNING: Slow request detected {"operation":"req_6913c202a4565","execution_time_ms":442.84,"memory_used_bytes":12582912,"memory_used_mb":12.0,"method":"GET","url":"https://www.facturino.mk/invoices/pdf/jNGLb5WPRY360Y1q843m","route":null,"user_id":2,"company_id":"2","ip":"79.125.199.91","user_agent":"Mozilla/5.0 (Macintosh; Intel Mac OS X 10_15_7) AppleWebKit/537.36 (KHTML, like Gecko) Chrome/142.0.0.0 Safari/537.36","response_status":200} 
[2025-11-11 23:08:52] production.INFO: [EInvoiceController::show] Request received {"e_invoice_id":12,"user_id":2,"user_email":"your-email@example.com","company_id":"N/A","is_owner":true} 
[2025-11-11 23:08:52] production.INFO: [EInvoicePolicy::viewAny] Authorization check {"user_id":2,"user_email":"your-email@example.com","is_owner":true,"company_id":"N/A"} 
[2025-11-11 23:08:52] production.INFO: [EInvoicePolicy::viewAny] User is owner - AUTHORIZED  
[2025-11-11 23:08:52] production.INFO: [EInvoiceController::show] Authorization PASSED  
[2025-11-11 23:08:52] production.WARNING: Slow operation detected {"operation":"req_6913c2022366b","execution_time_ms":2381.93,"memory_used_bytes":2097152,"memory_used_mb":2.0} 
[2025-11-11 23:08:52] production.WARNING: Slow request detected {"operation":"req_6913c2022366b","execution_time_ms":2381.93,"memory_used_bytes":2097152,"memory_used_mb":2.0,"method":"GET","url":"https://www.facturino.mk/api/v1/invoices","route":"invoices.index","user_id":2,"company_id":"2","ip":"79.125.199.91","user_agent":"Mozilla/5.0 (Macintosh; Intel Mac OS X 10_15_7) AppleWebKit/537.36 (KHTML, like Gecko) Chrome/142.0.0.0 Safari/537.36","response_status":200} 
[2025-11-11 23:08:54] production.INFO: [EInvoiceController::generate] Request received {"invoice_id":12,"user_id":2,"user_email":"your-email@example.com","company_id":"N/A","is_owner":true,"request_headers":{"x-xsrf-token":["eyJpdiI6Ii9qN3h2OHNpY0hzUU5mdUlrRFE2Wmc9PSIsInZhbHVlIjoibUpQa0RwamhFTVYxTUdhOVRST2Y5L0dKNTJHM2N4UGxNTHdMbG9JV0hrc2NQYVJtUTZ4WVpSRUliTlNNSnRQRjFSVFh6dXY1b0gzZFBVVEcvNHdvSjE5c2NFVk1FaURVeURiWlpGMTRBNkZtNkR2VEgzYS9icE14eDFuWld2cXciLCJtYWMiOiIzODFmMmE4YzZjNmQ0ZTZhMWQ4MzE1ZjRmN2I4YTdjYmU2NjYwY2M3YWZkYTBmOTJkNjA5YWYxYjE1YTJlYWRhIiwidGFnIjoiIn0="],"x-requested-with":["XMLHttpRequest"],"x-request-start":["1762902534603"],"x-real-ip":["79.125.199.91"],"x-railway-request-id":["RxVo9EJrQmK9x--dN8N_Fg"],"x-railway-edge":["railway/europe-west4-drams3a"],"x-forwarded-proto":["https"],"x-forwarded-host":["www.facturino.mk"],"x-forwarded-for":["79.125.199.91"],"sec-fetch-site":["same-origin"],"sec-fetch-mode":["cors"],"sec-fetch-dest":["empty"],"sec-ch-ua-platform":["\"macOS\""],"sec-ch-ua-mobile":["?0"],"sec-ch-ua":["\"Chromium\";v=\"142\", \"Google Chrome\";v=\"142\", \"Not_A Brand\";v=\"99\""],"referer":["https://www.facturino.mk/admin/invoices/12/view"],"priority":["u=1, i"],"origin":["https://www.facturino.mk"],"cookie":["XSRF-TOKEN=eyJpdiI6Ii9qN3h2OHNpY0hzUU5mdUlrRFE2Wmc9PSIsInZhbHVlIjoibUpQa0RwamhFTVYxTUdhOVRST2Y5L0dKNTJHM2N4UGxNTHdMbG9JV0hrc2NQYVJtUTZ4WVpSRUliTlNNSnRQRjFSVFh6dXY1b0gzZFBVVEcvNHdvSjE5c2NFVk1FaURVeURiWlpGMTRBNkZtNkR2VEgzYS9icE14eDFuWld2cXciLCJtYWMiOiIzODFmMmE4YzZjNmQ0ZTZhMWQ4MzE1ZjRmN2I4YTdjYmU2NjYwY2M3YWZkYTBmOTJkNjA5YWYxYjE1YTJlYWRhIiwidGFnIjoiIn0%3D; facturino_session=eyJpdiI6IkswZnZFeTZLc0cyQXVwK040YXNFYnc9PSIsInZhbHVlIjoiMTUvc1d2dk1WT1JTQWwwMzZjRjRxVW0wZWlvUjRSVnBtelI2aHNWR1VTalZBSDJOMkZvN09sdk9yR0xxU1lldWtsTTVRZUJJdUdidDZhaTVhVlh1YmZxdXN6YzFtY2pGVzY2QVpTSHRXaHFkRStrT0hucEl0aTNFZkpjTzMrL3EiLCJtYWMiOiJhNDUxOGVlNDE4MGY5YTVlMzNmN2Q4Nzk1ZDZiMjgwMGIwODQ5Y2JiNmJjYWQ0ZDVlOTFiNDc3MmE5OWUyNzY5IiwidGFnIjoiIn0%3D"],"company":["2"],"accept-language":["tr-TR,tr;q=0.9"],"accept-encoding":["gzip, deflate, br, zstd"],"accept":["*/*"],"content-length":["0"],"user-agent":["Mozilla/5.0 (Macintosh; Intel Mac OS X 10_15_7) AppleWebKit/537.36 (KHTML, like Gecko) Chrome/142.0.0.0 Safari/537.36"],"host":["www.facturino.mk"]}} 
[2025-11-11 23:08:54] production.INFO: [EInvoicePolicy::create] Authorization check for generate {"user_id":2,"user_email":"your-email@example.com","is_owner":true,"company_id":"N/A"} 
[2025-11-11 23:08:54] production.INFO: [EInvoicePolicy::create] User is owner - AUTHORIZED  
[2025-11-11 23:08:54] production.INFO: [EInvoiceController::generate] Authorization PASSED  
[2025-11-11 23:08:54] production.ERROR: E-invoice generation failed {"invoice_id":12,"error":"Call to undefined relationship [tax_type] on model [App\\Models\\Tax].","trace":"#0 /var/www/html/vendor/laravel/framework/src/Illuminate/Database/Eloquent/Builder.php(938): Illuminate\\Database\\Eloquent\\RelationNotFoundException::make(Object(App\\Models\\Tax), 'tax_type')
#1 /var/www/html/vendor/laravel/framework/src/Illuminate/Database/Eloquent/Relations/Relation.php(119): Illuminate\\Database\\Eloquent\\Builder->Illuminate\\Database\\Eloquent\\{closure}()
#2 /var/www/html/vendor/laravel/framework/src/Illuminate/Database/Eloquent/Builder.php(934): Illuminate\\Database\\Eloquent\\Relations\\Relation::noConstraints(Object(Closure))
#3 /var/www/html/vendor/laravel/framework/src/Illuminate/Database/Eloquent/Builder.php(908): Illuminate\\Database\\Eloquent\\Builder->getRelation('tax_type')
#4 /var/www/html/vendor/laravel/framework/src/Illuminate/Database/Eloquent/Builder.php(888): Illuminate\\Database\\Eloquent\\Builder->eagerLoadRelation(Array, 'tax_type', Object(Closure))
#5 /var/www/html/vendor/laravel/framework/src/Illuminate/Database/Eloquent/Builder.php(854): Illuminate\\Database\\Eloquent\\Builder->eagerLoadRelations(Array)
#6 /var/www/html/vendor/laravel/framework/src/Illuminate/Database/Eloquent/Relations/Relation.php(212): Illuminate\\Database\\Eloquent\\Builder->get(Array)
#7 /var/www/html/vendor/laravel/framework/src/Illuminate/Database/Eloquent/Relations/Relation.php(175): Illuminate\\Database\\Eloquent\\Relations\\Relation->get()
#8 /var/www/html/vendor/laravel/framework/src/Illuminate/Database/Eloquent/Builder.php(919): Illuminate\\Database\\Eloquent\\Relations\\Relation->getEager()
#9 /var/www/html/vendor/laravel/framework/src/Illuminate/Database/Eloquent/Builder.php(888): Illuminate\\Database\\Eloquent\\Builder->eagerLoadRelation(Array, 'taxes', Object(Closure))
#10 /var/www/html/vendor/laravel/framework/src/Illuminate/Database/Eloquent/Builder.php(854): Illuminate\\Database\\Eloquent\\Builder->eagerLoadRelations(Array)
#11 /var/www/html/vendor/laravel/framework/src/Illuminate/Database/Eloquent/Relations/Relation.php(212): Illuminate\\Database\\Eloquent\\Builder->get(Array)
#12 /var/www/html/vendor/laravel/framework/src/Illuminate/Database/Eloquent/Relations/Relation.php(175): Illuminate\\Database\\Eloquent\\Relations\\Relation->get()
#13 /var/www/html/vendor/laravel/framework/src/Illuminate/Database/Eloquent/Builder.php(919): Illuminate\\Database\\Eloquent\\Relations\\Relation->getEager()
#14 /var/www/html/vendor/laravel/framework/src/Illuminate/Database/Eloquent/Builder.php(888): Illuminate\\Database\\Eloquent\\Builder->eagerLoadRelation(Array, 'items', Object(Closure))
#15 /var/www/html/vendor/laravel/framework/src/Illuminate/Database/Eloquent/Builder.php(854): Illuminate\\Database\\Eloquent\\Builder->eagerLoadRelations(Array)
#16 /var/www/html/vendor/laravel/framework/src/Illuminate/Database/Concerns/BuildsQueries.php(366): Illuminate\\Database\\Eloquent\\Builder->get(Array)
#17 /var/www/html/vendor/laravel/framework/src/Illuminate/Database/Eloquent/Builder.php(537): Illuminate\\Database\\Eloquent\\Builder->first(Array)
#18 /var/www/html/vendor/laravel/framework/src/Illuminate/Database/Eloquent/Builder.php(584): Illuminate\\Database\\Eloquent\\Builder->find(12, Array)
#19 /var/www/html/app/Http/Controllers/V1/Admin/EInvoice/EInvoiceController.php(168): Illuminate\\Database\\Eloquent\\Builder->findOrFail(12)
#20 /var/www/html/vendor/laravel/framework/src/Illuminate/Routing/Controller.php(54): App\\Http\\Controllers\\V1\\Admin\\EInvoice\\EInvoiceController->generate(12)
#21 /var/www/html/vendor/laravel/framework/src/Illuminate/Routing/ControllerDispatcher.php(43): Illuminate\\Routing\\Controller->callAction('generate', Array)
#22 /var/www/html/vendor/laravel/framework/src/Illuminate/Routing/Route.php(265): Illuminate\\Routing\\ControllerDispatcher->dispatch(Object(Illuminate\\Routing\\Route), Object(App\\Http\\Controllers\\V1\\Admin\\EInvoice\\EInvoiceController), 'generate')
#23 /var/www/html/vendor/laravel/framework/src/Illuminate/Routing/Route.php(211): Illuminate\\Routing\\Route->runController()
#24 /var/www/html/vendor/laravel/framework/src/Illuminate/Routing/Router.php(808): Illuminate\\Routing\\Route->run()
#25 /var/www/html/vendor/laravel/framework/src/Illuminate/Pipeline/Pipeline.php(169): Illuminate\\Routing\\Router->Illuminate\\Routing\\{closure}(Object(Illuminate\\Http\\Request))
#26 /var/www/html/vendor/laravel/framework/src/Illuminate/Routing/Middleware/ThrottleRequests.php(160): Illuminate\\Pipeline\\Pipeline->Illuminate\\Pipeline\\{closure}(Object(Illuminate\\Http\\Request))
#27 /var/www/html/vendor/laravel/framework/src/Illuminate/Routing/Middleware/ThrottleRequests.php(91): Illuminate\\Routing\\Middleware\\ThrottleRequests->handleRequest(Object(Illuminate\\Http\\Request), Object(Closure), Array)
#28 /var/www/html/vendor/laravel/framework/src/Illuminate/Pipeline/Pipeline.php(208): Illuminate\\Routing\\Middleware\\ThrottleRequests->handle(Object(Illuminate\\Http\\Request), Object(Closure), '60', '1')
#29 /var/www/html/app/Http/Middleware/ScopeBouncer.php(53): Illuminate\\Pipeline\\Pipeline->Illuminate\\Pipeline\\{closure}(Object(Illuminate\\Http\\Request))
#30 /var/www/html/vendor/laravel/framework/src/Illuminate/Pipeline/Pipeline.php(208): App\\Http\\Middleware\\ScopeBouncer->handle(Object(Illuminate\\Http\\Request), Object(Closure))
#31 /var/www/html/app/Http/Middleware/CompanyMiddleware.php(58): Illuminate\\Pipeline\\Pipeline->Illuminate\\Pipeline\\{closure}(Object(Illuminate\\Http\\Request))
#32 /var/www/html/vendor/laravel/framework/src/Illuminate/Pipeline/Pipeline.php(208): App\\Http\\Middleware\\CompanyMiddleware->handle(Object(Illuminate\\Http\\Request), Object(Closure))
#33 /var/www/html/vendor/laravel/framework/src/Illuminate/Routing/Middleware/SubstituteBindings.php(50): Illuminate\\Pipeline\\Pipeline->Illuminate\\Pipeline\\{closure}(Object(Illuminate\\Http\\Request))
#34 /var/www/html/vendor/laravel/framework/src/Illuminate/Pipeline/Pipeline.php(208): Illuminate\\Routing\\Middleware\\SubstituteBindings->handle(Object(Illuminate\\Http\\Request), Object(Closure))
#35 /var/www/html/vendor/laravel/framework/src/Illuminate/Auth/Middleware/Authenticate.php(63): Illuminate\\Pipeline\\Pipeline->Illuminate\\Pipeline\\{closure}(Object(Illuminate\\Http\\Request))
#36 /var/www/html/vendor/laravel/framework/src/Illuminate/Pipeline/Pipeline.php(208): Illuminate\\Auth\\Middleware\\Authenticate->handle(Object(Illuminate\\Http\\Request), Object(Closure), 'sanctum')
#37 /var/www/html/vendor/laravel/framework/src/Illuminate/Routing/Middleware/ThrottleRequests.php(160): Illuminate\\Pipeline\\Pipeline->Illuminate\\Pipeline\\{closure}(Object(Illuminate\\Http\\Request))
#38 /var/www/html/vendor/laravel/framework/src/Illuminate/Routing/Middleware/ThrottleRequests.php(91): Illuminate\\Routing\\Middleware\\ThrottleRequests->handleRequest(Object(Illuminate\\Http\\Request), Object(Closure), Array)
#39 /var/www/html/vendor/laravel/framework/src/Illuminate/Pipeline/Pipeline.php(208): Illuminate\\Routing\\Middleware\\ThrottleRequests->handle(Object(Illuminate\\Http\\Request), Object(Closure), '180', '1')
#40 /var/www/html/vendor/laravel/sanctum/src/Http/Middleware/EnsureFrontendRequestsAreStateful.php(26): Illuminate\\Pipeline\\Pipeline->Illuminate\\Pipeline\\{closure}(Object(Illuminate\\Http\\Request))
#41 /var/www/html/vendor/laravel/framework/src/Illuminate/Pipeline/Pipeline.php(169): Laravel\\Sanctum\\Http\\Middleware\\EnsureFrontendRequestsAreStateful->Laravel\\Sanctum\\Http\\Middleware\\{closure}(Object(Illuminate\\Http\\Request))
#42 /var/www/html/vendor/laravel/sanctum/src/Http/Middleware/AuthenticateSession.php(66): Illuminate\\Pipeline\\Pipeline->Illuminate\\Pipeline\\{closure}(Object(Illuminate\\Http\\Request))
#43 /var/www/html/vendor/laravel/framework/src/Illuminate/Pipeline/Pipeline.php(208): Laravel\\Sanctum\\Http\\Middleware\\AuthenticateSession->handle(Object(Illuminate\\Http\\Request), Object(Closure))
#44 /var/www/html/vendor/laravel/framework/src/Illuminate/Foundation/Http/Middleware/VerifyCsrfToken.php(87): Illuminate\\Pipeline\\Pipeline->Illuminate\\Pipeline\\{closure}(Object(Illuminate\\Http\\Request))
#45 /var/www/html/vendor/laravel/framework/src/Illuminate/Pipeline/Pipeline.php(208): Illuminate\\Foundation\\Http\\Middleware\\VerifyCsrfToken->handle(Object(Illuminate\\Http\\Request), Object(Closure))
#46 /var/www/html/vendor/laravel/framework/src/Illuminate/Session/Middleware/StartSession.php(120): Illuminate\\Pipeline\\Pipeline->Illuminate\\Pipeline\\{closure}(Object(Illuminate\\Http\\Request))
#47 /var/www/html/vendor/laravel/framework/src/Illuminate/Session/Middleware/StartSession.php(63): Illuminate\\Session\\Middleware\\StartSession->handleStatefulRequest(Object(Illuminate\\Http\\Request), Object(Illuminate\\Session\\Store), Object(Closure))
#48 /var/www/html/vendor/laravel/framework/src/Illuminate/Pipeline/Pipeline.php(208): Illuminate\\Session\\Middleware\\StartSession->handle(Object(Illuminate\\Http\\Request), Object(Closure))
#49 /var/www/html/vendor/laravel/framework/src/Illuminate/Cookie/Middleware/AddQueuedCookiesToResponse.php(36): Illuminate\\Pipeline\\Pipeline->Illuminate\\Pipeline\\{closure}(Object(Illuminate\\Http\\Request))
#50 /var/www/html/vendor/laravel/framework/src/Illuminate/Pipeline/Pipeline.php(208): Illuminate\\Cookie\\Middleware\\AddQueuedCookiesToResponse->handle(Object(Illuminate\\Http\\Request), Object(Closure))
#51 /var/www/html/vendor/laravel/framework/src/Illuminate/Cookie/Middleware/EncryptCookies.php(74): Illuminate\\Pipeline\\Pipeline->Illuminate\\Pipeline\\{closure}(Object(Illuminate\\Http\\Request))
#52 /var/www/html/vendor/laravel/framework/src/Illuminate/Pipeline/Pipeline.php(208): Illuminate\\Cookie\\Middleware\\EncryptCookies->handle(Object(Illuminate\\Http\\Request), Object(Closure))
#53 /var/www/html/vendor/laravel/sanctum/src/Http/Middleware/EnsureFrontendRequestsAreStateful.php(61): Illuminate\\Pipeline\\Pipeline->Illuminate\\Pipeline\\{closure}(Object(Illuminate\\Http\\Request))
#54 /var/www/html/vendor/laravel/framework/src/Illuminate/Pipeline/Pipeline.php(190): Laravel\\Sanctum\\Http\\Middleware\\EnsureFrontendRequestsAreStateful->Laravel\\Sanctum\\Http\\Middleware\\{closure}(Object(Illuminate\\Http\\Request), Object(Closure))
#55 /var/www/html/vendor/laravel/framework/src/Illuminate/Pipeline/Pipeline.php(126): Illuminate\\Pipeline\\Pipeline->Illuminate\\Pipeline\\{closure}(Object(Illuminate\\Http\\Request))
#56 /var/www/html/vendor/laravel/sanctum/src/Http/Middleware/EnsureFrontendRequestsAreStateful.php(25): Illuminate\\Pipeline\\Pipeline->then(Object(Closure))
#57 /var/www/html/vendor/laravel/framework/src/Illuminate/Pipeline/Pipeline.php(208): Laravel\\Sanctum\\Http\\Middleware\\EnsureFrontendRequestsAreStateful->handle(Object(Illuminate\\Http\\Request), Object(Closure))
#58 /var/www/html/vendor/laravel/framework/src/Illuminate/Pipeline/Pipeline.php(126): Illuminate\\Pipeline\\Pipeline->Illuminate\\Pipeline\\{closure}(Object(Illuminate\\Http\\Request))
#59 /var/www/html/vendor/laravel/framework/src/Illuminate/Routing/Router.php(807): Illuminate\\Pipeline\\Pipeline->then(Object(Closure))
#60 /var/www/html/vendor/laravel/framework/src/Illuminate/Routing/Router.php(786): Illuminate\\Routing\\Router->runRouteWithinStack(Object(Illuminate\\Routing\\Route), Object(Illuminate\\Http\\Request))
#61 /var/www/html/vendor/laravel/framework/src/Illuminate/Routing/Router.php(750): Illuminate\\Routing\\Router->runRoute(Object(Illuminate\\Http\\Request), Object(Illuminate\\Routing\\Route))
#62 /var/www/html/vendor/laravel/framework/src/Illuminate/Routing/Router.php(739): Illuminate\\Routing\\Router->dispatchToRoute(Object(Illuminate\\Http\\Request))
#63 /var/www/html/vendor/laravel/framework/src/Illuminate/Foundation/Http/Kernel.php(200): Illuminate\\Routing\\Router->dispatch(Object(Illuminate\\Http\\Request))
#64 /var/www/html/vendor/laravel/framework/src/Illuminate/Pipeline/Pipeline.php(169): Illuminate\\Foundation\\Http\\Kernel->Illuminate\\Foundation\\Http\\{closure}(Object(Illuminate\\Http\\Request))
#65 /var/www/html/app/Http/Middleware/PerformanceMonitoringMiddleware.php(41): Illuminate\\Pipeline\\Pipeline->Illuminate\\Pipeline\\{closure}(Object(Illuminate\\Http\\Request))
#66 /var/www/html/vendor/laravel/framework/src/Illuminate/Pipeline/Pipeline.php(208): App\\Http\\Middleware\\PerformanceMonitoringMiddleware->handle(Object(Illuminate\\Http\\Request), Object(Closure))
#67 /var/www/html/app/Http/Middleware/LocaleMiddleware.php(42): Illuminate\\Pipeline\\Pipeline->Illuminate\\Pipeline\\{closure}(Object(Illuminate\\Http\\Request))
#68 /var/www/html/vendor/laravel/framework/src/Illuminate/Pipeline/Pipeline.php(208): App\\Http\\Middleware\\LocaleMiddleware->handle(Object(Illuminate\\Http\\Request), Object(Closure))
#69 /var/www/html/app/Http/Middleware/ConfigMiddleware.php(38): Illuminate\\Pipeline\\Pipeline->Illuminate\\Pipeline\\{closure}(Object(Illuminate\\Http\\Request))
#70 /var/www/html/vendor/laravel/framework/src/Illuminate/Pipeline/Pipeline.php(208): App\\Http\\Middleware\\ConfigMiddleware->handle(Object(Illuminate\\Http\\Request), Object(Closure))
#71 /var/www/html/vendor/laravel/framework/src/Illuminate/Foundation/Http/Middleware/TransformsRequest.php(21): Illuminate\\Pipeline\\Pipeline->Illuminate\\Pipeline\\{closure}(Object(Illuminate\\Http\\Request))
#72 /var/www/html/vendor/laravel/framework/src/Illuminate/Foundation/Http/Middleware/TrimStrings.php(51): Illuminate\\Foundation\\Http\\Middleware\\TransformsRequest->handle(Object(Illuminate\\Http\\Request), Object(Closure))
#73 /var/www/html/vendor/laravel/framework/src/Illuminate/Pipeline/Pipeline.php(208): Illuminate\\Foundation\\Http\\Middleware\\TrimStrings->handle(Object(Illuminate\\Http\\Request), Object(Closure))
#74 /var/www/html/vendor/laravel/framework/src/Illuminate/Foundation/Http/Middleware/PreventRequestsDuringMaintenance.php(109): Illuminate\\Pipeline\\Pipeline->Illuminate\\Pipeline\\{closure}(Object(Illuminate\\Http\\Request))
#75 /var/www/html/vendor/laravel/framework/src/Illuminate/Pipeline/Pipeline.php(208): Illuminate\\Foundation\\Http\\Middleware\\PreventRequestsDuringMaintenance->handle(Object(Illuminate\\Http\\Request), Object(Closure))
#76 /var/www/html/vendor/laravel/framework/src/Illuminate/Foundation/Http/Middleware/TransformsRequest.php(21): Illuminate\\Pipeline\\Pipeline->Illuminate\\Pipeline\\{closure}(Object(Illuminate\\Http\\Request))
#77 /var/www/html/vendor/laravel/framework/src/Illuminate/Foundation/Http/Middleware/ConvertEmptyStringsToNull.php(31): Illuminate\\Foundation\\Http\\Middleware\\TransformsRequest->handle(Object(Illuminate\\Http\\Request), Object(Closure))
#78 /var/www/html/vendor/laravel/framework/src/Illuminate/Pipeline/Pipeline.php(208): Illuminate\\Foundation\\Http\\Middleware\\ConvertEmptyStringsToNull->handle(Object(Illuminate\\Http\\Request), Object(Closure))
#79 /var/www/html/vendor/laravel/framework/src/Illuminate/Foundation/Http/Middleware/TransformsRequest.php(21): Illuminate\\Pipeline\\Pipeline->Illuminate\\Pipeline\\{closure}(Object(Illuminate\\Http\\Request))
#80 /var/www/html/vendor/laravel/framework/src/Illuminate/Foundation/Http/Middleware/TrimStrings.php(51): Illuminate\\Foundation\\Http\\Middleware\\TransformsRequest->handle(Object(Illuminate\\Http\\Request), Object(Closure))
#81 /var/www/html/vendor/laravel/framework/src/Illuminate/Pipeline/Pipeline.php(208): Illuminate\\Foundation\\Http\\Middleware\\TrimStrings->handle(Object(Illuminate\\Http\\Request), Object(Closure))
#82 /var/www/html/vendor/laravel/framework/src/Illuminate/Http/Middleware/ValidatePostSize.php(27): Illuminate\\Pipeline\\Pipeline->Illuminate\\Pipeline\\{closure}(Object(Illuminate\\Http\\Request))
#83 /var/www/html/vendor/laravel/framework/src/Illuminate/Pipeline/Pipeline.php(208): Illuminate\\Http\\Middleware\\ValidatePostSize->handle(Object(Illuminate\\Http\\Request), Object(Closure))
#84 /var/www/html/vendor/laravel/framework/src/Illuminate/Foundation/Http/Middleware/PreventRequestsDuringMaintenance.php(109): Illuminate\\Pipeline\\Pipeline->Illuminate\\Pipeline\\{closure}(Object(Illuminate\\Http\\Request))
#85 /var/www/html/vendor/laravel/framework/src/Illuminate/Pipeline/Pipeline.php(208): Illuminate\\Foundation\\Http\\Middleware\\PreventRequestsDuringMaintenance->handle(Object(Illuminate\\Http\\Request), Object(Closure))
#86 /var/www/html/vendor/laravel/framework/src/Illuminate/Http/Middleware/HandleCors.php(61): Illuminate\\Pipeline\\Pipeline->Illuminate\\Pipeline\\{closure}(Object(Illuminate\\Http\\Request))
#87 /var/www/html/vendor/laravel/framework/src/Illuminate/Pipeline/Pipeline.php(208): Illuminate\\Http\\Middleware\\HandleCors->handle(Object(Illuminate\\Http\\Request), Object(Closure))
#88 /var/www/html/vendor/laravel/framework/src/Illuminate/Http/Middleware/TrustProxies.php(58): Illuminate\\Pipeline\\Pipeline->Illuminate\\Pipeline\\{closure}(Object(Illuminate\\Http\\Request))
#89 /var/www/html/vendor/laravel/framework/src/Illuminate/Pipeline/Pipeline.php(208): Illuminate\\Http\\Middleware\\TrustProxies->handle(Object(Illuminate\\Http\\Request), Object(Closure))
#90 /var/www/html/vendor/laravel/framework/src/Illuminate/Foundation/Http/Middleware/InvokeDeferredCallbacks.php(22): Illuminate\\Pipeline\\Pipeline->Illuminate\\Pipeline\\{closure}(Object(Illuminate\\Http\\Request))
#91 /var/www/html/vendor/laravel/framework/src/Illuminate/Pipeline/Pipeline.php(208): Illuminate\\Foundation\\Http\\Middleware\\InvokeDeferredCallbacks->handle(Object(Illuminate\\Http\\Request), Object(Closure))
#92 /var/www/html/vendor/laravel/framework/src/Illuminate/Http/Middleware/ValidatePathEncoding.php(26): Illuminate\\Pipeline\\Pipeline->Illuminate\\Pipeline\\{closure}(Object(Illuminate\\Http\\Request))
#93 /var/www/html/vendor/laravel/framework/src/Illuminate/Pipeline/Pipeline.php(208): Illuminate\\Http\\Middleware\\ValidatePathEncoding->handle(Object(Illuminate\\Http\\Request), Object(Closure))
#94 /var/www/html/vendor/laravel/framework/src/Illuminate/Pipeline/Pipeline.php(126): Illuminate\\Pipeline\\Pipeline->Illuminate\\Pipeline\\{closure}(Object(Illuminate\\Http\\Request))
#95 /var/www/html/vendor/laravel/framework/src/Illuminate/Foundation/Http/Kernel.php(175): Illuminate\\Pipeline\\Pipeline->then(Object(Closure))
#96 /var/www/html/vendor/laravel/framework/src/Illuminate/Foundation/Http/Kernel.php(144): Illuminate\\Foundation\\Http\\Kernel->sendRequestThroughRouter(Object(Illuminate\\Http\\Request))
#97 /var/www/html/vendor/laravel/framework/src/Illuminate/Foundation/Application.php(1219): Illuminate\\Foundation\\Http\\Kernel->handle(Object(Illuminate\\Http\\Request))
#98 /var/www/html/public/index.php(17): Illuminate\\Foundation\\Application->handleRequest(Object(Illuminate\\Http\\Request))
#99 {main}"} 