{
    "message": "Request failed with status code 302",
    "name": "AxiosError",
    "stack": "AxiosError: Request failed with status code 302\n    at tA (https://app.facturino.mk/build/assets/main-COSImFeh.js:4:1088)\n    at XMLHttpRequest.y (https://app.facturino.mk/build/assets/main-COSImFeh.js:4:5847)\n    at Vl.request (https://app.facturino.mk/build/assets/main-COSImFeh.js:6:2094)",
    "config": {
        "transitional": {
            "silentJSONParsing": true,
            "forcedJSONParsing": true,
            "clarifyTimeoutError": false
        },
        "adapter": [
            "xhr",
            "http",
            "fetch"
        ],
        "transformRequest": [
            null
        ],
        "transformResponse": [
            null
        ],
        "timeout": 0,
        "xsrfCookieName": "XSRF-TOKEN",
        "xsrfHeaderName": "X-XSRF-TOKEN",
        "maxContentLength": -1,
        "maxBodyLength": -1,
        "env": {},
        "headers": {
            "X-Requested-With": "XMLHttpRequest"
        },
        "withCredentials": true,
        "baseURL": "/api/v1",
        "method": "get",
        "url": "/bootstrap",
        "allowAbsoluteUrls": true
    },
    "status": 302
}