#18 /var/www/html/vendor/laravel/framework/src/Illuminate/Database/Console/Migrations/MigrateCommand.php(116): Illuminate\\Database\\Migrations\\Migrator->run(Array, Array)
#19 /var/www/html/vendor/laravel/framework/src/Illuminate/Database/Migrations/Migrator.php(665): Illuminate\\Database\\Console\\Migrations\\MigrateCommand->Illuminate\\Database\\Console\\Migrations\\{closure}()
#20 /var/www/html/vendor/laravel/framework/src/Illuminate/Database/Console/Migrations/MigrateCommand.php(109): Illuminate\\Database\\Migrations\\Migrator->usingConnection(NULL, Object(Closure))
#21 /var/www/html/vendor/laravel/framework/src/Illuminate/Database/Console/Migrations/MigrateCommand.php(88): Illuminate\\Database\\Console\\Migrations\\MigrateCommand->runMigrations()
#22 /var/www/html/vendor/laravel/framework/src/Illuminate/Container/BoundMethod.php(36): Illuminate\\Database\\Console\\Migrations\\MigrateCommand->handle()
#23 /var/www/html/vendor/laravel/framework/src/Illuminate/Container/Util.php(43): Illuminate\\Container\\BoundMethod::Illuminate\\Container\\{closure}()
#24 /var/www/html/vendor/laravel/framework/src/Illuminate/Container/BoundMethod.php(96): Illuminate\\Container\\Util::unwrapIfClosure(Object(Closure))
#25 /var/www/html/vendor/laravel/framework/src/Illuminate/Container/BoundMethod.php(35): Illuminate\\Container\\BoundMethod::callBoundMethod(Object(Illuminate\\Foundation\\Application), Array, Object(Closure))
#26 /var/www/html/vendor/laravel/framework/src/Illuminate/Container/Container.php(754): Illuminate\\Container\\BoundMethod::call(Object(Illuminate\\Foundation\\Application), Array, Array, NULL)
#27 /var/www/html/vendor/laravel/framework/src/Illuminate/Console/Command.php(211): Illuminate\\Container\\Container->call(Array)
#28 /var/www/html/vendor/symfony/console/Command/Command.php(279): Illuminate\\Console\\Command->execute(Object(Symfony\\Component\\Console\\Input\\ArgvInput), Object(Illuminate\\Console\\OutputStyle))
#29 /var/www/html/vendor/laravel/framework/src/Illuminate/Console/Command.php(180): Symfony\\Component\\Console\\Command\\Command->run(Object(Symfony\\Component\\Console\\Input\\ArgvInput), Object(Illuminate\\Console\\OutputStyle))
#30 /var/www/html/vendor/symfony/console/Application.php(1094): Illuminate\\Console\\Command->run(Object(Symfony\\Component\\Console\\Input\\ArgvInput), Object(Symfony\\Component\\Console\\Output\\ConsoleOutput))
#31 /var/www/html/vendor/symfony/console/Application.php(342): Symfony\\Component\\Console\\Application->doRunCommand(Object(Illuminate\\Database\\Console\\Migrations\\MigrateCommand), Object(Symfony\\Component\\Console\\Input\\ArgvInput), Object(Symfony\\Component\\Console\\Output\\ConsoleOutput))
#32 /var/www/html/vendor/symfony/console/Application.php(193): Symfony\\Component\\Console\\Application->doRun(Object(Symfony\\Component\\Console\\Input\\ArgvInput), Object(Symfony\\Component\\Console\\Output\\ConsoleOutput))
#33 /var/www/html/vendor/laravel/framework/src/Illuminate/Foundation/Console/Kernel.php(197): Symfony\\Component\\Console\\Application->run(Object(Symfony\\Component\\Console\\Input\\ArgvInput), Object(Symfony\\Component\\Console\\Output\\ConsoleOutput))
#34 /var/www/html/vendor/laravel/framework/src/Illuminate/Foundation/Application.php(1234): Illuminate\\Foundation\\Console\\Kernel->handle(Object(Symfony\\Component\\Console\\Input\\ArgvInput), Object(Symfony\\Component\\Console\\Output\\ConsoleOutput))
#35 /var/www/html/artisan(13): Illuminate\\Foundation\\Application->handleCommand(Object(Symfony\\Component\\Console\\Input\\ArgvInput))
#36 {main}
"} 
[2025-12-03 15:58:17] production.INFO: IntelligentFieldMapper initialized {"matcher_count":4,"matchers":["App\\Services\\Import\\Intelligent\\Matchers\\ExactMatcher","App\\Services\\Import\\Intelligent\\Matchers\\SynonymMatcher","App\\Services\\Import\\Intelligent\\Matchers\\FuzzyMatcher","App\\Services\\Import\\Intelligent\\Matchers\\PatternMatcher"]} 
[2025-12-03 15:58:17] production.INFO: ImportService initialized {"intelligent_enabled":true,"fallback_enabled":true} 
[2025-12-03 15:58:17] production.INFO: IntelligentFieldMapper initialized {"matcher_count":4,"matchers":["App\\Services\\Import\\Intelligent\\Matchers\\ExactMatcher","App\\Services\\Import\\Intelligent\\Matchers\\SynonymMatcher","App\\Services\\Import\\Intelligent\\Matchers\\FuzzyMatcher","App\\Services\\Import\\Intelligent\\Matchers\\PatternMatcher"]} 
[2025-12-03 15:58:17] production.INFO: ImportService initialized {"intelligent_enabled":true,"fallback_enabled":true} 
[2025-12-03 15:58:17] production.INFO: IntelligentFieldMapper initialized {"matcher_count":4,"matchers":["App\\Services\\Import\\Intelligent\\Matchers\\ExactMatcher","App\\Services\\Import\\Intelligent\\Matchers\\SynonymMatcher","App\\Services\\Import\\Intelligent\\Matchers\\FuzzyMatcher","App\\Services\\Import\\Intelligent\\Matchers\\PatternMatcher"]} 
[2025-12-03 15:58:17] production.INFO: ImportService initialized {"intelligent_enabled":true,"fallback_enabled":true} 
[2025-12-03 15:58:17] production.INFO: IntelligentFieldMapper initialized {"matcher_count":4,"matchers":["App\\Services\\Import\\Intelligent\\Matchers\\ExactMatcher","App\\Services\\Import\\Intelligent\\Matchers\\SynonymMatcher","App\\Services\\Import\\Intelligent\\Matchers\\FuzzyMatcher","App\\Services\\Import\\Intelligent\\Matchers\\PatternMatcher"]} 
[2025-12-03 15:58:17] production.INFO: ImportService initialized {"intelligent_enabled":true,"fallback_enabled":true} 
[2025-12-03 15:58:17] production.INFO: IntelligentFieldMapper initialized {"matcher_count":4,"matchers":["App\\Services\\Import\\Intelligent\\Matchers\\ExactMatcher","App\\Services\\Import\\Intelligent\\Matchers\\SynonymMatcher","App\\Services\\Import\\Intelligent\\Matchers\\FuzzyMatcher","App\\Services\\Import\\Intelligent\\Matchers\\PatternMatcher"]} 
[2025-12-03 15:58:17] production.INFO: ImportService initialized {"intelligent_enabled":true,"fallback_enabled":true} 
[2025-12-03 15:58:17] production.INFO: IntelligentFieldMapper initialized {"matcher_count":4,"matchers":["App\\Services\\Import\\Intelligent\\Matchers\\ExactMatcher","App\\Services\\Import\\Intelligent\\Matchers\\SynonymMatcher","App\\Services\\Import\\Intelligent\\Matchers\\FuzzyMatcher","App\\Services\\Import\\Intelligent\\Matchers\\PatternMatcher"]} 
[2025-12-03 15:58:17] production.INFO: ImportService initialized {"intelligent_enabled":true,"fallback_enabled":true} 
[2025-12-03 15:58:17] production.INFO: IntelligentFieldMapper initialized {"matcher_count":4,"matchers":["App\\Services\\Import\\Intelligent\\Matchers\\ExactMatcher","App\\Services\\Import\\Intelligent\\Matchers\\SynonymMatcher","App\\Services\\Import\\Intelligent\\Matchers\\FuzzyMatcher","App\\Services\\Import\\Intelligent\\Matchers\\PatternMatcher"]} 
[2025-12-03 15:58:17] production.INFO: ImportService initialized {"intelligent_enabled":true,"fallback_enabled":true} 
[2025-12-03 15:58:17] production.INFO: IntelligentFieldMapper initialized {"matcher_count":4,"matchers":["App\\Services\\Import\\Intelligent\\Matchers\\ExactMatcher","App\\Services\\Import\\Intelligent\\Matchers\\SynonymMatcher","App\\Services\\Import\\Intelligent\\Matchers\\FuzzyMatcher","App\\Services\\Import\\Intelligent\\Matchers\\PatternMatcher"]} 
[2025-12-03 15:58:17] production.INFO: ImportService initialized {"intelligent_enabled":true,"fallback_enabled":true} 
[2025-12-03 15:58:17] production.INFO: IntelligentFieldMapper initialized {"matcher_count":4,"matchers":["App\\Services\\Import\\Intelligent\\Matchers\\ExactMatcher","App\\Services\\Import\\Intelligent\\Matchers\\SynonymMatcher","App\\Services\\Import\\Intelligent\\Matchers\\FuzzyMatcher","App\\Services\\Import\\Intelligent\\Matchers\\PatternMatcher"]} 
[2025-12-03 15:58:17] production.INFO: ImportService initialized {"intelligent_enabled":true,"fallback_enabled":true} 
[2025-12-03 15:58:23] production.WARNING: Health check: Certificate file not found {"path":"/var/www/html/storage/certificates/certificate.pem"} 
[2025-12-03 15:58:24] production.WARNING: Health check: Missing Paddle configuration {"missing":["cashier.seller_id","cashier.api_key","cashier.public_key","cashier.webhook.secret"],"note":"Paddle not configured yet - this is expected until production setup"} 
[2025-12-03 15:59:16] production.ERROR: Carbon\Carbon::format(): Argument #1 ($format) must be of type string, null given, called in /var/www/html/app/Models/Invoice.php on line 230 {"userId":2,"exception":"[object] (TypeError(code: 0): Carbon\\Carbon::format(): Argument #1 ($format) must be of type string, null given, called in /var/www/html/app/Models/Invoice.php on line 230 at /var/www/html/vendor/nesbot/carbon/src/Carbon/Traits/Converter.php:47)
[stacktrace]
#0 /var/www/html/app/Models/Invoice.php(230): Carbon\\Carbon->format(NULL)
#1 /var/www/html/vendor/laravel/framework/src/Illuminate/Database/Eloquent/Concerns/HasAttributes.php(705): App\\Models\\Invoice->getFormattedCreatedAtAttribute(NULL)
#2 /var/www/html/vendor/laravel/framework/src/Illuminate/Database/Eloquent/Concerns/HasAttributes.php(755): Illuminate\\Database\\Eloquent\\Model->mutateAttribute('formattedCreate...', NULL)
#3 /var/www/html/vendor/laravel/framework/src/Illuminate/Database/Eloquent/Concerns/HasAttributes.php(231): Illuminate\\Database\\Eloquent\\Model->mutateAttributeForArray('formattedCreate...', NULL)
#4 /var/www/html/vendor/laravel/framework/src/Illuminate/Database/Eloquent/Model.php(1732): Illuminate\\Database\\Eloquent\\Model->attributesToArray()
#5 [internal function]: Illuminate\\Database\\Eloquent\\Model->Illuminate\\Database\\Eloquent\\{closure}()
#6 /var/www/html/vendor/laravel/framework/src/Illuminate/Database/Eloquent/Concerns/PreventsCircularRecursion.php(46): call_user_func(Object(Closure))
#7 /var/www/html/vendor/laravel/framework/src/Illuminate/Database/Eloquent/Model.php(1731): Illuminate\\Database\\Eloquent\\Model->withoutRecursion(Object(Closure), Object(Closure))
#8 /var/www/html/vendor/laravel/framework/src/Illuminate/Database/Eloquent/Model.php(1763): Illuminate\\Database\\Eloquent\\Model->toArray()
#9 /var/www/html/vendor/laravel/framework/src/Illuminate/Collections/Traits/EnumeratesValues.php(968): Illuminate\\Database\\Eloquent\\Model->jsonSerialize()
#10 [internal function]: Illuminate\\Support\\Collection->Illuminate\\Support\\Traits\\{closure}(Object(App\\Models\\Invoice))
#11 /var/www/html/vendor/laravel/framework/src/Illuminate/Collections/Traits/EnumeratesValues.php(966): array_map(Object(Closure), Array)
#12 [internal function]: Illuminate\\Support\\Collection->jsonSerialize()
#13 /var/www/html/vendor/laravel/framework/src/Illuminate/Http/JsonResponse.php(85): json_encode(Array, 0)
#14 /var/www/html/vendor/symfony/http-foundation/JsonResponse.php(49): Illuminate\\Http\\JsonResponse->setData(Array)
#15 /var/www/html/vendor/laravel/framework/src/Illuminate/Http/JsonResponse.php(31): Symfony\\Component\\HttpFoundation\\JsonResponse->__construct(Array, 200, Array, false)
#16 /var/www/html/vendor/laravel/framework/src/Illuminate/Routing/ResponseFactory.php(104): Illuminate\\Http\\JsonResponse->__construct(Array, 200, Array, 0)
#17 /var/www/html/app/Http/Controllers/V1/Admin/Dashboard/DashboardController.php(32): Illuminate\\Routing\\ResponseFactory->json(Array)
#18 /var/www/html/vendor/laravel/framework/src/Illuminate/Routing/Controller.php(54): App\\Http\\Controllers\\V1\\Admin\\Dashboard\\DashboardController->__invoke(Object(Illuminate\\Http\\Request))
#19 /var/www/html/vendor/laravel/framework/src/Illuminate/Routing/ControllerDispatcher.php(43): Illuminate\\Routing\\Controller->callAction('__invoke', Array)
#20 /var/www/html/vendor/laravel/framework/src/Illuminate/Routing/Route.php(265): Illuminate\\Routing\\ControllerDispatcher->dispatch(Object(Illuminate\\Routing\\Route), Object(App\\Http\\Controllers\\V1\\Admin\\Dashboard\\DashboardController), '__invoke')
#21 /var/www/html/vendor/laravel/framework/src/Illuminate/Routing/Route.php(211): Illuminate\\Routing\\Route->runController()
#22 /var/www/html/vendor/laravel/framework/src/Illuminate/Routing/Router.php(808): Illuminate\\Routing\\Route->run()
#23 /var/www/html/vendor/laravel/framework/src/Illuminate/Pipeline/Pipeline.php(169): Illuminate\\Routing\\Router->Illuminate\\Routing\\{closure}(Object(Illuminate\\Http\\Request))
#24 /var/www/html/app/Http/Middleware/ScopeBouncer.php(53): Illuminate\\Pipeline\\Pipeline->Illuminate\\Pipeline\\{closure}(Object(Illuminate\\Http\\Request))
#25 /var/www/html/vendor/laravel/framework/src/Illuminate/Pipeline/Pipeline.php(208): App\\Http\\Middleware\\ScopeBouncer->handle(Object(Illuminate\\Http\\Request), Object(Closure))
#26 /var/www/html/app/Http/Middleware/CompanyMiddleware.php(64): Illuminate\\Pipeline\\Pipeline->Illuminate\\Pipeline\\{closure}(Object(Illuminate\\Http\\Request))
#27 /var/www/html/vendor/laravel/framework/src/Illuminate/Pipeline/Pipeline.php(208): App\\Http\\Middleware\\CompanyMiddleware->handle(Object(Illuminate\\Http\\Request), Object(Closure))
#28 /var/www/html/vendor/laravel/framework/src/Illuminate/Routing/Middleware/SubstituteBindings.php(50): Illuminate\\Pipeline\\Pipeline->Illuminate\\Pipeline\\{closure}(Object(Illuminate\\Http\\Request))
#29 /var/www/html/vendor/laravel/framework/src/Illuminate/Pipeline/Pipeline.php(208): Illuminate\\Routing\\Middleware\\SubstituteBindings->handle(Object(Illuminate\\Http\\Request), Object(Closure))
#30 /var/www/html/vendor/laravel/framework/src/Illuminate/Auth/Middleware/Authenticate.php(63): Illuminate\\Pipeline\\Pipeline->Illuminate\\Pipeline\\{closure}(Object(Illuminate\\Http\\Request))
#31 /var/www/html/app/Http/Middleware/Authenticate.php(19): Illuminate\\Auth\\Middleware\\Authenticate->handle(Object(Illuminate\\Http\\Request), Object(Closure), 'sanctum')
#32 /var/www/html/vendor/laravel/framework/src/Illuminate/Pipeline/Pipeline.php(208): App\\Http\\Middleware\\Authenticate->handle(Object(Illuminate\\Http\\Request), Object(Closure), 'sanctum')
#33 /var/www/html/vendor/laravel/framework/src/Illuminate/Routing/Middleware/ThrottleRequests.php(160): Illuminate\\Pipeline\\Pipeline->Illuminate\\Pipeline\\{closure}(Object(Illuminate\\Http\\Request))
#34 /var/www/html/vendor/laravel/framework/src/Illuminate/Routing/Middleware/ThrottleRequests.php(91): Illuminate\\Routing\\Middleware\\ThrottleRequests->handleRequest(Object(Illuminate\\Http\\Request), Object(Closure), Array)
#35 /var/www/html/vendor/laravel/framework/src/Illuminate/Pipeline/Pipeline.php(208): Illuminate\\Routing\\Middleware\\ThrottleRequests->handle(Object(Illuminate\\Http\\Request), Object(Closure), '180', '1')
#36 /var/www/html/vendor/laravel/sanctum/src/Http/Middleware/EnsureFrontendRequestsAreStateful.php(26): Illuminate\\Pipeline\\Pipeline->Illuminate\\Pipeline\\{closure}(Object(Illuminate\\Http\\Request))
#37 /var/www/html/vendor/laravel/framework/src/Illuminate/Pipeline/Pipeline.php(169): Laravel\\Sanctum\\Http\\Middleware\\EnsureFrontendRequestsAreStateful->Laravel\\Sanctum\\Http\\Middleware\\{closure}(Object(Illuminate\\Http\\Request))
#38 /var/www/html/vendor/laravel/sanctum/src/Http/Middleware/AuthenticateSession.php(66): Illuminate\\Pipeline\\Pipeline->Illuminate\\Pipeline\\{closure}(Object(Illuminate\\Http\\Request))
#39 /var/www/html/vendor/laravel/framework/src/Illuminate/Pipeline/Pipeline.php(208): Laravel\\Sanctum\\Http\\Middleware\\AuthenticateSession->handle(Object(Illuminate\\Http\\Request), Object(Closure))
#40 /var/www/html/vendor/laravel/framework/src/Illuminate/Foundation/Http/Middleware/VerifyCsrfToken.php(87): Illuminate\\Pipeline\\Pipeline->Illuminate\\Pipeline\\{closure}(Object(Illuminate\\Http\\Request))
#41 /var/www/html/vendor/laravel/framework/src/Illuminate/Pipeline/Pipeline.php(208): Illuminate\\Foundation\\Http\\Middleware\\VerifyCsrfToken->handle(Object(Illuminate\\Http\\Request), Object(Closure))
#42 /var/www/html/vendor/laravel/framework/src/Illuminate/Session/Middleware/StartSession.php(120): Illuminate\\Pipeline\\Pipeline->Illuminate\\Pipeline\\{closure}(Object(Illuminate\\Http\\Request))
#43 /var/www/html/vendor/laravel/framework/src/Illuminate/Session/Middleware/StartSession.php(63): Illuminate\\Session\\Middleware\\StartSession->handleStatefulRequest(Object(Illuminate\\Http\\Request), Object(Illuminate\\Session\\Store), Object(Closure))
#44 /var/www/html/vendor/laravel/framework/src/Illuminate/Pipeline/Pipeline.php(208): Illuminate\\Session\\Middleware\\StartSession->handle(Object(Illuminate\\Http\\Request), Object(Closure))
#45 /var/www/html/vendor/laravel/framework/src/Illuminate/Cookie/Middleware/AddQueuedCookiesToResponse.php(36): Illuminate\\Pipeline\\Pipeline->Illuminate\\Pipeline\\{closure}(Object(Illuminate\\Http\\Request))
#46 /var/www/html/vendor/laravel/framework/src/Illuminate/Pipeline/Pipeline.php(208): Illuminate\\Cookie\\Middleware\\AddQueuedCookiesToResponse->handle(Object(Illuminate\\Http\\Request), Object(Closure))
#47 /var/www/html/vendor/laravel/framework/src/Illuminate/Cookie/Middleware/EncryptCookies.php(74): Illuminate\\Pipeline\\Pipeline->Illuminate\\Pipeline\\{closure}(Object(Illuminate\\Http\\Request))
#48 /var/www/html/vendor/laravel/framework/src/Illuminate/Pipeline/Pipeline.php(208): Illuminate\\Cookie\\Middleware\\EncryptCookies->handle(Object(Illuminate\\Http\\Request), Object(Closure))
#49 /var/www/html/vendor/laravel/sanctum/src/Http/Middleware/EnsureFrontendRequestsAreStateful.php(61): Illuminate\\Pipeline\\Pipeline->Illuminate\\Pipeline\\{closure}(Object(Illuminate\\Http\\Request))
#50 /var/www/html/vendor/laravel/framework/src/Illuminate/Pipeline/Pipeline.php(190): Laravel\\Sanctum\\Http\\Middleware\\EnsureFrontendRequestsAreStateful->Laravel\\Sanctum\\Http\\Middleware\\{closure}(Object(Illuminate\\Http\\Request), Object(Closure))
#51 /var/www/html/vendor/laravel/framework/src/Illuminate/Pipeline/Pipeline.php(126): Illuminate\\Pipeline\\Pipeline->Illuminate\\Pipeline\\{closure}(Object(Illuminate\\Http\\Request))
#52 /var/www/html/vendor/laravel/sanctum/src/Http/Middleware/EnsureFrontendRequestsAreStateful.php(25): Illuminate\\Pipeline\\Pipeline->then(Object(Closure))
#53 /var/www/html/vendor/laravel/framework/src/Illuminate/Pipeline/Pipeline.php(208): Laravel\\Sanctum\\Http\\Middleware\\EnsureFrontendRequestsAreStateful->handle(Object(Illuminate\\Http\\Request), Object(Closure))
#54 /var/www/html/vendor/laravel/framework/src/Illuminate/Pipeline/Pipeline.php(126): Illuminate\\Pipeline\\Pipeline->Illuminate\\Pipeline\\{closure}(Object(Illuminate\\Http\\Request))
#55 /var/www/html/vendor/laravel/framework/src/Illuminate/Routing/Router.php(807): Illuminate\\Pipeline\\Pipeline->then(Object(Closure))
#56 /var/www/html/vendor/laravel/framework/src/Illuminate/Routing/Router.php(786): Illuminate\\Routing\\Router->runRouteWithinStack(Object(Illuminate\\Routing\\Route), Object(Illuminate\\Http\\Request))
#57 /var/www/html/vendor/laravel/framework/src/Illuminate/Routing/Router.php(750): Illuminate\\Routing\\Router->runRoute(Object(Illuminate\\Http\\Request), Object(Illuminate\\Routing\\Route))
#58 /var/www/html/vendor/laravel/framework/src/Illuminate/Routing/Router.php(739): Illuminate\\Routing\\Router->dispatchToRoute(Object(Illuminate\\Http\\Request))
#59 /var/www/html/vendor/laravel/framework/src/Illuminate/Foundation/Http/Kernel.php(200): Illuminate\\Routing\\Router->dispatch(Object(Illuminate\\Http\\Request))
#60 /var/www/html/vendor/laravel/framework/src/Illuminate/Pipeline/Pipeline.php(169): Illuminate\\Foundation\\Http\\Kernel->Illuminate\\Foundation\\Http\\{closure}(Object(Illuminate\\Http\\Request))
#61 /var/www/html/app/Http/Middleware/PerformanceMonitoringMiddleware.php(42): Illuminate\\Pipeline\\Pipeline->Illuminate\\Pipeline\\{closure}(Object(Illuminate\\Http\\Request))
#62 /var/www/html/vendor/laravel/framework/src/Illuminate/Pipeline/Pipeline.php(208): App\\Http\\Middleware\\PerformanceMonitoringMiddleware->handle(Object(Illuminate\\Http\\Request), Object(Closure))
#63 /var/www/html/app/Http/Middleware/LocaleMiddleware.php(40): Illuminate\\Pipeline\\Pipeline->Illuminate\\Pipeline\\{closure}(Object(Illuminate\\Http\\Request))
#64 /var/www/html/vendor/laravel/framework/src/Illuminate/Pipeline/Pipeline.php(208): App\\Http\\Middleware\\LocaleMiddleware->handle(Object(Illuminate\\Http\\Request), Object(Closure))
#65 /var/www/html/app/Http/Middleware/ConfigMiddleware.php(38): Illuminate\\Pipeline\\Pipeline->Illuminate\\Pipeline\\{closure}(Object(Illuminate\\Http\\Request))
#66 /var/www/html/vendor/laravel/framework/src/Illuminate/Pipeline/Pipeline.php(208): App\\Http\\Middleware\\ConfigMiddleware->handle(Object(Illuminate\\Http\\Request), Object(Closure))
#67 /var/www/html/app/Http/Middleware/SecurityHeaders.php(22): Illuminate\\Pipeline\\Pipeline->Illuminate\\Pipeline\\{closure}(Object(Illuminate\\Http\\Request))
#68 /var/www/html/vendor/laravel/framework/src/Illuminate/Pipeline/Pipeline.php(208): App\\Http\\Middleware\\SecurityHeaders->handle(Object(Illuminate\\Http\\Request), Object(Closure))
#69 /var/www/html/vendor/laravel/framework/src/Illuminate/Foundation/Http/Middleware/TransformsRequest.php(21): Illuminate\\Pipeline\\Pipeline->Illuminate\\Pipeline\\{closure}(Object(Illuminate\\Http\\Request))
#70 /var/www/html/vendor/laravel/framework/src/Illuminate/Foundation/Http/Middleware/ConvertEmptyStringsToNull.php(31): Illuminate\\Foundation\\Http\\Middleware\\TransformsRequest->handle(Object(Illuminate\\Http\\Request), Object(Closure))
#71 /var/www/html/vendor/laravel/framework/src/Illuminate/Pipeline/Pipeline.php(208): Illuminate\\Foundation\\Http\\Middleware\\ConvertEmptyStringsToNull->handle(Object(Illuminate\\Http\\Request), Object(Closure))
#72 /var/www/html/vendor/laravel/framework/src/Illuminate/Foundation/Http/Middleware/TransformsRequest.php(21): Illuminate\\Pipeline\\Pipeline->Illuminate\\Pipeline\\{closure}(Object(Illuminate\\Http\\Request))
#73 /var/www/html/vendor/laravel/framework/src/Illuminate/Foundation/Http/Middleware/TrimStrings.php(51): Illuminate\\Foundation\\Http\\Middleware\\TransformsRequest->handle(Object(Illuminate\\Http\\Request), Object(Closure))
#74 /var/www/html/vendor/laravel/framework/src/Illuminate/Pipeline/Pipeline.php(208): Illuminate\\Foundation\\Http\\Middleware\\TrimStrings->handle(Object(Illuminate\\Http\\Request), Object(Closure))
#75 /var/www/html/vendor/laravel/framework/src/Illuminate/Http/Middleware/ValidatePostSize.php(27): Illuminate\\Pipeline\\Pipeline->Illuminate\\Pipeline\\{closure}(Object(Illuminate\\Http\\Request))
#76 /var/www/html/vendor/laravel/framework/src/Illuminate/Pipeline/Pipeline.php(208): Illuminate\\Http\\Middleware\\ValidatePostSize->handle(Object(Illuminate\\Http\\Request), Object(Closure))
#77 /var/www/html/vendor/laravel/framework/src/Illuminate/Foundation/Http/Middleware/PreventRequestsDuringMaintenance.php(109): Illuminate\\Pipeline\\Pipeline->Illuminate\\Pipeline\\{closure}(Object(Illuminate\\Http\\Request))
#78 /var/www/html/vendor/laravel/framework/src/Illuminate/Pipeline/Pipeline.php(208): Illuminate\\Foundation\\Http\\Middleware\\PreventRequestsDuringMaintenance->handle(Object(Illuminate\\Http\\Request), Object(Closure))
#79 /var/www/html/vendor/laravel/framework/src/Illuminate/Http/Middleware/HandleCors.php(61): Illuminate\\Pipeline\\Pipeline->Illuminate\\Pipeline\\{closure}(Object(Illuminate\\Http\\Request))
#80 /var/www/html/vendor/laravel/framework/src/Illuminate/Pipeline/Pipeline.php(208): Illuminate\\Http\\Middleware\\HandleCors->handle(Object(Illuminate\\Http\\Request), Object(Closure))
#81 /var/www/html/vendor/laravel/framework/src/Illuminate/Http/Middleware/TrustProxies.php(58): Illuminate\\Pipeline\\Pipeline->Illuminate\\Pipeline\\{closure}(Object(Illuminate\\Http\\Request))
#82 /var/www/html/vendor/laravel/framework/src/Illuminate/Pipeline/Pipeline.php(208): Illuminate\\Http\\Middleware\\TrustProxies->handle(Object(Illuminate\\Http\\Request), Object(Closure))
#83 /var/www/html/vendor/laravel/framework/src/Illuminate/Foundation/Http/Middleware/InvokeDeferredCallbacks.php(22): Illuminate\\Pipeline\\Pipeline->Illuminate\\Pipeline\\{closure}(Object(Illuminate\\Http\\Request))
#84 /var/www/html/vendor/laravel/framework/src/Illuminate/Pipeline/Pipeline.php(208): Illuminate\\Foundation\\Http\\Middleware\\InvokeDeferredCallbacks->handle(Object(Illuminate\\Http\\Request), Object(Closure))
#85 /var/www/html/vendor/laravel/framework/src/Illuminate/Http/Middleware/ValidatePathEncoding.php(26): Illuminate\\Pipeline\\Pipeline->Illuminate\\Pipeline\\{closure}(Object(Illuminate\\Http\\Request))
#86 /var/www/html/vendor/laravel/framework/src/Illuminate/Pipeline/Pipeline.php(208): Illuminate\\Http\\Middleware\\ValidatePathEncoding->handle(Object(Illuminate\\Http\\Request), Object(Closure))
#87 /var/www/html/vendor/laravel/framework/src/Illuminate/Pipeline/Pipeline.php(126): Illuminate\\Pipeline\\Pipeline->Illuminate\\Pipeline\\{closure}(Object(Illuminate\\Http\\Request))
#88 /var/www/html/vendor/laravel/framework/src/Illuminate/Foundation/Http/Kernel.php(175): Illuminate\\Pipeline\\Pipeline->then(Object(Closure))
#89 /var/www/html/vendor/laravel/framework/src/Illuminate/Foundation/Http/Kernel.php(144): Illuminate\\Foundation\\Http\\Kernel->sendRequestThroughRouter(Object(Illuminate\\Http\\Request))
#90 /var/www/html/vendor/laravel/framework/src/Illuminate/Foundation/Application.php(1219): Illuminate\\Foundation\\Http\\Kernel->handle(Object(Illuminate\\Http\\Request))
#91 /var/www/html/public/index.php(17): Illuminate\\Foundation\\Application->handleRequest(Object(Illuminate\\Http\\Request))
#92 {main}
"} 
[2025-12-03 15:59:17] production.WARNING: Slow operation detected {"operation":"req_69305e551ac93","execution_time_ms":458.18,"memory_used_bytes":2097152,"memory_used_mb":2.0} 
[2025-12-03 15:59:17] production.WARNING: Slow request detected {"operation":"req_69305e551ac93","execution_time_ms":458.18,"memory_used_bytes":2097152,"memory_used_mb":2.0,"method":"GET","url":"https://app.facturino.mk/api/v1/bootstrap","route":null,"user_id":2,"company_id":"2","ip":"77.28.47.225","user_agent":"Mozilla/5.0 (Macintosh; Intel Mac OS X 10_15_7) AppleWebKit/537.36 (KHTML, like Gecko) Chrome/142.0.0.0 Safari/537.36","response_status":200} 
[2025-12-03 15:59:17] production.INFO: PartnerScopeMiddleware START {"url":"https://app.facturino.mk/api/v1/console/companies","method":"GET"} 
[2025-12-03 15:59:17] production.INFO: PartnerScopeMiddleware - Partner found {"partner_id":2,"is_active":true} 
[2025-12-03 15:59:17] production.INFO: PartnerScopeMiddleware - Company context {"company_id":null,"url":"https://app.facturino.mk/api/v1/console/companies"} 
[2025-12-03 15:59:17] production.INFO: PartnerScopeMiddleware - Skipping company check for console/listing route  
[2025-12-03 15:59:17] production.INFO: PartnerScopeMiddleware - Passing to controller  
[2025-12-03 15:59:17] production.INFO: AccountantConsoleController::index START {"user_id":2,"user_email":"your-email@example.com"} 
[2025-12-03 15:59:17] production.INFO: AccountantConsoleController::index - Partner found {"partner_id":2,"partner_email":"your-email@example.com"} 
[2025-12-03 15:59:17] production.INFO: AccountantConsoleController::index - Fetching managed companies  
[2025-12-03 15:59:17] production.INFO: AccountantConsoleController::index - Managed companies fetched {"count":0} 
[2025-12-03 15:59:17] production.INFO: AccountantConsoleController::index - Fetching referred companies  
[2025-12-03 15:59:17] production.INFO: AccountantConsoleController::index - Referred companies fetched {"count":0} 
[2025-12-03 15:59:17] production.INFO: AccountantConsoleController::index - Fetching pending invitations  
[2025-12-03 15:59:17] production.INFO: AccountantConsoleController::index - Pending invitations fetched {"count":0,"data":[]} 
[2025-12-03 15:59:17] production.INFO: AccountantConsoleController::index response {"partner_id":2,"managed_count":0,"referred_count":0,"pending_count":0} 
[2025-12-03 15:59:19] production.WARNING: Slow operation detected {"operation":"req_69305e5440d20","execution_time_ms":3001.21,"memory_used_bytes":12582912,"memory_used_mb":12.0} 
[2025-12-03 15:59:19] production.WARNING: Slow request detected {"operation":"req_69305e5440d20","execution_time_ms":3001.21,"memory_used_bytes":12582912,"memory_used_mb":12.0,"method":"GET","url":"https://app.facturino.mk/api/v1/invoices","route":null,"user_id":2,"company_id":"2","ip":"77.28.47.225","user_agent":"Mozilla/5.0 (Macintosh; Intel Mac OS X 10_15_7) AppleWebKit/537.36 (KHTML, like Gecko) Chrome/142.0.0.0 Safari/537.36","response_status":200} 
[2025-12-03 15:59:20] production.WARNING: Slow operation detected {"operation":"req_69305e55d8b60","execution_time_ms":2821.36,"memory_used_bytes":4194304,"memory_used_mb":4.0} 
[2025-12-03 15:59:20] production.WARNING: Slow request detected {"operation":"req_69305e55d8b60","execution_time_ms":2821.36,"memory_used_bytes":4194304,"memory_used_mb":4.0,"method":"GET","url":"https://app.facturino.mk/api/v1/invoices","route":null,"user_id":2,"company_id":"2","ip":"77.28.47.225","user_agent":"Mozilla/5.0 (Macintosh; Intel Mac OS X 10_15_7) AppleWebKit/537.36 (KHTML, like Gecko) Chrome/142.0.0.0 Safari/537.36","response_status":200} 
[2025-12-03 15:59:21] production.WARNING: Slow operation detected {"operation":"req_69305e5939245","execution_time_ms":448.71,"memory_used_bytes":2097152,"memory_used_mb":2.0} 
[2025-12-03 15:59:21] production.WARNING: Slow request detected {"operation":"req_69305e5939245","execution_time_ms":448.71,"memory_used_bytes":2097152,"memory_used_mb":2.0,"method":"GET","url":"https://app.facturino.mk/api/v1/proforma-invoices","route":"proforma-invoices.index","user_id":2,"company_id":"2","ip":"77.28.47.225","user_agent":"Mozilla/5.0 (Macintosh; Intel Mac OS X 10_15_7) AppleWebKit/537.36 (KHTML, like Gecko) Chrome/142.0.0.0 Safari/537.36","response_status":200} 
[2025-12-03 15:59:21] production.WARNING: Slow operation detected {"operation":"req_69305e59390ca","execution_time_ms":760.16,"memory_used_bytes":2097152,"memory_used_mb":2.0} 
[2025-12-03 15:59:21] production.WARNING: Slow request detected {"operation":"req_69305e59390ca","execution_time_ms":760.16,"memory_used_bytes":2097152,"memory_used_mb":2.0,"method":"GET","url":"https://app.facturino.mk/api/v1/customers","route":"customers.index","user_id":2,"company_id":"2","ip":"77.28.47.225","user_agent":"Mozilla/5.0 (Macintosh; Intel Mac OS X 10_15_7) AppleWebKit/537.36 (KHTML, like Gecko) Chrome/142.0.0.0 Safari/537.36","response_status":200} 
[2025-12-03 15:59:28] production.WARNING: Slow operation detected {"operation":"req_69305e605028c","execution_time_ms":359.37,"memory_used_bytes":2097152,"memory_used_mb":2.0} 
[2025-12-03 15:59:28] production.WARNING: Slow request detected {"operation":"req_69305e605028c","execution_time_ms":359.37,"memory_used_bytes":2097152,"memory_used_mb":2.0,"method":"GET","url":"https://app.facturino.mk/api/v1/proforma-invoices","route":"proforma-invoices.index","user_id":2,"company_id":"2","ip":"77.28.47.225","user_agent":"Mozilla/5.0 (Macintosh; Intel Mac OS X 10_15_7) AppleWebKit/537.36 (KHTML, like Gecko) Chrome/142.0.0.0 Safari/537.36","response_status":200} 
[2025-12-03 15:59:28] production.WARNING: Slow operation detected {"operation":"req_69305e605028c","execution_time_ms":378.02,"memory_used_bytes":2097152,"memory_used_mb":2.0} 
[2025-12-03 15:59:28] production.WARNING: Slow request detected {"operation":"req_69305e605028c","execution_time_ms":378.02,"memory_used_bytes":2097152,"memory_used_mb":2.0,"method":"GET","url":"https://app.facturino.mk/api/v1/proforma-invoices/1","route":"proforma-invoices.show","user_id":2,"company_id":"2","ip":"77.28.47.225","user_agent":"Mozilla/5.0 (Macintosh; Intel Mac OS X 10_15_7) AppleWebKit/537.36 (KHTML, like Gecko) Chrome/142.0.0.0 Safari/537.36","response_status":200} 
[2025-12-03 16:00:17] production.WARNING: Slow operation detected {"operation":"req_69305e906b0fb","execution_time_ms":1010.45,"memory_used_bytes":0,"memory_used_mb":0.0} 
[2025-12-03 16:00:17] production.WARNING: Slow request detected {"operation":"req_69305e906b0fb","execution_time_ms":1010.45,"memory_used_bytes":0,"memory_used_mb":0.0,"method":"GET","url":"https://app.facturino.mk/api/v1/customers","route":"customers.index","user_id":2,"company_id":"2","ip":"77.28.47.225","user_agent":"Mozilla/5.0 (Macintosh; Intel Mac OS X 10_15_7) AppleWebKit/537.36 (KHTML, like Gecko) Chrome/142.0.0.0 Safari/537.36","response_status":200} 
[2025-12-03 16:00:19] production.WARNING: Slow operation detected {"operation":"req_69305e906b76e","execution_time_ms":2726.08,"memory_used_bytes":4194304,"memory_used_mb":4.0} 
[2025-12-03 16:00:19] production.WARNING: Slow request detected {"operation":"req_69305e906b76e","execution_time_ms":2726.08,"memory_used_bytes":4194304,"memory_used_mb":4.0,"method":"GET","url":"https://app.facturino.mk/api/v1/invoices","route":null,"user_id":2,"company_id":"2","ip":"77.28.47.225","user_agent":"Mozilla/5.0 (Macintosh; Intel Mac OS X 10_15_7) AppleWebKit/537.36 (KHTML, like Gecko) Chrome/142.0.0.0 Safari/537.36","response_status":200} 
[2025-12-03 16:00:20] production.WARNING: Health check: Certificate file not found {"path":"/var/www/html/storage/certificates/certificate.pem"} 
[2025-12-03 16:00:20] production.WARNING: Health check: Missing Paddle configuration {"missing":["cashier.seller_id","cashier.api_key","cashier.public_key","cashier.webhook.secret"],"note":"Paddle not configured yet - this is expected until production setup"} 
[2025-12-03 16:00:38] production.INFO: PartnerScopeMiddleware START {"url":"https://app.facturino.mk/api/v1/console/companies","method":"GET"} 
[2025-12-03 16:00:38] production.INFO: PartnerScopeMiddleware - Partner found {"partner_id":2,"is_active":true} 
[2025-12-03 16:00:38] production.INFO: PartnerScopeMiddleware - Company context {"company_id":null,"url":"https://app.facturino.mk/api/v1/console/companies"} 
[2025-12-03 16:00:38] production.INFO: PartnerScopeMiddleware - Skipping company check for console/listing route  
[2025-12-03 16:00:38] production.INFO: PartnerScopeMiddleware - Passing to controller  
[2025-12-03 16:00:38] production.INFO: AccountantConsoleController::index START {"user_id":2,"user_email":"your-email@example.com"} 
[2025-12-03 16:00:38] production.INFO: AccountantConsoleController::index - Partner found {"partner_id":2,"partner_email":"your-email@example.com"} 
[2025-12-03 16:00:38] production.INFO: AccountantConsoleController::index - Fetching managed companies  
[2025-12-03 16:00:38] production.INFO: AccountantConsoleController::index - Managed companies fetched {"count":0} 
[2025-12-03 16:00:38] production.INFO: AccountantConsoleController::index - Fetching referred companies  
[2025-12-03 16:00:38] production.INFO: AccountantConsoleController::index - Referred companies fetched {"count":0} 
[2025-12-03 16:00:38] production.INFO: AccountantConsoleController::index - Fetching pending invitations  
[2025-12-03 16:00:38] production.INFO: AccountantConsoleController::index - Pending invitations fetched {"count":0,"data":[]} 
[2025-12-03 16:00:38] production.INFO: AccountantConsoleController::index response {"partner_id":2,"managed_count":0,"referred_count":0,"pending_count":0} 
[2025-12-03 16:00:39] production.WARNING: Slow operation detected {"operation":"req_69305ea6626b1","execution_time_ms":822.69,"memory_used_bytes":2097152,"memory_used_mb":2.0} 
[2025-12-03 16:00:39] production.WARNING: Slow request detected {"operation":"req_69305ea6626b1","execution_time_ms":822.69,"memory_used_bytes":2097152,"memory_used_mb":2.0,"method":"GET","url":"https://app.facturino.mk/api/v1/customers","route":"customers.index","user_id":2,"company_id":"2","ip":"77.28.47.225","user_agent":"Mozilla/5.0 (Macintosh; Intel Mac OS X 10_15_7) AppleWebKit/537.36 (KHTML, like Gecko) Chrome/142.0.0.0 Safari/537.36","response_status":200} 
[2025-12-03 16:00:40] production.WARNING: Slow operation detected {"operation":"req_69305ea660283","execution_time_ms":2405.84,"memory_used_bytes":0,"memory_used_mb":0.0} 
[2025-12-03 16:00:40] production.WARNING: Slow request detected {"operation":"req_69305ea660283","execution_time_ms":2405.84,"memory_used_bytes":0,"memory_used_mb":0.0,"method":"GET","url":"https://app.facturino.mk/api/v1/invoices","route":null,"user_id":2,"company_id":"2","ip":"77.28.47.225","user_agent":"Mozilla/5.0 (Macintosh; Intel Mac OS X 10_15_7) AppleWebKit/537.36 (KHTML, like Gecko) Chrome/142.0.0.0 Safari/537.36","response_status":200} 
[2025-12-03 16:00:47] production.WARNING: Slow operation detected {"operation":"req_69305eaecc83e","execution_time_ms":392.74,"memory_used_bytes":0,"memory_used_mb":0.0} 
[2025-12-03 16:00:47] production.WARNING: Slow request detected {"operation":"req_69305eaecc83e","execution_time_ms":392.74,"memory_used_bytes":0,"memory_used_mb":0.0,"method":"GET","url":"https://app.facturino.mk/api/v1/invoices/40","route":null,"user_id":2,"company_id":"2","ip":"77.28.47.225","user_agent":"Mozilla/5.0 (Macintosh; Intel Mac OS X 10_15_7) AppleWebKit/537.36 (KHTML, like Gecko) Chrome/142.0.0.0 Safari/537.36","response_status":200} 
[2025-12-03 16:00:47] production.INFO: [EInvoiceController::showByInvoice] Request received {"invoice_id":40,"user_id":2,"user_email":"your-email@example.com","company_id":"N/A","is_owner":true} 
[2025-12-03 16:00:47] production.INFO: [EInvoicePolicy::viewAny] Authorization check {"user_id":2,"user_email":"your-email@example.com","is_owner":true,"company_id":"N/A"} 
[2025-12-03 16:00:47] production.INFO: [EInvoicePolicy::viewAny] User is owner - AUTHORIZED  
[2025-12-03 16:00:47] production.INFO: [EInvoiceController::showByInvoice] Authorization PASSED  
[2025-12-03 16:00:47] production.WARNING: Slow operation detected {"operation":"req_69305eaf582e1","execution_time_ms":553.69,"memory_used_bytes":12582912,"memory_used_mb":12.0} 
[2025-12-03 16:00:47] production.WARNING: Slow request detected {"operation":"req_69305eaf582e1","execution_time_ms":553.69,"memory_used_bytes":12582912,"memory_used_mb":12.0,"method":"GET","url":"https://app.facturino.mk/invoices/pdf/7jWmLAD968zA6OGYz5P8","route":null,"user_id":2,"company_id":"2","ip":"77.28.47.225","user_agent":"Mozilla/5.0 (Macintosh; Intel Mac OS X 10_15_7) AppleWebKit/537.36 (KHTML, like Gecko) Chrome/142.0.0.0 Safari/537.36","response_status":200} 
[2025-12-03 16:00:49] production.WARNING: Slow operation detected {"operation":"req_69305eaed175b","execution_time_ms":2755.38,"memory_used_bytes":4194304,"memory_used_mb":4.0} 
[2025-12-03 16:00:49] production.WARNING: Slow request detected {"operation":"req_69305eaed175b","execution_time_ms":2755.38,"memory_used_bytes":4194304,"memory_used_mb":4.0,"method":"GET","url":"https://app.facturino.mk/api/v1/invoices","route":null,"user_id":2,"company_id":"2","ip":"77.28.47.225","user_agent":"Mozilla/5.0 (Macintosh; Intel Mac OS X 10_15_7) AppleWebKit/537.36 (KHTML, like Gecko) Chrome/142.0.0.0 Safari/537.36","response_status":200} 
[2025-12-03 16:00:50] production.WARNING: Slow operation detected {"operation":"req_69305eb1ed3d3","execution_time_ms":470.32,"memory_used_bytes":2097152,"memory_used_mb":2.0} 
[2025-12-03 16:00:50] production.WARNING: Slow request detected {"operation":"req_69305eb1ed3d3","execution_time_ms":470.32,"memory_used_bytes":2097152,"memory_used_mb":2.0,"method":"GET","url":"https://app.facturino.mk/api/v1/invoices/40","route":null,"user_id":2,"company_id":"2","ip":"77.28.47.225","user_agent":"Mozilla/5.0 (Macintosh; Intel Mac OS X 10_15_7) AppleWebKit/537.36 (KHTML, like Gecko) Chrome/142.0.0.0 Safari/537.36","response_status":200} 