[2025-11-20 12:05:56] production.INFO: IntelligentFieldMapper initialized {"matcher_count":4,"matchers":["App\\Services\\Import\\Intelligent\\Matchers\\ExactMatcher","App\\Services\\Import\\Intelligent\\Matchers\\SynonymMatcher","App\\Services\\Import\\Intelligent\\Matchers\\FuzzyMatcher","App\\Services\\Import\\Intelligent\\Matchers\\PatternMatcher"]} 
[2025-11-20 12:05:56] production.INFO: ImportService initialized {"intelligent_enabled":true,"fallback_enabled":true} 
[2025-11-20 12:05:56] production.INFO: IntelligentFieldMapper initialized {"matcher_count":4,"matchers":["App\\Services\\Import\\Intelligent\\Matchers\\ExactMatcher","App\\Services\\Import\\Intelligent\\Matchers\\SynonymMatcher","App\\Services\\Import\\Intelligent\\Matchers\\FuzzyMatcher","App\\Services\\Import\\Intelligent\\Matchers\\PatternMatcher"]} 
[2025-11-20 12:05:56] production.INFO: ImportService initialized {"intelligent_enabled":true,"fallback_enabled":true} 
[2025-11-20 12:05:56] production.INFO: IntelligentFieldMapper initialized {"matcher_count":4,"matchers":["App\\Services\\Import\\Intelligent\\Matchers\\ExactMatcher","App\\Services\\Import\\Intelligent\\Matchers\\SynonymMatcher","App\\Services\\Import\\Intelligent\\Matchers\\FuzzyMatcher","App\\Services\\Import\\Intelligent\\Matchers\\PatternMatcher"]} 
[2025-11-20 12:05:56] production.INFO: ImportService initialized {"intelligent_enabled":true,"fallback_enabled":true} 
[2025-11-20 12:05:56] production.INFO: IntelligentFieldMapper initialized {"matcher_count":4,"matchers":["App\\Services\\Import\\Intelligent\\Matchers\\ExactMatcher","App\\Services\\Import\\Intelligent\\Matchers\\SynonymMatcher","App\\Services\\Import\\Intelligent\\Matchers\\FuzzyMatcher","App\\Services\\Import\\Intelligent\\Matchers\\PatternMatcher"]} 
[2025-11-20 12:05:56] production.INFO: ImportService initialized {"intelligent_enabled":true,"fallback_enabled":true} 
[2025-11-20 12:05:56] production.INFO: IntelligentFieldMapper initialized {"matcher_count":4,"matchers":["App\\Services\\Import\\Intelligent\\Matchers\\ExactMatcher","App\\Services\\Import\\Intelligent\\Matchers\\SynonymMatcher","App\\Services\\Import\\Intelligent\\Matchers\\FuzzyMatcher","App\\Services\\Import\\Intelligent\\Matchers\\PatternMatcher"]} 
[2025-11-20 12:05:56] production.INFO: ImportService initialized {"intelligent_enabled":true,"fallback_enabled":true} 
[2025-11-20 12:05:56] production.INFO: IntelligentFieldMapper initialized {"matcher_count":4,"matchers":["App\\Services\\Import\\Intelligent\\Matchers\\ExactMatcher","App\\Services\\Import\\Intelligent\\Matchers\\SynonymMatcher","App\\Services\\Import\\Intelligent\\Matchers\\FuzzyMatcher","App\\Services\\Import\\Intelligent\\Matchers\\PatternMatcher"]} 
[2025-11-20 12:05:56] production.INFO: ImportService initialized {"intelligent_enabled":true,"fallback_enabled":true} 
[2025-11-20 12:05:56] production.INFO: IntelligentFieldMapper initialized {"matcher_count":4,"matchers":["App\\Services\\Import\\Intelligent\\Matchers\\ExactMatcher","App\\Services\\Import\\Intelligent\\Matchers\\SynonymMatcher","App\\Services\\Import\\Intelligent\\Matchers\\FuzzyMatcher","App\\Services\\Import\\Intelligent\\Matchers\\PatternMatcher"]} 
[2025-11-20 12:05:56] production.INFO: ImportService initialized {"intelligent_enabled":true,"fallback_enabled":true} 
[2025-11-20 12:05:56] production.INFO: IntelligentFieldMapper initialized {"matcher_count":4,"matchers":["App\\Services\\Import\\Intelligent\\Matchers\\ExactMatcher","App\\Services\\Import\\Intelligent\\Matchers\\SynonymMatcher","App\\Services\\Import\\Intelligent\\Matchers\\FuzzyMatcher","App\\Services\\Import\\Intelligent\\Matchers\\PatternMatcher"]} 
[2025-11-20 12:05:56] production.INFO: ImportService initialized {"intelligent_enabled":true,"fallback_enabled":true} 
[2025-11-20 12:05:56] production.INFO: IntelligentFieldMapper initialized {"matcher_count":4,"matchers":["App\\Services\\Import\\Intelligent\\Matchers\\ExactMatcher","App\\Services\\Import\\Intelligent\\Matchers\\SynonymMatcher","App\\Services\\Import\\Intelligent\\Matchers\\FuzzyMatcher","App\\Services\\Import\\Intelligent\\Matchers\\PatternMatcher"]} 
[2025-11-20 12:05:56] production.INFO: ImportService initialized {"intelligent_enabled":true,"fallback_enabled":true} 
[2025-11-20 12:06:03] production.WARNING: Health check: Certificate file not found {"path":"/var/www/html/storage/certificates/certificate.pem"} 
[2025-11-20 12:06:03] production.WARNING: Health check: Missing Paddle configuration {"missing":["cashier.seller_id","cashier.api_key","cashier.public_key","cashier.webhook.secret"],"note":"Paddle not configured yet - this is expected until production setup"} 
[2025-11-20 12:06:13] production.WARNING: Health check: Certificate file not found {"path":"/var/www/html/storage/certificates/certificate.pem"} 
[2025-11-20 12:06:13] production.WARNING: Health check: Missing Paddle configuration {"missing":["cashier.seller_id","cashier.api_key","cashier.public_key","cashier.webhook.secret"],"note":"Paddle not configured yet - this is expected until production setup"} 
[2025-11-20 12:06:27] production.INFO: Authenticate middleware handling request {"url":"https://app.facturino.mk/api/v1/certificates/current","method":"GET","guards":["sanctum"],"authenticated_before":true,"user_id_before":8,"session_id":"khJ8K3LjqnbxMSv7qm13FUtt2wla2ByBheyzBN9v","has_session_cookie":true} 
[2025-11-20 12:06:27] production.INFO: Authenticate middleware completed {"authenticated_after":true,"user_id_after":8} 
[2025-11-20 12:07:51] production.INFO: Authenticate middleware handling request {"url":"https://app.facturino.mk/api/v1/certificates/current","method":"GET","guards":["sanctum"],"authenticated_before":true,"user_id_before":8,"session_id":"khJ8K3LjqnbxMSv7qm13FUtt2wla2ByBheyzBN9v","has_session_cookie":true} 
[2025-11-20 12:07:51] production.INFO: Authenticate middleware completed {"authenticated_after":true,"user_id_after":8} 
[2025-11-20 12:09:14] production.INFO: Authenticate middleware handling request {"url":"https://app.facturino.mk/api/v1/certificates/current","method":"GET","guards":["sanctum"],"authenticated_before":true,"user_id_before":8,"session_id":"khJ8K3LjqnbxMSv7qm13FUtt2wla2ByBheyzBN9v","has_session_cookie":true} 
[2025-11-20 12:09:14] production.INFO: Authenticate middleware completed {"authenticated_after":true,"user_id_after":8} 
[2025-11-20 12:10:31] production.INFO: Authenticate middleware handling request {"url":"https://app.facturino.mk/api/v1/certificates/current","method":"GET","guards":["sanctum"],"authenticated_before":true,"user_id_before":8,"session_id":"khJ8K3LjqnbxMSv7qm13FUtt2wla2ByBheyzBN9v","has_session_cookie":true} 
[2025-11-20 12:10:32] production.INFO: Authenticate middleware completed {"authenticated_after":true,"user_id_after":8} 
[2025-11-20 12:10:34] production.INFO: Authenticate middleware handling request {"url":"https://app.facturino.mk/api/v1/bootstrap","method":"GET","guards":["sanctum"],"authenticated_before":true,"user_id_before":8,"session_id":"Q8BNuwGEnC4dfG8VL8oJS9SoifgmUYyytewHUrjd","has_session_cookie":true} 
[2025-11-20 12:10:34] production.INFO: Bootstrap controller reached {"authenticated":true,"user_id":8,"guard":"sanctum","session_id":"Q8BNuwGEnC4dfG8VL8oJS9SoifgmUYyytewHUrjd","has_company_header":true,"company_header":"1"} 
[2025-11-20 12:10:34] production.INFO: Authenticate middleware completed {"authenticated_after":true,"user_id_after":8} 
[2025-11-20 12:10:36] production.INFO: Authenticate middleware handling request {"url":"https://app.facturino.mk/api/v1/console/companies","method":"GET","guards":["sanctum"],"authenticated_before":true,"user_id_before":8,"session_id":"Q8BNuwGEnC4dfG8VL8oJS9SoifgmUYyytewHUrjd","has_session_cookie":true} 
[2025-11-20 12:10:36] production.INFO: PartnerScopeMiddleware START {"url":"https://app.facturino.mk/api/v1/console/companies","method":"GET"} 
[2025-11-20 12:10:36] production.INFO: PartnerScopeMiddleware - Partner found {"partner_id":3,"is_active":true} 
[2025-11-20 12:10:36] production.INFO: PartnerScopeMiddleware - Company context {"company_id":2,"url":"https://app.facturino.mk/api/v1/console/companies"} 
[2025-11-20 12:10:36] production.INFO: PartnerScopeMiddleware - Skipping company check for console/listing route  
[2025-11-20 12:10:36] production.INFO: PartnerScopeMiddleware - Passing to controller  
[2025-11-20 12:10:36] production.INFO: AccountantConsoleController::index START {"user_id":8,"user_email":"partner@demo.mk"} 
[2025-11-20 12:10:36] production.INFO: AccountantConsoleController::index - Partner found {"partner_id":3,"partner_email":"partner@demo.mk"} 
[2025-11-20 12:10:36] production.INFO: AccountantConsoleController::index - Fetching managed companies  
[2025-11-20 12:10:36] production.INFO: AccountantConsoleController::index - Managed companies fetched {"count":1} 
[2025-11-20 12:10:36] production.INFO: AccountantConsoleController::index - Fetching referred companies  
[2025-11-20 12:10:36] production.INFO: AccountantConsoleController::index - Referred companies fetched {"count":0} 
[2025-11-20 12:10:36] production.INFO: AccountantConsoleController::index - Fetching pending invitations  
[2025-11-20 12:10:36] production.INFO: AccountantConsoleController::index - Pending invitations fetched {"count":0,"data":[]} 
[2025-11-20 12:10:36] production.INFO: AccountantConsoleController::index response {"partner_id":3,"managed_count":1,"referred_count":0,"pending_count":0} 
[2025-11-20 12:10:36] production.INFO: Authenticate middleware completed {"authenticated_after":true,"user_id_after":8} 
[2025-11-20 12:10:37] production.INFO: Authenticate middleware handling request {"url":"https://app.facturino.mk/api/v1/console/companies","method":"GET","guards":["sanctum"],"authenticated_before":true,"user_id_before":8,"session_id":"Q8BNuwGEnC4dfG8VL8oJS9SoifgmUYyytewHUrjd","has_session_cookie":true} 
[2025-11-20 12:10:37] production.INFO: PartnerScopeMiddleware START {"url":"https://app.facturino.mk/api/v1/console/companies","method":"GET"} 
[2025-11-20 12:10:37] production.INFO: PartnerScopeMiddleware - Partner found {"partner_id":3,"is_active":true} 
[2025-11-20 12:10:37] production.INFO: PartnerScopeMiddleware - Company context {"company_id":2,"url":"https://app.facturino.mk/api/v1/console/companies"} 
[2025-11-20 12:10:37] production.INFO: PartnerScopeMiddleware - Skipping company check for console/listing route  
[2025-11-20 12:10:37] production.INFO: PartnerScopeMiddleware - Passing to controller  
[2025-11-20 12:10:37] production.INFO: AccountantConsoleController::index START {"user_id":8,"user_email":"partner@demo.mk"} 
[2025-11-20 12:10:37] production.INFO: AccountantConsoleController::index - Partner found {"partner_id":3,"partner_email":"partner@demo.mk"} 
[2025-11-20 12:10:37] production.INFO: AccountantConsoleController::index - Fetching managed companies  
[2025-11-20 12:10:37] production.INFO: AccountantConsoleController::index - Managed companies fetched {"count":1} 
[2025-11-20 12:10:37] production.INFO: AccountantConsoleController::index - Fetching referred companies  
[2025-11-20 12:10:37] production.INFO: AccountantConsoleController::index - Referred companies fetched {"count":0} 
[2025-11-20 12:10:37] production.INFO: AccountantConsoleController::index - Fetching pending invitations  
[2025-11-20 12:10:37] production.INFO: AccountantConsoleController::index - Pending invitations fetched {"count":0,"data":[]} 
[2025-11-20 12:10:37] production.INFO: AccountantConsoleController::index response {"partner_id":3,"managed_count":1,"referred_count":0,"pending_count":0} 
[2025-11-20 12:10:37] production.INFO: Authenticate middleware completed {"authenticated_after":true,"user_id_after":8} 
[2025-11-20 12:11:28] production.INFO: Authenticate middleware handling request {"url":"https://app.facturino.mk/api/v1/certificates/current","method":"GET","guards":["sanctum"],"authenticated_before":true,"user_id_before":8,"session_id":"khJ8K3LjqnbxMSv7qm13FUtt2wla2ByBheyzBN9v","has_session_cookie":true} 
[2025-11-20 12:11:28] production.INFO: Authenticate middleware completed {"authenticated_after":true,"user_id_after":8} 
[2025-11-20 12:11:42] production.INFO: Authenticate middleware handling request {"url":"https://app.facturino.mk/api/v1/console/switch","method":"POST","guards":["sanctum"],"authenticated_before":true,"user_id_before":8,"session_id":"Q8BNuwGEnC4dfG8VL8oJS9SoifgmUYyytewHUrjd","has_session_cookie":true} 
[2025-11-20 12:11:42] production.INFO: PartnerScopeMiddleware START {"url":"https://app.facturino.mk/api/v1/console/switch","method":"POST"} 
[2025-11-20 12:11:42] production.INFO: PartnerScopeMiddleware - Partner found {"partner_id":3,"is_active":true} 
[2025-11-20 12:11:42] production.INFO: PartnerScopeMiddleware - Company context {"company_id":2,"url":"https://app.facturino.mk/api/v1/console/switch"} 
[2025-11-20 12:11:42] production.INFO: PartnerScopeMiddleware - Access check {"company_id":2,"has_access":true} 
[2025-11-20 12:11:42] production.INFO: PartnerScopeMiddleware - Passing to controller  
[2025-11-20 12:11:42] production.INFO: Authenticate middleware completed {"authenticated_after":true,"user_id_after":8} 
[2025-11-20 12:11:43] production.INFO: Authenticate middleware handling request {"url":"https://app.facturino.mk/api/v1/bootstrap","method":"GET","guards":["sanctum"],"authenticated_before":true,"user_id_before":8,"session_id":"Q8BNuwGEnC4dfG8VL8oJS9SoifgmUYyytewHUrjd","has_session_cookie":true} 
[2025-11-20 12:11:43] production.INFO: Bootstrap controller reached {"authenticated":true,"user_id":8,"guard":"sanctum","session_id":"Q8BNuwGEnC4dfG8VL8oJS9SoifgmUYyytewHUrjd","has_company_header":true,"company_header":"1"} 
[2025-11-20 12:11:43] production.INFO: Authenticate middleware completed {"authenticated_after":true,"user_id_after":8} 
[2025-11-20 12:11:43] production.INFO: Authenticate middleware handling request {"url":"https://app.facturino.mk/api/v1/certificates/current","method":"GET","guards":["sanctum"],"authenticated_before":true,"user_id_before":8,"session_id":"Q8BNuwGEnC4dfG8VL8oJS9SoifgmUYyytewHUrjd","has_session_cookie":true} 
[2025-11-20 12:11:43] production.INFO: Authenticate middleware handling request {"url":"https://app.facturino.mk/api/v1/console/companies","method":"GET","guards":["sanctum"],"authenticated_before":true,"user_id_before":8,"session_id":"Q8BNuwGEnC4dfG8VL8oJS9SoifgmUYyytewHUrjd","has_session_cookie":true} 
[2025-11-20 12:11:43] production.INFO: PartnerScopeMiddleware START {"url":"https://app.facturino.mk/api/v1/console/companies","method":"GET"} 
[2025-11-20 12:11:43] production.INFO: PartnerScopeMiddleware - Partner found {"partner_id":3,"is_active":true} 
[2025-11-20 12:11:43] production.INFO: PartnerScopeMiddleware - Company context {"company_id":2,"url":"https://app.facturino.mk/api/v1/console/companies"} 
[2025-11-20 12:11:43] production.INFO: PartnerScopeMiddleware - Skipping company check for console/listing route  
[2025-11-20 12:11:43] production.INFO: PartnerScopeMiddleware - Passing to controller  
[2025-11-20 12:11:43] production.INFO: AccountantConsoleController::index START {"user_id":8,"user_email":"partner@demo.mk"} 
[2025-11-20 12:11:43] production.INFO: AccountantConsoleController::index - Partner found {"partner_id":3,"partner_email":"partner@demo.mk"} 
[2025-11-20 12:11:43] production.INFO: AccountantConsoleController::index - Fetching managed companies  
[2025-11-20 12:11:43] production.INFO: Authenticate middleware handling request {"url":"https://app.facturino.mk/api/v1/invoices","method":"GET","guards":["sanctum"],"authenticated_before":true,"user_id_before":8,"session_id":"Q8BNuwGEnC4dfG8VL8oJS9SoifgmUYyytewHUrjd","has_session_cookie":true} 
[2025-11-20 12:11:43] production.INFO: AccountantConsoleController::index - Managed companies fetched {"count":1} 
[2025-11-20 12:11:43] production.INFO: AccountantConsoleController::index - Fetching referred companies  
[2025-11-20 12:11:43] production.INFO: InvoicePolicy::viewAny called {"user_id":8,"user_role":"partner","is_owner":false} 
[2025-11-20 12:11:43] production.INFO: InvoicePolicy::viewAny - Partner access granted {"user_id":8} 
[2025-11-20 12:11:43] production.INFO: AccountantConsoleController::index - Referred companies fetched {"count":0} 
[2025-11-20 12:11:43] production.INFO: Authenticate middleware completed {"authenticated_after":true,"user_id_after":8} 
[2025-11-20 12:11:43] production.INFO: AccountantConsoleController::index - Fetching pending invitations  
[2025-11-20 12:11:43] production.INFO: InvoicesController::index called {"user_id":8,"user_role":"partner","company_header":"1"} 
[2025-11-20 12:11:43] production.INFO: AccountantConsoleController::index - Pending invitations fetched {"count":0,"data":[]} 
[2025-11-20 12:11:43] production.INFO: AccountantConsoleController::index response {"partner_id":3,"managed_count":1,"referred_count":0,"pending_count":0} 
[2025-11-20 12:11:43] production.INFO: Authenticate middleware completed {"authenticated_after":true,"user_id_after":8} 
[2025-11-20 12:11:43] production.INFO: InvoicesController::index - Returning invoices {"user_id":8,"invoice_count":0} 
[2025-11-20 12:11:43] production.INFO: Authenticate middleware completed {"authenticated_after":true,"user_id_after":8} 
[2025-11-20 12:12:03] production.INFO: Authenticate middleware handling request {"url":"https://app.facturino.mk/debug/logs","method":"GET","guards":[],"authenticated_before":true,"user_id_before":8,"session_id":"Q8BNuwGEnC4dfG8VL8oJS9SoifgmUYyytewHUrjd","has_session_cookie":true} 