2025-12-02T15:52:45.000000000Z [inf]  Starting Container
2025-12-02T15:52:47.115513940Z [inf]  DB_CONNECTION: mysql
2025-12-02T15:52:47.115514017Z [inf]  MYSQLDATABASE=railway
2025-12-02T15:52:47.115526263Z [inf]  DB_HOST: switchback.proxy.rlwy.net
2025-12-02T15:52:47.115529504Z [inf]  MYSQLHOST=switchback.proxy.rlwy.net
2025-12-02T15:52:47.115531200Z [inf]  MYSQLHOST=switchback.proxy.rlwy.net
2025-12-02T15:52:47.115538934Z [inf]  MYSQLPASSWORD=uJZQdkQyPqITDiCiarqPQNlZzEpJLZxx
2025-12-02T15:52:47.115542092Z [inf]  MYSQLDATABASE=railway
2025-12-02T15:52:47.115542714Z [inf]  MYSQL_ROOT_PASSWORD=uJZQdkQyPqITDiCiarqPQNlZzEpJLZxx
2025-12-02T15:52:47.115543482Z [inf]  MYSQLPORT=31829
2025-12-02T15:52:47.115550517Z [inf]  Using Railway individual MySQL variables...
2025-12-02T15:52:47.115553217Z [inf]  QUEUE_CONNECTION=database
2025-12-02T15:52:47.115554338Z [inf]  MYSQLUSER=root
2025-12-02T15:52:47.115557648Z [inf]  Using Railway MySQL variables:
2025-12-02T15:52:47.115567465Z [inf]  SESSION_DRIVER=database
2025-12-02T15:52:47.115575024Z [inf]  MYSQLPORT=31829
2025-12-02T15:52:47.115577274Z [inf]  DB_HOST: switchback.proxy.rlwy.net
2025-12-02T15:52:47.115579385Z [inf]  MYSQL_URL=NOT SET
2025-12-02T15:52:47.115581508Z [inf]  
2025-12-02T15:52:47.115584750Z [inf]  MYSQLUSER=root
2025-12-02T15:52:47.115587097Z [inf]  DB_PORT: 31829
2025-12-02T15:52:47.115588857Z [inf]  DATABASE_URL=NOT SET
2025-12-02T15:52:47.115591004Z [inf]  DB_DATABASE: railway
2025-12-02T15:52:47.115593311Z [inf]  Checking specific variables:
2025-12-02T15:52:47.115604191Z [inf]  === Railway Startup Script ===
2025-12-02T15:52:47.115605194Z [inf]  DB_USERNAME: root
2025-12-02T15:52:47.115612625Z [inf]  Environment variables check:
2025-12-02T15:52:47.115613004Z [inf]  Final DB config:
2025-12-02T15:52:47.115620213Z [inf]  All environment variables (searching for MySQL related):
2025-12-02T15:52:47.115626313Z [inf]  DB_FOREIGN_KEYS=false
2025-12-02T15:52:47.118503698Z [inf]  DB_PORT: 31829
2025-12-02T15:52:47.118507899Z [inf]  DB_DATABASE: railway
2025-12-02T15:52:47.118512128Z [inf]  DB_USERNAME: root
2025-12-02T15:52:47.118516861Z [inf]  Creating minimal .env file for installation wizard...
2025-12-02T15:52:47.118520768Z [inf]  Checking if auto-install needed...
2025-12-02T15:52:47.118524564Z [inf]  Profile status: COMPLETED
2025-12-02T15:52:47.118529596Z [inf]  Already installed (profile_complete = COMPLETED), skipping...
2025-12-02T15:52:47.118533728Z [inf]  Creating storage directories...
2025-12-02T15:52:47.118537870Z [inf]  Ensuring /tmp/nginx_client_body exists and is writable...
2025-12-02T15:52:47.118541948Z [inf]  Checking for PSD2 certificates in environment...
2025-12-02T15:52:47.118546102Z [inf]  Decoding NLB certificate from environment variable...
2025-12-02T15:52:47.118549927Z [inf]  ✅ NLB certificate decoded successfully
2025-12-02T15:52:47.118553875Z [inf]  Decoding NLB private key from environment variable...
2025-12-02T15:52:47.118557840Z [inf]  ✅ NLB private key decoded successfully
2025-12-02T15:52:47.118561720Z [inf]  Configuring session for Railway domain: app.facturino.mk
2025-12-02T15:52:47.118565924Z [inf]  Clearing caches...
2025-12-02T15:52:47.118570363Z [inf]  
2025-12-02T15:52:47.118574543Z [inf]     INFO  Configuration cache cleared successfully.  
2025-12-02T15:52:47.118578443Z [inf]  
2025-12-02T15:52:47.118582690Z [inf]  
2025-12-02T15:52:47.118586777Z [inf]     INFO  Application cache cleared successfully.  
2025-12-02T15:52:47.118590610Z [inf]  
2025-12-02T15:52:47.253551735Z [inf]  
2025-12-02T15:52:47.253559402Z [inf]     INFO  Route cache cleared successfully.  
2025-12-02T15:52:47.253565480Z [inf]  
2025-12-02T15:52:47.569841269Z [inf]  
2025-12-02T15:52:47.569847043Z [inf]     INFO  Compiled views cleared successfully.  
2025-12-02T15:52:47.569854142Z [inf]  
2025-12-02T15:52:47.579004302Z [inf]  Optimizing views...
2025-12-02T15:52:48.043812796Z [inf]  
2025-12-02T15:52:48.043817823Z [inf]  
2025-12-02T15:52:48.043822721Z [inf]     INFO  Blade templates cached successfully.  
2025-12-02T15:52:48.043827534Z [inf]  
2025-12-02T15:52:48.043832827Z [inf]  Regenerating autoloader...
2025-12-02T15:52:48.043837560Z [inf]  Generating optimized autoload files
2025-12-02T15:52:50.190596668Z [err]  > Illuminate\Foundation\ComposerScripts::postAutoloadDump
2025-12-02T15:52:50.215303337Z [err]  > @php artisan package:discover --ansi
2025-12-02T15:52:50.457742961Z [inf]  
2025-12-02T15:52:50.457749004Z [inf]    [37;44m INFO [39;49m Discovering packages.  
2025-12-02T15:52:50.457754746Z [inf]  
2025-12-02T15:52:50.462449503Z [inf]    barryvdh/laravel-dompdf [90m.[39m[90m.[39m[90m.[39m[90m.[39m[90m.[39m[90m.[39m[90m.[39m[90m.[39m[90m.[39m[90m.[39m[90m.[39m[90m.[39m[90m.[39m[90m.[39m[90m.[39m[90m.[39m[90m.[39m[90m.[39m[90m.[39m[90m.[39m[90m.[39m[90m.[39m[90m.[39m[90m.[39m[90m.[39m[90m.[39m[90m.[39m[90m.[39m[90m.[39m[90m.[39m[90m.[39m[90m.[39m[90m.[39m[90m.[39m[90m.[39m[90m.[39m[90m.[39m[90m.[39m[90m.[39m[90m.[39m[90m.[39m[90m.[39m[90m.[39m[90m.[39m[90m.[39m[90m.[39m[90m.[39m [32;1mDONE[39;22m
2025-12-02T15:52:50.462455699Z [inf]    coderflex/laravel-ticket [90m.[39m[90m.[39m[90m.[39m[90m.[39m[90m.[39m[90m.[39m[90m.[39m[90m.[39m[90m.[39m[90m.[39m[90m.[39m[90m.[39m[90m.[39m[90m.[39m[90m.[39m[90m.[39m[90m.[39m[90m.[39m[90m.[39m[90m.[39m[90m.[39m[90m.[39m[90m.[39m[90m.[39m[90m.[39m[90m.[39m[90m.[39m[90m.[39m[90m.[39m[90m.[39m[90m.[39m[90m.[39m[90m.[39m[90m.[39m[90m.[39m[90m.[39m[90m.[39m[90m.[39m[90m.[39m[90m.[39m[90m.[39m[90m.[39m[90m.[39m[90m.[39m[90m.[39m[90m.[39m [32;1mDONE[39;22m
2025-12-02T15:52:50.462461423Z [inf]    ekmungai/eloquent-ifrs [90m.[39m[90m.[39m[90m.[39m[90m.[39m[90m.[39m[90m.[39m[90m.[39m[90m.[39m[90m.[39m[90m.[39m[90m.[39m[90m.[39m[90m.[39m[90m.[39m[90m.[39m[90m.[39m[90m.[39m[90m.[39m[90m.[39m[90m.[39m[90m.[39m[90m.[39m[90m.[39m[90m.[39m[90m.[39m[90m.[39m[90m.[39m[90m.[39m[90m.[39m[90m.[39m[90m.[39m[90m.[39m[90m.[39m[90m.[39m[90m.[39m[90m.[39m[90m.[39m[90m.[39m[90m.[39m[90m.[39m[90m.[39m[90m.[39m[90m.[39m[90m.[39m[90m.[39m[90m.[39m[90m.[39m[90m.[39m [32;1mDONE[39;22m
2025-12-02T15:52:50.464069132Z [inf]    invoiceshelf/modules [90m.[39m[90m.[39m[90m.[39m[90m.[39m[90m.[39m[90m.[39m[90m.[39m[90m.[39m[90m.[39m[90m.[39m[90m.[39m[90m.[39m[90m.[39m[90m.[39m[90m.[39m[90m.[39m[90m.[39m[90m.[39m[90m.[39m[90m.[39m[90m.[39m[90m.[39m[90m.[39m[90m.[39m[90m.[39m[90m.[39m[90m.[39m[90m.[39m[90m.[39m[90m.[39m[90m.[39m[90m.[39m[90m.[39m[90m.[39m[90m.[39m[90m.[39m[90m.[39m[90m.[39m[90m.[39m[90m.[39m[90m.[39m[90m.[39m[90m.[39m[90m.[39m[90m.[39m[90m.[39m[90m.[39m[90m.[39m[90m.[39m[90m.[39m [32;1mDONE[39;22m
2025-12-02T15:52:50.464075648Z [inf]    jasonmccreary/laravel-test-assertions [90m.[39m[90m.[39m[90m.[39m[90m.[39m[90m.[39m[90m.[39m[90m.[39m[90m.[39m[90m.[39m[90m.[39m[90m.[39m[90m.[39m[90m.[39m[90m.[39m[90m.[39m[90m.[39m[90m.[39m[90m.[39m[90m.[39m[90m.[39m[90m.[39m[90m.[39m[90m.[39m[90m.[39m[90m.[39m[90m.[39m[90m.[39m[90m.[39m[90m.[39m[90m.[39m[90m.[39m[90m.[39m[90m.[39m [32;1mDONE[39;22m
2025-12-02T15:52:50.464081439Z [inf]    laravel/cashier-paddle [90m.[39m[90m.[39m[90m.[39m[90m.[39m[90m.[39m[90m.[39m[90m.[39m[90m.[39m[90m.[39m[90m.[39m[90m.[39m[90m.[39m[90m.[39m[90m.[39m[90m.[39m[90m.[39m[90m.[39m[90m.[39m[90m.[39m[90m.[39m[90m.[39m[90m.[39m[90m.[39m[90m.[39m[90m.[39m[90m.[39m[90m.[39m[90m.[39m[90m.[39m[90m.[39m[90m.[39m[90m.[39m[90m.[39m[90m.[39m[90m.[39m[90m.[39m[90m.[39m[90m.[39m[90m.[39m[90m.[39m[90m.[39m[90m.[39m[90m.[39m[90m.[39m[90m.[39m[90m.[39m[90m.[39m[90m.[39m [32;1mDONE[39;22m
2025-12-02T15:52:50.466159926Z [inf]    laravel/fortify [90m.[39m[90m.[39m[90m.[39m[90m.[39m[90m.[39m[90m.[39m[90m.[39m[90m.[39m[90m.[39m[90m.[39m[90m.[39m[90m.[39m[90m.[39m[90m.[39m[90m.[39m[90m.[39m[90m.[39m[90m.[39m[90m.[39m[90m.[39m[90m.[39m[90m.[39m[90m.[39m[90m.[39m[90m.[39m[90m.[39m[90m.[39m[90m.[39m[90m.[39m[90m.[39m[90m.[39m[90m.[39m[90m.[39m[90m.[39m[90m.[39m[90m.[39m[90m.[39m[90m.[39m[90m.[39m[90m.[39m[90m.[39m[90m.[39m[90m.[39m[90m.[39m[90m.[39m[90m.[39m[90m.[39m[90m.[39m[90m.[39m[90m.[39m[90m.[39m[90m.[39m[90m.[39m[90m.[39m[90m.[39m [32;1mDONE[39;22m
2025-12-02T15:52:50.466168134Z [inf]    laravel/pennant [90m.[39m[90m.[39m[90m.[39m[90m.[39m[90m.[39m[90m.[39m[90m.[39m[90m.[39m[90m.[39m[90m.[39m[90m.[39m[90m.[39m[90m.[39m[90m.[39m[90m.[39m[90m.[39m[90m.[39m[90m.[39m[90m.[39m[90m.[39m[90m.[39m[90m.[39m[90m.[39m[90m.[39m[90m.[39m[90m.[39m[90m.[39m[90m.[39m[90m.[39m[90m.[39m[90m.[39m[90m.[39m[90m.[39m[90m.[39m[90m.[39m[90m.[39m[90m.[39m[90m.[39m[90m.[39m[90m.[39m[90m.[39m[90m.[39m[90m.[39m[90m.[39m[90m.[39m[90m.[39m[90m.[39m[90m.[39m[90m.[39m[90m.[39m[90m.[39m[90m.[39m[90m.[39m[90m.[39m[90m.[39m [32;1mDONE[39;22m
2025-12-02T15:52:50.467970621Z [inf]    laravel/sanctum [90m.[39m[90m.[39m[90m.[39m[90m.[39m[90m.[39m[90m.[39m[90m.[39m[90m.[39m[90m.[39m[90m.[39m[90m.[39m[90m.[39m[90m.[39m[90m.[39m[90m.[39m[90m.[39m[90m.[39m[90m.[39m[90m.[39m[90m.[39m[90m.[39m[90m.[39m[90m.[39m[90m.[39m[90m.[39m[90m.[39m[90m.[39m[90m.[39m[90m.[39m[90m.[39m[90m.[39m[90m.[39m[90m.[39m[90m.[39m[90m.[39m[90m.[39m[90m.[39m[90m.[39m[90m.[39m[90m.[39m[90m.[39m[90m.[39m[90m.[39m[90m.[39m[90m.[39m[90m.[39m[90m.[39m[90m.[39m[90m.[39m[90m.[39m[90m.[39m[90m.[39m[90m.[39m[90m.[39m[90m.[39m [32;1mDONE[39;22m
2025-12-02T15:52:50.467976265Z [inf]    laravel/tinker [90m.[39m[90m.[39m[90m.[39m[90m.[39m[90m.[39m[90m.[39m[90m.[39m[90m.[39m[90m.[39m[90m.[39m[90m.[39m[90m.[39m[90m.[39m[90m.[39m[90m.[39m[90m.[39m[90m.[39m[90m.[39m[90m.[39m[90m.[39m[90m.[39m[90m.[39m[90m.[39m[90m.[39m[90m.[39m[90m.[39m[90m.[39m[90m.[39m[90m.[39m[90m.[39m[90m.[39m[90m.[39m[90m.[39m[90m.[39m[90m.[39m[90m.[39m[90m.[39m[90m.[39m[90m.[39m[90m.[39m[90m.[39m[90m.[39m[90m.[39m[90m.[39m[90m.[39m[90m.[39m[90m.[39m[90m.[39m[90m.[39m[90m.[39m[90m.[39m[90m.[39m[90m.[39m[90m.[39m[90m.[39m[90m.[39m [32;1mDONE[39;22m
2025-12-02T15:52:50.467997848Z [inf]    laravel/ui [90m.[39m[90m.[39m[90m.[39m[90m.[39m[90m.[39m[90m.[39m[90m.[39m[90m.[39m[90m.[39m[90m.[39m[90m.[39m[90m.[39m[90m.[39m[90m.[39m[90m.[39m[90m.[39m[90m.[39m[90m.[39m[90m.[39m[90m.[39m[90m.[39m[90m.[39m[90m.[39m[90m.[39m[90m.[39m[90m.[39m[90m.[39m[90m.[39m[90m.[39m[90m.[39m[90m.[39m[90m.[39m[90m.[39m[90m.[39m[90m.[39m[90m.[39m[90m.[39m[90m.[39m[90m.[39m[90m.[39m[90m.[39m[90m.[39m[90m.[39m[90m.[39m[90m.[39m[90m.[39m[90m.[39m[90m.[39m[90m.[39m[90m.[39m[90m.[39m[90m.[39m[90m.[39m[90m.[39m[90m.[39m[90m.[39m[90m.[39m[90m.[39m[90m.[39m[90m.[39m [32;1mDONE[39;22m
2025-12-02T15:52:50.470248816Z [inf]    lavary/laravel-menu [90m.[39m[90m.[39m[90m.[39m[90m.[39m[90m.[39m[90m.[39m[90m.[39m[90m.[39m[90m.[39m[90m.[39m[90m.[39m[90m.[39m[90m.[39m[90m.[39m[90m.[39m[90m.[39m[90m.[39m[90m.[39m[90m.[39m[90m.[39m[90m.[39m[90m.[39m[90m.[39m[90m.[39m[90m.[39m[90m.[39m[90m.[39m[90m.[39m[90m.[39m[90m.[39m[90m.[39m[90m.[39m[90m.[39m[90m.[39m[90m.[39m[90m.[39m[90m.[39m[90m.[39m[90m.[39m[90m.[39m[90m.[39m[90m.[39m[90m.[39m[90m.[39m[90m.[39m[90m.[39m[90m.[39m[90m.[39m[90m.[39m[90m.[39m[90m.[39m [32;1mDONE[39;22m
2025-12-02T15:52:50.470252929Z [inf]    maatwebsite/excel [90m.[39m[90m.[39m[90m.[39m[90m.[39m[90m.[39m[90m.[39m[90m.[39m[90m.[39m[90m.[39m[90m.[39m[90m.[39m[90m.[39m[90m.[39m[90m.[39m[90m.[39m[90m.[39m[90m.[39m[90m.[39m[90m.[39m[90m.[39m[90m.[39m[90m.[39m[90m.[39m[90m.[39m[90m.[39m[90m.[39m[90m.[39m[90m.[39m[90m.[39m[90m.[39m[90m.[39m[90m.[39m[90m.[39m[90m.[39m[90m.[39m[90m.[39m[90m.[39m[90m.[39m[90m.[39m[90m.[39m[90m.[39m[90m.[39m[90m.[39m[90m.[39m[90m.[39m[90m.[39m[90m.[39m[90m.[39m[90m.[39m[90m.[39m[90m.[39m[90m.[39m[90m.[39m [32;1mDONE[39;22m
2025-12-02T15:52:50.470256496Z [inf]    nesbot/carbon [90m.[39m[90m.[39m[90m.[39m[90m.[39m[90m.[39m[90m.[39m[90m.[39m[90m.[39m[90m.[39m[90m.[39m[90m.[39m[90m.[39m[90m.[39m[90m.[39m[90m.[39m[90m.[39m[90m.[39m[90m.[39m[90m.[39m[90m.[39m[90m.[39m[90m.[39m[90m.[39m[90m.[39m[90m.[39m[90m.[39m[90m.[39m[90m.[39m[90m.[39m[90m.[39m[90m.[39m[90m.[39m[90m.[39m[90m.[39m[90m.[39m[90m.[39m[90m.[39m[90m.[39m[90m.[39m[90m.[39m[90m.[39m[90m.[39m[90m.[39m[90m.[39m[90m.[39m[90m.[39m[90m.[39m[90m.[39m[90m.[39m[90m.[39m[90m.[39m[90m.[39m[90m.[39m[90m.[39m[90m.[39m[90m.[39m[90m.[39m [32;1mDONE[39;22m
2025-12-02T15:52:50.472276522Z [inf]    nunomaduro/termwind [90m.[39m[90m.[39m[90m.[39m[90m.[39m[90m.[39m[90m.[39m[90m.[39m[90m.[39m[90m.[39m[90m.[39m[90m.[39m[90m.[39m[90m.[39m[90m.[39m[90m.[39m[90m.[39m[90m.[39m[90m.[39m[90m.[39m[90m.[39m[90m.[39m[90m.[39m[90m.[39m[90m.[39m[90m.[39m[90m.[39m[90m.[39m[90m.[39m[90m.[39m[90m.[39m[90m.[39m[90m.[39m[90m.[39m[90m.[39m[90m.[39m[90m.[39m[90m.[39m[90m.[39m[90m.[39m[90m.[39m[90m.[39m[90m.[39m[90m.[39m[90m.[39m[90m.[39m[90m.[39m[90m.[39m[90m.[39m[90m.[39m[90m.[39m[90m.[39m [32;1mDONE[39;22m
2025-12-02T15:52:50.472284123Z [inf]    silber/bouncer [90m.[39m[90m.[39m[90m.[39m[90m.[39m[90m.[39m[90m.[39m[90m.[39m[90m.[39m[90m.[39m[90m.[39m[90m.[39m[90m.[39m[90m.[39m[90m.[39m[90m.[39m[90m.[39m[90m.[39m[90m.[39m[90m.[39m[90m.[39m[90m.[39m[90m.[39m[90m.[39m[90m.[39m[90m.[39m[90m.[39m[90m.[39m[90m.[39m[90m.[39m[90m.[39m[90m.[39m[90m.[39m[90m.[39m[90m.[39m[90m.[39m[90m.[39m[90m.[39m[90m.[39m[90m.[39m[90m.[39m[90m.[39m[90m.[39m[90m.[39m[90m.[39m[90m.[39m[90m.[39m[90m.[39m[90m.[39m[90m.[39m[90m.[39m[90m.[39m[90m.[39m[90m.[39m[90m.[39m[90m.[39m[90m.[39m [32;1mDONE[39;22m
2025-12-02T15:52:50.472290106Z [inf]    spatie/laravel-backup [90m.[39m[90m.[39m[90m.[39m[90m.[39m[90m.[39m[90m.[39m[90m.[39m[90m.[39m[90m.[39m[90m.[39m[90m.[39m[90m.[39m[90m.[39m[90m.[39m[90m.[39m[90m.[39m[90m.[39m[90m.[39m[90m.[39m[90m.[39m[90m.[39m[90m.[39m[90m.[39m[90m.[39m[90m.[39m[90m.[39m[90m.[39m[90m.[39m[90m.[39m[90m.[39m[90m.[39m[90m.[39m[90m.[39m[90m.[39m[90m.[39m[90m.[39m[90m.[39m[90m.[39m[90m.[39m[90m.[39m[90m.[39m[90m.[39m[90m.[39m[90m.[39m[90m.[39m[90m.[39m[90m.[39m[90m.[39m[90m.[39m [32;1mDONE[39;22m
2025-12-02T15:52:50.474285352Z [inf]    spatie/laravel-medialibrary [90m.[39m[90m.[39m[90m.[39m[90m.[39m[90m.[39m[90m.[39m[90m.[39m[90m.[39m[90m.[39m[90m.[39m[90m.[39m[90m.[39m[90m.[39m[90m.[39m[90m.[39m[90m.[39m[90m.[39m[90m.[39m[90m.[39m[90m.[39m[90m.[39m[90m.[39m[90m.[39m[90m.[39m[90m.[39m[90m.[39m[90m.[39m[90m.[39m[90m.[39m[90m.[39m[90m.[39m[90m.[39m[90m.[39m[90m.[39m[90m.[39m[90m.[39m[90m.[39m[90m.[39m[90m.[39m[90m.[39m[90m.[39m[90m.[39m[90m.[39m [32;1mDONE[39;22m
2025-12-02T15:52:50.474292740Z [inf]    spatie/laravel-signal-aware-command [90m.[39m[90m.[39m[90m.[39m[90m.[39m[90m.[39m[90m.[39m[90m.[39m[90m.[39m[90m.[39m[90m.[39m[90m.[39m[90m.[39m[90m.[39m[90m.[39m[90m.[39m[90m.[39m[90m.[39m[90m.[39m[90m.[39m[90m.[39m[90m.[39m[90m.[39m[90m.[39m[90m.[39m[90m.[39m[90m.[39m[90m.[39m[90m.[39m[90m.[39m[90m.[39m[90m.[39m[90m.[39m[90m.[39m[90m.[39m[90m.[39m [32;1mDONE[39;22m
2025-12-02T15:52:50.474298011Z [inf]    vinkla/hashids [90m.[39m[90m.[39m[90m.[39m[90m.[39m[90m.[39m[90m.[39m[90m.[39m[90m.[39m[90m.[39m[90m.[39m[90m.[39m[90m.[39m[90m.[39m[90m.[39m[90m.[39m[90m.[39m[90m.[39m[90m.[39m[90m.[39m[90m.[39m[90m.[39m[90m.[39m[90m.[39m[90m.[39m[90m.[39m[90m.[39m[90m.[39m[90m.[39m[90m.[39m[90m.[39m[90m.[39m[90m.[39m[90m.[39m[90m.[39m[90m.[39m[90m.[39m[90m.[39m[90m.[39m[90m.[39m[90m.[39m[90m.[39m[90m.[39m[90m.[39m[90m.[39m[90m.[39m[90m.[39m[90m.[39m[90m.[39m[90m.[39m[90m.[39m[90m.[39m[90m.[39m[90m.[39m[90m.[39m[90m.[39m[90m.[39m [32;1mDONE[39;22m
2025-12-02T15:52:50.474303505Z [inf]  
2025-12-02T15:52:50.483811618Z [inf]  Generated optimized autoload files containing 11297 classes
2025-12-02T15:52:50.493972533Z [inf]  Running migrations...
2025-12-02T15:52:50.493979577Z [inf]  Checking for existing tables to skip duplicate migrations...
2025-12-02T15:52:51.074224282Z [inf]  Running main migrations batch...
2025-12-02T15:52:51.407596026Z [inf]  
2025-12-02T15:52:51.407604193Z [inf]     INFO  Nothing to migrate.  
2025-12-02T15:52:51.407612267Z [inf]  
2025-12-02T15:52:51.418713893Z [inf]  Ensuring banking tables exist...
2025-12-02T15:52:52.139273414Z [inf]  bank_accounts table exists
2025-12-02T15:52:52.139282268Z [inf]  bank_transactions table exists
2025-12-02T15:52:52.279700821Z [inf]  
2025-12-02T15:52:52.279706549Z [inf]     INFO  Goodbye.
2025-12-02T15:52:52.279710662Z [inf]  
2025-12-02T15:52:52.572233181Z [inf]  
2025-12-02T15:52:52.572239156Z [inf]     INFO  Goodbye.
2025-12-02T15:52:52.572244888Z [inf]  
2025-12-02T15:52:52.578198240Z [inf]  Ensuring IFRS entity migrations are run...
2025-12-02T15:52:53.140302123Z [inf]  IFRS entity columns already exist - skipping migrations
2025-12-02T15:52:53.140307188Z [inf]  
2025-12-02T15:52:53.140312123Z [inf]     INFO  Goodbye.
2025-12-02T15:52:53.140316770Z [inf]  
2025-12-02T15:52:53.140321087Z [inf]  IFRS columns already exist in database, marking migrations as completed...
2025-12-02T15:52:53.518341466Z [inf]  Migration already recorded: 2025_11_04_000000_add_ifrs_entity_id_to_companies_table
2025-12-02T15:52:53.520269502Z [inf]  Migration already recorded: 2025_11_04_000001_add_entity_id_to_users_table
2025-12-02T15:52:53.530835772Z [inf]  Ensuring MKD currency has correct precision...
2025-12-02T15:52:54.064284176Z [inf]  Current MKD precision: 0
2025-12-02T15:52:54.064288974Z [inf]  ✅ MKD precision already correct (0)
2025-12-02T15:52:54.064292983Z [inf]  =========================================
2025-12-02T15:52:54.064297726Z [inf]  RAILWAY_SKIP_INSTALL enabled - forcing installation complete...
2025-12-02T15:52:54.064303208Z [inf]  =========================================
2025-12-02T15:52:54.064307043Z [inf]  Creating database_created marker file via Laravel Storage...
2025-12-02T15:52:54.092425322Z [inf]  Marker created via Storage::disk(local)
2025-12-02T15:52:54.100815788Z [inf]  Verifying database marker file...
2025-12-02T15:52:54.100821399Z [inf]  ✅ File exists: storage/app/database_created
2025-12-02T15:52:54.102794490Z [inf]  -rw-r--r-- 1 root root 10 Dec  2 15:52 storage/app/database_created
2025-12-02T15:52:54.441178308Z [inf]  Storage::disk(local)->has(database_created): TRUE
2025-12-02T15:52:55.065971614Z [inf]  InstallUtils::dbMarkerExists(): TRUE
2025-12-02T15:52:55.259453304Z [inf]  InstallUtils::isDbCreated(): TRUE
2025-12-02T15:52:55.277167041Z [inf]  Checking existing users in database...
2025-12-02T15:52:55.641460761Z [inf]  admin@invoiceshelf.com - Jane Doe
2025-12-02T15:52:55.641470249Z [inf]  your-email@example.com - Администратор
2025-12-02T15:52:55.641478033Z [inf]  partner@demo.mk - Demo Partner
2025-12-02T15:52:55.641485369Z [inf]  atillatkulu@gmail.com - test trajkovski
2025-12-02T15:52:55.641492362Z [inf]  atanrikulu@e-listele.com - test trajkovski
2025-12-02T15:52:55.641499301Z [inf]  sara@demo.mk - test marko
2025-12-02T15:52:55.641506642Z [inf]  marko@demo.mk - marko test
2025-12-02T15:52:55.641513197Z [inf]  test1@demo.mk - marko
2025-12-02T15:52:55.641521314Z [inf]  marko@gmail.com - marko qweqwe
2025-12-02T15:52:56.100827075Z [inf]  Creating/resetting admin user with email: your-email@example.com
2025-12-02T15:52:56.100838056Z [inf]  Admin user already exists - skipping creation
2025-12-02T15:52:56.100844429Z [inf]  Verifying user settings...
2025-12-02T15:52:56.322812228Z [inf]  User has 2 settingslanguage: mk
2025-12-02T15:52:56.322817433Z [inf]  currency: 74
2025-12-02T15:52:56.334206162Z [inf]  Setting profile_complete to 'COMPLETED'...
2025-12-02T15:52:57.077918041Z [inf]  Verifying profile_complete setting...
2025-12-02T15:52:57.077927253Z [inf]  ✅ profile_complete is now: COMPLETED
2025-12-02T15:52:57.077932708Z [inf]  Double-checking settings table...
2025-12-02T15:52:57.077941941Z [inf]  Could not set profile_complete
2025-12-02T15:52:57.403883420Z [inf]  Found: option=profile_complete, value=COMPLETED
2025-12-02T15:52:58.138763200Z [inf]  Login credentials:
2025-12-02T15:52:58.138770419Z [inf]    Password: [configured]
2025-12-02T15:52:58.138772855Z [inf]    Email: your-email@example.com
2025-12-02T15:52:58.138773949Z [inf]    - InstallUtils::isDbCreated() → should find storage/app/database_created
2025-12-02T15:52:58.138779292Z [inf]  =========================================
2025-12-02T15:52:58.138785070Z [inf]    - Setting::getSetting('profile_complete') → should return 'COMPLETED'
2025-12-02T15:52:58.138787175Z [inf]  Number of users in database: 9
2025-12-02T15:52:58.138788572Z [inf]  
2025-12-02T15:52:58.138795394Z [inf]  =========================================
2025-12-02T15:52:58.138797365Z [inf]  Database marker file created successfully
2025-12-02T15:52:58.138797584Z [inf]  Installation checks that should pass:
2025-12-02T15:52:58.138801639Z [inf]  Running PartnerSeeder to ensure Partner records exist for admin users...
2025-12-02T15:52:58.138805882Z [inf]  =========================================
2025-12-02T15:52:58.138812334Z [inf]  ✅ Installation bypass complete!
2025-12-02T15:52:58.138819700Z [inf]  =========================================
2025-12-02T15:52:58.193029507Z [inf]  
2025-12-02T15:52:58.193036790Z [inf]     INFO  Seeding database.  
2025-12-02T15:52:58.193042978Z [inf]  
2025-12-02T15:52:58.193049263Z [inf]  Starting Partner creation for admin/accountant users...
2025-12-02T15:52:58.201933044Z [inf]  Partner already exists for user admin@invoiceshelf.com (ID: 1)
2025-12-02T15:52:58.204183737Z [inf]  Partner already exists for user your-email@example.com (ID: 2)
2025-12-02T15:52:58.206664082Z [inf]  Partner already exists for user partner@demo.mk (ID: 8)
2025-12-02T15:52:58.208963297Z [inf]  Partner already exists for user atillatkulu@gmail.com (ID: 11)
2025-12-02T15:52:58.211618155Z [inf]  Partner already exists for user atanrikulu@e-listele.com (ID: 12)
2025-12-02T15:52:58.213929195Z [inf]  Partner already exists for user sara@demo.mk (ID: 13)
2025-12-02T15:52:58.216923148Z [inf]  Partner already exists for user marko@demo.mk (ID: 14)
2025-12-02T15:52:58.221756516Z [inf]  Partner already exists for user test1@demo.mk (ID: 15)
2025-12-02T15:52:58.228808692Z [inf]  Partner already exists for user marko@gmail.com (ID: 16)
2025-12-02T15:52:58.228813592Z [inf]  Partner seeding completed!
2025-12-02T15:52:58.228819607Z [inf]  Total users processed: 9
2025-12-02T15:52:58.228825938Z [inf]  Partners created: 0
2025-12-02T15:52:58.228831243Z [inf]  Partners skipped (already exist): 9
2025-12-02T15:52:58.234818138Z [inf]  Running PartnerUserSeeder to create demo partner user...
2025-12-02T15:52:58.499545996Z [inf]  
2025-12-02T15:52:58.499552076Z [inf]     INFO  Seeding database.  
2025-12-02T15:52:58.499558482Z [inf]  
2025-12-02T15:52:58.505830521Z [inf]  Partner user already exists (partner@demo.mk)
2025-12-02T15:52:58.517207640Z [inf]  IFRS accounting feature enabled - ensuring chart of accounts...
2025-12-02T15:52:59.164676743Z [inf]  
2025-12-02T15:52:59.164682626Z [inf]     INFO  Seeding database.  
2025-12-02T15:52:59.164688020Z [inf]  
2025-12-02T15:52:59.164693192Z [inf]  Seeding Macedonian Chart of Accounts...
2025-12-02T15:52:59.164699946Z [inf]  Seeding chart of accounts for company: xyz
2025-12-02T15:52:59.164705402Z [inf]    → 2025 reporting period already exists
2025-12-02T15:52:59.164710617Z [inf]  Asset accounts seeded (1000-1999)
2025-12-02T15:52:59.164715537Z [inf]  Liability accounts seeded (2000-2999)
2025-12-02T15:52:59.164723687Z [inf]  Equity accounts seeded (3000-3999)
2025-12-02T15:52:59.164729032Z [inf]  Revenue accounts seeded (4000-4999)
2025-12-02T15:52:59.164734275Z [inf]  Expense accounts seeded (5000-5999)
2025-12-02T15:52:59.164740414Z [inf]  Seeding chart of accounts for company: Teknomed DOO
2025-12-02T15:52:59.164746001Z [inf]    → 2025 reporting period already exists
2025-12-02T15:52:59.164751274Z [inf]  Asset accounts seeded (1000-1999)
2025-12-02T15:52:59.164756899Z [inf]  Liability accounts seeded (2000-2999)
2025-12-02T15:52:59.168357623Z [inf]  Equity accounts seeded (3000-3999)
2025-12-02T15:52:59.189742924Z [inf]  Revenue accounts seeded (4000-4999)
2025-12-02T15:52:59.247697582Z [inf]  Expense accounts seeded (5000-5999)
2025-12-02T15:52:59.247702304Z [inf]  Seeding chart of accounts for company: Demo Company Ltd
2025-12-02T15:52:59.253131452Z [inf]    → 2025 reporting period already exists
2025-12-02T15:52:59.361286964Z [inf]  Asset accounts seeded (1000-1999)
2025-12-02T15:52:59.402521587Z [inf]  Liability accounts seeded (2000-2999)
2025-12-02T15:52:59.413675664Z [inf]  Equity accounts seeded (3000-3999)
2025-12-02T15:52:59.436310810Z [inf]  Revenue accounts seeded (4000-4999)
2025-12-02T15:52:59.477524918Z [inf]  Expense accounts seeded (5000-5999)
2025-12-02T15:52:59.477529547Z [inf]  Seeding chart of accounts for company: sara doo
2025-12-02T15:52:59.486234423Z [inf]    → 2025 reporting period already exists
2025-12-02T15:52:59.579529290Z [inf]  Asset accounts seeded (1000-1999)
2025-12-02T15:52:59.614040239Z [inf]  Liability accounts seeded (2000-2999)
2025-12-02T15:52:59.626319324Z [inf]  Equity accounts seeded (3000-3999)
2025-12-02T15:52:59.650662701Z [inf]  Revenue accounts seeded (4000-4999)
2025-12-02T15:53:00.150805380Z [inf]  Expense accounts seeded (5000-5999)
2025-12-02T15:53:00.150809961Z [inf]  Seeding chart of accounts for company: sara doo
2025-12-02T15:53:00.150814451Z [inf]    → 2025 reporting period already exists
2025-12-02T15:53:00.150818925Z [inf]  Asset accounts seeded (1000-1999)
2025-12-02T15:53:00.150822742Z [inf]  Liability accounts seeded (2000-2999)
2025-12-02T15:53:00.150826888Z [inf]  Equity accounts seeded (3000-3999)
2025-12-02T15:53:00.150831145Z [inf]  Revenue accounts seeded (4000-4999)
2025-12-02T15:53:00.150840437Z [inf]  Expense accounts seeded (5000-5999)
2025-12-02T15:53:00.150847937Z [inf]  Seeding chart of accounts for company: test coman doo
2025-12-02T15:53:00.150852786Z [inf]    → 2025 reporting period already exists
2025-12-02T15:53:00.150858390Z [inf]  Asset accounts seeded (1000-1999)
2025-12-02T15:53:00.150863505Z [inf]  Liability accounts seeded (2000-2999)
2025-12-02T15:53:00.150868890Z [inf]  Equity accounts seeded (3000-3999)
2025-12-02T15:53:00.150874123Z [inf]  Revenue accounts seeded (4000-4999)
2025-12-02T15:53:00.150880796Z [inf]  Expense accounts seeded (5000-5999)
2025-12-02T15:53:00.150886677Z [inf]  Seeding chart of accounts for company: testq doo
2025-12-02T15:53:00.150891956Z [inf]    → 2025 reporting period already exists
2025-12-02T15:53:00.186399908Z [inf]  Asset accounts seeded (1000-1999)
2025-12-02T15:53:00.224113555Z [inf]  Liability accounts seeded (2000-2999)
2025-12-02T15:53:00.236117965Z [inf]  Equity accounts seeded (3000-3999)
2025-12-02T15:53:00.260458018Z [inf]  Revenue accounts seeded (4000-4999)
2025-12-02T15:53:00.308351339Z [inf]  Expense accounts seeded (5000-5999)
2025-12-02T15:53:00.308356029Z [inf]  Seeding chart of accounts for company: test 123
2025-12-02T15:53:00.314208724Z [inf]    → 2025 reporting period already exists
2025-12-02T15:53:00.415231077Z [inf]  Asset accounts seeded (1000-1999)
2025-12-02T15:53:00.449275011Z [inf]  Liability accounts seeded (2000-2999)
2025-12-02T15:53:00.463909924Z [inf]  Equity accounts seeded (3000-3999)
2025-12-02T15:53:00.485206342Z [inf]  Revenue accounts seeded (4000-4999)
2025-12-02T15:53:00.527417618Z [inf]  Expense accounts seeded (5000-5999)
2025-12-02T15:53:00.527421428Z [inf]  Seeding chart of accounts for company: test 123
2025-12-02T15:53:00.536817403Z [inf]    → 2025 reporting period already exists
2025-12-02T15:53:00.638262062Z [inf]  Asset accounts seeded (1000-1999)
2025-12-02T15:53:01.162059014Z [inf]  Equity accounts seeded (3000-3999)
2025-12-02T15:53:01.162069540Z [inf]  Revenue accounts seeded (4000-4999)
2025-12-02T15:53:01.162077742Z [inf]  Expense accounts seeded (5000-5999)
2025-12-02T15:53:01.162084019Z [inf]  Macedonian Chart of Accounts seeded successfully!
2025-12-02T15:53:01.162091356Z [inf]  Syncing abilities for all companies from config...
2025-12-02T15:53:01.162104169Z [inf]  🔄 Syncing abilities for all companies...
2025-12-02T15:53:01.162115320Z [inf]  Reading abilities from: config/abilities.php
2025-12-02T15:53:01.162121786Z [inf]  
2025-12-02T15:53:01.162128549Z [inf]  Found 9 companies
2025-12-02T15:53:01.162135106Z [inf]  
2025-12-02T15:53:01.162214401Z [inf]  Liability accounts seeded (2000-2999)
2025-12-02T15:53:21.184615628Z [inf]  Creating storage link...
2025-12-02T15:53:21.184623167Z [inf]  
2025-12-02T15:53:21.184627677Z [inf]  
2025-12-02T15:53:21.184630397Z [inf]     INFO  The [public/storage] link has been connected to [storagepublic].  
2025-12-02T15:53:21.184635055Z [inf]  
2025-12-02T15:53:21.184636954Z [inf]  
2025-12-02T15:53:21.184642206Z [inf]  === Final Environment Check ===
2025-12-02T15:53:21.184643116Z [inf]  ✅ Abilities synced successfully for all companies!
2025-12-02T15:53:21.184648343Z [inf]  CACHE_STORE: file
2025-12-02T15:53:21.184649609Z [inf]  All tenants now have up-to-date abilities from config/abilities.php
2025-12-02T15:53:21.184653881Z [inf]  CACHE_DRIVER: file
2025-12-02T15:53:21.184656502Z [inf]  Setting up admin roles for all companies...
2025-12-02T15:53:21.184659917Z [inf]  QUEUE_CONNECTION: database
2025-12-02T15:53:21.184666098Z [inf]  Setting up admin roles for all companies...
2025-12-02T15:53:21.184674543Z [inf]  Admin role already exists for company: xyz
2025-12-02T15:53:21.184679949Z [inf]  Admin role already exists for company: Teknomed DOO
2025-12-02T15:53:21.184685492Z [inf]  Admin role already exists for company: Demo Company Ltd
2025-12-02T15:53:21.184690672Z [inf]  Admin role already exists for company: sara doo
2025-12-02T15:53:21.184697112Z [inf]  Admin role already exists for company: sara doo
2025-12-02T15:53:21.184703140Z [inf]  Admin role already exists for company: test coman doo
2025-12-02T15:53:21.184708406Z [inf]  Admin role already exists for company: testq doo
2025-12-02T15:53:21.184714018Z [inf]  Admin role already exists for company: test 123
2025-12-02T15:53:21.184723361Z [inf]  Admin role already exists for company: test 123
2025-12-02T15:53:21.184731209Z [inf]  ✓ Created admin roles for 0 companies
2025-12-02T15:53:21.184735592Z [inf]  Skipping config cache to allow dynamic environment variables...
2025-12-02T15:53:21.189263869Z [inf]  [Tue Dec  2 15:53:16 2025] PHP 8.2.27 Development Server (http://0.0.0.0:8080) started
2025-12-02T15:53:21.189265801Z [inf]  BROADCAST_DRIVER: log
2025-12-02T15:53:21.189266046Z [inf]  Starting PHP server on port 8080...
2025-12-02T15:53:21.189279670Z [inf]  === Feature Flags ===
2025-12-02T15:53:21.189280724Z [inf]  Laravel logs will be written to storage/logs/laravel.log
2025-12-02T15:53:21.189292415Z [inf]  FACTURINO_STOCK_V1_ENABLED: true
2025-12-02T15:53:21.189293988Z [inf]  Server starting - Railway health checks should now pass
2025-12-02T15:53:21.189303699Z [inf]  Stock feature from config: ENABLED
2025-12-02T15:53:21.189305692Z [inf]  SESSION_DRIVER: database
2025-12-02T15:53:21.189307412Z [inf]  Initialization will continue in the background
2025-12-02T15:53:21.189314474Z [inf]  Frontend assets found: 234 files
2025-12-02T15:53:21.189325127Z [inf]  REDIS_CLIENT: 