[2025-11-19 00:56:41] production.INFO: IntelligentFieldMapper initialized {"matcher_count":4,"matchers":["App\\Services\\Import\\Intelligent\\Matchers\\ExactMatcher","App\\Services\\Import\\Intelligent\\Matchers\\SynonymMatcher","App\\Services\\Import\\Intelligent\\Matchers\\FuzzyMatcher","App\\Services\\Import\\Intelligent\\Matchers\\PatternMatcher"]} 
[2025-11-19 00:56:41] production.INFO: ImportService initialized {"intelligent_enabled":true,"fallback_enabled":true} 
[2025-11-19 00:56:41] production.INFO: IntelligentFieldMapper initialized {"matcher_count":4,"matchers":["App\\Services\\Import\\Intelligent\\Matchers\\ExactMatcher","App\\Services\\Import\\Intelligent\\Matchers\\SynonymMatcher","App\\Services\\Import\\Intelligent\\Matchers\\FuzzyMatcher","App\\Services\\Import\\Intelligent\\Matchers\\PatternMatcher"]} 
[2025-11-19 00:56:41] production.INFO: ImportService initialized {"intelligent_enabled":true,"fallback_enabled":true} 
[2025-11-19 00:56:41] production.INFO: IntelligentFieldMapper initialized {"matcher_count":4,"matchers":["App\\Services\\Import\\Intelligent\\Matchers\\ExactMatcher","App\\Services\\Import\\Intelligent\\Matchers\\SynonymMatcher","App\\Services\\Import\\Intelligent\\Matchers\\FuzzyMatcher","App\\Services\\Import\\Intelligent\\Matchers\\PatternMatcher"]} 
[2025-11-19 00:56:41] production.INFO: ImportService initialized {"intelligent_enabled":true,"fallback_enabled":true} 
[2025-11-19 00:56:41] production.INFO: IntelligentFieldMapper initialized {"matcher_count":4,"matchers":["App\\Services\\Import\\Intelligent\\Matchers\\ExactMatcher","App\\Services\\Import\\Intelligent\\Matchers\\SynonymMatcher","App\\Services\\Import\\Intelligent\\Matchers\\FuzzyMatcher","App\\Services\\Import\\Intelligent\\Matchers\\PatternMatcher"]} 
[2025-11-19 00:56:41] production.INFO: ImportService initialized {"intelligent_enabled":true,"fallback_enabled":true} 
[2025-11-19 00:56:41] production.INFO: IntelligentFieldMapper initialized {"matcher_count":4,"matchers":["App\\Services\\Import\\Intelligent\\Matchers\\ExactMatcher","App\\Services\\Import\\Intelligent\\Matchers\\SynonymMatcher","App\\Services\\Import\\Intelligent\\Matchers\\FuzzyMatcher","App\\Services\\Import\\Intelligent\\Matchers\\PatternMatcher"]} 
[2025-11-19 00:56:41] production.INFO: ImportService initialized {"intelligent_enabled":true,"fallback_enabled":true} 
[2025-11-19 00:56:41] production.INFO: IntelligentFieldMapper initialized {"matcher_count":4,"matchers":["App\\Services\\Import\\Intelligent\\Matchers\\ExactMatcher","App\\Services\\Import\\Intelligent\\Matchers\\SynonymMatcher","App\\Services\\Import\\Intelligent\\Matchers\\FuzzyMatcher","App\\Services\\Import\\Intelligent\\Matchers\\PatternMatcher"]} 
[2025-11-19 00:56:41] production.INFO: ImportService initialized {"intelligent_enabled":true,"fallback_enabled":true} 
[2025-11-19 00:56:41] production.INFO: IntelligentFieldMapper initialized {"matcher_count":4,"matchers":["App\\Services\\Import\\Intelligent\\Matchers\\ExactMatcher","App\\Services\\Import\\Intelligent\\Matchers\\SynonymMatcher","App\\Services\\Import\\Intelligent\\Matchers\\FuzzyMatcher","App\\Services\\Import\\Intelligent\\Matchers\\PatternMatcher"]} 
[2025-11-19 00:56:41] production.INFO: ImportService initialized {"intelligent_enabled":true,"fallback_enabled":true} 
[2025-11-19 00:56:48] production.WARNING: Health check: Certificate file not found {"path":"/var/www/html/storage/certificates/certificate.pem"} 
[2025-11-19 00:56:48] production.WARNING: Health check: Missing Paddle configuration {"missing":["cashier.seller_id","cashier.api_key","cashier.public_key","cashier.webhook.secret"],"note":"Paddle not configured yet - this is expected until production setup"} 
[2025-11-19 00:56:55] production.WARNING: Health check: Certificate file not found {"path":"/var/www/html/storage/certificates/certificate.pem"} 
[2025-11-19 00:56:55] production.WARNING: Health check: Missing Paddle configuration {"missing":["cashier.seller_id","cashier.api_key","cashier.public_key","cashier.webhook.secret"],"note":"Paddle not configured yet - this is expected until production setup"} 
[2025-11-19 01:00:44] production.INFO: Trial expirations processed {"expired":0,"reminded":0} 
[2025-11-19 01:00:44] production.WARNING: Health check: Certificate file not found {"path":"/var/www/html/storage/certificates/certificate.pem"} 
[2025-11-19 01:00:44] production.WARNING: Health check: Missing Paddle configuration {"missing":["cashier.seller_id","cashier.api_key","cashier.public_key","cashier.webhook.secret"],"note":"Paddle not configured yet - this is expected until production setup"} 
[2025-11-19 01:00:57] production.ERROR: Symfony\Component\Mailer\Transport\Dsn::__construct(): Argument #5 ($port) must be of type ?int, string given, called in /var/www/html/vendor/laravel/framework/src/Illuminate/Mail/MailManager.php on line 199 {"exception":"[object] (TypeError(code: 0): Symfony\\Component\\Mailer\\Transport\\Dsn::__construct(): Argument #5 ($port) must be of type ?int, string given, called in /var/www/html/vendor/laravel/framework/src/Illuminate/Mail/MailManager.php on line 199 at /var/www/html/vendor/symfony/mailer/Transport/Dsn.php:21)
[stacktrace]
#0 /var/www/html/vendor/laravel/framework/src/Illuminate/Mail/MailManager.php(199): Symfony\\Component\\Mailer\\Transport\\Dsn->__construct('smtp', '', '', Object(SensitiveParameterValue), '', Array)
#1 /var/www/html/vendor/laravel/framework/src/Illuminate/Mail/MailManager.php(180): Illuminate\\Mail\\MailManager->createSmtpTransport(Array)
#2 /var/www/html/vendor/laravel/framework/src/Illuminate/Mail/MailManager.php(145): Illuminate\\Mail\\MailManager->createSymfonyTransport(Array)
#3 /var/www/html/vendor/laravel/framework/src/Illuminate/Mail/MailManager.php(122): Illuminate\\Mail\\MailManager->build(Array)
#4 /var/www/html/vendor/laravel/framework/src/Illuminate/Mail/MailManager.php(100): Illuminate\\Mail\\MailManager->resolve('smtp')
#5 /var/www/html/vendor/laravel/framework/src/Illuminate/Mail/MailManager.php(78): Illuminate\\Mail\\MailManager->get('smtp')
#6 /var/www/html/vendor/laravel/framework/src/Illuminate/Notifications/Channels/MailChannel.php(66): Illuminate\\Mail\\MailManager->mailer('smtp')
#7 /var/www/html/vendor/laravel/framework/src/Illuminate/Notifications/NotificationSender.php(159): Illuminate\\Notifications\\Channels\\MailChannel->send(Object(Spatie\\Backup\\Notifications\\Notifiable), Object(Spatie\\Backup\\Notifications\\Notifications\\CleanupHasFailedNotification))
#8 /var/www/html/vendor/laravel/framework/src/Illuminate/Notifications/NotificationSender.php(116): Illuminate\\Notifications\\NotificationSender->sendToNotifiable(Object(Spatie\\Backup\\Notifications\\Notifiable), 'a556bb6d-5fca-4...', Object(Spatie\\Backup\\Notifications\\Notifications\\CleanupHasFailedNotification), 'mail')
#9 /var/www/html/vendor/laravel/framework/src/Illuminate/Support/Traits/Localizable.php(19): Illuminate\\Notifications\\NotificationSender->Illuminate\\Notifications\\{closure}()
#10 /var/www/html/vendor/laravel/framework/src/Illuminate/Notifications/NotificationSender.php(111): Illuminate\\Notifications\\NotificationSender->withLocale(NULL, Object(Closure))
#11 /var/www/html/vendor/laravel/framework/src/Illuminate/Notifications/NotificationSender.php(89): Illuminate\\Notifications\\NotificationSender->sendNow(Array, Object(Spatie\\Backup\\Notifications\\Notifications\\CleanupHasFailedNotification))
#12 /var/www/html/vendor/laravel/framework/src/Illuminate/Notifications/ChannelManager.php(39): Illuminate\\Notifications\\NotificationSender->send(Array, Object(Spatie\\Backup\\Notifications\\Notifications\\CleanupHasFailedNotification))
#13 /var/www/html/vendor/laravel/framework/src/Illuminate/Notifications/RoutesNotifications.php(18): Illuminate\\Notifications\\ChannelManager->send(Object(Spatie\\Backup\\Notifications\\Notifiable), Object(Spatie\\Backup\\Notifications\\Notifications\\CleanupHasFailedNotification))
#14 /var/www/html/vendor/spatie/laravel-backup/src/Notifications/EventHandler.php(29): Spatie\\Backup\\Notifications\\Notifiable->notify(Object(Spatie\\Backup\\Notifications\\Notifications\\CleanupHasFailedNotification))
#15 /var/www/html/vendor/laravel/framework/src/Illuminate/Events/Dispatcher.php(459): Spatie\\Backup\\Notifications\\EventHandler->Spatie\\Backup\\Notifications\\{closure}(Object(Spatie\\Backup\\Events\\CleanupHasFailed))
#16 /var/www/html/vendor/laravel/framework/src/Illuminate/Events/Dispatcher.php(286): Illuminate\\Events\\Dispatcher->Illuminate\\Events\\{closure}('Spatie\\\\Backup\\\\E...', Array)
#17 /var/www/html/vendor/laravel/framework/src/Illuminate/Events/Dispatcher.php(266): Illuminate\\Events\\Dispatcher->invokeListeners('Spatie\\\\Backup\\\\E...', Array, false)
#18 /var/www/html/vendor/laravel/framework/src/Illuminate/Foundation/helpers.php(476): Illuminate\\Events\\Dispatcher->dispatch('Spatie\\\\Backup\\\\E...')
#19 /var/www/html/vendor/spatie/laravel-backup/src/Tasks/Cleanup/CleanupJob.php(57): event(Object(Spatie\\Backup\\Events\\CleanupHasFailed))
#20 /var/www/html/vendor/laravel/framework/src/Illuminate/Foundation/helpers.php(784): Spatie\\Backup\\Tasks\\Cleanup\\CleanupJob->Spatie\\Backup\\Tasks\\Cleanup\\{closure}()
#21 /var/www/html/vendor/spatie/laravel-backup/src/Tasks/Cleanup/CleanupJob.php(56): rescue(Object(Closure), Object(Closure))
#22 /var/www/html/vendor/spatie/laravel-backup/src/Tasks/Cleanup/CleanupJob.php(46): Spatie\\Backup\\Tasks\\Cleanup\\CleanupJob->sendNotification(Object(Spatie\\Backup\\Events\\CleanupHasFailed))
#23 /var/www/html/vendor/laravel/framework/src/Illuminate/Collections/Traits/EnumeratesValues.php(274): Spatie\\Backup\\Tasks\\Cleanup\\CleanupJob->Spatie\\Backup\\Tasks\\Cleanup\\{closure}(Object(Spatie\\Backup\\BackupDestination\\BackupDestination), 1)
#24 /var/www/html/vendor/spatie/laravel-backup/src/Tasks/Cleanup/CleanupJob.php(27): Illuminate\\Support\\Collection->each(Object(Closure))
#25 /var/www/html/vendor/spatie/laravel-backup/src/Commands/CleanupCommand.php(44): Spatie\\Backup\\Tasks\\Cleanup\\CleanupJob->run()
#26 /var/www/html/vendor/laravel/framework/src/Illuminate/Container/BoundMethod.php(36): Spatie\\Backup\\Commands\\CleanupCommand->handle()
#27 /var/www/html/vendor/laravel/framework/src/Illuminate/Container/Util.php(43): Illuminate\\Container\\BoundMethod::Illuminate\\Container\\{closure}()
#28 /var/www/html/vendor/laravel/framework/src/Illuminate/Container/BoundMethod.php(96): Illuminate\\Container\\Util::unwrapIfClosure(Object(Closure))
#29 /var/www/html/vendor/laravel/framework/src/Illuminate/Container/BoundMethod.php(35): Illuminate\\Container\\BoundMethod::callBoundMethod(Object(Illuminate\\Foundation\\Application), Array, Object(Closure))
#30 /var/www/html/vendor/laravel/framework/src/Illuminate/Container/Container.php(754): Illuminate\\Container\\BoundMethod::call(Object(Illuminate\\Foundation\\Application), Array, Array, NULL)
#31 /var/www/html/vendor/laravel/framework/src/Illuminate/Console/Command.php(211): Illuminate\\Container\\Container->call(Array)
#32 /var/www/html/vendor/symfony/console/Command/Command.php(279): Illuminate\\Console\\Command->execute(Object(Symfony\\Component\\Console\\Input\\ArgvInput), Object(Illuminate\\Console\\OutputStyle))
#33 /var/www/html/vendor/laravel/framework/src/Illuminate/Console/Command.php(180): Symfony\\Component\\Console\\Command\\Command->run(Object(Symfony\\Component\\Console\\Input\\ArgvInput), Object(Illuminate\\Console\\OutputStyle))
#34 /var/www/html/vendor/spatie/laravel-backup/src/Commands/BaseCommand.php(29): Illuminate\\Console\\Command->run(Object(Symfony\\Component\\Console\\Input\\ArgvInput), Object(Symfony\\Component\\Console\\Output\\ConsoleOutput))
#35 /var/www/html/vendor/symfony/console/Application.php(1094): Spatie\\Backup\\Commands\\BaseCommand->run(Object(Symfony\\Component\\Console\\Input\\ArgvInput), Object(Symfony\\Component\\Console\\Output\\ConsoleOutput))
#36 /var/www/html/vendor/symfony/console/Application.php(342): Symfony\\Component\\Console\\Application->doRunCommand(Object(Spatie\\Backup\\Commands\\CleanupCommand), Object(Symfony\\Component\\Console\\Input\\ArgvInput), Object(Symfony\\Component\\Console\\Output\\ConsoleOutput))
#37 /var/www/html/vendor/symfony/console/Application.php(193): Symfony\\Component\\Console\\Application->doRun(Object(Symfony\\Component\\Console\\Input\\ArgvInput), Object(Symfony\\Component\\Console\\Output\\ConsoleOutput))
#38 /var/www/html/vendor/laravel/framework/src/Illuminate/Foundation/Console/Kernel.php(197): Symfony\\Component\\Console\\Application->run(Object(Symfony\\Component\\Console\\Input\\ArgvInput), Object(Symfony\\Component\\Console\\Output\\ConsoleOutput))
#39 /var/www/html/vendor/laravel/framework/src/Illuminate/Foundation/Application.php(1234): Illuminate\\Foundation\\Console\\Kernel->handle(Object(Symfony\\Component\\Console\\Input\\ArgvInput), Object(Symfony\\Component\\Console\\Output\\ConsoleOutput))
#40 /var/www/html/artisan(13): Illuminate\\Foundation\\Application->handleCommand(Object(Symfony\\Component\\Console\\Input\\ArgvInput))
#41 {main}
"} 
[2025-11-19 01:00:57] production.ERROR: Symfony\Component\Mailer\Transport\Dsn::__construct(): Argument #5 ($port) must be of type ?int, string given, called in /var/www/html/vendor/laravel/framework/src/Illuminate/Mail/MailManager.php on line 199 {"exception":"[object] (TypeError(code: 0): Symfony\\Component\\Mailer\\Transport\\Dsn::__construct(): Argument #5 ($port) must be of type ?int, string given, called in /var/www/html/vendor/laravel/framework/src/Illuminate/Mail/MailManager.php on line 199 at /var/www/html/vendor/symfony/mailer/Transport/Dsn.php:21)
[stacktrace]
#0 /var/www/html/vendor/laravel/framework/src/Illuminate/Mail/MailManager.php(199): Symfony\\Component\\Mailer\\Transport\\Dsn->__construct('smtp', '', '', Object(SensitiveParameterValue), '', Array)
#1 /var/www/html/vendor/laravel/framework/src/Illuminate/Mail/MailManager.php(180): Illuminate\\Mail\\MailManager->createSmtpTransport(Array)
#2 /var/www/html/vendor/laravel/framework/src/Illuminate/Mail/MailManager.php(145): Illuminate\\Mail\\MailManager->createSymfonyTransport(Array)
#3 /var/www/html/vendor/laravel/framework/src/Illuminate/Mail/MailManager.php(122): Illuminate\\Mail\\MailManager->build(Array)
#4 /var/www/html/vendor/laravel/framework/src/Illuminate/Mail/MailManager.php(100): Illuminate\\Mail\\MailManager->resolve('smtp')
#5 /var/www/html/vendor/laravel/framework/src/Illuminate/Mail/MailManager.php(78): Illuminate\\Mail\\MailManager->get('smtp')
#6 /var/www/html/vendor/laravel/framework/src/Illuminate/Notifications/Channels/MailChannel.php(66): Illuminate\\Mail\\MailManager->mailer('smtp')
#7 /var/www/html/vendor/laravel/framework/src/Illuminate/Notifications/NotificationSender.php(159): Illuminate\\Notifications\\Channels\\MailChannel->send(Object(Spatie\\Backup\\Notifications\\Notifiable), Object(Spatie\\Backup\\Notifications\\Notifications\\CleanupHasFailedNotification))
#8 /var/www/html/vendor/laravel/framework/src/Illuminate/Notifications/NotificationSender.php(116): Illuminate\\Notifications\\NotificationSender->sendToNotifiable(Object(Spatie\\Backup\\Notifications\\Notifiable), '4b0941e4-ec02-4...', Object(Spatie\\Backup\\Notifications\\Notifications\\CleanupHasFailedNotification), 'mail')
#9 /var/www/html/vendor/laravel/framework/src/Illuminate/Support/Traits/Localizable.php(19): Illuminate\\Notifications\\NotificationSender->Illuminate\\Notifications\\{closure}()
#10 /var/www/html/vendor/laravel/framework/src/Illuminate/Notifications/NotificationSender.php(111): Illuminate\\Notifications\\NotificationSender->withLocale(NULL, Object(Closure))
#11 /var/www/html/vendor/laravel/framework/src/Illuminate/Notifications/NotificationSender.php(89): Illuminate\\Notifications\\NotificationSender->sendNow(Array, Object(Spatie\\Backup\\Notifications\\Notifications\\CleanupHasFailedNotification))
#12 /var/www/html/vendor/laravel/framework/src/Illuminate/Notifications/ChannelManager.php(39): Illuminate\\Notifications\\NotificationSender->send(Array, Object(Spatie\\Backup\\Notifications\\Notifications\\CleanupHasFailedNotification))
#13 /var/www/html/vendor/laravel/framework/src/Illuminate/Notifications/RoutesNotifications.php(18): Illuminate\\Notifications\\ChannelManager->send(Object(Spatie\\Backup\\Notifications\\Notifiable), Object(Spatie\\Backup\\Notifications\\Notifications\\CleanupHasFailedNotification))
#14 /var/www/html/vendor/spatie/laravel-backup/src/Notifications/EventHandler.php(29): Spatie\\Backup\\Notifications\\Notifiable->notify(Object(Spatie\\Backup\\Notifications\\Notifications\\CleanupHasFailedNotification))
#15 /var/www/html/vendor/laravel/framework/src/Illuminate/Events/Dispatcher.php(459): Spatie\\Backup\\Notifications\\EventHandler->Spatie\\Backup\\Notifications\\{closure}(Object(Spatie\\Backup\\Events\\CleanupHasFailed))
#16 /var/www/html/vendor/laravel/framework/src/Illuminate/Events/Dispatcher.php(286): Illuminate\\Events\\Dispatcher->Illuminate\\Events\\{closure}('Spatie\\\\Backup\\\\E...', Array)
#17 /var/www/html/vendor/laravel/framework/src/Illuminate/Events/Dispatcher.php(266): Illuminate\\Events\\Dispatcher->invokeListeners('Spatie\\\\Backup\\\\E...', Array, false)
#18 /var/www/html/vendor/laravel/framework/src/Illuminate/Foundation/helpers.php(476): Illuminate\\Events\\Dispatcher->dispatch('Spatie\\\\Backup\\\\E...')
#19 /var/www/html/vendor/spatie/laravel-backup/src/Commands/CleanupCommand.php(61): event(Object(Spatie\\Backup\\Events\\CleanupHasFailed))
#20 /var/www/html/vendor/laravel/framework/src/Illuminate/Container/BoundMethod.php(36): Spatie\\Backup\\Commands\\CleanupCommand->handle()
#21 /var/www/html/vendor/laravel/framework/src/Illuminate/Container/Util.php(43): Illuminate\\Container\\BoundMethod::Illuminate\\Container\\{closure}()
#22 /var/www/html/vendor/laravel/framework/src/Illuminate/Container/BoundMethod.php(96): Illuminate\\Container\\Util::unwrapIfClosure(Object(Closure))
#23 /var/www/html/vendor/laravel/framework/src/Illuminate/Container/BoundMethod.php(35): Illuminate\\Container\\BoundMethod::callBoundMethod(Object(Illuminate\\Foundation\\Application), Array, Object(Closure))
#24 /var/www/html/vendor/laravel/framework/src/Illuminate/Container/Container.php(754): Illuminate\\Container\\BoundMethod::call(Object(Illuminate\\Foundation\\Application), Array, Array, NULL)
#25 /var/www/html/vendor/laravel/framework/src/Illuminate/Console/Command.php(211): Illuminate\\Container\\Container->call(Array)
#26 /var/www/html/vendor/symfony/console/Command/Command.php(279): Illuminate\\Console\\Command->execute(Object(Symfony\\Component\\Console\\Input\\ArgvInput), Object(Illuminate\\Console\\OutputStyle))
#27 /var/www/html/vendor/laravel/framework/src/Illuminate/Console/Command.php(180): Symfony\\Component\\Console\\Command\\Command->run(Object(Symfony\\Component\\Console\\Input\\ArgvInput), Object(Illuminate\\Console\\OutputStyle))
#28 /var/www/html/vendor/spatie/laravel-backup/src/Commands/BaseCommand.php(29): Illuminate\\Console\\Command->run(Object(Symfony\\Component\\Console\\Input\\ArgvInput), Object(Symfony\\Component\\Console\\Output\\ConsoleOutput))
#29 /var/www/html/vendor/symfony/console/Application.php(1094): Spatie\\Backup\\Commands\\BaseCommand->run(Object(Symfony\\Component\\Console\\Input\\ArgvInput), Object(Symfony\\Component\\Console\\Output\\ConsoleOutput))
#30 /var/www/html/vendor/symfony/console/Application.php(342): Symfony\\Component\\Console\\Application->doRunCommand(Object(Spatie\\Backup\\Commands\\CleanupCommand), Object(Symfony\\Component\\Console\\Input\\ArgvInput), Object(Symfony\\Component\\Console\\Output\\ConsoleOutput))
#31 /var/www/html/vendor/symfony/console/Application.php(193): Symfony\\Component\\Console\\Application->doRun(Object(Symfony\\Component\\Console\\Input\\ArgvInput), Object(Symfony\\Component\\Console\\Output\\ConsoleOutput))
#32 /var/www/html/vendor/laravel/framework/src/Illuminate/Foundation/Console/Kernel.php(197): Symfony\\Component\\Console\\Application->run(Object(Symfony\\Component\\Console\\Input\\ArgvInput), Object(Symfony\\Component\\Console\\Output\\ConsoleOutput))
#33 /var/www/html/vendor/laravel/framework/src/Illuminate/Foundation/Application.php(1234): Illuminate\\Foundation\\Console\\Kernel->handle(Object(Symfony\\Component\\Console\\Input\\ArgvInput), Object(Symfony\\Component\\Console\\Output\\ConsoleOutput))
#34 /var/www/html/artisan(13): Illuminate\\Foundation\\Application->handleCommand(Object(Symfony\\Component\\Console\\Input\\ArgvInput))
#35 {main}
"} 
[2025-11-19 01:01:25] production.INFO: Authenticate middleware handling request {"url":"https://app.facturino.mk/api/v1/bootstrap","method":"GET","guards":["sanctum"],"authenticated_before":true,"user_id_before":4,"session_id":"dbVzACURnkGw05J7E1wApZHJFZzORTRgIpAGXS74","has_session_cookie":true} 
[2025-11-19 01:01:25] production.INFO: Bootstrap controller reached {"authenticated":true,"user_id":4,"guard":"sanctum","session_id":"dbVzACURnkGw05J7E1wApZHJFZzORTRgIpAGXS74","has_company_header":false,"company_header":null} 
[2025-11-19 01:01:25] production.INFO: Authenticate middleware completed {"authenticated_after":true,"user_id_after":4} 
[2025-11-19 01:01:25] production.INFO: Authenticate middleware handling request {"url":"https://app.facturino.mk/api/v1/console/companies","method":"GET","guards":["sanctum"],"authenticated_before":true,"user_id_before":4,"session_id":"dbVzACURnkGw05J7E1wApZHJFZzORTRgIpAGXS74","has_session_cookie":true} 
[2025-11-19 01:01:26] production.INFO: Authenticate middleware completed {"authenticated_after":true,"user_id_after":4} 
[2025-11-19 01:01:26] production.INFO: Authenticate middleware handling request {"url":"https://app.facturino.mk/api/v1/console/companies","method":"GET","guards":["sanctum"],"authenticated_before":true,"user_id_before":4,"session_id":"dbVzACURnkGw05J7E1wApZHJFZzORTRgIpAGXS74","has_session_cookie":true} 
[2025-11-19 01:01:26] production.INFO: Authenticate middleware completed {"authenticated_after":true,"user_id_after":4} 
[2025-11-19 01:01:28] production.INFO: Authenticate middleware handling request {"url":"https://app.facturino.mk/api/v1/auth/logout","method":"POST","guards":["sanctum"],"authenticated_before":true,"user_id_before":4,"session_id":"dbVzACURnkGw05J7E1wApZHJFZzORTRgIpAGXS74","has_session_cookie":true} 
[2025-11-19 01:01:28] production.INFO: Authenticate middleware completed {"authenticated_after":true,"user_id_after":4} 
[2025-11-19 01:01:39] production.INFO: Login attempt {"email":"partner@demo.mk","has_password":true,"ip":"77.28.5.111","user_agent":"Mozilla/5.0 (Macintosh; Intel Mac OS X 10_15_7) AppleWebKit/537.36 (KHTML, like Gecko) Chrome/142.0.0.0 Safari/537.36"} 
[2025-11-19 01:01:39] production.INFO: Login successful {"email":"partner@demo.mk"} 
[2025-11-19 01:01:39] production.WARNING: Slow operation detected {"operation":"req_691d16f30adeb","execution_time_ms":471.75,"memory_used_bytes":0,"memory_used_mb":0.0} 
[2025-11-19 01:01:39] production.WARNING: Slow request detected {"operation":"req_691d16f30adeb","execution_time_ms":471.75,"memory_used_bytes":0,"memory_used_mb":0.0,"method":"POST","url":"https://app.facturino.mk/api/v1/auth/login","route":null,"user_id":4,"company_id":null,"ip":"77.28.5.111","user_agent":"Mozilla/5.0 (Macintosh; Intel Mac OS X 10_15_7) AppleWebKit/537.36 (KHTML, like Gecko) Chrome/142.0.0.0 Safari/537.36","response_status":200} 
[2025-11-19 01:01:39] production.INFO: Authenticate middleware handling request {"url":"https://app.facturino.mk/api/v1/partner/commissions","method":"GET","guards":["sanctum"],"authenticated_before":true,"user_id_before":4,"session_id":"lr0jiQVAHBCtOX2gMDPKPYqtkY6Mqk9KWaGIYwCP","has_session_cookie":true} 
[2025-11-19 01:01:39] production.INFO: Authenticate middleware completed {"authenticated_after":true,"user_id_after":4} 
[2025-11-19 01:01:39] production.INFO: Authenticate middleware handling request {"url":"https://app.facturino.mk/api/v1/partner/dashboard","method":"GET","guards":["sanctum"],"authenticated_before":true,"user_id_before":4,"session_id":"lr0jiQVAHBCtOX2gMDPKPYqtkY6Mqk9KWaGIYwCP","has_session_cookie":true} 
[2025-11-19 01:01:39] production.INFO: Authenticate middleware completed {"authenticated_after":true,"user_id_after":4} 
[2025-11-19 01:01:58] production.INFO: Authenticate middleware handling request {"url":"https://app.facturino.mk/api/v1/partner/commissions","method":"GET","guards":["sanctum"],"authenticated_before":true,"user_id_before":4,"session_id":"lr0jiQVAHBCtOX2gMDPKPYqtkY6Mqk9KWaGIYwCP","has_session_cookie":true} 
[2025-11-19 01:01:58] production.INFO: Authenticate middleware completed {"authenticated_after":true,"user_id_after":4} 
[2025-11-19 01:01:58] production.INFO: Authenticate middleware handling request {"url":"https://app.facturino.mk/api/v1/partner/dashboard","method":"GET","guards":["sanctum"],"authenticated_before":true,"user_id_before":4,"session_id":"lr0jiQVAHBCtOX2gMDPKPYqtkY6Mqk9KWaGIYwCP","has_session_cookie":true} 
[2025-11-19 01:01:58] production.INFO: Authenticate middleware completed {"authenticated_after":true,"user_id_after":4} 
[2025-11-19 01:03:36] production.INFO: Authenticate middleware handling request {"url":"https://app.facturino.mk/api/v1/partner/dashboard","method":"GET","guards":["sanctum"],"authenticated_before":true,"user_id_before":4,"session_id":"lr0jiQVAHBCtOX2gMDPKPYqtkY6Mqk9KWaGIYwCP","has_session_cookie":true} 
[2025-11-19 01:03:36] production.INFO: Authenticate middleware handling request {"url":"https://app.facturino.mk/api/v1/partner/commissions","method":"GET","guards":["sanctum"],"authenticated_before":true,"user_id_before":4,"session_id":"lr0jiQVAHBCtOX2gMDPKPYqtkY6Mqk9KWaGIYwCP","has_session_cookie":true} 
[2025-11-19 01:03:36] production.INFO: Authenticate middleware completed {"authenticated_after":true,"user_id_after":4} 
[2025-11-19 01:03:36] production.INFO: Authenticate middleware completed {"authenticated_after":true,"user_id_after":4} 
[2025-11-19 01:03:37] production.INFO: Authenticate middleware handling request {"url":"https://app.facturino.mk/api/v1/partner/commissions","method":"GET","guards":["sanctum"],"authenticated_before":true,"user_id_before":4,"session_id":"lr0jiQVAHBCtOX2gMDPKPYqtkY6Mqk9KWaGIYwCP","has_session_cookie":true} 
[2025-11-19 01:03:37] production.INFO: Authenticate middleware completed {"authenticated_after":true,"user_id_after":4} 
[2025-11-19 01:03:37] production.INFO: Authenticate middleware handling request {"url":"https://app.facturino.mk/api/v1/partner/dashboard","method":"GET","guards":["sanctum"],"authenticated_before":true,"user_id_before":4,"session_id":"lr0jiQVAHBCtOX2gMDPKPYqtkY6Mqk9KWaGIYwCP","has_session_cookie":true} 
[2025-11-19 01:03:37] production.INFO: Authenticate middleware completed {"authenticated_after":true,"user_id_after":4} 
[2025-11-19 01:03:42] production.INFO: Authenticate middleware handling request {"url":"https://app.facturino.mk/api/v1/bootstrap","method":"GET","guards":["sanctum"],"authenticated_before":true,"user_id_before":4,"session_id":"lr0jiQVAHBCtOX2gMDPKPYqtkY6Mqk9KWaGIYwCP","has_session_cookie":true} 
[2025-11-19 01:03:42] production.INFO: Bootstrap controller reached {"authenticated":true,"user_id":4,"guard":"sanctum","session_id":"lr0jiQVAHBCtOX2gMDPKPYqtkY6Mqk9KWaGIYwCP","has_company_header":false,"company_header":null} 
[2025-11-19 01:03:42] production.INFO: Authenticate middleware completed {"authenticated_after":true,"user_id_after":4} 
[2025-11-19 01:03:42] production.INFO: Authenticate middleware handling request {"url":"https://app.facturino.mk/api/v1/console/companies","method":"GET","guards":["sanctum"],"authenticated_before":true,"user_id_before":4,"session_id":"lr0jiQVAHBCtOX2gMDPKPYqtkY6Mqk9KWaGIYwCP","has_session_cookie":true} 
[2025-11-19 01:03:42] production.INFO: Authenticate middleware handling request {"url":"https://app.facturino.mk/api/v1/invoices","method":"GET","guards":["sanctum"],"authenticated_before":true,"user_id_before":4,"session_id":"lr0jiQVAHBCtOX2gMDPKPYqtkY6Mqk9KWaGIYwCP","has_session_cookie":true} 
[2025-11-19 01:03:42] production.INFO: Authenticate middleware handling request {"url":"https://app.facturino.mk/api/v1/certificates/current","method":"GET","guards":["sanctum"],"authenticated_before":true,"user_id_before":4,"session_id":"lr0jiQVAHBCtOX2gMDPKPYqtkY6Mqk9KWaGIYwCP","has_session_cookie":true} 
[2025-11-19 01:03:43] production.INFO: Authenticate middleware completed {"authenticated_after":true,"user_id_after":4} 
[2025-11-19 01:03:43] production.INFO: Authenticate middleware completed {"authenticated_after":true,"user_id_after":4} 
[2025-11-19 01:03:43] production.INFO: Authenticate middleware completed {"authenticated_after":true,"user_id_after":4} 
[2025-11-19 01:03:47] production.INFO: Authenticate middleware handling request {"url":"https://app.facturino.mk/api/v1/bootstrap","method":"GET","guards":["sanctum"],"authenticated_before":true,"user_id_before":4,"session_id":"lr0jiQVAHBCtOX2gMDPKPYqtkY6Mqk9KWaGIYwCP","has_session_cookie":true} 
[2025-11-19 01:03:47] production.INFO: Bootstrap controller reached {"authenticated":true,"user_id":4,"guard":"sanctum","session_id":"lr0jiQVAHBCtOX2gMDPKPYqtkY6Mqk9KWaGIYwCP","has_company_header":false,"company_header":null} 
[2025-11-19 01:03:47] production.INFO: Authenticate middleware completed {"authenticated_after":true,"user_id_after":4} 
[2025-11-19 01:03:47] production.INFO: Authenticate middleware handling request {"url":"https://app.facturino.mk/api/v1/invoices","method":"GET","guards":["sanctum"],"authenticated_before":true,"user_id_before":4,"session_id":"lr0jiQVAHBCtOX2gMDPKPYqtkY6Mqk9KWaGIYwCP","has_session_cookie":true} 
[2025-11-19 01:03:47] production.INFO: Authenticate middleware handling request {"url":"https://app.facturino.mk/api/v1/console/companies","method":"GET","guards":["sanctum"],"authenticated_before":true,"user_id_before":4,"session_id":"lr0jiQVAHBCtOX2gMDPKPYqtkY6Mqk9KWaGIYwCP","has_session_cookie":true} 
[2025-11-19 01:03:47] production.INFO: Authenticate middleware handling request {"url":"https://app.facturino.mk/api/v1/certificates/current","method":"GET","guards":["sanctum"],"authenticated_before":true,"user_id_before":4,"session_id":"lr0jiQVAHBCtOX2gMDPKPYqtkY6Mqk9KWaGIYwCP","has_session_cookie":true} 
[2025-11-19 01:03:47] production.INFO: Authenticate middleware completed {"authenticated_after":true,"user_id_after":4} 
[2025-11-19 01:03:47] production.INFO: Authenticate middleware completed {"authenticated_after":true,"user_id_after":4} 
[2025-11-19 01:03:47] production.INFO: Authenticate middleware completed {"authenticated_after":true,"user_id_after":4} 
[2025-11-19 01:03:50] production.INFO: Authenticate middleware handling request {"url":"https://app.facturino.mk/api/v1/auth/logout","method":"POST","guards":["sanctum"],"authenticated_before":true,"user_id_before":4,"session_id":"lr0jiQVAHBCtOX2gMDPKPYqtkY6Mqk9KWaGIYwCP","has_session_cookie":true} 
[2025-11-19 01:03:50] production.INFO: Authenticate middleware completed {"authenticated_after":true,"user_id_after":4} 
[2025-11-19 01:03:54] production.INFO: Login attempt {"email":"your-email@example.com","has_password":true,"ip":"77.28.5.111","user_agent":"Mozilla/5.0 (Macintosh; Intel Mac OS X 10_15_7) AppleWebKit/537.36 (KHTML, like Gecko) Chrome/142.0.0.0 Safari/537.36"} 
[2025-11-19 01:03:54] production.INFO: Login successful {"email":"your-email@example.com"} 
[2025-11-19 01:03:54] production.INFO: Authenticate middleware handling request {"url":"https://app.facturino.mk/api/v1/bootstrap","method":"GET","guards":["sanctum"],"authenticated_before":true,"user_id_before":2,"session_id":"tvZ4feQP7FsWZkox7mbUfv1im5AHsLrYfEJerMQr","has_session_cookie":true} 
[2025-11-19 01:03:54] production.INFO: Bootstrap controller reached {"authenticated":true,"user_id":2,"guard":"sanctum","session_id":"tvZ4feQP7FsWZkox7mbUfv1im5AHsLrYfEJerMQr","has_company_header":true,"company_header":"1"} 
[2025-11-19 01:03:54] production.INFO: CompanyResource::toArray - Returning to frontend {"company_id":1,"vat_id":null,"vat_number_raw":null,"vat_number_returned":null,"tax_id":null} 
[2025-11-19 01:03:54] production.INFO: CompanyResource::toArray - Returning to frontend {"company_id":2,"vat_id":"MK12345678901","vat_number_raw":"MK12345678901","vat_number_returned":"MK12345678901","tax_id":"MK12345678901"} 
[2025-11-19 01:03:54] production.INFO: CompanyResource::toArray - Returning to frontend {"company_id":1,"vat_id":null,"vat_number_raw":null,"vat_number_returned":null,"tax_id":null} 
[2025-11-19 01:03:54] production.INFO: CompanyResource::toArray - Returning to frontend {"company_id":1,"vat_id":null,"vat_number_raw":null,"vat_number_returned":null,"tax_id":null} 
[2025-11-19 01:03:54] production.INFO: CompanyResource::toArray - Returning to frontend {"company_id":2,"vat_id":"MK12345678901","vat_number_raw":"MK12345678901","vat_number_returned":"MK12345678901","tax_id":"MK12345678901"} 
[2025-11-19 01:03:54] production.INFO: Authenticate middleware completed {"authenticated_after":true,"user_id_after":2} 
[2025-11-19 01:03:54] production.WARNING: Slow operation detected {"operation":"req_691d177a61d9d","execution_time_ms":352.31,"memory_used_bytes":2097152,"memory_used_mb":2.0} 
[2025-11-19 01:03:54] production.WARNING: Slow request detected {"operation":"req_691d177a61d9d","execution_time_ms":352.31,"memory_used_bytes":2097152,"memory_used_mb":2.0,"method":"GET","url":"https://app.facturino.mk/api/v1/bootstrap","route":null,"user_id":2,"company_id":"1","ip":"77.28.5.111","user_agent":"Mozilla/5.0 (Macintosh; Intel Mac OS X 10_15_7) AppleWebKit/537.36 (KHTML, like Gecko) Chrome/142.0.0.0 Safari/537.36","response_status":200} 
[2025-11-19 01:03:54] production.INFO: Authenticate middleware handling request {"url":"https://app.facturino.mk/api/v1/console/companies","method":"GET","guards":["sanctum"],"authenticated_before":true,"user_id_before":2,"session_id":"tvZ4feQP7FsWZkox7mbUfv1im5AHsLrYfEJerMQr","has_session_cookie":true} 
[2025-11-19 01:03:54] production.INFO: Authenticate middleware handling request {"url":"https://app.facturino.mk/api/v1/dashboard","method":"GET","guards":["sanctum"],"authenticated_before":true,"user_id_before":2,"session_id":"tvZ4feQP7FsWZkox7mbUfv1im5AHsLrYfEJerMQr","has_session_cookie":true} 
[2025-11-19 01:03:54] production.INFO: Authenticate middleware handling request {"url":"https://app.facturino.mk/api/v1/invoices","method":"GET","guards":["sanctum"],"authenticated_before":true,"user_id_before":2,"session_id":"tvZ4feQP7FsWZkox7mbUfv1im5AHsLrYfEJerMQr","has_session_cookie":true} 
[2025-11-19 01:03:54] production.INFO: Authenticate middleware handling request {"url":"https://app.facturino.mk/api/v1/certificates/current","method":"GET","guards":["sanctum"],"authenticated_before":true,"user_id_before":2,"session_id":"tvZ4feQP7FsWZkox7mbUfv1im5AHsLrYfEJerMQr","has_session_cookie":true} 
[2025-11-19 01:03:54] production.INFO: Authenticate middleware handling request {"url":"https://app.facturino.mk/api/v1/tax/vat-status/1","method":"GET","guards":["sanctum"],"authenticated_before":true,"user_id_before":2,"session_id":"tvZ4feQP7FsWZkox7mbUfv1im5AHsLrYfEJerMQr","has_session_cookie":true} 
[2025-11-19 01:03:54] production.INFO: Authenticate middleware completed {"authenticated_after":true,"user_id_after":2} 
[2025-11-19 01:03:54] production.INFO: Authenticate middleware handling request {"url":"https://app.facturino.mk/api/v1/ai/insights","method":"GET","guards":["sanctum"],"authenticated_before":true,"user_id_before":2,"session_id":"tvZ4feQP7FsWZkox7mbUfv1im5AHsLrYfEJerMQr","has_session_cookie":true} 
[2025-11-19 01:03:55] production.INFO: Authenticate middleware completed {"authenticated_after":true,"user_id_after":2} 
[2025-11-19 01:03:55] production.INFO: Authenticate middleware completed {"authenticated_after":true,"user_id_after":2} 
[2025-11-19 01:03:55] production.INFO: Authenticate middleware completed {"authenticated_after":true,"user_id_after":2} 
[2025-11-19 01:03:55] production.INFO: Authenticate middleware completed {"authenticated_after":true,"user_id_after":2} 
[2025-11-19 01:03:55] production.INFO: Authenticate middleware completed {"authenticated_after":true,"user_id_after":2} 
[2025-11-19 01:04:09] production.INFO: Authenticate middleware handling request {"url":"https://app.facturino.mk/api/v1/bootstrap","method":"GET","guards":["sanctum"],"authenticated_before":true,"user_id_before":2,"session_id":"tvZ4feQP7FsWZkox7mbUfv1im5AHsLrYfEJerMQr","has_session_cookie":true} 
[2025-11-19 01:04:09] production.INFO: Bootstrap controller reached {"authenticated":true,"user_id":2,"guard":"sanctum","session_id":"tvZ4feQP7FsWZkox7mbUfv1im5AHsLrYfEJerMQr","has_company_header":true,"company_header":"1"} 
[2025-11-19 01:04:09] production.INFO: CompanyResource::toArray - Returning to frontend {"company_id":1,"vat_id":null,"vat_number_raw":null,"vat_number_returned":null,"tax_id":null} 
[2025-11-19 01:04:10] production.INFO: CompanyResource::toArray - Returning to frontend {"company_id":2,"vat_id":"MK12345678901","vat_number_raw":"MK12345678901","vat_number_returned":"MK12345678901","tax_id":"MK12345678901"} 
[2025-11-19 01:04:10] production.INFO: Authenticate middleware completed {"authenticated_after":true,"user_id_after":2} 
[2025-11-19 01:04:10] production.INFO: Authenticate middleware handling request {"url":"https://app.facturino.mk/api/v1/console/companies","method":"GET","guards":["sanctum"],"authenticated_before":true,"user_id_before":2,"session_id":"tvZ4feQP7FsWZkox7mbUfv1im5AHsLrYfEJerMQr","has_session_cookie":true} 
[2025-11-19 01:04:10] production.INFO: Authenticate middleware handling request {"url":"https://app.facturino.mk/api/v1/partners/stats","method":"GET","guards":["sanctum"],"authenticated_before":true,"user_id_before":2,"session_id":"tvZ4feQP7FsWZkox7mbUfv1im5AHsLrYfEJerMQr","has_session_cookie":true} 
[2025-11-19 01:04:10] production.INFO: Authenticate middleware completed {"authenticated_after":true,"user_id_after":2} 
[2025-11-19 01:04:10] production.INFO: Authenticate middleware handling request {"url":"https://app.facturino.mk/api/v1/partners","method":"GET","guards":["sanctum"],"authenticated_before":true,"user_id_before":2,"session_id":"tvZ4feQP7FsWZkox7mbUfv1im5AHsLrYfEJerMQr","has_session_cookie":true} 
[2025-11-19 01:04:10] production.INFO: [Partners Index API] Request received {"params":{"page":"1","per_page":"15","search":null,"status":null,"kyc_status":null,"sort_by":"created_at","sort_order":"desc"},"user_id":2} 
[2025-11-19 01:04:10] production.INFO: [Partners Index API] Base query created  
[2025-11-19 01:04:10] production.INFO: [Partners Index API] Search filter applied {"search":null} 
[2025-11-19 01:04:10] production.INFO: [Partners Index API] About to execute query {"sql":"select `partners`.*, (select count(*) from `companies` inner join `partner_company_links` on `companies`.`id` = `partner_company_links`.`company_id` where `partners`.`id` = `partner_company_links`.`partner_id`) as `companies_count`, (select count(*) from `companies` inner join `partner_company_links` on `companies`.`id` = `partner_company_links`.`company_id` where `partners`.`id` = `partner_company_links`.`partner_id` and `partner_company_links`.`is_active` = ?) as `active_companies_count` from `partners` where (`name` like ? or `email` like ? or `company_name` like ?) order by `created_at` desc","bindings":[true,"%%","%%","%%"]} 
[2025-11-19 01:04:10] production.INFO: Authenticate middleware completed {"authenticated_after":true,"user_id_after":2} 
[2025-11-19 01:04:10] production.INFO: [Partners Index API] Query executed {"total":5,"count":5,"per_page":"15","current_page":1} 
[2025-11-19 01:04:10] production.INFO: [Partners Index API] Returning response {"total":5,"data_count":5} 
[2025-11-19 01:04:10] production.INFO: Authenticate middleware completed {"authenticated_after":true,"user_id_after":2} 
[2025-11-19 01:04:20] production.INFO: Authenticate middleware handling request {"url":"https://app.facturino.mk/api/v1/partners/3","method":"GET","guards":["sanctum"],"authenticated_before":true,"user_id_before":2,"session_id":"tvZ4feQP7FsWZkox7mbUfv1im5AHsLrYfEJerMQr","has_session_cookie":true} 
[2025-11-19 01:04:21] production.INFO: Authenticate middleware completed {"authenticated_after":true,"user_id_after":2} 
[2025-11-19 01:04:26] production.INFO: Authenticate middleware handling request {"url":"https://app.facturino.mk/api/v1/partners/permissions","method":"GET","guards":["sanctum"],"authenticated_before":true,"user_id_before":2,"session_id":"tvZ4feQP7FsWZkox7mbUfv1im5AHsLrYfEJerMQr","has_session_cookie":true} 
[2025-11-19 01:04:26] production.INFO: Authenticate middleware completed {"authenticated_after":true,"user_id_after":2} 
[2025-11-19 01:04:49] production.INFO: Authenticate middleware handling request {"url":"https://app.facturino.mk/debug/logs","method":"GET","guards":[],"authenticated_before":true,"user_id_before":2,"session_id":"tvZ4feQP7FsWZkox7mbUfv1im5AHsLrYfEJerMQr","has_session_cookie":true} 