#27 /var/www/html/vendor/laravel/framework/src/Illuminate/Console/Command.php(180): Symfony\\Component\\Console\\Command\\Command->run(Object(Symfony\\Component\\Console\\Input\\ArgvInput), Object(Illuminate\\Console\\OutputStyle))
#28 /var/www/html/vendor/symfony/console/Application.php(1094): Illuminate\\Console\\Command->run(Object(Symfony\\Component\\Console\\Input\\ArgvInput), Object(Symfony\\Component\\Console\\Output\\ConsoleOutput))
#29 /var/www/html/vendor/symfony/console/Application.php(342): Symfony\\Component\\Console\\Application->doRunCommand(Object(Illuminate\\Database\\Console\\Migrations\\MigrateCommand), Object(Symfony\\Component\\Console\\Input\\ArgvInput), Object(Symfony\\Component\\Console\\Output\\ConsoleOutput))
#30 /var/www/html/vendor/symfony/console/Application.php(193): Symfony\\Component\\Console\\Application->doRun(Object(Symfony\\Component\\Console\\Input\\ArgvInput), Object(Symfony\\Component\\Console\\Output\\ConsoleOutput))
#31 /var/www/html/vendor/laravel/framework/src/Illuminate/Foundation/Console/Kernel.php(197): Symfony\\Component\\Console\\Application->run(Object(Symfony\\Component\\Console\\Input\\ArgvInput), Object(Symfony\\Component\\Console\\Output\\ConsoleOutput))
#32 /var/www/html/vendor/laravel/framework/src/Illuminate/Foundation/Application.php(1234): Illuminate\\Foundation\\Console\\Kernel->handle(Object(Symfony\\Component\\Console\\Input\\ArgvInput), Object(Symfony\\Component\\Console\\Output\\ConsoleOutput))
#33 /var/www/html/artisan(13): Illuminate\\Foundation\\Application->handleCommand(Object(Symfony\\Component\\Console\\Input\\ArgvInput))
#34 {main}

[previous exception] [object] (PDOException(code: 42S01): SQLSTATE[42S01]: Base table or view already exists: 1050 Table 'canned_responses' already exists at /var/www/html/vendor/laravel/framework/src/Illuminate/Database/Connection.php:568)
[stacktrace]
#0 /var/www/html/vendor/laravel/framework/src/Illuminate/Database/Connection.php(568): PDOStatement->execute()
#1 /var/www/html/vendor/laravel/framework/src/Illuminate/Database/Connection.php(809): Illuminate\\Database\\Connection->Illuminate\\Database\\{closure}('create table `c...', Array)
#2 /var/www/html/vendor/laravel/framework/src/Illuminate/Database/Connection.php(776): Illuminate\\Database\\Connection->runQueryCallback('create table `c...', Array, Object(Closure))
#3 /var/www/html/vendor/laravel/framework/src/Illuminate/Database/Connection.php(557): Illuminate\\Database\\Connection->run('create table `c...', Array, Object(Closure))
#4 /var/www/html/vendor/laravel/framework/src/Illuminate/Database/Schema/Blueprint.php(119): Illuminate\\Database\\Connection->statement('create table `c...')
#5 /var/www/html/vendor/laravel/framework/src/Illuminate/Database/Schema/Builder.php(621): Illuminate\\Database\\Schema\\Blueprint->build()
#6 /var/www/html/vendor/laravel/framework/src/Illuminate/Database/Schema/Builder.php(475): Illuminate\\Database\\Schema\\Builder->build(Object(Illuminate\\Database\\Schema\\Blueprint))
#7 /var/www/html/vendor/laravel/framework/src/Illuminate/Support/Facades/Facade.php(361): Illuminate\\Database\\Schema\\Builder->create('canned_response...', Object(Closure))
#8 /var/www/html/database/migrations/2025_11_16_000000_create_canned_responses_table.php(16): Illuminate\\Support\\Facades\\Facade::__callStatic('create', Array)
#9 /var/www/html/vendor/laravel/framework/src/Illuminate/Database/Migrations/Migrator.php(514): Illuminate\\Database\\Migrations\\Migration@anonymous->up()
#10 /var/www/html/vendor/laravel/framework/src/Illuminate/Database/Migrations/Migrator.php(439): Illuminate\\Database\\Migrations\\Migrator->runMethod(Object(Illuminate\\Database\\MySqlConnection), Object(Illuminate\\Database\\Migrations\\Migration@anonymous), 'up')
#11 /var/www/html/vendor/laravel/framework/src/Illuminate/Database/Migrations/Migrator.php(448): Illuminate\\Database\\Migrations\\Migrator->Illuminate\\Database\\Migrations\\{closure}()
#12 /var/www/html/vendor/laravel/framework/src/Illuminate/Database/Migrations/Migrator.php(250): Illuminate\\Database\\Migrations\\Migrator->runMigration(Object(Illuminate\\Database\\Migrations\\Migration@anonymous), 'up')
#13 /var/www/html/vendor/laravel/framework/src/Illuminate/Console/View/Components/Task.php(41): Illuminate\\Database\\Migrations\\Migrator->Illuminate\\Database\\Migrations\\{closure}()
#14 /var/www/html/vendor/laravel/framework/src/Illuminate/Database/Migrations/Migrator.php(805): Illuminate\\Console\\View\\Components\\Task->render('2025_11_16_0000...', Object(Closure))
#15 /var/www/html/vendor/laravel/framework/src/Illuminate/Database/Migrations/Migrator.php(250): Illuminate\\Database\\Migrations\\Migrator->write('Illuminate\\\\Cons...', '2025_11_16_0000...', Object(Closure))
#16 /var/www/html/vendor/laravel/framework/src/Illuminate/Database/Migrations/Migrator.php(210): Illuminate\\Database\\Migrations\\Migrator->runUp('/var/www/html/d...', 39, false)
#17 /var/www/html/vendor/laravel/framework/src/Illuminate/Database/Migrations/Migrator.php(137): Illuminate\\Database\\Migrations\\Migrator->runPending(Array, Array)
#18 /var/www/html/vendor/laravel/framework/src/Illuminate/Database/Console/Migrations/MigrateCommand.php(116): Illuminate\\Database\\Migrations\\Migrator->run(Array, Array)
#19 /var/www/html/vendor/laravel/framework/src/Illuminate/Database/Migrations/Migrator.php(665): Illuminate\\Database\\Console\\Migrations\\MigrateCommand->Illuminate\\Database\\Console\\Migrations\\{closure}()
#20 /var/www/html/vendor/laravel/framework/src/Illuminate/Database/Console/Migrations/MigrateCommand.php(109): Illuminate\\Database\\Migrations\\Migrator->usingConnection(NULL, Object(Closure))
#21 /var/www/html/vendor/laravel/framework/src/Illuminate/Database/Console/Migrations/MigrateCommand.php(88): Illuminate\\Database\\Console\\Migrations\\MigrateCommand->runMigrations()
#22 /var/www/html/vendor/laravel/framework/src/Illuminate/Container/BoundMethod.php(36): Illuminate\\Database\\Console\\Migrations\\MigrateCommand->handle()
#23 /var/www/html/vendor/laravel/framework/src/Illuminate/Container/Util.php(43): Illuminate\\Container\\BoundMethod::Illuminate\\Container\\{closure}()
#24 /var/www/html/vendor/laravel/framework/src/Illuminate/Container/BoundMethod.php(96): Illuminate\\Container\\Util::unwrapIfClosure(Object(Closure))
#25 /var/www/html/vendor/laravel/framework/src/Illuminate/Container/BoundMethod.php(35): Illuminate\\Container\\BoundMethod::callBoundMethod(Object(Illuminate\\Foundation\\Application), Array, Object(Closure))
#26 /var/www/html/vendor/laravel/framework/src/Illuminate/Container/Container.php(754): Illuminate\\Container\\BoundMethod::call(Object(Illuminate\\Foundation\\Application), Array, Array, NULL)
#27 /var/www/html/vendor/laravel/framework/src/Illuminate/Console/Command.php(211): Illuminate\\Container\\Container->call(Array)
#28 /var/www/html/vendor/symfony/console/Command/Command.php(279): Illuminate\\Console\\Command->execute(Object(Symfony\\Component\\Console\\Input\\ArgvInput), Object(Illuminate\\Console\\OutputStyle))
#29 /var/www/html/vendor/laravel/framework/src/Illuminate/Console/Command.php(180): Symfony\\Component\\Console\\Command\\Command->run(Object(Symfony\\Component\\Console\\Input\\ArgvInput), Object(Illuminate\\Console\\OutputStyle))
#30 /var/www/html/vendor/symfony/console/Application.php(1094): Illuminate\\Console\\Command->run(Object(Symfony\\Component\\Console\\Input\\ArgvInput), Object(Symfony\\Component\\Console\\Output\\ConsoleOutput))
#31 /var/www/html/vendor/symfony/console/Application.php(342): Symfony\\Component\\Console\\Application->doRunCommand(Object(Illuminate\\Database\\Console\\Migrations\\MigrateCommand), Object(Symfony\\Component\\Console\\Input\\ArgvInput), Object(Symfony\\Component\\Console\\Output\\ConsoleOutput))
#32 /var/www/html/vendor/symfony/console/Application.php(193): Symfony\\Component\\Console\\Application->doRun(Object(Symfony\\Component\\Console\\Input\\ArgvInput), Object(Symfony\\Component\\Console\\Output\\ConsoleOutput))
#33 /var/www/html/vendor/laravel/framework/src/Illuminate/Foundation/Console/Kernel.php(197): Symfony\\Component\\Console\\Application->run(Object(Symfony\\Component\\Console\\Input\\ArgvInput), Object(Symfony\\Component\\Console\\Output\\ConsoleOutput))
#34 /var/www/html/vendor/laravel/framework/src/Illuminate/Foundation/Application.php(1234): Illuminate\\Foundation\\Console\\Kernel->handle(Object(Symfony\\Component\\Console\\Input\\ArgvInput), Object(Symfony\\Component\\Console\\Output\\ConsoleOutput))
#35 /var/www/html/artisan(13): Illuminate\\Foundation\\Application->handleCommand(Object(Symfony\\Component\\Console\\Input\\ArgvInput))
#36 {main}
"} 
[2025-11-15 17:35:21] production.INFO: IntelligentFieldMapper initialized {"matcher_count":4,"matchers":["App\\Services\\Import\\Intelligent\\Matchers\\ExactMatcher","App\\Services\\Import\\Intelligent\\Matchers\\SynonymMatcher","App\\Services\\Import\\Intelligent\\Matchers\\FuzzyMatcher","App\\Services\\Import\\Intelligent\\Matchers\\PatternMatcher"]} 
[2025-11-15 17:35:21] production.INFO: ImportService initialized {"intelligent_enabled":true,"fallback_enabled":true} 
[2025-11-15 17:35:21] production.INFO: IntelligentFieldMapper initialized {"matcher_count":4,"matchers":["App\\Services\\Import\\Intelligent\\Matchers\\ExactMatcher","App\\Services\\Import\\Intelligent\\Matchers\\SynonymMatcher","App\\Services\\Import\\Intelligent\\Matchers\\FuzzyMatcher","App\\Services\\Import\\Intelligent\\Matchers\\PatternMatcher"]} 
[2025-11-15 17:35:21] production.INFO: ImportService initialized {"intelligent_enabled":true,"fallback_enabled":true} 
[2025-11-15 17:35:21] production.INFO: IntelligentFieldMapper initialized {"matcher_count":4,"matchers":["App\\Services\\Import\\Intelligent\\Matchers\\ExactMatcher","App\\Services\\Import\\Intelligent\\Matchers\\SynonymMatcher","App\\Services\\Import\\Intelligent\\Matchers\\FuzzyMatcher","App\\Services\\Import\\Intelligent\\Matchers\\PatternMatcher"]} 
[2025-11-15 17:35:21] production.INFO: ImportService initialized {"intelligent_enabled":true,"fallback_enabled":true} 
[2025-11-15 17:35:21] production.INFO: IntelligentFieldMapper initialized {"matcher_count":4,"matchers":["App\\Services\\Import\\Intelligent\\Matchers\\ExactMatcher","App\\Services\\Import\\Intelligent\\Matchers\\SynonymMatcher","App\\Services\\Import\\Intelligent\\Matchers\\FuzzyMatcher","App\\Services\\Import\\Intelligent\\Matchers\\PatternMatcher"]} 
[2025-11-15 17:35:21] production.INFO: ImportService initialized {"intelligent_enabled":true,"fallback_enabled":true} 
[2025-11-15 17:35:21] production.INFO: IntelligentFieldMapper initialized {"matcher_count":4,"matchers":["App\\Services\\Import\\Intelligent\\Matchers\\ExactMatcher","App\\Services\\Import\\Intelligent\\Matchers\\SynonymMatcher","App\\Services\\Import\\Intelligent\\Matchers\\FuzzyMatcher","App\\Services\\Import\\Intelligent\\Matchers\\PatternMatcher"]} 
[2025-11-15 17:35:21] production.INFO: ImportService initialized {"intelligent_enabled":true,"fallback_enabled":true} 
[2025-11-15 17:35:21] production.INFO: IntelligentFieldMapper initialized {"matcher_count":4,"matchers":["App\\Services\\Import\\Intelligent\\Matchers\\ExactMatcher","App\\Services\\Import\\Intelligent\\Matchers\\SynonymMatcher","App\\Services\\Import\\Intelligent\\Matchers\\FuzzyMatcher","App\\Services\\Import\\Intelligent\\Matchers\\PatternMatcher"]} 
[2025-11-15 17:35:21] production.INFO: ImportService initialized {"intelligent_enabled":true,"fallback_enabled":true} 
[2025-11-15 17:35:21] production.INFO: IntelligentFieldMapper initialized {"matcher_count":4,"matchers":["App\\Services\\Import\\Intelligent\\Matchers\\ExactMatcher","App\\Services\\Import\\Intelligent\\Matchers\\SynonymMatcher","App\\Services\\Import\\Intelligent\\Matchers\\FuzzyMatcher","App\\Services\\Import\\Intelligent\\Matchers\\PatternMatcher"]} 
[2025-11-15 17:35:21] production.INFO: ImportService initialized {"intelligent_enabled":true,"fallback_enabled":true} 
[2025-11-15 17:35:21] production.INFO: IntelligentFieldMapper initialized {"matcher_count":4,"matchers":["App\\Services\\Import\\Intelligent\\Matchers\\ExactMatcher","App\\Services\\Import\\Intelligent\\Matchers\\SynonymMatcher","App\\Services\\Import\\Intelligent\\Matchers\\FuzzyMatcher","App\\Services\\Import\\Intelligent\\Matchers\\PatternMatcher"]} 
[2025-11-15 17:35:21] production.INFO: ImportService initialized {"intelligent_enabled":true,"fallback_enabled":true} 
[2025-11-15 17:35:21] production.INFO: IntelligentFieldMapper initialized {"matcher_count":4,"matchers":["App\\Services\\Import\\Intelligent\\Matchers\\ExactMatcher","App\\Services\\Import\\Intelligent\\Matchers\\SynonymMatcher","App\\Services\\Import\\Intelligent\\Matchers\\FuzzyMatcher","App\\Services\\Import\\Intelligent\\Matchers\\PatternMatcher"]} 
[2025-11-15 17:35:21] production.INFO: ImportService initialized {"intelligent_enabled":true,"fallback_enabled":true} 
[2025-11-15 17:35:28] production.WARNING: Health check: Certificate file not found {"path":"/var/www/html/storage/certificates/certificate.pem"} 
[2025-11-15 17:35:28] production.WARNING: Health check: Missing Paddle configuration {"missing":["cashier.seller_id","cashier.api_key","cashier.public_key","cashier.webhook.secret"],"note":"Paddle not configured yet - this is expected until production setup"} 
[2025-11-15 17:35:35] production.WARNING: Health check: Certificate file not found {"path":"/var/www/html/storage/certificates/certificate.pem"} 
[2025-11-15 17:35:35] production.WARNING: Health check: Missing Paddle configuration {"missing":["cashier.seller_id","cashier.api_key","cashier.public_key","cashier.webhook.secret"],"note":"Paddle not configured yet - this is expected until production setup"} 
[2025-11-15 17:35:52] production.INFO: Authenticate middleware handling request {"url":"https://app.facturino.mk/api/v1/bootstrap","method":"GET","guards":["sanctum"],"authenticated_before":true,"user_id_before":2,"session_id":"W8tRnbQpWrtAcvBCeeFahBwYcJjwXUewo6eY7yFo","has_session_cookie":true} 
[2025-11-15 17:35:52] production.INFO: Bootstrap controller reached {"authenticated":true,"user_id":2,"guard":"sanctum","session_id":"W8tRnbQpWrtAcvBCeeFahBwYcJjwXUewo6eY7yFo","has_company_header":true,"company_header":"2"} 
[2025-11-15 17:35:53] production.INFO: CompanyResource::toArray - Returning to frontend {"company_id":2,"vat_id":"MK12345678901","vat_number_raw":"MK12345678901","vat_number_returned":"MK12345678901","tax_id":"MK12345678901"} 
[2025-11-15 17:35:53] production.INFO: CompanyResource::toArray - Returning to frontend {"company_id":2,"vat_id":"MK12345678901","vat_number_raw":"MK12345678901","vat_number_returned":"MK12345678901","tax_id":"MK12345678901"} 
[2025-11-15 17:35:53] production.INFO: CompanyResource::toArray - Returning to frontend {"company_id":2,"vat_id":"MK12345678901","vat_number_raw":"MK12345678901","vat_number_returned":"MK12345678901","tax_id":"MK12345678901"} 
[2025-11-15 17:35:53] production.INFO: Authenticate middleware completed {"authenticated_after":true,"user_id_after":2} 
[2025-11-15 17:35:53] production.WARNING: Slow operation detected {"operation":"req_6918b9f8a3e0e","execution_time_ms":665.58,"memory_used_bytes":16777216,"memory_used_mb":16.0} 
[2025-11-15 17:35:53] production.WARNING: Slow request detected {"operation":"req_6918b9f8a3e0e","execution_time_ms":665.58,"memory_used_bytes":16777216,"memory_used_mb":16.0,"method":"GET","url":"https://app.facturino.mk/api/v1/bootstrap","route":null,"user_id":2,"company_id":"2","ip":"79.125.212.114","user_agent":"Mozilla/5.0 (Macintosh; Intel Mac OS X 10_15_7) AppleWebKit/537.36 (KHTML, like Gecko) Chrome/142.0.0.0 Safari/537.36","response_status":200} 
[2025-11-15 17:35:53] production.INFO: Authenticate middleware handling request {"url":"https://app.facturino.mk/api/v1/bills","method":"GET","guards":["sanctum"],"authenticated_before":true,"user_id_before":2,"session_id":"W8tRnbQpWrtAcvBCeeFahBwYcJjwXUewo6eY7yFo","has_session_cookie":true} 
[2025-11-15 17:35:53] production.INFO: Authenticate middleware handling request {"url":"https://app.facturino.mk/api/v1/console/companies","method":"GET","guards":["sanctum"],"authenticated_before":true,"user_id_before":2,"session_id":"W8tRnbQpWrtAcvBCeeFahBwYcJjwXUewo6eY7yFo","has_session_cookie":true} 
[2025-11-15 17:35:53] production.INFO: Authenticate middleware completed {"authenticated_after":true,"user_id_after":2} 
[2025-11-15 17:35:53] production.INFO: Authenticate middleware completed {"authenticated_after":true,"user_id_after":2} 
[2025-11-15 17:36:03] production.INFO: Authenticate middleware handling request {"url":"https://app.facturino.mk/api/v1/bills","method":"GET","guards":["sanctum"],"authenticated_before":true,"user_id_before":2,"session_id":"W8tRnbQpWrtAcvBCeeFahBwYcJjwXUewo6eY7yFo","has_session_cookie":true} 
[2025-11-15 17:36:03] production.INFO: Authenticate middleware completed {"authenticated_after":true,"user_id_after":2} 
[2025-11-15 17:36:05] production.INFO: Authenticate middleware handling request {"url":"https://app.facturino.mk/api/v1/bills","method":"GET","guards":["sanctum"],"authenticated_before":true,"user_id_before":2,"session_id":"W8tRnbQpWrtAcvBCeeFahBwYcJjwXUewo6eY7yFo","has_session_cookie":true} 
[2025-11-15 17:36:05] production.INFO: Authenticate middleware completed {"authenticated_after":true,"user_id_after":2} 
[2025-11-15 17:36:07] production.INFO: Authenticate middleware handling request {"url":"https://app.facturino.mk/api/v1/bills","method":"GET","guards":["sanctum"],"authenticated_before":true,"user_id_before":2,"session_id":"W8tRnbQpWrtAcvBCeeFahBwYcJjwXUewo6eY7yFo","has_session_cookie":true} 
[2025-11-15 17:36:07] production.INFO: Authenticate middleware completed {"authenticated_after":true,"user_id_after":2} 
[2025-11-15 17:36:09] production.INFO: Authenticate middleware handling request {"url":"https://app.facturino.mk/api/v1/suppliers","method":"GET","guards":["sanctum"],"authenticated_before":true,"user_id_before":2,"session_id":"W8tRnbQpWrtAcvBCeeFahBwYcJjwXUewo6eY7yFo","has_session_cookie":true} 
[2025-11-15 17:36:09] production.INFO: Authenticate middleware completed {"authenticated_after":true,"user_id_after":2} 
[2025-11-15 17:36:12] production.INFO: Authenticate middleware handling request {"url":"https://app.facturino.mk/api/v1/suppliers/1","method":"GET","guards":["sanctum"],"authenticated_before":true,"user_id_before":2,"session_id":"W8tRnbQpWrtAcvBCeeFahBwYcJjwXUewo6eY7yFo","has_session_cookie":true} 
[2025-11-15 17:36:12] production.INFO: Authenticate middleware completed {"authenticated_after":true,"user_id_after":2} 
[2025-11-15 17:36:15] production.INFO: Authenticate middleware handling request {"url":"https://app.facturino.mk/api/v1/bills","method":"GET","guards":["sanctum"],"authenticated_before":true,"user_id_before":2,"session_id":"W8tRnbQpWrtAcvBCeeFahBwYcJjwXUewo6eY7yFo","has_session_cookie":true} 
[2025-11-15 17:36:15] production.INFO: Authenticate middleware completed {"authenticated_after":true,"user_id_after":2} 
[2025-11-15 17:36:17] production.INFO: Authenticate middleware handling request {"url":"https://app.facturino.mk/api/v1/currencies","method":"GET","guards":["sanctum"],"authenticated_before":true,"user_id_before":2,"session_id":"W8tRnbQpWrtAcvBCeeFahBwYcJjwXUewo6eY7yFo","has_session_cookie":true} 
[2025-11-15 17:36:17] production.INFO: Authenticate middleware completed {"authenticated_after":true,"user_id_after":2} 
[2025-11-15 17:36:17] production.INFO: Authenticate middleware handling request {"url":"https://app.facturino.mk/api/v1/suppliers","method":"GET","guards":["sanctum"],"authenticated_before":true,"user_id_before":2,"session_id":"W8tRnbQpWrtAcvBCeeFahBwYcJjwXUewo6eY7yFo","has_session_cookie":true} 
[2025-11-15 17:36:17] production.INFO: Authenticate middleware completed {"authenticated_after":true,"user_id_after":2} 
[2025-11-15 17:36:28] production.INFO: Authenticate middleware handling request {"url":"https://app.facturino.mk/api/v1/suppliers","method":"GET","guards":["sanctum"],"authenticated_before":true,"user_id_before":2,"session_id":"W8tRnbQpWrtAcvBCeeFahBwYcJjwXUewo6eY7yFo","has_session_cookie":true} 
[2025-11-15 17:36:28] production.INFO: Authenticate middleware completed {"authenticated_after":true,"user_id_after":2} 
[2025-11-15 17:36:45] production.INFO: Authenticate middleware handling request {"url":"https://app.facturino.mk/api/v1/bills","method":"POST","guards":["sanctum"],"authenticated_before":true,"user_id_before":2,"session_id":"W8tRnbQpWrtAcvBCeeFahBwYcJjwXUewo6eY7yFo","has_session_cookie":true} 
[2025-11-15 17:36:45] production.ERROR: Connection [App\Models\Bill] not configured. {"userId":2,"exception":"[object] (InvalidArgumentException(code: 0): Connection [App\\Models\\Bill] not configured. at /var/www/html/vendor/graham-campbell/manager/src/AbstractManager.php:189)
[stacktrace]
#0 /var/www/html/vendor/graham-campbell/manager/src/AbstractManager.php(170): GrahamCampbell\\Manager\\AbstractManager->getNamedConfig('connections', 'Connection', 'App\\\\Models\\\\Bill')
#1 /var/www/html/vendor/graham-campbell/manager/src/AbstractManager.php(135): GrahamCampbell\\Manager\\AbstractManager->getConnectionConfig('App\\\\Models\\\\Bill')
#2 /var/www/html/vendor/graham-campbell/manager/src/AbstractManager.php(75): GrahamCampbell\\Manager\\AbstractManager->makeConnection('App\\\\Models\\\\Bill')
#3 /var/www/html/vendor/laravel/framework/src/Illuminate/Support/Facades/Facade.php(361): GrahamCampbell\\Manager\\AbstractManager->connection('App\\\\Models\\\\Bill')
#4 /var/www/html/app/Observers/BillObserver.php(39): Illuminate\\Support\\Facades\\Facade::__callStatic('connection', Array)
#5 /var/www/html/vendor/laravel/framework/src/Illuminate/Events/Dispatcher.php(479): App\\Observers\\BillObserver->created(Object(App\\Models\\Bill))
#6 /var/www/html/vendor/laravel/framework/src/Illuminate/Events/Dispatcher.php(286): Illuminate\\Events\\Dispatcher->Illuminate\\Events\\{closure}('eloquent.create...', Array)
#7 /var/www/html/vendor/laravel/framework/src/Illuminate/Events/Dispatcher.php(266): Illuminate\\Events\\Dispatcher->invokeListeners('eloquent.create...', Array, false)
#8 /var/www/html/vendor/laravel/framework/src/Illuminate/Database/Eloquent/Concerns/HasEvents.php(224): Illuminate\\Events\\Dispatcher->dispatch('eloquent.create...', Array)
#9 /var/www/html/vendor/laravel/framework/src/Illuminate/Database/Eloquent/Model.php(1394): Illuminate\\Database\\Eloquent\\Model->fireModelEvent('created', false)
#10 /var/www/html/vendor/laravel/framework/src/Illuminate/Database/Eloquent/Model.php(1212): Illuminate\\Database\\Eloquent\\Model->performInsert(Object(Illuminate\\Database\\Eloquent\\Builder))
#11 /var/www/html/vendor/laravel/framework/src/Illuminate/Database/Eloquent/Builder.php(1188): Illuminate\\Database\\Eloquent\\Model->save()
#12 /var/www/html/vendor/laravel/framework/src/Illuminate/Support/helpers.php(399): Illuminate\\Database\\Eloquent\\Builder->Illuminate\\Database\\Eloquent\\{closure}(Object(App\\Models\\Bill))
#13 /var/www/html/vendor/laravel/framework/src/Illuminate/Database/Eloquent/Builder.php(1187): tap(Object(App\\Models\\Bill), Object(Closure))
#14 /var/www/html/vendor/laravel/framework/src/Illuminate/Support/Traits/ForwardsCalls.php(23): Illuminate\\Database\\Eloquent\\Builder->create(Array)
#15 /var/www/html/vendor/laravel/framework/src/Illuminate/Database/Eloquent/Model.php(2449): Illuminate\\Database\\Eloquent\\Model->forwardCallTo(Object(Illuminate\\Database\\Eloquent\\Builder), 'create', Array)
#16 /var/www/html/vendor/laravel/framework/src/Illuminate/Database/Eloquent/Model.php(2465): Illuminate\\Database\\Eloquent\\Model->__call('create', Array)
#17 /var/www/html/app/Http/Controllers/V1/Admin/AccountsPayable/BillsController.php(64): Illuminate\\Database\\Eloquent\\Model::__callStatic('create', Array)
#18 /var/www/html/vendor/laravel/framework/src/Illuminate/Routing/Controller.php(54): App\\Http\\Controllers\\V1\\Admin\\AccountsPayable\\BillsController->store(Object(App\\Http\\Requests\\BillRequest))
#19 /var/www/html/vendor/laravel/framework/src/Illuminate/Routing/ControllerDispatcher.php(43): Illuminate\\Routing\\Controller->callAction('store', Array)
#20 /var/www/html/vendor/laravel/framework/src/Illuminate/Routing/Route.php(265): Illuminate\\Routing\\ControllerDispatcher->dispatch(Object(Illuminate\\Routing\\Route), Object(App\\Http\\Controllers\\V1\\Admin\\AccountsPayable\\BillsController), 'store')
#21 /var/www/html/vendor/laravel/framework/src/Illuminate/Routing/Route.php(211): Illuminate\\Routing\\Route->runController()
#22 /var/www/html/vendor/laravel/framework/src/Illuminate/Routing/Router.php(808): Illuminate\\Routing\\Route->run()
#23 /var/www/html/vendor/laravel/framework/src/Illuminate/Pipeline/Pipeline.php(169): Illuminate\\Routing\\Router->Illuminate\\Routing\\{closure}(Object(Illuminate\\Http\\Request))
#24 /var/www/html/app/Http/Middleware/ScopeBouncer.php(53): Illuminate\\Pipeline\\Pipeline->Illuminate\\Pipeline\\{closure}(Object(Illuminate\\Http\\Request))
#25 /var/www/html/vendor/laravel/framework/src/Illuminate/Pipeline/Pipeline.php(208): App\\Http\\Middleware\\ScopeBouncer->handle(Object(Illuminate\\Http\\Request), Object(Closure))
#26 /var/www/html/app/Http/Middleware/CompanyMiddleware.php(58): Illuminate\\Pipeline\\Pipeline->Illuminate\\Pipeline\\{closure}(Object(Illuminate\\Http\\Request))
#27 /var/www/html/vendor/laravel/framework/src/Illuminate/Pipeline/Pipeline.php(208): App\\Http\\Middleware\\CompanyMiddleware->handle(Object(Illuminate\\Http\\Request), Object(Closure))
#28 /var/www/html/vendor/laravel/framework/src/Illuminate/Routing/Middleware/SubstituteBindings.php(50): Illuminate\\Pipeline\\Pipeline->Illuminate\\Pipeline\\{closure}(Object(Illuminate\\Http\\Request))
#29 /var/www/html/vendor/laravel/framework/src/Illuminate/Pipeline/Pipeline.php(208): Illuminate\\Routing\\Middleware\\SubstituteBindings->handle(Object(Illuminate\\Http\\Request), Object(Closure))
#30 /var/www/html/vendor/laravel/framework/src/Illuminate/Auth/Middleware/Authenticate.php(63): Illuminate\\Pipeline\\Pipeline->Illuminate\\Pipeline\\{closure}(Object(Illuminate\\Http\\Request))
#31 /var/www/html/app/Http/Middleware/Authenticate.php(29): Illuminate\\Auth\\Middleware\\Authenticate->handle(Object(Illuminate\\Http\\Request), Object(Closure), 'sanctum')
#32 /var/www/html/vendor/laravel/framework/src/Illuminate/Pipeline/Pipeline.php(208): App\\Http\\Middleware\\Authenticate->handle(Object(Illuminate\\Http\\Request), Object(Closure), 'sanctum')
#33 /var/www/html/vendor/laravel/framework/src/Illuminate/Routing/Middleware/ThrottleRequests.php(160): Illuminate\\Pipeline\\Pipeline->Illuminate\\Pipeline\\{closure}(Object(Illuminate\\Http\\Request))
#34 /var/www/html/vendor/laravel/framework/src/Illuminate/Routing/Middleware/ThrottleRequests.php(91): Illuminate\\Routing\\Middleware\\ThrottleRequests->handleRequest(Object(Illuminate\\Http\\Request), Object(Closure), Array)
#35 /var/www/html/vendor/laravel/framework/src/Illuminate/Pipeline/Pipeline.php(208): Illuminate\\Routing\\Middleware\\ThrottleRequests->handle(Object(Illuminate\\Http\\Request), Object(Closure), '180', '1')
#36 /var/www/html/vendor/laravel/sanctum/src/Http/Middleware/EnsureFrontendRequestsAreStateful.php(26): Illuminate\\Pipeline\\Pipeline->Illuminate\\Pipeline\\{closure}(Object(Illuminate\\Http\\Request))
#37 /var/www/html/vendor/laravel/framework/src/Illuminate/Pipeline/Pipeline.php(169): Laravel\\Sanctum\\Http\\Middleware\\EnsureFrontendRequestsAreStateful->Laravel\\Sanctum\\Http\\Middleware\\{closure}(Object(Illuminate\\Http\\Request))
#38 /var/www/html/vendor/laravel/sanctum/src/Http/Middleware/AuthenticateSession.php(66): Illuminate\\Pipeline\\Pipeline->Illuminate\\Pipeline\\{closure}(Object(Illuminate\\Http\\Request))
#39 /var/www/html/vendor/laravel/framework/src/Illuminate/Pipeline/Pipeline.php(208): Laravel\\Sanctum\\Http\\Middleware\\AuthenticateSession->handle(Object(Illuminate\\Http\\Request), Object(Closure))
#40 /var/www/html/vendor/laravel/framework/src/Illuminate/Foundation/Http/Middleware/VerifyCsrfToken.php(87): Illuminate\\Pipeline\\Pipeline->Illuminate\\Pipeline\\{closure}(Object(Illuminate\\Http\\Request))
#41 /var/www/html/vendor/laravel/framework/src/Illuminate/Pipeline/Pipeline.php(208): Illuminate\\Foundation\\Http\\Middleware\\VerifyCsrfToken->handle(Object(Illuminate\\Http\\Request), Object(Closure))
#42 /var/www/html/vendor/laravel/framework/src/Illuminate/Session/Middleware/StartSession.php(120): Illuminate\\Pipeline\\Pipeline->Illuminate\\Pipeline\\{closure}(Object(Illuminate\\Http\\Request))
#43 /var/www/html/vendor/laravel/framework/src/Illuminate/Session/Middleware/StartSession.php(63): Illuminate\\Session\\Middleware\\StartSession->handleStatefulRequest(Object(Illuminate\\Http\\Request), Object(Illuminate\\Session\\Store), Object(Closure))
#44 /var/www/html/vendor/laravel/framework/src/Illuminate/Pipeline/Pipeline.php(208): Illuminate\\Session\\Middleware\\StartSession->handle(Object(Illuminate\\Http\\Request), Object(Closure))
#45 /var/www/html/vendor/laravel/framework/src/Illuminate/Cookie/Middleware/AddQueuedCookiesToResponse.php(36): Illuminate\\Pipeline\\Pipeline->Illuminate\\Pipeline\\{closure}(Object(Illuminate\\Http\\Request))
#46 /var/www/html/vendor/laravel/framework/src/Illuminate/Pipeline/Pipeline.php(208): Illuminate\\Cookie\\Middleware\\AddQueuedCookiesToResponse->handle(Object(Illuminate\\Http\\Request), Object(Closure))
#47 /var/www/html/vendor/laravel/framework/src/Illuminate/Cookie/Middleware/EncryptCookies.php(74): Illuminate\\Pipeline\\Pipeline->Illuminate\\Pipeline\\{closure}(Object(Illuminate\\Http\\Request))
#48 /var/www/html/vendor/laravel/framework/src/Illuminate/Pipeline/Pipeline.php(208): Illuminate\\Cookie\\Middleware\\EncryptCookies->handle(Object(Illuminate\\Http\\Request), Object(Closure))
#49 /var/www/html/vendor/laravel/sanctum/src/Http/Middleware/EnsureFrontendRequestsAreStateful.php(61): Illuminate\\Pipeline\\Pipeline->Illuminate\\Pipeline\\{closure}(Object(Illuminate\\Http\\Request))
#50 /var/www/html/vendor/laravel/framework/src/Illuminate/Pipeline/Pipeline.php(190): Laravel\\Sanctum\\Http\\Middleware\\EnsureFrontendRequestsAreStateful->Laravel\\Sanctum\\Http\\Middleware\\{closure}(Object(Illuminate\\Http\\Request), Object(Closure))
#51 /var/www/html/vendor/laravel/framework/src/Illuminate/Pipeline/Pipeline.php(126): Illuminate\\Pipeline\\Pipeline->Illuminate\\Pipeline\\{closure}(Object(Illuminate\\Http\\Request))
#52 /var/www/html/vendor/laravel/sanctum/src/Http/Middleware/EnsureFrontendRequestsAreStateful.php(25): Illuminate\\Pipeline\\Pipeline->then(Object(Closure))
#53 /var/www/html/vendor/laravel/framework/src/Illuminate/Pipeline/Pipeline.php(208): Laravel\\Sanctum\\Http\\Middleware\\EnsureFrontendRequestsAreStateful->handle(Object(Illuminate\\Http\\Request), Object(Closure))
#54 /var/www/html/vendor/laravel/framework/src/Illuminate/Pipeline/Pipeline.php(126): Illuminate\\Pipeline\\Pipeline->Illuminate\\Pipeline\\{closure}(Object(Illuminate\\Http\\Request))
#55 /var/www/html/vendor/laravel/framework/src/Illuminate/Routing/Router.php(807): Illuminate\\Pipeline\\Pipeline->then(Object(Closure))
#56 /var/www/html/vendor/laravel/framework/src/Illuminate/Routing/Router.php(786): Illuminate\\Routing\\Router->runRouteWithinStack(Object(Illuminate\\Routing\\Route), Object(Illuminate\\Http\\Request))
#57 /var/www/html/vendor/laravel/framework/src/Illuminate/Routing/Router.php(750): Illuminate\\Routing\\Router->runRoute(Object(Illuminate\\Http\\Request), Object(Illuminate\\Routing\\Route))
#58 /var/www/html/vendor/laravel/framework/src/Illuminate/Routing/Router.php(739): Illuminate\\Routing\\Router->dispatchToRoute(Object(Illuminate\\Http\\Request))
#59 /var/www/html/vendor/laravel/framework/src/Illuminate/Foundation/Http/Kernel.php(200): Illuminate\\Routing\\Router->dispatch(Object(Illuminate\\Http\\Request))
#60 /var/www/html/vendor/laravel/framework/src/Illuminate/Pipeline/Pipeline.php(169): Illuminate\\Foundation\\Http\\Kernel->Illuminate\\Foundation\\Http\\{closure}(Object(Illuminate\\Http\\Request))
#61 /var/www/html/app/Http/Middleware/PerformanceMonitoringMiddleware.php(41): Illuminate\\Pipeline\\Pipeline->Illuminate\\Pipeline\\{closure}(Object(Illuminate\\Http\\Request))
#62 /var/www/html/vendor/laravel/framework/src/Illuminate/Pipeline/Pipeline.php(208): App\\Http\\Middleware\\PerformanceMonitoringMiddleware->handle(Object(Illuminate\\Http\\Request), Object(Closure))
#63 /var/www/html/app/Http/Middleware/LocaleMiddleware.php(42): Illuminate\\Pipeline\\Pipeline->Illuminate\\Pipeline\\{closure}(Object(Illuminate\\Http\\Request))
#64 /var/www/html/vendor/laravel/framework/src/Illuminate/Pipeline/Pipeline.php(208): App\\Http\\Middleware\\LocaleMiddleware->handle(Object(Illuminate\\Http\\Request), Object(Closure))
#65 /var/www/html/app/Http/Middleware/ConfigMiddleware.php(38): Illuminate\\Pipeline\\Pipeline->Illuminate\\Pipeline\\{closure}(Object(Illuminate\\Http\\Request))
#66 /var/www/html/vendor/laravel/framework/src/Illuminate/Pipeline/Pipeline.php(208): App\\Http\\Middleware\\ConfigMiddleware->handle(Object(Illuminate\\Http\\Request), Object(Closure))
#67 /var/www/html/app/Http/Middleware/SecurityHeaders.php(28): Illuminate\\Pipeline\\Pipeline->Illuminate\\Pipeline\\{closure}(Object(Illuminate\\Http\\Request))
#68 /var/www/html/vendor/laravel/framework/src/Illuminate/Pipeline/Pipeline.php(208): App\\Http\\Middleware\\SecurityHeaders->handle(Object(Illuminate\\Http\\Request), Object(Closure))
#69 /var/www/html/vendor/laravel/framework/src/Illuminate/Foundation/Http/Middleware/TransformsRequest.php(21): Illuminate\\Pipeline\\Pipeline->Illuminate\\Pipeline\\{closure}(Object(Illuminate\\Http\\Request))
#70 /var/www/html/vendor/laravel/framework/src/Illuminate/Foundation/Http/Middleware/ConvertEmptyStringsToNull.php(31): Illuminate\\Foundation\\Http\\Middleware\\TransformsRequest->handle(Object(Illuminate\\Http\\Request), Object(Closure))
#71 /var/www/html/vendor/laravel/framework/src/Illuminate/Pipeline/Pipeline.php(208): Illuminate\\Foundation\\Http\\Middleware\\ConvertEmptyStringsToNull->handle(Object(Illuminate\\Http\\Request), Object(Closure))
#72 /var/www/html/vendor/laravel/framework/src/Illuminate/Foundation/Http/Middleware/TransformsRequest.php(21): Illuminate\\Pipeline\\Pipeline->Illuminate\\Pipeline\\{closure}(Object(Illuminate\\Http\\Request))
#73 /var/www/html/vendor/laravel/framework/src/Illuminate/Foundation/Http/Middleware/TrimStrings.php(51): Illuminate\\Foundation\\Http\\Middleware\\TransformsRequest->handle(Object(Illuminate\\Http\\Request), Object(Closure))
#74 /var/www/html/vendor/laravel/framework/src/Illuminate/Pipeline/Pipeline.php(208): Illuminate\\Foundation\\Http\\Middleware\\TrimStrings->handle(Object(Illuminate\\Http\\Request), Object(Closure))
#75 /var/www/html/vendor/laravel/framework/src/Illuminate/Http/Middleware/ValidatePostSize.php(27): Illuminate\\Pipeline\\Pipeline->Illuminate\\Pipeline\\{closure}(Object(Illuminate\\Http\\Request))
#76 /var/www/html/vendor/laravel/framework/src/Illuminate/Pipeline/Pipeline.php(208): Illuminate\\Http\\Middleware\\ValidatePostSize->handle(Object(Illuminate\\Http\\Request), Object(Closure))
#77 /var/www/html/vendor/laravel/framework/src/Illuminate/Foundation/Http/Middleware/PreventRequestsDuringMaintenance.php(109): Illuminate\\Pipeline\\Pipeline->Illuminate\\Pipeline\\{closure}(Object(Illuminate\\Http\\Request))
#78 /var/www/html/vendor/laravel/framework/src/Illuminate/Pipeline/Pipeline.php(208): Illuminate\\Foundation\\Http\\Middleware\\PreventRequestsDuringMaintenance->handle(Object(Illuminate\\Http\\Request), Object(Closure))
#79 /var/www/html/vendor/laravel/framework/src/Illuminate/Http/Middleware/HandleCors.php(61): Illuminate\\Pipeline\\Pipeline->Illuminate\\Pipeline\\{closure}(Object(Illuminate\\Http\\Request))
#80 /var/www/html/vendor/laravel/framework/src/Illuminate/Pipeline/Pipeline.php(208): Illuminate\\Http\\Middleware\\HandleCors->handle(Object(Illuminate\\Http\\Request), Object(Closure))
#81 /var/www/html/vendor/laravel/framework/src/Illuminate/Http/Middleware/TrustProxies.php(58): Illuminate\\Pipeline\\Pipeline->Illuminate\\Pipeline\\{closure}(Object(Illuminate\\Http\\Request))
#82 /var/www/html/vendor/laravel/framework/src/Illuminate/Pipeline/Pipeline.php(208): Illuminate\\Http\\Middleware\\TrustProxies->handle(Object(Illuminate\\Http\\Request), Object(Closure))
#83 /var/www/html/vendor/laravel/framework/src/Illuminate/Foundation/Http/Middleware/InvokeDeferredCallbacks.php(22): Illuminate\\Pipeline\\Pipeline->Illuminate\\Pipeline\\{closure}(Object(Illuminate\\Http\\Request))
#84 /var/www/html/vendor/laravel/framework/src/Illuminate/Pipeline/Pipeline.php(208): Illuminate\\Foundation\\Http\\Middleware\\InvokeDeferredCallbacks->handle(Object(Illuminate\\Http\\Request), Object(Closure))
#85 /var/www/html/vendor/laravel/framework/src/Illuminate/Http/Middleware/ValidatePathEncoding.php(26): Illuminate\\Pipeline\\Pipeline->Illuminate\\Pipeline\\{closure}(Object(Illuminate\\Http\\Request))
#86 /var/www/html/vendor/laravel/framework/src/Illuminate/Pipeline/Pipeline.php(208): Illuminate\\Http\\Middleware\\ValidatePathEncoding->handle(Object(Illuminate\\Http\\Request), Object(Closure))
#87 /var/www/html/vendor/laravel/framework/src/Illuminate/Pipeline/Pipeline.php(126): Illuminate\\Pipeline\\Pipeline->Illuminate\\Pipeline\\{closure}(Object(Illuminate\\Http\\Request))
#88 /var/www/html/vendor/laravel/framework/src/Illuminate/Foundation/Http/Kernel.php(175): Illuminate\\Pipeline\\Pipeline->then(Object(Closure))
#89 /var/www/html/vendor/laravel/framework/src/Illuminate/Foundation/Http/Kernel.php(144): Illuminate\\Foundation\\Http\\Kernel->sendRequestThroughRouter(Object(Illuminate\\Http\\Request))
#90 /var/www/html/vendor/laravel/framework/src/Illuminate/Foundation/Application.php(1219): Illuminate\\Foundation\\Http\\Kernel->handle(Object(Illuminate\\Http\\Request))
#91 /var/www/html/public/index.php(17): Illuminate\\Foundation\\Application->handleRequest(Object(Illuminate\\Http\\Request))
#92 {main}
"} 
[2025-11-15 17:36:45] production.INFO: Authenticate middleware completed {"authenticated_after":true,"user_id_after":2} 
[2025-11-15 17:37:16] production.INFO: Authenticate middleware handling request {"url":"https://app.facturino.mk/debug/logs","method":"GET","guards":[],"authenticated_before":true,"user_id_before":2,"session_id":"W8tRnbQpWrtAcvBCeeFahBwYcJjwXUewo6eY7yFo","has_session_cookie":true} 