main-D3WH-uwH.js:20 Error
    at _d (main-D3WH-uwH.js:34:4498)
    at Object.u [as resolve] (main-D3WH-uwH.js:38:8944)
    at y (main-D3WH-uwH.js:38:14867)
    at j (main-D3WH-uwH.js:38:15673)
    at Object.D [as push] (main-D3WH-uwH.js:38:15275)
    at Dashboard-BrO6MMdN.js:1:7334
    at main-D3WH-uwH.js:22:7419
    at uc (main-D3WH-uwH.js:20:1385)
    at Zi (main-D3WH-uwH.js:20:1456)
    at Kh.t.__weh.t.__weh (main-D3WH-uwH.js:22:7299)
e9 @ main-D3WH-uwH.js:20
/api/v1/partner/commissions:1  Failed to load resource: the server responded with a status of 403 ()
Dashboard-BrO6MMdN.js:1 Error loading recent commissions: Tt
loadRecentCommissions @ Dashboard-BrO6MMdN.js:1
/api/v1/partner/dashboard:1  Failed to load resource: the server responded with a status of 403 ()
Dashboard-BrO6MMdN.js:1 Error loading dashboard stats: Tt
loadDashboardStats @ Dashboard-BrO6MMdN.js:1
main-D3WH-uwH.js:4  GET https://app.facturino.mk/api/v1/partner/referrals 404 (Not Found)
(anonymous) @ main-D3WH-uwH.js:4
xhr @ main-D3WH-uwH.js:4
yx @ main-D3WH-uwH.js:6
Promise.then
_request @ main-D3WH-uwH.js:7
request @ main-D3WH-uwH.js:6
Vl.<computed> @ main-D3WH-uwH.js:7
(anonymous) @ main-D3WH-uwH.js:2
fetchReferralData @ Referrals-D9rtLEIt.js:8
mounted @ Referrals-D9rtLEIt.js:8
(anonymous) @ main-D3WH-uwH.js:22
uc @ main-D3WH-uwH.js:20
Zi @ main-D3WH-uwH.js:20
Kh.t.__weh.t.__weh @ main-D3WH-uwH.js:22
$f @ main-D3WH-uwH.js:20
JA @ main-D3WH-uwH.js:20
Promise.then
GA @ main-D3WH-uwH.js:20
od @ main-D3WH-uwH.js:20
WC @ main-D3WH-uwH.js:22
s.scheduler @ main-D3WH-uwH.js:22
GL._.scheduler @ main-D3WH-uwH.js:16
trigger @ main-D3WH-uwH.js:16
Q0 @ main-D3WH-uwH.js:16
notify @ main-D3WH-uwH.js:16
trigger @ main-D3WH-uwH.js:16
set value @ main-D3WH-uwH.js:16
Y @ main-D3WH-uwH.js:38
(anonymous) @ main-D3WH-uwH.js:38
Promise.then
j @ main-D3WH-uwH.js:38
D @ main-D3WH-uwH.js:38
s @ main-D3WH-uwH.js:38
uc @ main-D3WH-uwH.js:20
Zi @ main-D3WH-uwH.js:20
a @ main-D3WH-uwH.js:26
Referrals-D9rtLEIt.js:8 Failed to fetch referral data: Tt {message: 'Request failed with status code 404', name: 'AxiosError', code: 'ERR_BAD_REQUEST', config: {…}, request: XMLHttpRequest, …}
fetchReferralData @ Referrals-D9rtLEIt.js:8
await in fetchReferralData
mounted @ Referrals-D9rtLEIt.js:8
(anonymous) @ main-D3WH-uwH.js:22
uc @ main-D3WH-uwH.js:20
Zi @ main-D3WH-uwH.js:20
Kh.t.__weh.t.__weh @ main-D3WH-uwH.js:22
$f @ main-D3WH-uwH.js:20
JA @ main-D3WH-uwH.js:20
Promise.then
GA @ main-D3WH-uwH.js:20
od @ main-D3WH-uwH.js:20
WC @ main-D3WH-uwH.js:22
s.scheduler @ main-D3WH-uwH.js:22
GL._.scheduler @ main-D3WH-uwH.js:16
trigger @ main-D3WH-uwH.js:16
Q0 @ main-D3WH-uwH.js:16
notify @ main-D3WH-uwH.js:16
trigger @ main-D3WH-uwH.js:16
set value @ main-D3WH-uwH.js:16
Y @ main-D3WH-uwH.js:38
(anonymous) @ main-D3WH-uwH.js:38
Promise.then
j @ main-D3WH-uwH.js:38
D @ main-D3WH-uwH.js:38
s @ main-D3WH-uwH.js:38
uc @ main-D3WH-uwH.js:20
Zi @ main-D3WH-uwH.js:20
a @ main-D3WH-uwH.js:26
main-D3WH-uwH.js:4  POST https://app.facturino.mk/api/v1/partner/referrals 404 (Not Found)
(anonymous) @ main-D3WH-uwH.js:4
xhr @ main-D3WH-uwH.js:4
yx @ main-D3WH-uwH.js:6
Promise.then
_request @ main-D3WH-uwH.js:7
request @ main-D3WH-uwH.js:6
(anonymous) @ main-D3WH-uwH.js:7
(anonymous) @ main-D3WH-uwH.js:2
generateLink @ Referrals-D9rtLEIt.js:8
t.hasActiveLink.H.onClick.e.<computed>.e.<computed> @ Referrals-D9rtLEIt.js:10
uc @ main-D3WH-uwH.js:20
Zi @ main-D3WH-uwH.js:20
a @ main-D3WH-uwH.js:26
Referrals-D9rtLEIt.js:8 Failed to generate referral link: Tt {message: 'Request failed with status code 404', name: 'AxiosError', code: 'ERR_BAD_REQUEST', config: {…}, request: XMLHttpRequest, …}
generateLink @ Referrals-D9rtLEIt.js:8
await in generateLink
t.hasActiveLink.H.onClick.e.<computed>.e.<computed> @ Referrals-D9rtLEIt.js:10
uc @ main-D3WH-uwH.js:20
Zi @ main-D3WH-uwH.js:20
a @ main-D3WH-uwH.js:26
main-D3WH-uwH.js:4  GET https://app.facturino.mk/api/v1/partner/bank-details 404 (Not Found)
(anonymous) @ main-D3WH-uwH.js:4
xhr @ main-D3WH-uwH.js:4
yx @ main-D3WH-uwH.js:6
Promise.then
_request @ main-D3WH-uwH.js:7
request @ main-D3WH-uwH.js:6
Vl.<computed> @ main-D3WH-uwH.js:7
(anonymous) @ main-D3WH-uwH.js:2
fetchBankDetails @ Payouts-BUplpS2c.js:1
mounted @ Payouts-BUplpS2c.js:1
(anonymous) @ main-D3WH-uwH.js:22
uc @ main-D3WH-uwH.js:20
Zi @ main-D3WH-uwH.js:20
Kh.t.__weh.t.__weh @ main-D3WH-uwH.js:22
$f @ main-D3WH-uwH.js:20
JA @ main-D3WH-uwH.js:20
Promise.then
GA @ main-D3WH-uwH.js:20
od @ main-D3WH-uwH.js:20
WC @ main-D3WH-uwH.js:22
s.scheduler @ main-D3WH-uwH.js:22
GL._.scheduler @ main-D3WH-uwH.js:16
trigger @ main-D3WH-uwH.js:16
Q0 @ main-D3WH-uwH.js:16
notify @ main-D3WH-uwH.js:16
trigger @ main-D3WH-uwH.js:16
set value @ main-D3WH-uwH.js:16
Y @ main-D3WH-uwH.js:38
(anonymous) @ main-D3WH-uwH.js:38
Promise.then
j @ main-D3WH-uwH.js:38
D @ main-D3WH-uwH.js:38
s @ main-D3WH-uwH.js:38
uc @ main-D3WH-uwH.js:20
Zi @ main-D3WH-uwH.js:20
a @ main-D3WH-uwH.js:26
Payouts-BUplpS2c.js:1 Failed to fetch bank details: Tt {message: 'Request failed with status code 404', name: 'AxiosError', code: 'ERR_BAD_REQUEST', config: {…}, request: XMLHttpRequest, …}
fetchBankDetails @ Payouts-BUplpS2c.js:1
await in fetchBankDetails
mounted @ Payouts-BUplpS2c.js:1
(anonymous) @ main-D3WH-uwH.js:22
uc @ main-D3WH-uwH.js:20
Zi @ main-D3WH-uwH.js:20
Kh.t.__weh.t.__weh @ main-D3WH-uwH.js:22
$f @ main-D3WH-uwH.js:20
JA @ main-D3WH-uwH.js:20
Promise.then
GA @ main-D3WH-uwH.js:20
od @ main-D3WH-uwH.js:20
WC @ main-D3WH-uwH.js:22
s.scheduler @ main-D3WH-uwH.js:22
GL._.scheduler @ main-D3WH-uwH.js:16
trigger @ main-D3WH-uwH.js:16
Q0 @ main-D3WH-uwH.js:16
notify @ main-D3WH-uwH.js:16
trigger @ main-D3WH-uwH.js:16
set value @ main-D3WH-uwH.js:16
Y @ main-D3WH-uwH.js:38
(anonymous) @ main-D3WH-uwH.js:38
Promise.then
j @ main-D3WH-uwH.js:38
D @ main-D3WH-uwH.js:38
s @ main-D3WH-uwH.js:38
uc @ main-D3WH-uwH.js:20
Zi @ main-D3WH-uwH.js:20
a @ main-D3WH-uwH.js:26
main-D3WH-uwH.js:4  GET https://app.facturino.mk/api/v1/partner/payouts?page=1&per_page=20 404 (Not Found)
(anonymous) @ main-D3WH-uwH.js:4
xhr @ main-D3WH-uwH.js:4
yx @ main-D3WH-uwH.js:6
Promise.then
_request @ main-D3WH-uwH.js:7
request @ main-D3WH-uwH.js:6
Vl.<computed> @ main-D3WH-uwH.js:7
(anonymous) @ main-D3WH-uwH.js:2
fetchPayouts @ Payouts-BUplpS2c.js:1
mounted @ Payouts-BUplpS2c.js:1
(anonymous) @ main-D3WH-uwH.js:22
uc @ main-D3WH-uwH.js:20
Zi @ main-D3WH-uwH.js:20
Kh.t.__weh.t.__weh @ main-D3WH-uwH.js:22
$f @ main-D3WH-uwH.js:20
JA @ main-D3WH-uwH.js:20
Promise.then
GA @ main-D3WH-uwH.js:20
od @ main-D3WH-uwH.js:20
WC @ main-D3WH-uwH.js:22
s.scheduler @ main-D3WH-uwH.js:22
GL._.scheduler @ main-D3WH-uwH.js:16
trigger @ main-D3WH-uwH.js:16
Q0 @ main-D3WH-uwH.js:16
notify @ main-D3WH-uwH.js:16
trigger @ main-D3WH-uwH.js:16
set value @ main-D3WH-uwH.js:16
Y @ main-D3WH-uwH.js:38
(anonymous) @ main-D3WH-uwH.js:38
Promise.then
j @ main-D3WH-uwH.js:38
D @ main-D3WH-uwH.js:38
s @ main-D3WH-uwH.js:38
uc @ main-D3WH-uwH.js:20
Zi @ main-D3WH-uwH.js:20
a @ main-D3WH-uwH.js:26
Payouts-BUplpS2c.js:1 Failed to fetch payouts: Tt {message: 'Request failed with status code 404', name: 'AxiosError', code: 'ERR_BAD_REQUEST', config: {…}, request: XMLHttpRequest, …}
fetchPayouts @ Payouts-BUplpS2c.js:1
await in fetchPayouts
mounted @ Payouts-BUplpS2c.js:1
(anonymous) @ main-D3WH-uwH.js:22
uc @ main-D3WH-uwH.js:20
Zi @ main-D3WH-uwH.js:20
Kh.t.__weh.t.__weh @ main-D3WH-uwH.js:22
$f @ main-D3WH-uwH.js:20
JA @ main-D3WH-uwH.js:20
Promise.then
GA @ main-D3WH-uwH.js:20
od @ main-D3WH-uwH.js:20
WC @ main-D3WH-uwH.js:22
s.scheduler @ main-D3WH-uwH.js:22
GL._.scheduler @ main-D3WH-uwH.js:16
trigger @ main-D3WH-uwH.js:16
Q0 @ main-D3WH-uwH.js:16
notify @ main-D3WH-uwH.js:16
trigger @ main-D3WH-uwH.js:16
set value @ main-D3WH-uwH.js:16
Y @ main-D3WH-uwH.js:38
(anonymous) @ main-D3WH-uwH.js:38
Promise.then
j @ main-D3WH-uwH.js:38
D @ main-D3WH-uwH.js:38
s @ main-D3WH-uwH.js:38
uc @ main-D3WH-uwH.js:20
Zi @ main-D3WH-uwH.js:20
a @ main-D3WH-uwH.js:26
main-D3WH-uwH.js:20 Error
    at _d (main-D3WH-uwH.js:34:4498)
    at Object.u [as resolve] (main-D3WH-uwH.js:38:8944)
    at y (main-D3WH-uwH.js:38:14867)
    at j (main-D3WH-uwH.js:38:15673)
    at Object.D [as push] (main-D3WH-uwH.js:38:15275)
    at Dashboard-BrO6MMdN.js:1:7334
    at main-D3WH-uwH.js:22:7419
    at uc (main-D3WH-uwH.js:20:1385)
    at Zi (main-D3WH-uwH.js:20:1456)
    at Kh.t.__weh.t.__weh (main-D3WH-uwH.js:22:7299)
e9 @ main-D3WH-uwH.js:20
nl @ main-D3WH-uwH.js:20
uc @ main-D3WH-uwH.js:20
Zi @ main-D3WH-uwH.js:20
Kh.t.__weh.t.__weh @ main-D3WH-uwH.js:22
$f @ main-D3WH-uwH.js:20
JA @ main-D3WH-uwH.js:20
Promise.then
GA @ main-D3WH-uwH.js:20
od @ main-D3WH-uwH.js:20
WC @ main-D3WH-uwH.js:22
s.scheduler @ main-D3WH-uwH.js:22
GL._.scheduler @ main-D3WH-uwH.js:16
trigger @ main-D3WH-uwH.js:16
Q0 @ main-D3WH-uwH.js:16
notify @ main-D3WH-uwH.js:16
trigger @ main-D3WH-uwH.js:16
set value @ main-D3WH-uwH.js:16
Y @ main-D3WH-uwH.js:38
(anonymous) @ main-D3WH-uwH.js:38
Promise.then
j @ main-D3WH-uwH.js:38
D @ main-D3WH-uwH.js:38
s @ main-D3WH-uwH.js:38
uc @ main-D3WH-uwH.js:20
Zi @ main-D3WH-uwH.js:20
a @ main-D3WH-uwH.js:26
main-D3WH-uwH.js:4  GET https://app.facturino.mk/api/v1/partner/commissions 403 (Forbidden)
(anonymous) @ main-D3WH-uwH.js:4
xhr @ main-D3WH-uwH.js:4
yx @ main-D3WH-uwH.js:6
Promise.then
_request @ main-D3WH-uwH.js:7
request @ main-D3WH-uwH.js:6
Vl.<computed> @ main-D3WH-uwH.js:7
(anonymous) @ main-D3WH-uwH.js:2
loadRecentCommissions @ Dashboard-BrO6MMdN.js:1
q @ main-D3WH-uwH.js:42
(anonymous) @ Dashboard-BrO6MMdN.js:1
(anonymous) @ main-D3WH-uwH.js:22
uc @ main-D3WH-uwH.js:20
Zi @ main-D3WH-uwH.js:20
Kh.t.__weh.t.__weh @ main-D3WH-uwH.js:22
$f @ main-D3WH-uwH.js:20
JA @ main-D3WH-uwH.js:20
Promise.then
GA @ main-D3WH-uwH.js:20
od @ main-D3WH-uwH.js:20
WC @ main-D3WH-uwH.js:22
s.scheduler @ main-D3WH-uwH.js:22
GL._.scheduler @ main-D3WH-uwH.js:16
trigger @ main-D3WH-uwH.js:16
Q0 @ main-D3WH-uwH.js:16
notify @ main-D3WH-uwH.js:16
trigger @ main-D3WH-uwH.js:16
set value @ main-D3WH-uwH.js:16
Y @ main-D3WH-uwH.js:38
(anonymous) @ main-D3WH-uwH.js:38
Promise.then
j @ main-D3WH-uwH.js:38
D @ main-D3WH-uwH.js:38
s @ main-D3WH-uwH.js:38
uc @ main-D3WH-uwH.js:20
Zi @ main-D3WH-uwH.js:20
a @ main-D3WH-uwH.js:26
Dashboard-BrO6MMdN.js:1 Error loading recent commissions: Tt {message: 'Request failed with status code 403', name: 'AxiosError', code: 'ERR_BAD_REQUEST', config: {…}, request: XMLHttpRequest, …}
loadRecentCommissions @ Dashboard-BrO6MMdN.js:1
await in loadRecentCommissions
q @ main-D3WH-uwH.js:42
(anonymous) @ Dashboard-BrO6MMdN.js:1
(anonymous) @ main-D3WH-uwH.js:22
uc @ main-D3WH-uwH.js:20
Zi @ main-D3WH-uwH.js:20
Kh.t.__weh.t.__weh @ main-D3WH-uwH.js:22
$f @ main-D3WH-uwH.js:20
JA @ main-D3WH-uwH.js:20
Promise.then
GA @ main-D3WH-uwH.js:20
od @ main-D3WH-uwH.js:20
WC @ main-D3WH-uwH.js:22
s.scheduler @ main-D3WH-uwH.js:22
GL._.scheduler @ main-D3WH-uwH.js:16
trigger @ main-D3WH-uwH.js:16
Q0 @ main-D3WH-uwH.js:16
notify @ main-D3WH-uwH.js:16
trigger @ main-D3WH-uwH.js:16
set value @ main-D3WH-uwH.js:16
Y @ main-D3WH-uwH.js:38
(anonymous) @ main-D3WH-uwH.js:38
Promise.then
j @ main-D3WH-uwH.js:38
D @ main-D3WH-uwH.js:38
s @ main-D3WH-uwH.js:38
uc @ main-D3WH-uwH.js:20
Zi @ main-D3WH-uwH.js:20
a @ main-D3WH-uwH.js:26
main-D3WH-uwH.js:4  GET https://app.facturino.mk/api/v1/partner/dashboard 403 (Forbidden)
(anonymous) @ main-D3WH-uwH.js:4
xhr @ main-D3WH-uwH.js:4
yx @ main-D3WH-uwH.js:6
Promise.then
_request @ main-D3WH-uwH.js:7
request @ main-D3WH-uwH.js:6
Vl.<computed> @ main-D3WH-uwH.js:7
(anonymous) @ main-D3WH-uwH.js:2
loadDashboardStats @ Dashboard-BrO6MMdN.js:1
q @ main-D3WH-uwH.js:42
(anonymous) @ Dashboard-BrO6MMdN.js:1
(anonymous) @ main-D3WH-uwH.js:22
uc @ main-D3WH-uwH.js:20
Zi @ main-D3WH-uwH.js:20
Kh.t.__weh.t.__weh @ main-D3WH-uwH.js:22
$f @ main-D3WH-uwH.js:20
JA @ main-D3WH-uwH.js:20
Promise.then
GA @ main-D3WH-uwH.js:20
od @ main-D3WH-uwH.js:20
WC @ main-D3WH-uwH.js:22
s.scheduler @ main-D3WH-uwH.js:22
GL._.scheduler @ main-D3WH-uwH.js:16
trigger @ main-D3WH-uwH.js:16
Q0 @ main-D3WH-uwH.js:16
notify @ main-D3WH-uwH.js:16
trigger @ main-D3WH-uwH.js:16
set value @ main-D3WH-uwH.js:16
Y @ main-D3WH-uwH.js:38
(anonymous) @ main-D3WH-uwH.js:38
Promise.then
j @ main-D3WH-uwH.js:38
D @ main-D3WH-uwH.js:38
s @ main-D3WH-uwH.js:38
uc @ main-D3WH-uwH.js:20
Zi @ main-D3WH-uwH.js:20
a @ main-D3WH-uwH.js:26
Dashboard-BrO6MMdN.js:1 Error loading dashboard stats: Tt {message: 'Request failed with status code 403', name: 'AxiosError', code: 'ERR_BAD_REQUEST', config: {…}, request: XMLHttpRequest, …}
loadDashboardStats @ Dashboard-BrO6MMdN.js:1
await in loadDashboardStats
q @ main-D3WH-uwH.js:42
(anonymous) @ Dashboard-BrO6MMdN.js:1
(anonymous) @ main-D3WH-uwH.js:22
uc @ main-D3WH-uwH.js:20
Zi @ main-D3WH-uwH.js:20
Kh.t.__weh.t.__weh @ main-D3WH-uwH.js:22
$f @ main-D3WH-uwH.js:20
JA @ main-D3WH-uwH.js:20
Promise.then
GA @ main-D3WH-uwH.js:20
od @ main-D3WH-uwH.js:20
WC @ main-D3WH-uwH.js:22
s.scheduler @ main-D3WH-uwH.js:22
GL._.scheduler @ main-D3WH-uwH.js:16
trigger @ main-D3WH-uwH.js:16
Q0 @ main-D3WH-uwH.js:16
notify @ main-D3WH-uwH.js:16
trigger @ main-D3WH-uwH.js:16
set value @ main-D3WH-uwH.js:16
Y @ main-D3WH-uwH.js:38
(anonymous) @ main-D3WH-uwH.js:38
Promise.then
j @ main-D3WH-uwH.js:38
D @ main-D3WH-uwH.js:38
s @ main-D3WH-uwH.js:38
uc @ main-D3WH-uwH.js:20
Zi @ main-D3WH-uwH.js:20
a @ main-D3WH-uwH.js:26
