Scan-DLRg5GLn.js:1 Receipt scan response: {data: {…}, status: 200, statusText: '', headers: xi, config: {…}, …}
Scan-DLRg5GLn.js:1 Response data: {image_url: 'https://app.facturino.mk/api/v1/receipts/image/sca…ts/2/dN5VhAkfvwEAL7co4NqfA6TmTau8o0giSywBiG6Y.jpg', stored_path: 'scanned-receipts/2/dN5VhAkfvwEAL7co4NqfA6TmTau8o0giSywBiG6Y.jpg', ocr_text: 'ey Фискална СМЕТКА fe;\nда назза Ж\nДИ ДРОГЕРИЕ MAPK…55885259 |\n___рискелна СМЕТКА -\n9164456 7\n: ae ah', hocr: null, image_width: 1324, …}
Scan-DLRg5GLn.js:1 scanResult set to: Proxy(Object) {image_url: 'https://app.facturino.mk/api/v1/receipts/image/sca…ts/2/dN5VhAkfvwEAL7co4NqfA6TmTau8o0giSywBiG6Y.jpg', stored_path: 'scanned-receipts/2/dN5VhAkfvwEAL7co4NqfA6TmTau8o0giSywBiG6Y.jpg', ocr_text: 'ey Фискална СМЕТКА fe;\nда назза Ж\nДИ ДРОГЕРИЕ MAPK…55885259 |\n___рискелна СМЕТКА -\n9164456 7\n: ae ah', hocr: null, image_width: 1324, …}
Scan-DLRg5GLn.js:1 Has hOCR: false
Scan-DLRg5GLn.js:1 ocrText set to: ey Фискална СМЕТКА fe;
да назза Ж
ДИ ДРОГЕРИЕ MAPKT Д,0,0,Е, А, ѓ
| ДАМЕ ГРЧЕВ 7 СКОПЈЕ BY
ПОД 029 Р
main-DyySjXRY.js:72 [intlify] Not found 'bills.vendor' key in 'mk' locale messages.
Id @ main-DyySjXRY.js:72
lg @ main-DyySjXRY.js:75
YC @ main-DyySjXRY.js:75
PK @ main-DyySjXRY.js:75
(anonymous) @ main-DyySjXRY.js:105
La @ main-DyySjXRY.js:105
Uo @ main-DyySjXRY.js:105
(anonymous) @ Scan-DLRg5GLn.js:1
n @ main-DyySjXRY.js:20
rt @ main-DyySjXRY.js:22
(anonymous) @ main-DyySjXRY.js:109
pf @ main-DyySjXRY.js:22
G @ main-DyySjXRY.js:22
run @ main-DyySjXRY.js:16
runIfDirty @ main-DyySjXRY.js:16
uc @ main-DyySjXRY.js:20
JA @ main-DyySjXRY.js:20
Promise.then
GA @ main-DyySjXRY.js:20
ik @ main-DyySjXRY.js:20
oe.scheduler @ main-DyySjXRY.js:22
trigger @ main-DyySjXRY.js:16
Q0 @ main-DyySjXRY.js:16
notify @ main-DyySjXRY.js:16
trigger @ main-DyySjXRY.js:16
set value @ main-DyySjXRY.js:16
(anonymous) @ Scan-DLRg5GLn.js:1
Promise.then
N @ Scan-DLRg5GLn.js:1
uc @ main-DyySjXRY.js:20
Zi @ main-DyySjXRY.js:20
a @ main-DyySjXRY.js:26
main-DyySjXRY.js:72 [intlify] Fall back to translate 'bills.vendor' key with 'en' locale.
Id @ main-DyySjXRY.js:72
YC @ main-DyySjXRY.js:75
PK @ main-DyySjXRY.js:75
(anonymous) @ main-DyySjXRY.js:105
La @ main-DyySjXRY.js:105
Uo @ main-DyySjXRY.js:105
(anonymous) @ Scan-DLRg5GLn.js:1
n @ main-DyySjXRY.js:20
rt @ main-DyySjXRY.js:22
(anonymous) @ main-DyySjXRY.js:109
pf @ main-DyySjXRY.js:22
G @ main-DyySjXRY.js:22
run @ main-DyySjXRY.js:16
runIfDirty @ main-DyySjXRY.js:16
uc @ main-DyySjXRY.js:20
JA @ main-DyySjXRY.js:20
Promise.then
GA @ main-DyySjXRY.js:20
ik @ main-DyySjXRY.js:20
oe.scheduler @ main-DyySjXRY.js:22
trigger @ main-DyySjXRY.js:16
Q0 @ main-DyySjXRY.js:16
notify @ main-DyySjXRY.js:16
trigger @ main-DyySjXRY.js:16
set value @ main-DyySjXRY.js:16
(anonymous) @ Scan-DLRg5GLn.js:1
Promise.then
N @ Scan-DLRg5GLn.js:1
uc @ main-DyySjXRY.js:20
Zi @ main-DyySjXRY.js:20
a @ main-DyySjXRY.js:26
main-DyySjXRY.js:72 [intlify] Not found 'bills.vendor' key in 'en' locale messages.
Id @ main-DyySjXRY.js:72
lg @ main-DyySjXRY.js:75
YC @ main-DyySjXRY.js:75
PK @ main-DyySjXRY.js:75
(anonymous) @ main-DyySjXRY.js:105
La @ main-DyySjXRY.js:105
Uo @ main-DyySjXRY.js:105
(anonymous) @ Scan-DLRg5GLn.js:1
n @ main-DyySjXRY.js:20
rt @ main-DyySjXRY.js:22
(anonymous) @ main-DyySjXRY.js:109
pf @ main-DyySjXRY.js:22
G @ main-DyySjXRY.js:22
run @ main-DyySjXRY.js:16
runIfDirty @ main-DyySjXRY.js:16
uc @ main-DyySjXRY.js:20
JA @ main-DyySjXRY.js:20
Promise.then
GA @ main-DyySjXRY.js:20
ik @ main-DyySjXRY.js:20
oe.scheduler @ main-DyySjXRY.js:22
trigger @ main-DyySjXRY.js:16
Q0 @ main-DyySjXRY.js:16
notify @ main-DyySjXRY.js:16
trigger @ main-DyySjXRY.js:16
set value @ main-DyySjXRY.js:16
(anonymous) @ Scan-DLRg5GLn.js:1
Promise.then
N @ Scan-DLRg5GLn.js:1
uc @ main-DyySjXRY.js:20
Zi @ main-DyySjXRY.js:20
a @ main-DyySjXRY.js:26
main-DyySjXRY.js:72 [intlify] Not found 'bills.amount' key in 'mk' locale messages.
Id @ main-DyySjXRY.js:72
lg @ main-DyySjXRY.js:75
YC @ main-DyySjXRY.js:75
PK @ main-DyySjXRY.js:75
(anonymous) @ main-DyySjXRY.js:105
La @ main-DyySjXRY.js:105
Uo @ main-DyySjXRY.js:105
(anonymous) @ Scan-DLRg5GLn.js:1
n @ main-DyySjXRY.js:20
rt @ main-DyySjXRY.js:22
(anonymous) @ main-DyySjXRY.js:109
pf @ main-DyySjXRY.js:22
G @ main-DyySjXRY.js:22
run @ main-DyySjXRY.js:16
runIfDirty @ main-DyySjXRY.js:16
uc @ main-DyySjXRY.js:20
JA @ main-DyySjXRY.js:20
Promise.then
GA @ main-DyySjXRY.js:20
ik @ main-DyySjXRY.js:20
oe.scheduler @ main-DyySjXRY.js:22
trigger @ main-DyySjXRY.js:16
Q0 @ main-DyySjXRY.js:16
notify @ main-DyySjXRY.js:16
trigger @ main-DyySjXRY.js:16
set value @ main-DyySjXRY.js:16
(anonymous) @ Scan-DLRg5GLn.js:1
Promise.then
N @ Scan-DLRg5GLn.js:1
uc @ main-DyySjXRY.js:20
Zi @ main-DyySjXRY.js:20
a @ main-DyySjXRY.js:26
main-DyySjXRY.js:72 [intlify] Fall back to translate 'bills.amount' key with 'en' locale.
Id @ main-DyySjXRY.js:72
YC @ main-DyySjXRY.js:75
PK @ main-DyySjXRY.js:75
(anonymous) @ main-DyySjXRY.js:105
La @ main-DyySjXRY.js:105
Uo @ main-DyySjXRY.js:105
(anonymous) @ Scan-DLRg5GLn.js:1
n @ main-DyySjXRY.js:20
rt @ main-DyySjXRY.js:22
(anonymous) @ main-DyySjXRY.js:109
pf @ main-DyySjXRY.js:22
G @ main-DyySjXRY.js:22
run @ main-DyySjXRY.js:16
runIfDirty @ main-DyySjXRY.js:16
uc @ main-DyySjXRY.js:20
JA @ main-DyySjXRY.js:20
Promise.then
GA @ main-DyySjXRY.js:20
ik @ main-DyySjXRY.js:20
oe.scheduler @ main-DyySjXRY.js:22
trigger @ main-DyySjXRY.js:16
Q0 @ main-DyySjXRY.js:16
notify @ main-DyySjXRY.js:16
trigger @ main-DyySjXRY.js:16
set value @ main-DyySjXRY.js:16
(anonymous) @ Scan-DLRg5GLn.js:1
Promise.then
N @ Scan-DLRg5GLn.js:1
uc @ main-DyySjXRY.js:20
Zi @ main-DyySjXRY.js:20
a @ main-DyySjXRY.js:26
main-DyySjXRY.js:72 [intlify] Not found 'bills.amount' key in 'en' locale messages.
Id @ main-DyySjXRY.js:72
lg @ main-DyySjXRY.js:75
YC @ main-DyySjXRY.js:75
PK @ main-DyySjXRY.js:75
(anonymous) @ main-DyySjXRY.js:105
La @ main-DyySjXRY.js:105
Uo @ main-DyySjXRY.js:105
(anonymous) @ Scan-DLRg5GLn.js:1
n @ main-DyySjXRY.js:20
rt @ main-DyySjXRY.js:22
(anonymous) @ main-DyySjXRY.js:109
pf @ main-DyySjXRY.js:22
G @ main-DyySjXRY.js:22
run @ main-DyySjXRY.js:16
runIfDirty @ main-DyySjXRY.js:16
uc @ main-DyySjXRY.js:20
JA @ main-DyySjXRY.js:20
Promise.then
GA @ main-DyySjXRY.js:20
ik @ main-DyySjXRY.js:20
oe.scheduler @ main-DyySjXRY.js:22
trigger @ main-DyySjXRY.js:16
Q0 @ main-DyySjXRY.js:16
notify @ main-DyySjXRY.js:16
trigger @ main-DyySjXRY.js:16
set value @ main-DyySjXRY.js:16
(anonymous) @ Scan-DLRg5GLn.js:1
Promise.then
N @ Scan-DLRg5GLn.js:1
uc @ main-DyySjXRY.js:20
Zi @ main-DyySjXRY.js:20
a @ main-DyySjXRY.js:26
main-DyySjXRY.js:72 [intlify] Not found 'bills.tax_amount' key in 'mk' locale messages.
Id @ main-DyySjXRY.js:72
lg @ main-DyySjXRY.js:75
YC @ main-DyySjXRY.js:75
PK @ main-DyySjXRY.js:75
(anonymous) @ main-DyySjXRY.js:105
La @ main-DyySjXRY.js:105
Uo @ main-DyySjXRY.js:105
(anonymous) @ Scan-DLRg5GLn.js:1
n @ main-DyySjXRY.js:20
rt @ main-DyySjXRY.js:22
(anonymous) @ main-DyySjXRY.js:109
pf @ main-DyySjXRY.js:22
G @ main-DyySjXRY.js:22
run @ main-DyySjXRY.js:16
runIfDirty @ main-DyySjXRY.js:16
uc @ main-DyySjXRY.js:20
JA @ main-DyySjXRY.js:20
Promise.then
GA @ main-DyySjXRY.js:20
ik @ main-DyySjXRY.js:20
oe.scheduler @ main-DyySjXRY.js:22
trigger @ main-DyySjXRY.js:16
Q0 @ main-DyySjXRY.js:16
notify @ main-DyySjXRY.js:16
trigger @ main-DyySjXRY.js:16
set value @ main-DyySjXRY.js:16
(anonymous) @ Scan-DLRg5GLn.js:1
Promise.then
N @ Scan-DLRg5GLn.js:1
uc @ main-DyySjXRY.js:20
Zi @ main-DyySjXRY.js:20
a @ main-DyySjXRY.js:26
main-DyySjXRY.js:72 [intlify] Fall back to translate 'bills.tax_amount' key with 'en' locale.
Id @ main-DyySjXRY.js:72
YC @ main-DyySjXRY.js:75
PK @ main-DyySjXRY.js:75
(anonymous) @ main-DyySjXRY.js:105
La @ main-DyySjXRY.js:105
Uo @ main-DyySjXRY.js:105
(anonymous) @ Scan-DLRg5GLn.js:1
n @ main-DyySjXRY.js:20
rt @ main-DyySjXRY.js:22
(anonymous) @ main-DyySjXRY.js:109
pf @ main-DyySjXRY.js:22
G @ main-DyySjXRY.js:22
run @ main-DyySjXRY.js:16
runIfDirty @ main-DyySjXRY.js:16
uc @ main-DyySjXRY.js:20
JA @ main-DyySjXRY.js:20
Promise.then
GA @ main-DyySjXRY.js:20
ik @ main-DyySjXRY.js:20
oe.scheduler @ main-DyySjXRY.js:22
trigger @ main-DyySjXRY.js:16
Q0 @ main-DyySjXRY.js:16
notify @ main-DyySjXRY.js:16
trigger @ main-DyySjXRY.js:16
set value @ main-DyySjXRY.js:16
(anonymous) @ Scan-DLRg5GLn.js:1
Promise.then
N @ Scan-DLRg5GLn.js:1
uc @ main-DyySjXRY.js:20
Zi @ main-DyySjXRY.js:20
a @ main-DyySjXRY.js:26
main-DyySjXRY.js:72 [intlify] Not found 'bills.tax_amount' key in 'en' locale messages.
Id @ main-DyySjXRY.js:72
lg @ main-DyySjXRY.js:75
YC @ main-DyySjXRY.js:75
PK @ main-DyySjXRY.js:75
(anonymous) @ main-DyySjXRY.js:105
La @ main-DyySjXRY.js:105
Uo @ main-DyySjXRY.js:105
(anonymous) @ Scan-DLRg5GLn.js:1
n @ main-DyySjXRY.js:20
rt @ main-DyySjXRY.js:22
(anonymous) @ main-DyySjXRY.js:109
pf @ main-DyySjXRY.js:22
G @ main-DyySjXRY.js:22
run @ main-DyySjXRY.js:16
runIfDirty @ main-DyySjXRY.js:16
uc @ main-DyySjXRY.js:20
JA @ main-DyySjXRY.js:20
Promise.then
GA @ main-DyySjXRY.js:20
ik @ main-DyySjXRY.js:20
oe.scheduler @ main-DyySjXRY.js:22
trigger @ main-DyySjXRY.js:16
Q0 @ main-DyySjXRY.js:16
notify @ main-DyySjXRY.js:16
trigger @ main-DyySjXRY.js:16
set value @ main-DyySjXRY.js:16
(anonymous) @ Scan-DLRg5GLn.js:1
Promise.then
N @ Scan-DLRg5GLn.js:1
uc @ main-DyySjXRY.js:20
Zi @ main-DyySjXRY.js:20
a @ main-DyySjXRY.js:26
main-DyySjXRY.js:72 [intlify] Not found 'bills.notes' key in 'mk' locale messages.
Id @ main-DyySjXRY.js:72
lg @ main-DyySjXRY.js:75
YC @ main-DyySjXRY.js:75
PK @ main-DyySjXRY.js:75
(anonymous) @ main-DyySjXRY.js:105
La @ main-DyySjXRY.js:105
Uo @ main-DyySjXRY.js:105
(anonymous) @ Scan-DLRg5GLn.js:1
n @ main-DyySjXRY.js:20
rt @ main-DyySjXRY.js:22
(anonymous) @ main-DyySjXRY.js:109
pf @ main-DyySjXRY.js:22
G @ main-DyySjXRY.js:22
run @ main-DyySjXRY.js:16
runIfDirty @ main-DyySjXRY.js:16
uc @ main-DyySjXRY.js:20
JA @ main-DyySjXRY.js:20
Promise.then
GA @ main-DyySjXRY.js:20
ik @ main-DyySjXRY.js:20
oe.scheduler @ main-DyySjXRY.js:22
trigger @ main-DyySjXRY.js:16
Q0 @ main-DyySjXRY.js:16
notify @ main-DyySjXRY.js:16
trigger @ main-DyySjXRY.js:16
set value @ main-DyySjXRY.js:16
(anonymous) @ Scan-DLRg5GLn.js:1
Promise.then
N @ Scan-DLRg5GLn.js:1
uc @ main-DyySjXRY.js:20
Zi @ main-DyySjXRY.js:20
a @ main-DyySjXRY.js:26
main-DyySjXRY.js:72 [intlify] Fall back to translate 'bills.notes' key with 'en' locale.
Id @ main-DyySjXRY.js:72
YC @ main-DyySjXRY.js:75
PK @ main-DyySjXRY.js:75
(anonymous) @ main-DyySjXRY.js:105
La @ main-DyySjXRY.js:105
Uo @ main-DyySjXRY.js:105
(anonymous) @ Scan-DLRg5GLn.js:1
n @ main-DyySjXRY.js:20
rt @ main-DyySjXRY.js:22
(anonymous) @ main-DyySjXRY.js:109
pf @ main-DyySjXRY.js:22
G @ main-DyySjXRY.js:22
run @ main-DyySjXRY.js:16
runIfDirty @ main-DyySjXRY.js:16
uc @ main-DyySjXRY.js:20
JA @ main-DyySjXRY.js:20
Promise.then
GA @ main-DyySjXRY.js:20
ik @ main-DyySjXRY.js:20
oe.scheduler @ main-DyySjXRY.js:22
trigger @ main-DyySjXRY.js:16
Q0 @ main-DyySjXRY.js:16
notify @ main-DyySjXRY.js:16
trigger @ main-DyySjXRY.js:16
set value @ main-DyySjXRY.js:16
(anonymous) @ Scan-DLRg5GLn.js:1
Promise.then
N @ Scan-DLRg5GLn.js:1
uc @ main-DyySjXRY.js:20
Zi @ main-DyySjXRY.js:20
a @ main-DyySjXRY.js:26
main-DyySjXRY.js:72 [intlify] Not found 'bills.notes' key in 'en' locale messages.
Id @ main-DyySjXRY.js:72
lg @ main-DyySjXRY.js:75
YC @ main-DyySjXRY.js:75
PK @ main-DyySjXRY.js:75
(anonymous) @ main-DyySjXRY.js:105
La @ main-DyySjXRY.js:105
Uo @ main-DyySjXRY.js:105
(anonymous) @ Scan-DLRg5GLn.js:1
n @ main-DyySjXRY.js:20
rt @ main-DyySjXRY.js:22
(anonymous) @ main-DyySjXRY.js:109
pf @ main-DyySjXRY.js:22
G @ main-DyySjXRY.js:22
run @ main-DyySjXRY.js:16
runIfDirty @ main-DyySjXRY.js:16
uc @ main-DyySjXRY.js:20
JA @ main-DyySjXRY.js:20
Promise.then
GA @ main-DyySjXRY.js:20
ik @ main-DyySjXRY.js:20
oe.scheduler @ main-DyySjXRY.js:22
trigger @ main-DyySjXRY.js:16
Q0 @ main-DyySjXRY.js:16
notify @ main-DyySjXRY.js:16
trigger @ main-DyySjXRY.js:16
set value @ main-DyySjXRY.js:16
(anonymous) @ Scan-DLRg5GLn.js:1
Promise.then
N @ Scan-DLRg5GLn.js:1
uc @ main-DyySjXRY.js:20
Zi @ main-DyySjXRY.js:20
a @ main-DyySjXRY.js:26
main-DyySjXRY.js:72 [intlify] Not found 'bills.vendor_placeholder' key in 'mk' locale messages.
Id @ main-DyySjXRY.js:72
lg @ main-DyySjXRY.js:75
YC @ main-DyySjXRY.js:75
PK @ main-DyySjXRY.js:75
(anonymous) @ main-DyySjXRY.js:105
La @ main-DyySjXRY.js:105
Uo @ main-DyySjXRY.js:105
(anonymous) @ Scan-DLRg5GLn.js:1
n @ main-DyySjXRY.js:20
rt @ main-DyySjXRY.js:22
(anonymous) @ main-DyySjXRY.js:158
pf @ main-DyySjXRY.js:22
G @ main-DyySjXRY.js:22
run @ main-DyySjXRY.js:16
fe @ main-DyySjXRY.js:22
ze @ main-DyySjXRY.js:22
re @ main-DyySjXRY.js:22
v @ main-DyySjXRY.js:22
N @ main-DyySjXRY.js:22
T @ main-DyySjXRY.js:22
A @ main-DyySjXRY.js:22
v @ main-DyySjXRY.js:22
N @ main-DyySjXRY.js:22
T @ main-DyySjXRY.js:22
A @ main-DyySjXRY.js:22
v @ main-DyySjXRY.js:22
N @ main-DyySjXRY.js:22
T @ main-DyySjXRY.js:22
A @ main-DyySjXRY.js:22
v @ main-DyySjXRY.js:22
N @ main-DyySjXRY.js:22
T @ main-DyySjXRY.js:22
A @ main-DyySjXRY.js:22
v @ main-DyySjXRY.js:22
q @ main-DyySjXRY.js:22
Y @ main-DyySjXRY.js:22
v @ main-DyySjXRY.js:22
q @ main-DyySjXRY.js:22
V @ main-DyySjXRY.js:22
A @ main-DyySjXRY.js:22
v @ main-DyySjXRY.js:22
G @ main-DyySjXRY.js:22
run @ main-DyySjXRY.js:16
runIfDirty @ main-DyySjXRY.js:16
uc @ main-DyySjXRY.js:20
JA @ main-DyySjXRY.js:20
Promise.then
GA @ main-DyySjXRY.js:20
ik @ main-DyySjXRY.js:20
oe.scheduler @ main-DyySjXRY.js:22
trigger @ main-DyySjXRY.js:16
Q0 @ main-DyySjXRY.js:16
notify @ main-DyySjXRY.js:16
trigger @ main-DyySjXRY.js:16
set value @ main-DyySjXRY.js:16
(anonymous) @ Scan-DLRg5GLn.js:1
Promise.then
N @ Scan-DLRg5GLn.js:1
uc @ main-DyySjXRY.js:20
Zi @ main-DyySjXRY.js:20
a @ main-DyySjXRY.js:26
main-DyySjXRY.js:72 [intlify] Fall back to translate 'bills.vendor_placeholder' key with 'en' locale.
Id @ main-DyySjXRY.js:72
YC @ main-DyySjXRY.js:75
PK @ main-DyySjXRY.js:75
(anonymous) @ main-DyySjXRY.js:105
La @ main-DyySjXRY.js:105
Uo @ main-DyySjXRY.js:105
(anonymous) @ Scan-DLRg5GLn.js:1
n @ main-DyySjXRY.js:20
rt @ main-DyySjXRY.js:22
(anonymous) @ main-DyySjXRY.js:158
pf @ main-DyySjXRY.js:22
G @ main-DyySjXRY.js:22
run @ main-DyySjXRY.js:16
fe @ main-DyySjXRY.js:22
ze @ main-DyySjXRY.js:22
re @ main-DyySjXRY.js:22
v @ main-DyySjXRY.js:22
N @ main-DyySjXRY.js:22
T @ main-DyySjXRY.js:22
A @ main-DyySjXRY.js:22
v @ main-DyySjXRY.js:22
N @ main-DyySjXRY.js:22
T @ main-DyySjXRY.js:22
A @ main-DyySjXRY.js:22
v @ main-DyySjXRY.js:22
N @ main-DyySjXRY.js:22
T @ main-DyySjXRY.js:22
A @ main-DyySjXRY.js:22
v @ main-DyySjXRY.js:22
N @ main-DyySjXRY.js:22
T @ main-DyySjXRY.js:22
A @ main-DyySjXRY.js:22
v @ main-DyySjXRY.js:22
q @ main-DyySjXRY.js:22
Y @ main-DyySjXRY.js:22
v @ main-DyySjXRY.js:22
q @ main-DyySjXRY.js:22
V @ main-DyySjXRY.js:22
A @ main-DyySjXRY.js:22
v @ main-DyySjXRY.js:22
G @ main-DyySjXRY.js:22
run @ main-DyySjXRY.js:16
runIfDirty @ main-DyySjXRY.js:16
uc @ main-DyySjXRY.js:20
JA @ main-DyySjXRY.js:20
Promise.then
GA @ main-DyySjXRY.js:20
ik @ main-DyySjXRY.js:20
oe.scheduler @ main-DyySjXRY.js:22
trigger @ main-DyySjXRY.js:16
Q0 @ main-DyySjXRY.js:16
notify @ main-DyySjXRY.js:16
trigger @ main-DyySjXRY.js:16
set value @ main-DyySjXRY.js:16
(anonymous) @ Scan-DLRg5GLn.js:1
Promise.then
N @ Scan-DLRg5GLn.js:1
uc @ main-DyySjXRY.js:20
Zi @ main-DyySjXRY.js:20
a @ main-DyySjXRY.js:26
main-DyySjXRY.js:72 [intlify] Not found 'bills.vendor_placeholder' key in 'en' locale messages.
Id @ main-DyySjXRY.js:72
lg @ main-DyySjXRY.js:75
YC @ main-DyySjXRY.js:75
PK @ main-DyySjXRY.js:75
(anonymous) @ main-DyySjXRY.js:105
La @ main-DyySjXRY.js:105
Uo @ main-DyySjXRY.js:105
(anonymous) @ Scan-DLRg5GLn.js:1
n @ main-DyySjXRY.js:20
rt @ main-DyySjXRY.js:22
(anonymous) @ main-DyySjXRY.js:158
pf @ main-DyySjXRY.js:22
G @ main-DyySjXRY.js:22
run @ main-DyySjXRY.js:16
fe @ main-DyySjXRY.js:22
ze @ main-DyySjXRY.js:22
re @ main-DyySjXRY.js:22
v @ main-DyySjXRY.js:22
N @ main-DyySjXRY.js:22
T @ main-DyySjXRY.js:22
A @ main-DyySjXRY.js:22
v @ main-DyySjXRY.js:22
N @ main-DyySjXRY.js:22
T @ main-DyySjXRY.js:22
A @ main-DyySjXRY.js:22
v @ main-DyySjXRY.js:22
N @ main-DyySjXRY.js:22
T @ main-DyySjXRY.js:22
A @ main-DyySjXRY.js:22
v @ main-DyySjXRY.js:22
N @ main-DyySjXRY.js:22
T @ main-DyySjXRY.js:22
A @ main-DyySjXRY.js:22
v @ main-DyySjXRY.js:22
q @ main-DyySjXRY.js:22
Y @ main-DyySjXRY.js:22
v @ main-DyySjXRY.js:22
q @ main-DyySjXRY.js:22
V @ main-DyySjXRY.js:22
A @ main-DyySjXRY.js:22
v @ main-DyySjXRY.js:22
G @ main-DyySjXRY.js:22
run @ main-DyySjXRY.js:16
runIfDirty @ main-DyySjXRY.js:16
uc @ main-DyySjXRY.js:20
JA @ main-DyySjXRY.js:20
Promise.then
GA @ main-DyySjXRY.js:20
ik @ main-DyySjXRY.js:20
oe.scheduler @ main-DyySjXRY.js:22
trigger @ main-DyySjXRY.js:16
Q0 @ main-DyySjXRY.js:16
notify @ main-DyySjXRY.js:16
trigger @ main-DyySjXRY.js:16
set value @ main-DyySjXRY.js:16
(anonymous) @ Scan-DLRg5GLn.js:1
Promise.then
N @ Scan-DLRg5GLn.js:1
uc @ main-DyySjXRY.js:20
Zi @ main-DyySjXRY.js:20
a @ main-DyySjXRY.js:26
main-DyySjXRY.js:72 [intlify] Not found 'bills.bill_number_placeholder' key in 'mk' locale messages.
Id @ main-DyySjXRY.js:72
lg @ main-DyySjXRY.js:75
YC @ main-DyySjXRY.js:75
PK @ main-DyySjXRY.js:75
(anonymous) @ main-DyySjXRY.js:105
La @ main-DyySjXRY.js:105
Uo @ main-DyySjXRY.js:105
(anonymous) @ Scan-DLRg5GLn.js:1
n @ main-DyySjXRY.js:20
rt @ main-DyySjXRY.js:22
(anonymous) @ main-DyySjXRY.js:158
pf @ main-DyySjXRY.js:22
G @ main-DyySjXRY.js:22
run @ main-DyySjXRY.js:16
fe @ main-DyySjXRY.js:22
ze @ main-DyySjXRY.js:22
re @ main-DyySjXRY.js:22
v @ main-DyySjXRY.js:22
N @ main-DyySjXRY.js:22
T @ main-DyySjXRY.js:22
A @ main-DyySjXRY.js:22
v @ main-DyySjXRY.js:22
N @ main-DyySjXRY.js:22
T @ main-DyySjXRY.js:22
A @ main-DyySjXRY.js:22
v @ main-DyySjXRY.js:22
N @ main-DyySjXRY.js:22
T @ main-DyySjXRY.js:22
A @ main-DyySjXRY.js:22
v @ main-DyySjXRY.js:22
N @ main-DyySjXRY.js:22
T @ main-DyySjXRY.js:22
A @ main-DyySjXRY.js:22
v @ main-DyySjXRY.js:22
q @ main-DyySjXRY.js:22
Y @ main-DyySjXRY.js:22
v @ main-DyySjXRY.js:22
q @ main-DyySjXRY.js:22
V @ main-DyySjXRY.js:22
A @ main-DyySjXRY.js:22
v @ main-DyySjXRY.js:22
G @ main-DyySjXRY.js:22
run @ main-DyySjXRY.js:16
runIfDirty @ main-DyySjXRY.js:16
uc @ main-DyySjXRY.js:20
JA @ main-DyySjXRY.js:20
Promise.then
GA @ main-DyySjXRY.js:20
ik @ main-DyySjXRY.js:20
oe.scheduler @ main-DyySjXRY.js:22
trigger @ main-DyySjXRY.js:16
Q0 @ main-DyySjXRY.js:16
notify @ main-DyySjXRY.js:16
trigger @ main-DyySjXRY.js:16
set value @ main-DyySjXRY.js:16
(anonymous) @ Scan-DLRg5GLn.js:1
Promise.then
N @ Scan-DLRg5GLn.js:1
uc @ main-DyySjXRY.js:20
Zi @ main-DyySjXRY.js:20
a @ main-DyySjXRY.js:26
main-DyySjXRY.js:72 [intlify] Fall back to translate 'bills.bill_number_placeholder' key with 'en' locale.
Id @ main-DyySjXRY.js:72
YC @ main-DyySjXRY.js:75
PK @ main-DyySjXRY.js:75
(anonymous) @ main-DyySjXRY.js:105
La @ main-DyySjXRY.js:105
Uo @ main-DyySjXRY.js:105
(anonymous) @ Scan-DLRg5GLn.js:1
n @ main-DyySjXRY.js:20
rt @ main-DyySjXRY.js:22
(anonymous) @ main-DyySjXRY.js:158
pf @ main-DyySjXRY.js:22
G @ main-DyySjXRY.js:22
run @ main-DyySjXRY.js:16
fe @ main-DyySjXRY.js:22
ze @ main-DyySjXRY.js:22
re @ main-DyySjXRY.js:22
v @ main-DyySjXRY.js:22
N @ main-DyySjXRY.js:22
T @ main-DyySjXRY.js:22
A @ main-DyySjXRY.js:22
v @ main-DyySjXRY.js:22
N @ main-DyySjXRY.js:22
T @ main-DyySjXRY.js:22
A @ main-DyySjXRY.js:22
v @ main-DyySjXRY.js:22
N @ main-DyySjXRY.js:22
T @ main-DyySjXRY.js:22
A @ main-DyySjXRY.js:22
v @ main-DyySjXRY.js:22
N @ main-DyySjXRY.js:22
T @ main-DyySjXRY.js:22
A @ main-DyySjXRY.js:22
v @ main-DyySjXRY.js:22
q @ main-DyySjXRY.js:22
Y @ main-DyySjXRY.js:22
v @ main-DyySjXRY.js:22
q @ main-DyySjXRY.js:22
V @ main-DyySjXRY.js:22
A @ main-DyySjXRY.js:22
v @ main-DyySjXRY.js:22
G @ main-DyySjXRY.js:22
run @ main-DyySjXRY.js:16
runIfDirty @ main-DyySjXRY.js:16
uc @ main-DyySjXRY.js:20
JA @ main-DyySjXRY.js:20
Promise.then
GA @ main-DyySjXRY.js:20
ik @ main-DyySjXRY.js:20
oe.scheduler @ main-DyySjXRY.js:22
trigger @ main-DyySjXRY.js:16
Q0 @ main-DyySjXRY.js:16
notify @ main-DyySjXRY.js:16
trigger @ main-DyySjXRY.js:16
set value @ main-DyySjXRY.js:16
(anonymous) @ Scan-DLRg5GLn.js:1
Promise.then
N @ Scan-DLRg5GLn.js:1
uc @ main-DyySjXRY.js:20
Zi @ main-DyySjXRY.js:20
a @ main-DyySjXRY.js:26
main-DyySjXRY.js:72 [intlify] Not found 'bills.bill_number_placeholder' key in 'en' locale messages.
Id @ main-DyySjXRY.js:72
lg @ main-DyySjXRY.js:75
YC @ main-DyySjXRY.js:75
PK @ main-DyySjXRY.js:75
(anonymous) @ main-DyySjXRY.js:105
La @ main-DyySjXRY.js:105
Uo @ main-DyySjXRY.js:105
(anonymous) @ Scan-DLRg5GLn.js:1
n @ main-DyySjXRY.js:20
rt @ main-DyySjXRY.js:22
(anonymous) @ main-DyySjXRY.js:158
pf @ main-DyySjXRY.js:22
G @ main-DyySjXRY.js:22
run @ main-DyySjXRY.js:16
fe @ main-DyySjXRY.js:22
ze @ main-DyySjXRY.js:22
re @ main-DyySjXRY.js:22
v @ main-DyySjXRY.js:22
N @ main-DyySjXRY.js:22
T @ main-DyySjXRY.js:22
A @ main-DyySjXRY.js:22
v @ main-DyySjXRY.js:22
N @ main-DyySjXRY.js:22
T @ main-DyySjXRY.js:22
A @ main-DyySjXRY.js:22
v @ main-DyySjXRY.js:22
N @ main-DyySjXRY.js:22
T @ main-DyySjXRY.js:22
A @ main-DyySjXRY.js:22
v @ main-DyySjXRY.js:22
N @ main-DyySjXRY.js:22
T @ main-DyySjXRY.js:22
A @ main-DyySjXRY.js:22
v @ main-DyySjXRY.js:22
q @ main-DyySjXRY.js:22
Y @ main-DyySjXRY.js:22
v @ main-DyySjXRY.js:22
q @ main-DyySjXRY.js:22
V @ main-DyySjXRY.js:22
A @ main-DyySjXRY.js:22
v @ main-DyySjXRY.js:22
G @ main-DyySjXRY.js:22
run @ main-DyySjXRY.js:16
runIfDirty @ main-DyySjXRY.js:16
uc @ main-DyySjXRY.js:20
JA @ main-DyySjXRY.js:20
Promise.then
GA @ main-DyySjXRY.js:20
ik @ main-DyySjXRY.js:20
oe.scheduler @ main-DyySjXRY.js:22
trigger @ main-DyySjXRY.js:16
Q0 @ main-DyySjXRY.js:16
notify @ main-DyySjXRY.js:16
trigger @ main-DyySjXRY.js:16
set value @ main-DyySjXRY.js:16
(anonymous) @ Scan-DLRg5GLn.js:1
Promise.then
N @ Scan-DLRg5GLn.js:1
uc @ main-DyySjXRY.js:20
Zi @ main-DyySjXRY.js:20
a @ main-DyySjXRY.js:26
main-DyySjXRY.js:72 [intlify] Not found 'bills.amount_placeholder' key in 'mk' locale messages.
Id @ main-DyySjXRY.js:72
lg @ main-DyySjXRY.js:75
YC @ main-DyySjXRY.js:75
PK @ main-DyySjXRY.js:75
(anonymous) @ main-DyySjXRY.js:105
La @ main-DyySjXRY.js:105
Uo @ main-DyySjXRY.js:105
(anonymous) @ Scan-DLRg5GLn.js:1
n @ main-DyySjXRY.js:20
rt @ main-DyySjXRY.js:22
(anonymous) @ main-DyySjXRY.js:158
pf @ main-DyySjXRY.js:22
G @ main-DyySjXRY.js:22
run @ main-DyySjXRY.js:16
fe @ main-DyySjXRY.js:22
ze @ main-DyySjXRY.js:22
re @ main-DyySjXRY.js:22
v @ main-DyySjXRY.js:22
N @ main-DyySjXRY.js:22
T @ main-DyySjXRY.js:22
A @ main-DyySjXRY.js:22
v @ main-DyySjXRY.js:22
N @ main-DyySjXRY.js:22
T @ main-DyySjXRY.js:22
A @ main-DyySjXRY.js:22
v @ main-DyySjXRY.js:22
N @ main-DyySjXRY.js:22
T @ main-DyySjXRY.js:22
A @ main-DyySjXRY.js:22
v @ main-DyySjXRY.js:22
N @ main-DyySjXRY.js:22
T @ main-DyySjXRY.js:22
A @ main-DyySjXRY.js:22
v @ main-DyySjXRY.js:22
q @ main-DyySjXRY.js:22
Y @ main-DyySjXRY.js:22
v @ main-DyySjXRY.js:22
q @ main-DyySjXRY.js:22
V @ main-DyySjXRY.js:22
A @ main-DyySjXRY.js:22
v @ main-DyySjXRY.js:22
G @ main-DyySjXRY.js:22
run @ main-DyySjXRY.js:16
runIfDirty @ main-DyySjXRY.js:16
uc @ main-DyySjXRY.js:20
JA @ main-DyySjXRY.js:20
Promise.then
GA @ main-DyySjXRY.js:20
ik @ main-DyySjXRY.js:20
oe.scheduler @ main-DyySjXRY.js:22
trigger @ main-DyySjXRY.js:16
Q0 @ main-DyySjXRY.js:16
notify @ main-DyySjXRY.js:16
trigger @ main-DyySjXRY.js:16
set value @ main-DyySjXRY.js:16
(anonymous) @ Scan-DLRg5GLn.js:1
Promise.then
N @ Scan-DLRg5GLn.js:1
uc @ main-DyySjXRY.js:20
Zi @ main-DyySjXRY.js:20
a @ main-DyySjXRY.js:26
main-DyySjXRY.js:72 [intlify] Fall back to translate 'bills.amount_placeholder' key with 'en' locale.
Id @ main-DyySjXRY.js:72
YC @ main-DyySjXRY.js:75
PK @ main-DyySjXRY.js:75
(anonymous) @ main-DyySjXRY.js:105
La @ main-DyySjXRY.js:105
Uo @ main-DyySjXRY.js:105
(anonymous) @ Scan-DLRg5GLn.js:1
n @ main-DyySjXRY.js:20
rt @ main-DyySjXRY.js:22
(anonymous) @ main-DyySjXRY.js:158
pf @ main-DyySjXRY.js:22
G @ main-DyySjXRY.js:22
run @ main-DyySjXRY.js:16
fe @ main-DyySjXRY.js:22
ze @ main-DyySjXRY.js:22
re @ main-DyySjXRY.js:22
v @ main-DyySjXRY.js:22
N @ main-DyySjXRY.js:22
T @ main-DyySjXRY.js:22
A @ main-DyySjXRY.js:22
v @ main-DyySjXRY.js:22
N @ main-DyySjXRY.js:22
T @ main-DyySjXRY.js:22
A @ main-DyySjXRY.js:22
v @ main-DyySjXRY.js:22
N @ main-DyySjXRY.js:22
T @ main-DyySjXRY.js:22
A @ main-DyySjXRY.js:22
v @ main-DyySjXRY.js:22
N @ main-DyySjXRY.js:22
T @ main-DyySjXRY.js:22
A @ main-DyySjXRY.js:22
v @ main-DyySjXRY.js:22
q @ main-DyySjXRY.js:22
Y @ main-DyySjXRY.js:22
v @ main-DyySjXRY.js:22
q @ main-DyySjXRY.js:22
V @ main-DyySjXRY.js:22
A @ main-DyySjXRY.js:22
v @ main-DyySjXRY.js:22
G @ main-DyySjXRY.js:22
run @ main-DyySjXRY.js:16
runIfDirty @ main-DyySjXRY.js:16
uc @ main-DyySjXRY.js:20
JA @ main-DyySjXRY.js:20
Promise.then
GA @ main-DyySjXRY.js:20
ik @ main-DyySjXRY.js:20
oe.scheduler @ main-DyySjXRY.js:22
trigger @ main-DyySjXRY.js:16
Q0 @ main-DyySjXRY.js:16
notify @ main-DyySjXRY.js:16
trigger @ main-DyySjXRY.js:16
set value @ main-DyySjXRY.js:16
(anonymous) @ Scan-DLRg5GLn.js:1
Promise.then
N @ Scan-DLRg5GLn.js:1
uc @ main-DyySjXRY.js:20
Zi @ main-DyySjXRY.js:20
a @ main-DyySjXRY.js:26
main-DyySjXRY.js:72 [intlify] Not found 'bills.amount_placeholder' key in 'en' locale messages.
Id @ main-DyySjXRY.js:72
lg @ main-DyySjXRY.js:75
YC @ main-DyySjXRY.js:75
PK @ main-DyySjXRY.js:75
(anonymous) @ main-DyySjXRY.js:105
La @ main-DyySjXRY.js:105
Uo @ main-DyySjXRY.js:105
(anonymous) @ Scan-DLRg5GLn.js:1
n @ main-DyySjXRY.js:20
rt @ main-DyySjXRY.js:22
(anonymous) @ main-DyySjXRY.js:158
pf @ main-DyySjXRY.js:22
G @ main-DyySjXRY.js:22
run @ main-DyySjXRY.js:16
fe @ main-DyySjXRY.js:22
ze @ main-DyySjXRY.js:22
re @ main-DyySjXRY.js:22
v @ main-DyySjXRY.js:22
N @ main-DyySjXRY.js:22
T @ main-DyySjXRY.js:22
A @ main-DyySjXRY.js:22
v @ main-DyySjXRY.js:22
N @ main-DyySjXRY.js:22
T @ main-DyySjXRY.js:22
A @ main-DyySjXRY.js:22
v @ main-DyySjXRY.js:22
N @ main-DyySjXRY.js:22
T @ main-DyySjXRY.js:22
A @ main-DyySjXRY.js:22
v @ main-DyySjXRY.js:22
N @ main-DyySjXRY.js:22
T @ main-DyySjXRY.js:22
A @ main-DyySjXRY.js:22
v @ main-DyySjXRY.js:22
q @ main-DyySjXRY.js:22
Y @ main-DyySjXRY.js:22
v @ main-DyySjXRY.js:22
q @ main-DyySjXRY.js:22
V @ main-DyySjXRY.js:22
A @ main-DyySjXRY.js:22
v @ main-DyySjXRY.js:22
G @ main-DyySjXRY.js:22
run @ main-DyySjXRY.js:16
runIfDirty @ main-DyySjXRY.js:16
uc @ main-DyySjXRY.js:20
JA @ main-DyySjXRY.js:20
Promise.then
GA @ main-DyySjXRY.js:20
ik @ main-DyySjXRY.js:20
oe.scheduler @ main-DyySjXRY.js:22
trigger @ main-DyySjXRY.js:16
Q0 @ main-DyySjXRY.js:16
notify @ main-DyySjXRY.js:16
trigger @ main-DyySjXRY.js:16
set value @ main-DyySjXRY.js:16
(anonymous) @ Scan-DLRg5GLn.js:1
Promise.then
N @ Scan-DLRg5GLn.js:1
uc @ main-DyySjXRY.js:20
Zi @ main-DyySjXRY.js:20
a @ main-DyySjXRY.js:26
main-DyySjXRY.js:72 [intlify] Not found 'bills.tax_placeholder' key in 'mk' locale messages.
Id @ main-DyySjXRY.js:72
lg @ main-DyySjXRY.js:75
YC @ main-DyySjXRY.js:75
PK @ main-DyySjXRY.js:75
(anonymous) @ main-DyySjXRY.js:105
La @ main-DyySjXRY.js:105
Uo @ main-DyySjXRY.js:105
(anonymous) @ Scan-DLRg5GLn.js:1
n @ main-DyySjXRY.js:20
rt @ main-DyySjXRY.js:22
(anonymous) @ main-DyySjXRY.js:158
pf @ main-DyySjXRY.js:22
G @ main-DyySjXRY.js:22
run @ main-DyySjXRY.js:16
fe @ main-DyySjXRY.js:22
ze @ main-DyySjXRY.js:22
re @ main-DyySjXRY.js:22
v @ main-DyySjXRY.js:22
N @ main-DyySjXRY.js:22
T @ main-DyySjXRY.js:22
A @ main-DyySjXRY.js:22
v @ main-DyySjXRY.js:22
N @ main-DyySjXRY.js:22
T @ main-DyySjXRY.js:22
A @ main-DyySjXRY.js:22
v @ main-DyySjXRY.js:22
N @ main-DyySjXRY.js:22
T @ main-DyySjXRY.js:22
A @ main-DyySjXRY.js:22
v @ main-DyySjXRY.js:22
N @ main-DyySjXRY.js:22
T @ main-DyySjXRY.js:22
A @ main-DyySjXRY.js:22
v @ main-DyySjXRY.js:22
q @ main-DyySjXRY.js:22
Y @ main-DyySjXRY.js:22
v @ main-DyySjXRY.js:22
q @ main-DyySjXRY.js:22
V @ main-DyySjXRY.js:22
A @ main-DyySjXRY.js:22
v @ main-DyySjXRY.js:22
G @ main-DyySjXRY.js:22
run @ main-DyySjXRY.js:16
runIfDirty @ main-DyySjXRY.js:16
uc @ main-DyySjXRY.js:20
JA @ main-DyySjXRY.js:20
Promise.then
GA @ main-DyySjXRY.js:20
ik @ main-DyySjXRY.js:20
oe.scheduler @ main-DyySjXRY.js:22
trigger @ main-DyySjXRY.js:16
Q0 @ main-DyySjXRY.js:16
notify @ main-DyySjXRY.js:16
trigger @ main-DyySjXRY.js:16
set value @ main-DyySjXRY.js:16
(anonymous) @ Scan-DLRg5GLn.js:1
Promise.then
N @ Scan-DLRg5GLn.js:1
uc @ main-DyySjXRY.js:20
Zi @ main-DyySjXRY.js:20
a @ main-DyySjXRY.js:26
main-DyySjXRY.js:72 [intlify] Fall back to translate 'bills.tax_placeholder' key with 'en' locale.
Id @ main-DyySjXRY.js:72
YC @ main-DyySjXRY.js:75
PK @ main-DyySjXRY.js:75
(anonymous) @ main-DyySjXRY.js:105
La @ main-DyySjXRY.js:105
Uo @ main-DyySjXRY.js:105
(anonymous) @ Scan-DLRg5GLn.js:1
n @ main-DyySjXRY.js:20
rt @ main-DyySjXRY.js:22
(anonymous) @ main-DyySjXRY.js:158
pf @ main-DyySjXRY.js:22
G @ main-DyySjXRY.js:22
run @ main-DyySjXRY.js:16
fe @ main-DyySjXRY.js:22
ze @ main-DyySjXRY.js:22
re @ main-DyySjXRY.js:22
v @ main-DyySjXRY.js:22
N @ main-DyySjXRY.js:22
T @ main-DyySjXRY.js:22
A @ main-DyySjXRY.js:22
v @ main-DyySjXRY.js:22
N @ main-DyySjXRY.js:22
T @ main-DyySjXRY.js:22
A @ main-DyySjXRY.js:22
v @ main-DyySjXRY.js:22
N @ main-DyySjXRY.js:22
T @ main-DyySjXRY.js:22
A @ main-DyySjXRY.js:22
v @ main-DyySjXRY.js:22
N @ main-DyySjXRY.js:22
T @ main-DyySjXRY.js:22
A @ main-DyySjXRY.js:22
v @ main-DyySjXRY.js:22
q @ main-DyySjXRY.js:22
Y @ main-DyySjXRY.js:22
v @ main-DyySjXRY.js:22
q @ main-DyySjXRY.js:22
V @ main-DyySjXRY.js:22
A @ main-DyySjXRY.js:22
v @ main-DyySjXRY.js:22
G @ main-DyySjXRY.js:22
run @ main-DyySjXRY.js:16
runIfDirty @ main-DyySjXRY.js:16
uc @ main-DyySjXRY.js:20
JA @ main-DyySjXRY.js:20
Promise.then
GA @ main-DyySjXRY.js:20
ik @ main-DyySjXRY.js:20
oe.scheduler @ main-DyySjXRY.js:22
trigger @ main-DyySjXRY.js:16
Q0 @ main-DyySjXRY.js:16
notify @ main-DyySjXRY.js:16
trigger @ main-DyySjXRY.js:16
set value @ main-DyySjXRY.js:16
(anonymous) @ Scan-DLRg5GLn.js:1
Promise.then
N @ Scan-DLRg5GLn.js:1
uc @ main-DyySjXRY.js:20
Zi @ main-DyySjXRY.js:20
a @ main-DyySjXRY.js:26
main-DyySjXRY.js:72 [intlify] Not found 'bills.tax_placeholder' key in 'en' locale messages.
Id @ main-DyySjXRY.js:72
lg @ main-DyySjXRY.js:75
YC @ main-DyySjXRY.js:75
PK @ main-DyySjXRY.js:75
(anonymous) @ main-DyySjXRY.js:105
La @ main-DyySjXRY.js:105
Uo @ main-DyySjXRY.js:105
(anonymous) @ Scan-DLRg5GLn.js:1
n @ main-DyySjXRY.js:20
rt @ main-DyySjXRY.js:22
(anonymous) @ main-DyySjXRY.js:158
pf @ main-DyySjXRY.js:22
G @ main-DyySjXRY.js:22
run @ main-DyySjXRY.js:16
fe @ main-DyySjXRY.js:22
ze @ main-DyySjXRY.js:22
re @ main-DyySjXRY.js:22
v @ main-DyySjXRY.js:22
N @ main-DyySjXRY.js:22
T @ main-DyySjXRY.js:22
A @ main-DyySjXRY.js:22
v @ main-DyySjXRY.js:22
N @ main-DyySjXRY.js:22
T @ main-DyySjXRY.js:22
A @ main-DyySjXRY.js:22
v @ main-DyySjXRY.js:22
N @ main-DyySjXRY.js:22
T @ main-DyySjXRY.js:22
A @ main-DyySjXRY.js:22
v @ main-DyySjXRY.js:22
N @ main-DyySjXRY.js:22
T @ main-DyySjXRY.js:22
A @ main-DyySjXRY.js:22
v @ main-DyySjXRY.js:22
q @ main-DyySjXRY.js:22
Y @ main-DyySjXRY.js:22
v @ main-DyySjXRY.js:22
q @ main-DyySjXRY.js:22
V @ main-DyySjXRY.js:22
A @ main-DyySjXRY.js:22
v @ main-DyySjXRY.js:22
G @ main-DyySjXRY.js:22
run @ main-DyySjXRY.js:16
runIfDirty @ main-DyySjXRY.js:16
uc @ main-DyySjXRY.js:20
JA @ main-DyySjXRY.js:20
Promise.then
GA @ main-DyySjXRY.js:20
ik @ main-DyySjXRY.js:20
oe.scheduler @ main-DyySjXRY.js:22
trigger @ main-DyySjXRY.js:16
Q0 @ main-DyySjXRY.js:16
notify @ main-DyySjXRY.js:16
trigger @ main-DyySjXRY.js:16
set value @ main-DyySjXRY.js:16
(anonymous) @ Scan-DLRg5GLn.js:1
Promise.then
N @ Scan-DLRg5GLn.js:1
uc @ main-DyySjXRY.js:20
Zi @ main-DyySjXRY.js:20
a @ main-DyySjXRY.js:26
main-DyySjXRY.js:72 [intlify] Not found 'bills.notes_placeholder' key in 'mk' locale messages.
Id @ main-DyySjXRY.js:72
lg @ main-DyySjXRY.js:75
YC @ main-DyySjXRY.js:75
PK @ main-DyySjXRY.js:75
(anonymous) @ main-DyySjXRY.js:105
La @ main-DyySjXRY.js:105
Uo @ main-DyySjXRY.js:105
(anonymous) @ Scan-DLRg5GLn.js:1
n @ main-DyySjXRY.js:20
rt @ main-DyySjXRY.js:22
(anonymous) @ main-DyySjXRY.js:158
pf @ main-DyySjXRY.js:22
G @ main-DyySjXRY.js:22
run @ main-DyySjXRY.js:16
fe @ main-DyySjXRY.js:22
ze @ main-DyySjXRY.js:22
re @ main-DyySjXRY.js:22
v @ main-DyySjXRY.js:22
N @ main-DyySjXRY.js:22
T @ main-DyySjXRY.js:22
A @ main-DyySjXRY.js:22
v @ main-DyySjXRY.js:22
N @ main-DyySjXRY.js:22
T @ main-DyySjXRY.js:22
A @ main-DyySjXRY.js:22
v @ main-DyySjXRY.js:22
N @ main-DyySjXRY.js:22
T @ main-DyySjXRY.js:22
A @ main-DyySjXRY.js:22
v @ main-DyySjXRY.js:22
q @ main-DyySjXRY.js:22
Y @ main-DyySjXRY.js:22
v @ main-DyySjXRY.js:22
q @ main-DyySjXRY.js:22
V @ main-DyySjXRY.js:22
A @ main-DyySjXRY.js:22
v @ main-DyySjXRY.js:22
G @ main-DyySjXRY.js:22
run @ main-DyySjXRY.js:16
runIfDirty @ main-DyySjXRY.js:16
uc @ main-DyySjXRY.js:20
JA @ main-DyySjXRY.js:20
Promise.then
GA @ main-DyySjXRY.js:20
ik @ main-DyySjXRY.js:20
oe.scheduler @ main-DyySjXRY.js:22
trigger @ main-DyySjXRY.js:16
Q0 @ main-DyySjXRY.js:16
notify @ main-DyySjXRY.js:16
trigger @ main-DyySjXRY.js:16
set value @ main-DyySjXRY.js:16
(anonymous) @ Scan-DLRg5GLn.js:1
Promise.then
N @ Scan-DLRg5GLn.js:1
uc @ main-DyySjXRY.js:20
Zi @ main-DyySjXRY.js:20
a @ main-DyySjXRY.js:26
main-DyySjXRY.js:72 [intlify] Fall back to translate 'bills.notes_placeholder' key with 'en' locale.
Id @ main-DyySjXRY.js:72
YC @ main-DyySjXRY.js:75
PK @ main-DyySjXRY.js:75
(anonymous) @ main-DyySjXRY.js:105
La @ main-DyySjXRY.js:105
Uo @ main-DyySjXRY.js:105
(anonymous) @ Scan-DLRg5GLn.js:1
n @ main-DyySjXRY.js:20
rt @ main-DyySjXRY.js:22
(anonymous) @ main-DyySjXRY.js:158
pf @ main-DyySjXRY.js:22
G @ main-DyySjXRY.js:22
run @ main-DyySjXRY.js:16
fe @ main-DyySjXRY.js:22
ze @ main-DyySjXRY.js:22
re @ main-DyySjXRY.js:22
v @ main-DyySjXRY.js:22
N @ main-DyySjXRY.js:22
T @ main-DyySjXRY.js:22
A @ main-DyySjXRY.js:22
v @ main-DyySjXRY.js:22
N @ main-DyySjXRY.js:22
T @ main-DyySjXRY.js:22
A @ main-DyySjXRY.js:22
v @ main-DyySjXRY.js:22
N @ main-DyySjXRY.js:22
T @ main-DyySjXRY.js:22
A @ main-DyySjXRY.js:22
v @ main-DyySjXRY.js:22
q @ main-DyySjXRY.js:22
Y @ main-DyySjXRY.js:22
v @ main-DyySjXRY.js:22
q @ main-DyySjXRY.js:22
V @ main-DyySjXRY.js:22
A @ main-DyySjXRY.js:22
v @ main-DyySjXRY.js:22
G @ main-DyySjXRY.js:22
run @ main-DyySjXRY.js:16
runIfDirty @ main-DyySjXRY.js:16
uc @ main-DyySjXRY.js:20
JA @ main-DyySjXRY.js:20
Promise.then
GA @ main-DyySjXRY.js:20
ik @ main-DyySjXRY.js:20
oe.scheduler @ main-DyySjXRY.js:22
trigger @ main-DyySjXRY.js:16
Q0 @ main-DyySjXRY.js:16
notify @ main-DyySjXRY.js:16
trigger @ main-DyySjXRY.js:16
set value @ main-DyySjXRY.js:16
(anonymous) @ Scan-DLRg5GLn.js:1
Promise.then
N @ Scan-DLRg5GLn.js:1
uc @ main-DyySjXRY.js:20
Zi @ main-DyySjXRY.js:20
a @ main-DyySjXRY.js:26
main-DyySjXRY.js:72 [intlify] Not found 'bills.notes_placeholder' key in 'en' locale messages.
Id @ main-DyySjXRY.js:72
lg @ main-DyySjXRY.js:75
YC @ main-DyySjXRY.js:75
PK @ main-DyySjXRY.js:75
(anonymous) @ main-DyySjXRY.js:105
La @ main-DyySjXRY.js:105
Uo @ main-DyySjXRY.js:105
(anonymous) @ Scan-DLRg5GLn.js:1
n @ main-DyySjXRY.js:20
rt @ main-DyySjXRY.js:22
(anonymous) @ main-DyySjXRY.js:158
pf @ main-DyySjXRY.js:22
G @ main-DyySjXRY.js:22
run @ main-DyySjXRY.js:16
fe @ main-DyySjXRY.js:22
ze @ main-DyySjXRY.js:22
re @ main-DyySjXRY.js:22
v @ main-DyySjXRY.js:22
N @ main-DyySjXRY.js:22
T @ main-DyySjXRY.js:22
A @ main-DyySjXRY.js:22
v @ main-DyySjXRY.js:22
N @ main-DyySjXRY.js:22
T @ main-DyySjXRY.js:22
A @ main-DyySjXRY.js:22
v @ main-DyySjXRY.js:22
N @ main-DyySjXRY.js:22
T @ main-DyySjXRY.js:22
A @ main-DyySjXRY.js:22
v @ main-DyySjXRY.js:22
q @ main-DyySjXRY.js:22
Y @ main-DyySjXRY.js:22
v @ main-DyySjXRY.js:22
q @ main-DyySjXRY.js:22
V @ main-DyySjXRY.js:22
A @ main-DyySjXRY.js:22
v @ main-DyySjXRY.js:22
G @ main-DyySjXRY.js:22
run @ main-DyySjXRY.js:16
runIfDirty @ main-DyySjXRY.js:16
uc @ main-DyySjXRY.js:20
JA @ main-DyySjXRY.js:20
Promise.then
GA @ main-DyySjXRY.js:20
ik @ main-DyySjXRY.js:20
oe.scheduler @ main-DyySjXRY.js:22
trigger @ main-DyySjXRY.js:16
Q0 @ main-DyySjXRY.js:16
notify @ main-DyySjXRY.js:16
trigger @ main-DyySjXRY.js:16
set value @ main-DyySjXRY.js:16
(anonymous) @ Scan-DLRg5GLn.js:1
Promise.then
N @ Scan-DLRg5GLn.js:1
uc @ main-DyySjXRY.js:20
Zi @ main-DyySjXRY.js:20
a @ main-DyySjXRY.js:26
main-DyySjXRY.js:72 [intlify] Not found 'general.reset' key in 'mk' locale messages.
Id @ main-DyySjXRY.js:72
lg @ main-DyySjXRY.js:75
YC @ main-DyySjXRY.js:75
PK @ main-DyySjXRY.js:75
(anonymous) @ main-DyySjXRY.js:105
La @ main-DyySjXRY.js:105
Uo @ main-DyySjXRY.js:105
(anonymous) @ Scan-DLRg5GLn.js:1
n @ main-DyySjXRY.js:20
rt @ main-DyySjXRY.js:22
(anonymous) @ main-DyySjXRY.js:109
n @ main-DyySjXRY.js:20
Ck @ main-DyySjXRY.js:22
S @ main-DyySjXRY.js:22
UL @ main-DyySjXRY.js:22
Ft @ main-DyySjXRY.js:22
(anonymous) @ main-DyySjXRY.js:142
pf @ main-DyySjXRY.js:22
G @ main-DyySjXRY.js:22
run @ main-DyySjXRY.js:16
fe @ main-DyySjXRY.js:22
ze @ main-DyySjXRY.js:22
re @ main-DyySjXRY.js:22
v @ main-DyySjXRY.js:22
G @ main-DyySjXRY.js:22
run @ main-DyySjXRY.js:16
fe @ main-DyySjXRY.js:22
ze @ main-DyySjXRY.js:22
re @ main-DyySjXRY.js:22
v @ main-DyySjXRY.js:22
N @ main-DyySjXRY.js:22
T @ main-DyySjXRY.js:22
A @ main-DyySjXRY.js:22
v @ main-DyySjXRY.js:22
N @ main-DyySjXRY.js:22
T @ main-DyySjXRY.js:22
A @ main-DyySjXRY.js:22
v @ main-DyySjXRY.js:22
N @ main-DyySjXRY.js:22
T @ main-DyySjXRY.js:22
A @ main-DyySjXRY.js:22
v @ main-DyySjXRY.js:22
N @ main-DyySjXRY.js:22
T @ main-DyySjXRY.js:22
A @ main-DyySjXRY.js:22
v @ main-DyySjXRY.js:22
q @ main-DyySjXRY.js:22
Y @ main-DyySjXRY.js:22
v @ main-DyySjXRY.js:22
q @ main-DyySjXRY.js:22
V @ main-DyySjXRY.js:22
A @ main-DyySjXRY.js:22
v @ main-DyySjXRY.js:22
G @ main-DyySjXRY.js:22
run @ main-DyySjXRY.js:16
runIfDirty @ main-DyySjXRY.js:16
uc @ main-DyySjXRY.js:20
JA @ main-DyySjXRY.js:20
Promise.then
GA @ main-DyySjXRY.js:20
ik @ main-DyySjXRY.js:20
oe.scheduler @ main-DyySjXRY.js:22
trigger @ main-DyySjXRY.js:16
Q0 @ main-DyySjXRY.js:16
notify @ main-DyySjXRY.js:16
trigger @ main-DyySjXRY.js:16
set value @ main-DyySjXRY.js:16
(anonymous) @ Scan-DLRg5GLn.js:1
Promise.then
N @ Scan-DLRg5GLn.js:1
uc @ main-DyySjXRY.js:20
Zi @ main-DyySjXRY.js:20
a @ main-DyySjXRY.js:26
main-DyySjXRY.js:72 [intlify] Fall back to translate 'general.reset' key with 'en' locale.
Id @ main-DyySjXRY.js:72
YC @ main-DyySjXRY.js:75
PK @ main-DyySjXRY.js:75
(anonymous) @ main-DyySjXRY.js:105
La @ main-DyySjXRY.js:105
Uo @ main-DyySjXRY.js:105
(anonymous) @ Scan-DLRg5GLn.js:1
n @ main-DyySjXRY.js:20
rt @ main-DyySjXRY.js:22
(anonymous) @ main-DyySjXRY.js:109
n @ main-DyySjXRY.js:20
Ck @ main-DyySjXRY.js:22
S @ main-DyySjXRY.js:22
UL @ main-DyySjXRY.js:22
Ft @ main-DyySjXRY.js:22
(anonymous) @ main-DyySjXRY.js:142
pf @ main-DyySjXRY.js:22
G @ main-DyySjXRY.js:22
run @ main-DyySjXRY.js:16
fe @ main-DyySjXRY.js:22
ze @ main-DyySjXRY.js:22
re @ main-DyySjXRY.js:22
v @ main-DyySjXRY.js:22
G @ main-DyySjXRY.js:22
run @ main-DyySjXRY.js:16
fe @ main-DyySjXRY.js:22
ze @ main-DyySjXRY.js:22
re @ main-DyySjXRY.js:22
v @ main-DyySjXRY.js:22
N @ main-DyySjXRY.js:22
T @ main-DyySjXRY.js:22
A @ main-DyySjXRY.js:22
v @ main-DyySjXRY.js:22
N @ main-DyySjXRY.js:22
T @ main-DyySjXRY.js:22
A @ main-DyySjXRY.js:22
v @ main-DyySjXRY.js:22
N @ main-DyySjXRY.js:22
T @ main-DyySjXRY.js:22
A @ main-DyySjXRY.js:22
v @ main-DyySjXRY.js:22
N @ main-DyySjXRY.js:22
T @ main-DyySjXRY.js:22
A @ main-DyySjXRY.js:22
v @ main-DyySjXRY.js:22
q @ main-DyySjXRY.js:22
Y @ main-DyySjXRY.js:22
v @ main-DyySjXRY.js:22
q @ main-DyySjXRY.js:22
V @ main-DyySjXRY.js:22
A @ main-DyySjXRY.js:22
v @ main-DyySjXRY.js:22
G @ main-DyySjXRY.js:22
run @ main-DyySjXRY.js:16
runIfDirty @ main-DyySjXRY.js:16
uc @ main-DyySjXRY.js:20
JA @ main-DyySjXRY.js:20
Promise.then
GA @ main-DyySjXRY.js:20
ik @ main-DyySjXRY.js:20
oe.scheduler @ main-DyySjXRY.js:22
trigger @ main-DyySjXRY.js:16
Q0 @ main-DyySjXRY.js:16
notify @ main-DyySjXRY.js:16
trigger @ main-DyySjXRY.js:16
set value @ main-DyySjXRY.js:16
(anonymous) @ Scan-DLRg5GLn.js:1
Promise.then
N @ Scan-DLRg5GLn.js:1
uc @ main-DyySjXRY.js:20
Zi @ main-DyySjXRY.js:20
a @ main-DyySjXRY.js:26
main-DyySjXRY.js:72 [intlify] Not found 'general.reset' key in 'en' locale messages.
Id @ main-DyySjXRY.js:72
lg @ main-DyySjXRY.js:75
YC @ main-DyySjXRY.js:75
PK @ main-DyySjXRY.js:75
(anonymous) @ main-DyySjXRY.js:105
La @ main-DyySjXRY.js:105
Uo @ main-DyySjXRY.js:105
(anonymous) @ Scan-DLRg5GLn.js:1
n @ main-DyySjXRY.js:20
rt @ main-DyySjXRY.js:22
(anonymous) @ main-DyySjXRY.js:109
n @ main-DyySjXRY.js:20
Ck @ main-DyySjXRY.js:22
S @ main-DyySjXRY.js:22
UL @ main-DyySjXRY.js:22
Ft @ main-DyySjXRY.js:22
(anonymous) @ main-DyySjXRY.js:142
pf @ main-DyySjXRY.js:22
G @ main-DyySjXRY.js:22
run @ main-DyySjXRY.js:16
fe @ main-DyySjXRY.js:22
ze @ main-DyySjXRY.js:22
re @ main-DyySjXRY.js:22
v @ main-DyySjXRY.js:22
G @ main-DyySjXRY.js:22
run @ main-DyySjXRY.js:16
fe @ main-DyySjXRY.js:22
ze @ main-DyySjXRY.js:22
re @ main-DyySjXRY.js:22
v @ main-DyySjXRY.js:22
N @ main-DyySjXRY.js:22
T @ main-DyySjXRY.js:22
A @ main-DyySjXRY.js:22
v @ main-DyySjXRY.js:22
N @ main-DyySjXRY.js:22
T @ main-DyySjXRY.js:22
A @ main-DyySjXRY.js:22
v @ main-DyySjXRY.js:22
N @ main-DyySjXRY.js:22
T @ main-DyySjXRY.js:22
A @ main-DyySjXRY.js:22
v @ main-DyySjXRY.js:22
N @ main-DyySjXRY.js:22
T @ main-DyySjXRY.js:22
A @ main-DyySjXRY.js:22
v @ main-DyySjXRY.js:22
q @ main-DyySjXRY.js:22
Y @ main-DyySjXRY.js:22
v @ main-DyySjXRY.js:22
q @ main-DyySjXRY.js:22
V @ main-DyySjXRY.js:22
A @ main-DyySjXRY.js:22
v @ main-DyySjXRY.js:22
G @ main-DyySjXRY.js:22
run @ main-DyySjXRY.js:16
runIfDirty @ main-DyySjXRY.js:16
uc @ main-DyySjXRY.js:20
JA @ main-DyySjXRY.js:20
Promise.then
GA @ main-DyySjXRY.js:20
ik @ main-DyySjXRY.js:20
oe.scheduler @ main-DyySjXRY.js:22
trigger @ main-DyySjXRY.js:16
Q0 @ main-DyySjXRY.js:16
notify @ main-DyySjXRY.js:16
trigger @ main-DyySjXRY.js:16
set value @ main-DyySjXRY.js:16
(anonymous) @ Scan-DLRg5GLn.js:1
Promise.then
N @ Scan-DLRg5GLn.js:1
uc @ main-DyySjXRY.js:20
Zi @ main-DyySjXRY.js:20
a @ main-DyySjXRY.js:26
main-DyySjXRY.js:72 [intlify] Not found 'bills.create_bill' key in 'mk' locale messages.
Id @ main-DyySjXRY.js:72
lg @ main-DyySjXRY.js:75
YC @ main-DyySjXRY.js:75
PK @ main-DyySjXRY.js:75
(anonymous) @ main-DyySjXRY.js:105
La @ main-DyySjXRY.js:105
Uo @ main-DyySjXRY.js:105
(anonymous) @ Scan-DLRg5GLn.js:1
n @ main-DyySjXRY.js:20
rt @ main-DyySjXRY.js:22
(anonymous) @ main-DyySjXRY.js:109
n @ main-DyySjXRY.js:20
Ck @ main-DyySjXRY.js:22
S @ main-DyySjXRY.js:22
UL @ main-DyySjXRY.js:22
Ft @ main-DyySjXRY.js:22
(anonymous) @ main-DyySjXRY.js:142
pf @ main-DyySjXRY.js:22
G @ main-DyySjXRY.js:22
run @ main-DyySjXRY.js:16
fe @ main-DyySjXRY.js:22
ze @ main-DyySjXRY.js:22
re @ main-DyySjXRY.js:22
v @ main-DyySjXRY.js:22
G @ main-DyySjXRY.js:22
run @ main-DyySjXRY.js:16
fe @ main-DyySjXRY.js:22
ze @ main-DyySjXRY.js:22
re @ main-DyySjXRY.js:22
v @ main-DyySjXRY.js:22
N @ main-DyySjXRY.js:22
T @ main-DyySjXRY.js:22
A @ main-DyySjXRY.js:22
v @ main-DyySjXRY.js:22
N @ main-DyySjXRY.js:22
T @ main-DyySjXRY.js:22
A @ main-DyySjXRY.js:22
v @ main-DyySjXRY.js:22
N @ main-DyySjXRY.js:22
T @ main-DyySjXRY.js:22
A @ main-DyySjXRY.js:22
v @ main-DyySjXRY.js:22
N @ main-DyySjXRY.js:22
T @ main-DyySjXRY.js:22
A @ main-DyySjXRY.js:22
v @ main-DyySjXRY.js:22
q @ main-DyySjXRY.js:22
Y @ main-DyySjXRY.js:22
v @ main-DyySjXRY.js:22
q @ main-DyySjXRY.js:22
V @ main-DyySjXRY.js:22
A @ main-DyySjXRY.js:22
v @ main-DyySjXRY.js:22
G @ main-DyySjXRY.js:22
run @ main-DyySjXRY.js:16
runIfDirty @ main-DyySjXRY.js:16
uc @ main-DyySjXRY.js:20
JA @ main-DyySjXRY.js:20
Promise.then
GA @ main-DyySjXRY.js:20
ik @ main-DyySjXRY.js:20
oe.scheduler @ main-DyySjXRY.js:22
trigger @ main-DyySjXRY.js:16
Q0 @ main-DyySjXRY.js:16
notify @ main-DyySjXRY.js:16
trigger @ main-DyySjXRY.js:16
set value @ main-DyySjXRY.js:16
(anonymous) @ Scan-DLRg5GLn.js:1
Promise.then
N @ Scan-DLRg5GLn.js:1
uc @ main-DyySjXRY.js:20
Zi @ main-DyySjXRY.js:20
a @ main-DyySjXRY.js:26
main-DyySjXRY.js:72 [intlify] Fall back to translate 'bills.create_bill' key with 'en' locale.
Id @ main-DyySjXRY.js:72
YC @ main-DyySjXRY.js:75
PK @ main-DyySjXRY.js:75
(anonymous) @ main-DyySjXRY.js:105
La @ main-DyySjXRY.js:105
Uo @ main-DyySjXRY.js:105
(anonymous) @ Scan-DLRg5GLn.js:1
n @ main-DyySjXRY.js:20
rt @ main-DyySjXRY.js:22
(anonymous) @ main-DyySjXRY.js:109
n @ main-DyySjXRY.js:20
Ck @ main-DyySjXRY.js:22
S @ main-DyySjXRY.js:22
UL @ main-DyySjXRY.js:22
Ft @ main-DyySjXRY.js:22
(anonymous) @ main-DyySjXRY.js:142
pf @ main-DyySjXRY.js:22
G @ main-DyySjXRY.js:22
run @ main-DyySjXRY.js:16
fe @ main-DyySjXRY.js:22
ze @ main-DyySjXRY.js:22
re @ main-DyySjXRY.js:22
v @ main-DyySjXRY.js:22
G @ main-DyySjXRY.js:22
run @ main-DyySjXRY.js:16
fe @ main-DyySjXRY.js:22
ze @ main-DyySjXRY.js:22
re @ main-DyySjXRY.js:22
v @ main-DyySjXRY.js:22
N @ main-DyySjXRY.js:22
T @ main-DyySjXRY.js:22
A @ main-DyySjXRY.js:22
v @ main-DyySjXRY.js:22
N @ main-DyySjXRY.js:22
T @ main-DyySjXRY.js:22
A @ main-DyySjXRY.js:22
v @ main-DyySjXRY.js:22
N @ main-DyySjXRY.js:22
T @ main-DyySjXRY.js:22
A @ main-DyySjXRY.js:22
v @ main-DyySjXRY.js:22
N @ main-DyySjXRY.js:22
T @ main-DyySjXRY.js:22
A @ main-DyySjXRY.js:22
v @ main-DyySjXRY.js:22
q @ main-DyySjXRY.js:22
Y @ main-DyySjXRY.js:22
v @ main-DyySjXRY.js:22
q @ main-DyySjXRY.js:22
V @ main-DyySjXRY.js:22
A @ main-DyySjXRY.js:22
v @ main-DyySjXRY.js:22
G @ main-DyySjXRY.js:22
run @ main-DyySjXRY.js:16
runIfDirty @ main-DyySjXRY.js:16
uc @ main-DyySjXRY.js:20
JA @ main-DyySjXRY.js:20
Promise.then
GA @ main-DyySjXRY.js:20
ik @ main-DyySjXRY.js:20
oe.scheduler @ main-DyySjXRY.js:22
trigger @ main-DyySjXRY.js:16
Q0 @ main-DyySjXRY.js:16
notify @ main-DyySjXRY.js:16
trigger @ main-DyySjXRY.js:16
set value @ main-DyySjXRY.js:16
(anonymous) @ Scan-DLRg5GLn.js:1
Promise.then
N @ Scan-DLRg5GLn.js:1
uc @ main-DyySjXRY.js:20
Zi @ main-DyySjXRY.js:20
a @ main-DyySjXRY.js:26
main-DyySjXRY.js:72 [intlify] Not found 'bills.create_bill' key in 'en' locale messages.
Id @ main-DyySjXRY.js:72
lg @ main-DyySjXRY.js:75
YC @ main-DyySjXRY.js:75
PK @ main-DyySjXRY.js:75
(anonymous) @ main-DyySjXRY.js:105
La @ main-DyySjXRY.js:105
Uo @ main-DyySjXRY.js:105
(anonymous) @ Scan-DLRg5GLn.js:1
n @ main-DyySjXRY.js:20
rt @ main-DyySjXRY.js:22
(anonymous) @ main-DyySjXRY.js:109
n @ main-DyySjXRY.js:20
Ck @ main-DyySjXRY.js:22
S @ main-DyySjXRY.js:22
UL @ main-DyySjXRY.js:22
Ft @ main-DyySjXRY.js:22
(anonymous) @ main-DyySjXRY.js:142
pf @ main-DyySjXRY.js:22
G @ main-DyySjXRY.js:22
run @ main-DyySjXRY.js:16
fe @ main-DyySjXRY.js:22
ze @ main-DyySjXRY.js:22
re @ main-DyySjXRY.js:22
v @ main-DyySjXRY.js:22
G @ main-DyySjXRY.js:22
run @ main-DyySjXRY.js:16
fe @ main-DyySjXRY.js:22
ze @ main-DyySjXRY.js:22
re @ main-DyySjXRY.js:22
v @ main-DyySjXRY.js:22
N @ main-DyySjXRY.js:22
T @ main-DyySjXRY.js:22
A @ main-DyySjXRY.js:22
v @ main-DyySjXRY.js:22
N @ main-DyySjXRY.js:22
T @ main-DyySjXRY.js:22
A @ main-DyySjXRY.js:22
v @ main-DyySjXRY.js:22
N @ main-DyySjXRY.js:22
T @ main-DyySjXRY.js:22
A @ main-DyySjXRY.js:22
v @ main-DyySjXRY.js:22
N @ main-DyySjXRY.js:22
T @ main-DyySjXRY.js:22
A @ main-DyySjXRY.js:22
v @ main-DyySjXRY.js:22
q @ main-DyySjXRY.js:22
Y @ main-DyySjXRY.js:22
v @ main-DyySjXRY.js:22
q @ main-DyySjXRY.js:22
V @ main-DyySjXRY.js:22
A @ main-DyySjXRY.js:22
v @ main-DyySjXRY.js:22
G @ main-DyySjXRY.js:22
run @ main-DyySjXRY.js:16
runIfDirty @ main-DyySjXRY.js:16
uc @ main-DyySjXRY.js:20
JA @ main-DyySjXRY.js:20
Promise.then
GA @ main-DyySjXRY.js:20
ik @ main-DyySjXRY.js:20
oe.scheduler @ main-DyySjXRY.js:22
trigger @ main-DyySjXRY.js:16
Q0 @ main-DyySjXRY.js:16
notify @ main-DyySjXRY.js:16
trigger @ main-DyySjXRY.js:16
set value @ main-DyySjXRY.js:16
(anonymous) @ Scan-DLRg5GLn.js:1
Promise.then
N @ Scan-DLRg5GLn.js:1
uc @ main-DyySjXRY.js:20
Zi @ main-DyySjXRY.js:20
a @ main-DyySjXRY.js:26
Scan-DLRg5GLn.js:1 Image loaded successfully: 1324 x 3955
main-DyySjXRY.js:72 [intlify] Not found 'bills.vendor' key in 'mk' locale messages.
Id @ main-DyySjXRY.js:72
lg @ main-DyySjXRY.js:75
YC @ main-DyySjXRY.js:75
PK @ main-DyySjXRY.js:75
(anonymous) @ main-DyySjXRY.js:105
La @ main-DyySjXRY.js:105
Uo @ main-DyySjXRY.js:105
(anonymous) @ Scan-DLRg5GLn.js:1
n @ main-DyySjXRY.js:20
rt @ main-DyySjXRY.js:22
(anonymous) @ main-DyySjXRY.js:109
pf @ main-DyySjXRY.js:22
G @ main-DyySjXRY.js:22
run @ main-DyySjXRY.js:16
runIfDirty @ main-DyySjXRY.js:16
uc @ main-DyySjXRY.js:20
JA @ main-DyySjXRY.js:20
Promise.then
GA @ main-DyySjXRY.js:20
ik @ main-DyySjXRY.js:20
oe.scheduler @ main-DyySjXRY.js:22
trigger @ main-DyySjXRY.js:16
Q0 @ main-DyySjXRY.js:16
notify @ main-DyySjXRY.js:16
trigger @ main-DyySjXRY.js:16
set value @ main-DyySjXRY.js:16
E @ Scan-DLRg5GLn.js:1
uc @ main-DyySjXRY.js:20
Zi @ main-DyySjXRY.js:20
a @ main-DyySjXRY.js:26
main-DyySjXRY.js:72 [intlify] Fall back to translate 'bills.vendor' key with 'en' locale.
Id @ main-DyySjXRY.js:72
YC @ main-DyySjXRY.js:75
PK @ main-DyySjXRY.js:75
(anonymous) @ main-DyySjXRY.js:105
La @ main-DyySjXRY.js:105
Uo @ main-DyySjXRY.js:105
(anonymous) @ Scan-DLRg5GLn.js:1
n @ main-DyySjXRY.js:20
rt @ main-DyySjXRY.js:22
(anonymous) @ main-DyySjXRY.js:109
pf @ main-DyySjXRY.js:22
G @ main-DyySjXRY.js:22
run @ main-DyySjXRY.js:16
runIfDirty @ main-DyySjXRY.js:16
uc @ main-DyySjXRY.js:20
JA @ main-DyySjXRY.js:20
Promise.then
GA @ main-DyySjXRY.js:20
ik @ main-DyySjXRY.js:20
oe.scheduler @ main-DyySjXRY.js:22
trigger @ main-DyySjXRY.js:16
Q0 @ main-DyySjXRY.js:16
notify @ main-DyySjXRY.js:16
trigger @ main-DyySjXRY.js:16
set value @ main-DyySjXRY.js:16
E @ Scan-DLRg5GLn.js:1
uc @ main-DyySjXRY.js:20
Zi @ main-DyySjXRY.js:20
a @ main-DyySjXRY.js:26
main-DyySjXRY.js:72 [intlify] Not found 'bills.vendor' key in 'en' locale messages.
Id @ main-DyySjXRY.js:72
lg @ main-DyySjXRY.js:75
YC @ main-DyySjXRY.js:75
PK @ main-DyySjXRY.js:75
(anonymous) @ main-DyySjXRY.js:105
La @ main-DyySjXRY.js:105
Uo @ main-DyySjXRY.js:105
(anonymous) @ Scan-DLRg5GLn.js:1
n @ main-DyySjXRY.js:20
rt @ main-DyySjXRY.js:22
(anonymous) @ main-DyySjXRY.js:109
pf @ main-DyySjXRY.js:22
G @ main-DyySjXRY.js:22
run @ main-DyySjXRY.js:16
runIfDirty @ main-DyySjXRY.js:16
uc @ main-DyySjXRY.js:20
JA @ main-DyySjXRY.js:20
Promise.then
GA @ main-DyySjXRY.js:20
ik @ main-DyySjXRY.js:20
oe.scheduler @ main-DyySjXRY.js:22
trigger @ main-DyySjXRY.js:16
Q0 @ main-DyySjXRY.js:16
notify @ main-DyySjXRY.js:16
trigger @ main-DyySjXRY.js:16
set value @ main-DyySjXRY.js:16
E @ Scan-DLRg5GLn.js:1
uc @ main-DyySjXRY.js:20
Zi @ main-DyySjXRY.js:20
a @ main-DyySjXRY.js:26
main-DyySjXRY.js:72 [intlify] Not found 'bills.amount' key in 'mk' locale messages.
Id @ main-DyySjXRY.js:72
lg @ main-DyySjXRY.js:75
YC @ main-DyySjXRY.js:75
PK @ main-DyySjXRY.js:75
(anonymous) @ main-DyySjXRY.js:105
La @ main-DyySjXRY.js:105
Uo @ main-DyySjXRY.js:105
(anonymous) @ Scan-DLRg5GLn.js:1
n @ main-DyySjXRY.js:20
rt @ main-DyySjXRY.js:22
(anonymous) @ main-DyySjXRY.js:109
pf @ main-DyySjXRY.js:22
G @ main-DyySjXRY.js:22
run @ main-DyySjXRY.js:16
runIfDirty @ main-DyySjXRY.js:16
uc @ main-DyySjXRY.js:20
JA @ main-DyySjXRY.js:20
Promise.then
GA @ main-DyySjXRY.js:20
ik @ main-DyySjXRY.js:20
oe.scheduler @ main-DyySjXRY.js:22
trigger @ main-DyySjXRY.js:16
Q0 @ main-DyySjXRY.js:16
notify @ main-DyySjXRY.js:16
trigger @ main-DyySjXRY.js:16
set value @ main-DyySjXRY.js:16
E @ Scan-DLRg5GLn.js:1
uc @ main-DyySjXRY.js:20
Zi @ main-DyySjXRY.js:20
a @ main-DyySjXRY.js:26
main-DyySjXRY.js:72 [intlify] Fall back to translate 'bills.amount' key with 'en' locale.
Id @ main-DyySjXRY.js:72
YC @ main-DyySjXRY.js:75
PK @ main-DyySjXRY.js:75
(anonymous) @ main-DyySjXRY.js:105
La @ main-DyySjXRY.js:105
Uo @ main-DyySjXRY.js:105
(anonymous) @ Scan-DLRg5GLn.js:1
n @ main-DyySjXRY.js:20
rt @ main-DyySjXRY.js:22
(anonymous) @ main-DyySjXRY.js:109
pf @ main-DyySjXRY.js:22
G @ main-DyySjXRY.js:22
run @ main-DyySjXRY.js:16
runIfDirty @ main-DyySjXRY.js:16
uc @ main-DyySjXRY.js:20
JA @ main-DyySjXRY.js:20
Promise.then
GA @ main-DyySjXRY.js:20
ik @ main-DyySjXRY.js:20
oe.scheduler @ main-DyySjXRY.js:22
trigger @ main-DyySjXRY.js:16
Q0 @ main-DyySjXRY.js:16
notify @ main-DyySjXRY.js:16
trigger @ main-DyySjXRY.js:16
set value @ main-DyySjXRY.js:16
E @ Scan-DLRg5GLn.js:1
uc @ main-DyySjXRY.js:20
Zi @ main-DyySjXRY.js:20
a @ main-DyySjXRY.js:26
main-DyySjXRY.js:72 [intlify] Not found 'bills.amount' key in 'en' locale messages.
Id @ main-DyySjXRY.js:72
lg @ main-DyySjXRY.js:75
YC @ main-DyySjXRY.js:75
PK @ main-DyySjXRY.js:75
(anonymous) @ main-DyySjXRY.js:105
La @ main-DyySjXRY.js:105
Uo @ main-DyySjXRY.js:105
(anonymous) @ Scan-DLRg5GLn.js:1
n @ main-DyySjXRY.js:20
rt @ main-DyySjXRY.js:22
(anonymous) @ main-DyySjXRY.js:109
pf @ main-DyySjXRY.js:22
G @ main-DyySjXRY.js:22
run @ main-DyySjXRY.js:16
runIfDirty @ main-DyySjXRY.js:16
uc @ main-DyySjXRY.js:20
JA @ main-DyySjXRY.js:20
Promise.then
GA @ main-DyySjXRY.js:20
ik @ main-DyySjXRY.js:20
oe.scheduler @ main-DyySjXRY.js:22
trigger @ main-DyySjXRY.js:16
Q0 @ main-DyySjXRY.js:16
notify @ main-DyySjXRY.js:16
trigger @ main-DyySjXRY.js:16
set value @ main-DyySjXRY.js:16
E @ Scan-DLRg5GLn.js:1
uc @ main-DyySjXRY.js:20
Zi @ main-DyySjXRY.js:20
a @ main-DyySjXRY.js:26
main-DyySjXRY.js:72 [intlify] Not found 'bills.tax_amount' key in 'mk' locale messages.
Id @ main-DyySjXRY.js:72
lg @ main-DyySjXRY.js:75
YC @ main-DyySjXRY.js:75
PK @ main-DyySjXRY.js:75
(anonymous) @ main-DyySjXRY.js:105
La @ main-DyySjXRY.js:105
Uo @ main-DyySjXRY.js:105
(anonymous) @ Scan-DLRg5GLn.js:1
n @ main-DyySjXRY.js:20
rt @ main-DyySjXRY.js:22
(anonymous) @ main-DyySjXRY.js:109
pf @ main-DyySjXRY.js:22
G @ main-DyySjXRY.js:22
run @ main-DyySjXRY.js:16
runIfDirty @ main-DyySjXRY.js:16
uc @ main-DyySjXRY.js:20
JA @ main-DyySjXRY.js:20
Promise.then
GA @ main-DyySjXRY.js:20
ik @ main-DyySjXRY.js:20
oe.scheduler @ main-DyySjXRY.js:22
trigger @ main-DyySjXRY.js:16
Q0 @ main-DyySjXRY.js:16
notify @ main-DyySjXRY.js:16
trigger @ main-DyySjXRY.js:16
set value @ main-DyySjXRY.js:16
E @ Scan-DLRg5GLn.js:1
uc @ main-DyySjXRY.js:20
Zi @ main-DyySjXRY.js:20
a @ main-DyySjXRY.js:26
main-DyySjXRY.js:72 [intlify] Fall back to translate 'bills.tax_amount' key with 'en' locale.
Id @ main-DyySjXRY.js:72
YC @ main-DyySjXRY.js:75
PK @ main-DyySjXRY.js:75
(anonymous) @ main-DyySjXRY.js:105
La @ main-DyySjXRY.js:105
Uo @ main-DyySjXRY.js:105
(anonymous) @ Scan-DLRg5GLn.js:1
n @ main-DyySjXRY.js:20
rt @ main-DyySjXRY.js:22
(anonymous) @ main-DyySjXRY.js:109
pf @ main-DyySjXRY.js:22
G @ main-DyySjXRY.js:22
run @ main-DyySjXRY.js:16
runIfDirty @ main-DyySjXRY.js:16
uc @ main-DyySjXRY.js:20
JA @ main-DyySjXRY.js:20
Promise.then
GA @ main-DyySjXRY.js:20
ik @ main-DyySjXRY.js:20
oe.scheduler @ main-DyySjXRY.js:22
trigger @ main-DyySjXRY.js:16
Q0 @ main-DyySjXRY.js:16
notify @ main-DyySjXRY.js:16
trigger @ main-DyySjXRY.js:16
set value @ main-DyySjXRY.js:16
E @ Scan-DLRg5GLn.js:1
uc @ main-DyySjXRY.js:20
Zi @ main-DyySjXRY.js:20
a @ main-DyySjXRY.js:26
main-DyySjXRY.js:72 [intlify] Not found 'bills.tax_amount' key in 'en' locale messages.
Id @ main-DyySjXRY.js:72
lg @ main-DyySjXRY.js:75
YC @ main-DyySjXRY.js:75
PK @ main-DyySjXRY.js:75
(anonymous) @ main-DyySjXRY.js:105
La @ main-DyySjXRY.js:105
Uo @ main-DyySjXRY.js:105
(anonymous) @ Scan-DLRg5GLn.js:1
n @ main-DyySjXRY.js:20
rt @ main-DyySjXRY.js:22
(anonymous) @ main-DyySjXRY.js:109
pf @ main-DyySjXRY.js:22
G @ main-DyySjXRY.js:22
run @ main-DyySjXRY.js:16
runIfDirty @ main-DyySjXRY.js:16
uc @ main-DyySjXRY.js:20
JA @ main-DyySjXRY.js:20
Promise.then
GA @ main-DyySjXRY.js:20
ik @ main-DyySjXRY.js:20
oe.scheduler @ main-DyySjXRY.js:22
trigger @ main-DyySjXRY.js:16
Q0 @ main-DyySjXRY.js:16
notify @ main-DyySjXRY.js:16
trigger @ main-DyySjXRY.js:16
set value @ main-DyySjXRY.js:16
E @ Scan-DLRg5GLn.js:1
uc @ main-DyySjXRY.js:20
Zi @ main-DyySjXRY.js:20
a @ main-DyySjXRY.js:26
main-DyySjXRY.js:72 [intlify] Not found 'bills.notes' key in 'mk' locale messages.
Id @ main-DyySjXRY.js:72
lg @ main-DyySjXRY.js:75
YC @ main-DyySjXRY.js:75
PK @ main-DyySjXRY.js:75
(anonymous) @ main-DyySjXRY.js:105
La @ main-DyySjXRY.js:105
Uo @ main-DyySjXRY.js:105
(anonymous) @ Scan-DLRg5GLn.js:1
n @ main-DyySjXRY.js:20
rt @ main-DyySjXRY.js:22
(anonymous) @ main-DyySjXRY.js:109
pf @ main-DyySjXRY.js:22
G @ main-DyySjXRY.js:22
run @ main-DyySjXRY.js:16
runIfDirty @ main-DyySjXRY.js:16
uc @ main-DyySjXRY.js:20
JA @ main-DyySjXRY.js:20
Promise.then
GA @ main-DyySjXRY.js:20
ik @ main-DyySjXRY.js:20
oe.scheduler @ main-DyySjXRY.js:22
trigger @ main-DyySjXRY.js:16
Q0 @ main-DyySjXRY.js:16
notify @ main-DyySjXRY.js:16
trigger @ main-DyySjXRY.js:16
set value @ main-DyySjXRY.js:16
E @ Scan-DLRg5GLn.js:1
uc @ main-DyySjXRY.js:20
Zi @ main-DyySjXRY.js:20
a @ main-DyySjXRY.js:26
main-DyySjXRY.js:72 [intlify] Fall back to translate 'bills.notes' key with 'en' locale.
Id @ main-DyySjXRY.js:72
YC @ main-DyySjXRY.js:75
PK @ main-DyySjXRY.js:75
(anonymous) @ main-DyySjXRY.js:105
La @ main-DyySjXRY.js:105
Uo @ main-DyySjXRY.js:105
(anonymous) @ Scan-DLRg5GLn.js:1
n @ main-DyySjXRY.js:20
rt @ main-DyySjXRY.js:22
(anonymous) @ main-DyySjXRY.js:109
pf @ main-DyySjXRY.js:22
G @ main-DyySjXRY.js:22
run @ main-DyySjXRY.js:16
runIfDirty @ main-DyySjXRY.js:16
uc @ main-DyySjXRY.js:20
JA @ main-DyySjXRY.js:20
Promise.then
GA @ main-DyySjXRY.js:20
ik @ main-DyySjXRY.js:20
oe.scheduler @ main-DyySjXRY.js:22
trigger @ main-DyySjXRY.js:16
Q0 @ main-DyySjXRY.js:16
notify @ main-DyySjXRY.js:16
trigger @ main-DyySjXRY.js:16
set value @ main-DyySjXRY.js:16
E @ Scan-DLRg5GLn.js:1
uc @ main-DyySjXRY.js:20
Zi @ main-DyySjXRY.js:20
a @ main-DyySjXRY.js:26
main-DyySjXRY.js:72 [intlify] Not found 'bills.notes' key in 'en' locale messages.
Id @ main-DyySjXRY.js:72
lg @ main-DyySjXRY.js:75
YC @ main-DyySjXRY.js:75
PK @ main-DyySjXRY.js:75
(anonymous) @ main-DyySjXRY.js:105
La @ main-DyySjXRY.js:105
Uo @ main-DyySjXRY.js:105
(anonymous) @ Scan-DLRg5GLn.js:1
n @ main-DyySjXRY.js:20
rt @ main-DyySjXRY.js:22
(anonymous) @ main-DyySjXRY.js:109
pf @ main-DyySjXRY.js:22
G @ main-DyySjXRY.js:22
run @ main-DyySjXRY.js:16
runIfDirty @ main-DyySjXRY.js:16
uc @ main-DyySjXRY.js:20
JA @ main-DyySjXRY.js:20
Promise.then
GA @ main-DyySjXRY.js:20
ik @ main-DyySjXRY.js:20
oe.scheduler @ main-DyySjXRY.js:22
trigger @ main-DyySjXRY.js:16
Q0 @ main-DyySjXRY.js:16
notify @ main-DyySjXRY.js:16
trigger @ main-DyySjXRY.js:16
set value @ main-DyySjXRY.js:16
E @ Scan-DLRg5GLn.js:1
uc @ main-DyySjXRY.js:20
Zi @ main-DyySjXRY.js:20
a @ main-DyySjXRY.js:26
