main-B8BLk30S.js:72 [intlify] Not found 'Support Tickets' key in 'mk' locale messages.
Id @ main-B8BLk30S.js:72
lg @ main-B8BLk30S.js:75
Yz @ main-B8BLk30S.js:75
PK @ main-B8BLk30S.js:75
(anonymous) @ main-B8BLk30S.js:105
La @ main-B8BLk30S.js:105
Uo @ main-B8BLk30S.js:105
(anonymous) @ LayoutBasic-Cqw5qDQM.js:1
n @ main-B8BLk30S.js:20
(anonymous) @ main-B8BLk30S.js:38
pf @ main-B8BLk30S.js:22
G @ main-B8BLk30S.js:22
run @ main-B8BLk30S.js:16
fe @ main-B8BLk30S.js:22
Ce @ main-B8BLk30S.js:22
re @ main-B8BLk30S.js:22
v @ main-B8BLk30S.js:22
N @ main-B8BLk30S.js:22
Y @ main-B8BLk30S.js:22
v @ main-B8BLk30S.js:22
N @ main-B8BLk30S.js:22
T @ main-B8BLk30S.js:22
A @ main-B8BLk30S.js:22
v @ main-B8BLk30S.js:22
N @ main-B8BLk30S.js:22
Y @ main-B8BLk30S.js:22
v @ main-B8BLk30S.js:22
N @ main-B8BLk30S.js:22
T @ main-B8BLk30S.js:22
A @ main-B8BLk30S.js:22
v @ main-B8BLk30S.js:22
N @ main-B8BLk30S.js:22
Y @ main-B8BLk30S.js:22
v @ main-B8BLk30S.js:22
G @ main-B8BLk30S.js:22
run @ main-B8BLk30S.js:16
fe @ main-B8BLk30S.js:22
Ce @ main-B8BLk30S.js:22
re @ main-B8BLk30S.js:22
v @ main-B8BLk30S.js:22
N @ main-B8BLk30S.js:22
T @ main-B8BLk30S.js:22
A @ main-B8BLk30S.js:22
v @ main-B8BLk30S.js:22
G @ main-B8BLk30S.js:22
run @ main-B8BLk30S.js:16
runIfDirty @ main-B8BLk30S.js:16
uc @ main-B8BLk30S.js:20
JA @ main-B8BLk30S.js:20
Promise.then
GA @ main-B8BLk30S.js:20
ik @ main-B8BLk30S.js:20
oe.scheduler @ main-B8BLk30S.js:22
trigger @ main-B8BLk30S.js:16
Q0 @ main-B8BLk30S.js:16
$r @ main-B8BLk30S.js:16
set @ main-B8BLk30S.js:16
set value @ main-B8BLk30S.js:16
set @ main-B8BLk30S.js:16
(anonymous) @ main-B8BLk30S.js:68
Promise.then
(anonymous) @ main-B8BLk30S.js:68
bootstrap @ main-B8BLk30S.js:68
q @ main-B8BLk30S.js:42
(anonymous) @ LayoutBasic-Cqw5qDQM.js:1
(anonymous) @ main-B8BLk30S.js:22
uc @ main-B8BLk30S.js:20
Zi @ main-B8BLk30S.js:20
Hh.t.__weh.t.__weh @ main-B8BLk30S.js:22
Rf @ main-B8BLk30S.js:20
JA @ main-B8BLk30S.js:20
Promise.then
GA @ main-B8BLk30S.js:20
od @ main-B8BLk30S.js:20
WC @ main-B8BLk30S.js:22
s.scheduler @ main-B8BLk30S.js:22
G9._.scheduler @ main-B8BLk30S.js:16
trigger @ main-B8BLk30S.js:16
Q0 @ main-B8BLk30S.js:16
notify @ main-B8BLk30S.js:16
trigger @ main-B8BLk30S.js:16
set value @ main-B8BLk30S.js:16
Y @ main-B8BLk30S.js:38
(anonymous) @ main-B8BLk30S.js:38
Promise.then
j @ main-B8BLk30S.js:38
D @ main-B8BLk30S.js:38
install @ main-B8BLk30S.js:38
use @ main-B8BLk30S.js:22
start @ main-B8BLk30S.js:173
(anonymous) @ support:32
main-B8BLk30S.js:72 [intlify] Fall back to translate 'Support Tickets' key with 'en' locale.
Id @ main-B8BLk30S.js:72
Yz @ main-B8BLk30S.js:75
PK @ main-B8BLk30S.js:75
(anonymous) @ main-B8BLk30S.js:105
La @ main-B8BLk30S.js:105
Uo @ main-B8BLk30S.js:105
(anonymous) @ LayoutBasic-Cqw5qDQM.js:1
n @ main-B8BLk30S.js:20
(anonymous) @ main-B8BLk30S.js:38
pf @ main-B8BLk30S.js:22
G @ main-B8BLk30S.js:22
run @ main-B8BLk30S.js:16
fe @ main-B8BLk30S.js:22
Ce @ main-B8BLk30S.js:22
re @ main-B8BLk30S.js:22
v @ main-B8BLk30S.js:22
N @ main-B8BLk30S.js:22
Y @ main-B8BLk30S.js:22
v @ main-B8BLk30S.js:22
N @ main-B8BLk30S.js:22
T @ main-B8BLk30S.js:22
A @ main-B8BLk30S.js:22
v @ main-B8BLk30S.js:22
N @ main-B8BLk30S.js:22
Y @ main-B8BLk30S.js:22
v @ main-B8BLk30S.js:22
N @ main-B8BLk30S.js:22
T @ main-B8BLk30S.js:22
A @ main-B8BLk30S.js:22
v @ main-B8BLk30S.js:22
N @ main-B8BLk30S.js:22
Y @ main-B8BLk30S.js:22
v @ main-B8BLk30S.js:22
G @ main-B8BLk30S.js:22
run @ main-B8BLk30S.js:16
fe @ main-B8BLk30S.js:22
Ce @ main-B8BLk30S.js:22
re @ main-B8BLk30S.js:22
v @ main-B8BLk30S.js:22
N @ main-B8BLk30S.js:22
T @ main-B8BLk30S.js:22
A @ main-B8BLk30S.js:22
v @ main-B8BLk30S.js:22
G @ main-B8BLk30S.js:22
run @ main-B8BLk30S.js:16
runIfDirty @ main-B8BLk30S.js:16
uc @ main-B8BLk30S.js:20
JA @ main-B8BLk30S.js:20
Promise.then
GA @ main-B8BLk30S.js:20
ik @ main-B8BLk30S.js:20
oe.scheduler @ main-B8BLk30S.js:22
trigger @ main-B8BLk30S.js:16
Q0 @ main-B8BLk30S.js:16
$r @ main-B8BLk30S.js:16
set @ main-B8BLk30S.js:16
set value @ main-B8BLk30S.js:16
set @ main-B8BLk30S.js:16
(anonymous) @ main-B8BLk30S.js:68
Promise.then
(anonymous) @ main-B8BLk30S.js:68
bootstrap @ main-B8BLk30S.js:68
q @ main-B8BLk30S.js:42
(anonymous) @ LayoutBasic-Cqw5qDQM.js:1
(anonymous) @ main-B8BLk30S.js:22
uc @ main-B8BLk30S.js:20
Zi @ main-B8BLk30S.js:20
Hh.t.__weh.t.__weh @ main-B8BLk30S.js:22
Rf @ main-B8BLk30S.js:20
JA @ main-B8BLk30S.js:20
Promise.then
GA @ main-B8BLk30S.js:20
od @ main-B8BLk30S.js:20
WC @ main-B8BLk30S.js:22
s.scheduler @ main-B8BLk30S.js:22
G9._.scheduler @ main-B8BLk30S.js:16
trigger @ main-B8BLk30S.js:16
Q0 @ main-B8BLk30S.js:16
notify @ main-B8BLk30S.js:16
trigger @ main-B8BLk30S.js:16
set value @ main-B8BLk30S.js:16
Y @ main-B8BLk30S.js:38
(anonymous) @ main-B8BLk30S.js:38
Promise.then
j @ main-B8BLk30S.js:38
D @ main-B8BLk30S.js:38
install @ main-B8BLk30S.js:38
use @ main-B8BLk30S.js:22
start @ main-B8BLk30S.js:173
(anonymous) @ support:32
main-B8BLk30S.js:72 [intlify] Not found 'Support Tickets' key in 'en' locale messages.
Id @ main-B8BLk30S.js:72
lg @ main-B8BLk30S.js:75
Yz @ main-B8BLk30S.js:75
PK @ main-B8BLk30S.js:75
(anonymous) @ main-B8BLk30S.js:105
La @ main-B8BLk30S.js:105
Uo @ main-B8BLk30S.js:105
(anonymous) @ LayoutBasic-Cqw5qDQM.js:1
n @ main-B8BLk30S.js:20
(anonymous) @ main-B8BLk30S.js:38
pf @ main-B8BLk30S.js:22
G @ main-B8BLk30S.js:22
run @ main-B8BLk30S.js:16
fe @ main-B8BLk30S.js:22
Ce @ main-B8BLk30S.js:22
re @ main-B8BLk30S.js:22
v @ main-B8BLk30S.js:22
N @ main-B8BLk30S.js:22
Y @ main-B8BLk30S.js:22
v @ main-B8BLk30S.js:22
N @ main-B8BLk30S.js:22
T @ main-B8BLk30S.js:22
A @ main-B8BLk30S.js:22
v @ main-B8BLk30S.js:22
N @ main-B8BLk30S.js:22
Y @ main-B8BLk30S.js:22
v @ main-B8BLk30S.js:22
N @ main-B8BLk30S.js:22
T @ main-B8BLk30S.js:22
A @ main-B8BLk30S.js:22
v @ main-B8BLk30S.js:22
N @ main-B8BLk30S.js:22
Y @ main-B8BLk30S.js:22
v @ main-B8BLk30S.js:22
G @ main-B8BLk30S.js:22
run @ main-B8BLk30S.js:16
fe @ main-B8BLk30S.js:22
Ce @ main-B8BLk30S.js:22
re @ main-B8BLk30S.js:22
v @ main-B8BLk30S.js:22
N @ main-B8BLk30S.js:22
T @ main-B8BLk30S.js:22
A @ main-B8BLk30S.js:22
v @ main-B8BLk30S.js:22
G @ main-B8BLk30S.js:22
run @ main-B8BLk30S.js:16
runIfDirty @ main-B8BLk30S.js:16
uc @ main-B8BLk30S.js:20
JA @ main-B8BLk30S.js:20
Promise.then
GA @ main-B8BLk30S.js:20
ik @ main-B8BLk30S.js:20
oe.scheduler @ main-B8BLk30S.js:22
trigger @ main-B8BLk30S.js:16
Q0 @ main-B8BLk30S.js:16
$r @ main-B8BLk30S.js:16
set @ main-B8BLk30S.js:16
set value @ main-B8BLk30S.js:16
set @ main-B8BLk30S.js:16
(anonymous) @ main-B8BLk30S.js:68
Promise.then
(anonymous) @ main-B8BLk30S.js:68
bootstrap @ main-B8BLk30S.js:68
q @ main-B8BLk30S.js:42
(anonymous) @ LayoutBasic-Cqw5qDQM.js:1
(anonymous) @ main-B8BLk30S.js:22
uc @ main-B8BLk30S.js:20
Zi @ main-B8BLk30S.js:20
Hh.t.__weh.t.__weh @ main-B8BLk30S.js:22
Rf @ main-B8BLk30S.js:20
JA @ main-B8BLk30S.js:20
Promise.then
GA @ main-B8BLk30S.js:20
od @ main-B8BLk30S.js:20
WC @ main-B8BLk30S.js:22
s.scheduler @ main-B8BLk30S.js:22
G9._.scheduler @ main-B8BLk30S.js:16
trigger @ main-B8BLk30S.js:16
Q0 @ main-B8BLk30S.js:16
notify @ main-B8BLk30S.js:16
trigger @ main-B8BLk30S.js:16
set value @ main-B8BLk30S.js:16
Y @ main-B8BLk30S.js:38
(anonymous) @ main-B8BLk30S.js:38
Promise.then
j @ main-B8BLk30S.js:38
D @ main-B8BLk30S.js:38
install @ main-B8BLk30S.js:38
use @ main-B8BLk30S.js:22
start @ main-B8BLk30S.js:173
(anonymous) @ support:32
main-B8BLk30S.js:72 [intlify] Not found 'Support Tickets' key in 'mk' locale messages.
Id @ main-B8BLk30S.js:72
lg @ main-B8BLk30S.js:75
Yz @ main-B8BLk30S.js:75
PK @ main-B8BLk30S.js:75
(anonymous) @ main-B8BLk30S.js:105
La @ main-B8BLk30S.js:105
Uo @ main-B8BLk30S.js:105
(anonymous) @ LayoutBasic-Cqw5qDQM.js:1
n @ main-B8BLk30S.js:20
(anonymous) @ main-B8BLk30S.js:38
pf @ main-B8BLk30S.js:22
G @ main-B8BLk30S.js:22
run @ main-B8BLk30S.js:16
Te @ main-B8BLk30S.js:22
re @ main-B8BLk30S.js:22
v @ main-B8BLk30S.js:22
ye @ main-B8BLk30S.js:22
ze @ main-B8BLk30S.js:22
Y @ main-B8BLk30S.js:22
v @ main-B8BLk30S.js:22
q @ main-B8BLk30S.js:22
V @ main-B8BLk30S.js:22
A @ main-B8BLk30S.js:22
v @ main-B8BLk30S.js:22
ye @ main-B8BLk30S.js:22
ze @ main-B8BLk30S.js:22
Y @ main-B8BLk30S.js:22
v @ main-B8BLk30S.js:22
q @ main-B8BLk30S.js:22
Y @ main-B8BLk30S.js:22
v @ main-B8BLk30S.js:22
G @ main-B8BLk30S.js:22
run @ main-B8BLk30S.js:16
runIfDirty @ main-B8BLk30S.js:16
uc @ main-B8BLk30S.js:20
JA @ main-B8BLk30S.js:20
Promise.then
GA @ main-B8BLk30S.js:20
od @ main-B8BLk30S.js:20
WC @ main-B8BLk30S.js:22
s.scheduler @ main-B8BLk30S.js:22
G9._.scheduler @ main-B8BLk30S.js:16
trigger @ main-B8BLk30S.js:16
Q0 @ main-B8BLk30S.js:16
notify @ main-B8BLk30S.js:16
trigger @ main-B8BLk30S.js:16
set value @ main-B8BLk30S.js:16
Y @ main-B8BLk30S.js:38
(anonymous) @ main-B8BLk30S.js:38
Promise.then
j @ main-B8BLk30S.js:38
D @ main-B8BLk30S.js:38
s @ main-B8BLk30S.js:38
uc @ main-B8BLk30S.js:20
Zi @ main-B8BLk30S.js:20
a @ main-B8BLk30S.js:26
main-B8BLk30S.js:72 [intlify] Fall back to translate 'Support Tickets' key with 'en' locale.
Id @ main-B8BLk30S.js:72
Yz @ main-B8BLk30S.js:75
PK @ main-B8BLk30S.js:75
(anonymous) @ main-B8BLk30S.js:105
La @ main-B8BLk30S.js:105
Uo @ main-B8BLk30S.js:105
(anonymous) @ LayoutBasic-Cqw5qDQM.js:1
n @ main-B8BLk30S.js:20
(anonymous) @ main-B8BLk30S.js:38
pf @ main-B8BLk30S.js:22
G @ main-B8BLk30S.js:22
run @ main-B8BLk30S.js:16
Te @ main-B8BLk30S.js:22
re @ main-B8BLk30S.js:22
v @ main-B8BLk30S.js:22
ye @ main-B8BLk30S.js:22
ze @ main-B8BLk30S.js:22
Y @ main-B8BLk30S.js:22
v @ main-B8BLk30S.js:22
q @ main-B8BLk30S.js:22
V @ main-B8BLk30S.js:22
A @ main-B8BLk30S.js:22
v @ main-B8BLk30S.js:22
ye @ main-B8BLk30S.js:22
ze @ main-B8BLk30S.js:22
Y @ main-B8BLk30S.js:22
v @ main-B8BLk30S.js:22
q @ main-B8BLk30S.js:22
Y @ main-B8BLk30S.js:22
v @ main-B8BLk30S.js:22
G @ main-B8BLk30S.js:22
run @ main-B8BLk30S.js:16
runIfDirty @ main-B8BLk30S.js:16
uc @ main-B8BLk30S.js:20
JA @ main-B8BLk30S.js:20
Promise.then
GA @ main-B8BLk30S.js:20
od @ main-B8BLk30S.js:20
WC @ main-B8BLk30S.js:22
s.scheduler @ main-B8BLk30S.js:22
G9._.scheduler @ main-B8BLk30S.js:16
trigger @ main-B8BLk30S.js:16
Q0 @ main-B8BLk30S.js:16
notify @ main-B8BLk30S.js:16
trigger @ main-B8BLk30S.js:16
set value @ main-B8BLk30S.js:16
Y @ main-B8BLk30S.js:38
(anonymous) @ main-B8BLk30S.js:38
Promise.then
j @ main-B8BLk30S.js:38
D @ main-B8BLk30S.js:38
s @ main-B8BLk30S.js:38
uc @ main-B8BLk30S.js:20
Zi @ main-B8BLk30S.js:20
a @ main-B8BLk30S.js:26
main-B8BLk30S.js:72 [intlify] Not found 'Support Tickets' key in 'en' locale messages.
Id @ main-B8BLk30S.js:72
lg @ main-B8BLk30S.js:75
Yz @ main-B8BLk30S.js:75
PK @ main-B8BLk30S.js:75
(anonymous) @ main-B8BLk30S.js:105
La @ main-B8BLk30S.js:105
Uo @ main-B8BLk30S.js:105
(anonymous) @ LayoutBasic-Cqw5qDQM.js:1
n @ main-B8BLk30S.js:20
(anonymous) @ main-B8BLk30S.js:38
pf @ main-B8BLk30S.js:22
G @ main-B8BLk30S.js:22
run @ main-B8BLk30S.js:16
Te @ main-B8BLk30S.js:22
re @ main-B8BLk30S.js:22
v @ main-B8BLk30S.js:22
ye @ main-B8BLk30S.js:22
ze @ main-B8BLk30S.js:22
Y @ main-B8BLk30S.js:22
v @ main-B8BLk30S.js:22
q @ main-B8BLk30S.js:22
V @ main-B8BLk30S.js:22
A @ main-B8BLk30S.js:22
v @ main-B8BLk30S.js:22
ye @ main-B8BLk30S.js:22
ze @ main-B8BLk30S.js:22
Y @ main-B8BLk30S.js:22
v @ main-B8BLk30S.js:22
q @ main-B8BLk30S.js:22
Y @ main-B8BLk30S.js:22
v @ main-B8BLk30S.js:22
G @ main-B8BLk30S.js:22
run @ main-B8BLk30S.js:16
runIfDirty @ main-B8BLk30S.js:16
uc @ main-B8BLk30S.js:20
JA @ main-B8BLk30S.js:20
Promise.then
GA @ main-B8BLk30S.js:20
od @ main-B8BLk30S.js:20
WC @ main-B8BLk30S.js:22
s.scheduler @ main-B8BLk30S.js:22
G9._.scheduler @ main-B8BLk30S.js:16
trigger @ main-B8BLk30S.js:16
Q0 @ main-B8BLk30S.js:16
notify @ main-B8BLk30S.js:16
trigger @ main-B8BLk30S.js:16
set value @ main-B8BLk30S.js:16
Y @ main-B8BLk30S.js:38
(anonymous) @ main-B8BLk30S.js:38
Promise.then
j @ main-B8BLk30S.js:38
D @ main-B8BLk30S.js:38
s @ main-B8BLk30S.js:38
uc @ main-B8BLk30S.js:20
Zi @ main-B8BLk30S.js:20
a @ main-B8BLk30S.js:26
Dashboard-CswzTAaU.js:1 [AI Insights] Fetching insights...
main-B8BLk30S.js:4  GET https://app.facturino.mk/api/v1/api/v1/tax/vat-status/2 404 (Not Found)
(anonymous) @ main-B8BLk30S.js:4
xhr @ main-B8BLk30S.js:4
yx @ main-B8BLk30S.js:6
Promise.then
_request @ main-B8BLk30S.js:7
request @ main-B8BLk30S.js:6
Vl.<computed> @ main-B8BLk30S.js:7
(anonymous) @ main-B8BLk30S.js:2
D @ Dashboard-CswzTAaU.js:1
(anonymous) @ Dashboard-CswzTAaU.js:1
(anonymous) @ main-B8BLk30S.js:22
uc @ main-B8BLk30S.js:20
Zi @ main-B8BLk30S.js:20
Hh.t.__weh.t.__weh @ main-B8BLk30S.js:22
Rf @ main-B8BLk30S.js:20
JA @ main-B8BLk30S.js:20
Promise.then
GA @ main-B8BLk30S.js:20
od @ main-B8BLk30S.js:20
WC @ main-B8BLk30S.js:22
s.scheduler @ main-B8BLk30S.js:22
G9._.scheduler @ main-B8BLk30S.js:16
trigger @ main-B8BLk30S.js:16
Q0 @ main-B8BLk30S.js:16
notify @ main-B8BLk30S.js:16
trigger @ main-B8BLk30S.js:16
set value @ main-B8BLk30S.js:16
Y @ main-B8BLk30S.js:38
(anonymous) @ main-B8BLk30S.js:38
Promise.then
j @ main-B8BLk30S.js:38
D @ main-B8BLk30S.js:38
s @ main-B8BLk30S.js:38
uc @ main-B8BLk30S.js:20
Zi @ main-B8BLk30S.js:20
a @ main-B8BLk30S.js:26
Dashboard-CswzTAaU.js:1 Failed to fetch VAT status: Tt {message: 'Request failed with status code 404', name: 'AxiosError', code: 'ERR_BAD_REQUEST', config: {…}, request: XMLHttpRequest, …}
D @ Dashboard-CswzTAaU.js:1
await in D
(anonymous) @ Dashboard-CswzTAaU.js:1
(anonymous) @ main-B8BLk30S.js:22
uc @ main-B8BLk30S.js:20
Zi @ main-B8BLk30S.js:20
Hh.t.__weh.t.__weh @ main-B8BLk30S.js:22
Rf @ main-B8BLk30S.js:20
JA @ main-B8BLk30S.js:20
Promise.then
GA @ main-B8BLk30S.js:20
od @ main-B8BLk30S.js:20
WC @ main-B8BLk30S.js:22
s.scheduler @ main-B8BLk30S.js:22
G9._.scheduler @ main-B8BLk30S.js:16
trigger @ main-B8BLk30S.js:16
Q0 @ main-B8BLk30S.js:16
notify @ main-B8BLk30S.js:16
trigger @ main-B8BLk30S.js:16
set value @ main-B8BLk30S.js:16
Y @ main-B8BLk30S.js:38
(anonymous) @ main-B8BLk30S.js:38
Promise.then
j @ main-B8BLk30S.js:38
D @ main-B8BLk30S.js:38
s @ main-B8BLk30S.js:38
uc @ main-B8BLk30S.js:20
Zi @ main-B8BLk30S.js:20
a @ main-B8BLk30S.js:26
Dashboard-CswzTAaU.js:1 VAT status API not available, using mock data
main-B8BLk30S.js:4  GET https://app.facturino.mk/api/v1/api/v1/certificates/current 404 (Not Found)
(anonymous) @ main-B8BLk30S.js:4
xhr @ main-B8BLk30S.js:4
yx @ main-B8BLk30S.js:6
Promise.then
_request @ main-B8BLk30S.js:7
request @ main-B8BLk30S.js:6
Vl.<computed> @ main-B8BLk30S.js:7
(anonymous) @ main-B8BLk30S.js:2
L @ Dashboard-CswzTAaU.js:1
(anonymous) @ Dashboard-CswzTAaU.js:1
(anonymous) @ main-B8BLk30S.js:22
uc @ main-B8BLk30S.js:20
Zi @ main-B8BLk30S.js:20
Hh.t.__weh.t.__weh @ main-B8BLk30S.js:22
Rf @ main-B8BLk30S.js:20
JA @ main-B8BLk30S.js:20
Promise.then
GA @ main-B8BLk30S.js:20
od @ main-B8BLk30S.js:20
WC @ main-B8BLk30S.js:22
s.scheduler @ main-B8BLk30S.js:22
G9._.scheduler @ main-B8BLk30S.js:16
trigger @ main-B8BLk30S.js:16
Q0 @ main-B8BLk30S.js:16
notify @ main-B8BLk30S.js:16
trigger @ main-B8BLk30S.js:16
set value @ main-B8BLk30S.js:16
Y @ main-B8BLk30S.js:38
(anonymous) @ main-B8BLk30S.js:38
Promise.then
j @ main-B8BLk30S.js:38
D @ main-B8BLk30S.js:38
s @ main-B8BLk30S.js:38
uc @ main-B8BLk30S.js:20
Zi @ main-B8BLk30S.js:20
a @ main-B8BLk30S.js:26
main-B8BLk30S.js:4  GET https://app.facturino.mk/api/v1/api/v1/dashboard 404 (Not Found)
(anonymous) @ main-B8BLk30S.js:4
xhr @ main-B8BLk30S.js:4
yx @ main-B8BLk30S.js:6
Promise.then
_request @ main-B8BLk30S.js:7
request @ main-B8BLk30S.js:6
Vl.<computed> @ main-B8BLk30S.js:7
(anonymous) @ main-B8BLk30S.js:2
(anonymous) @ Dashboard-CswzTAaU.js:1
loadData @ Dashboard-CswzTAaU.js:1
q @ main-B8BLk30S.js:42
w @ Dashboard-CswzTAaU.js:1
ee.immediate @ Dashboard-CswzTAaU.js:1
uc @ main-B8BLk30S.js:20
Zi @ main-B8BLk30S.js:20
s.call @ main-B8BLk30S.js:22
w @ main-B8BLk30S.js:16
G9 @ main-B8BLk30S.js:16
dm @ main-B8BLk30S.js:22
Qt @ main-B8BLk30S.js:22
setup @ Dashboard-CswzTAaU.js:1
uc @ main-B8BLk30S.js:20
KL @ main-B8BLk30S.js:22
e3 @ main-B8BLk30S.js:22
Ce @ main-B8BLk30S.js:22
re @ main-B8BLk30S.js:22
v @ main-B8BLk30S.js:22
N @ main-B8BLk30S.js:22
T @ main-B8BLk30S.js:22
A @ main-B8BLk30S.js:22
v @ main-B8BLk30S.js:22
N @ main-B8BLk30S.js:22
Y @ main-B8BLk30S.js:22
v @ main-B8BLk30S.js:22
N @ main-B8BLk30S.js:22
T @ main-B8BLk30S.js:22
A @ main-B8BLk30S.js:22
v @ main-B8BLk30S.js:22
G @ main-B8BLk30S.js:22
run @ main-B8BLk30S.js:16
fe @ main-B8BLk30S.js:22
Ce @ main-B8BLk30S.js:22
re @ main-B8BLk30S.js:22
v @ main-B8BLk30S.js:22
G @ main-B8BLk30S.js:22
run @ main-B8BLk30S.js:16
fe @ main-B8BLk30S.js:22
Ce @ main-B8BLk30S.js:22
re @ main-B8BLk30S.js:22
v @ main-B8BLk30S.js:22
G @ main-B8BLk30S.js:22
run @ main-B8BLk30S.js:16
runIfDirty @ main-B8BLk30S.js:16
uc @ main-B8BLk30S.js:20
JA @ main-B8BLk30S.js:20
Promise.then
GA @ main-B8BLk30S.js:20
od @ main-B8BLk30S.js:20
WC @ main-B8BLk30S.js:22
s.scheduler @ main-B8BLk30S.js:22
G9._.scheduler @ main-B8BLk30S.js:16
trigger @ main-B8BLk30S.js:16
Q0 @ main-B8BLk30S.js:16
notify @ main-B8BLk30S.js:16
trigger @ main-B8BLk30S.js:16
set value @ main-B8BLk30S.js:16
Y @ main-B8BLk30S.js:38
(anonymous) @ main-B8BLk30S.js:38
Promise.then
j @ main-B8BLk30S.js:38
D @ main-B8BLk30S.js:38
s @ main-B8BLk30S.js:38
uc @ main-B8BLk30S.js:20
Zi @ main-B8BLk30S.js:20
a @ main-B8BLk30S.js:26
Dashboard-CswzTAaU.js:1 Dashboard API not available, using default values Request failed with status code 404
(anonymous) @ Dashboard-CswzTAaU.js:1
Promise.catch
(anonymous) @ Dashboard-CswzTAaU.js:1
loadData @ Dashboard-CswzTAaU.js:1
q @ main-B8BLk30S.js:42
w @ Dashboard-CswzTAaU.js:1
ee.immediate @ Dashboard-CswzTAaU.js:1
uc @ main-B8BLk30S.js:20
Zi @ main-B8BLk30S.js:20
s.call @ main-B8BLk30S.js:22
w @ main-B8BLk30S.js:16
G9 @ main-B8BLk30S.js:16
dm @ main-B8BLk30S.js:22
Qt @ main-B8BLk30S.js:22
setup @ Dashboard-CswzTAaU.js:1
uc @ main-B8BLk30S.js:20
KL @ main-B8BLk30S.js:22
e3 @ main-B8BLk30S.js:22
Ce @ main-B8BLk30S.js:22
re @ main-B8BLk30S.js:22
v @ main-B8BLk30S.js:22
N @ main-B8BLk30S.js:22
T @ main-B8BLk30S.js:22
A @ main-B8BLk30S.js:22
v @ main-B8BLk30S.js:22
N @ main-B8BLk30S.js:22
Y @ main-B8BLk30S.js:22
v @ main-B8BLk30S.js:22
N @ main-B8BLk30S.js:22
T @ main-B8BLk30S.js:22
A @ main-B8BLk30S.js:22
v @ main-B8BLk30S.js:22
G @ main-B8BLk30S.js:22
run @ main-B8BLk30S.js:16
fe @ main-B8BLk30S.js:22
Ce @ main-B8BLk30S.js:22
re @ main-B8BLk30S.js:22
v @ main-B8BLk30S.js:22
G @ main-B8BLk30S.js:22
run @ main-B8BLk30S.js:16
fe @ main-B8BLk30S.js:22
Ce @ main-B8BLk30S.js:22
re @ main-B8BLk30S.js:22
v @ main-B8BLk30S.js:22
G @ main-B8BLk30S.js:22
run @ main-B8BLk30S.js:16
runIfDirty @ main-B8BLk30S.js:16
uc @ main-B8BLk30S.js:20
JA @ main-B8BLk30S.js:20
Promise.then
GA @ main-B8BLk30S.js:20
od @ main-B8BLk30S.js:20
WC @ main-B8BLk30S.js:22
s.scheduler @ main-B8BLk30S.js:22
G9._.scheduler @ main-B8BLk30S.js:16
trigger @ main-B8BLk30S.js:16
Q0 @ main-B8BLk30S.js:16
notify @ main-B8BLk30S.js:16
trigger @ main-B8BLk30S.js:16
set value @ main-B8BLk30S.js:16
Y @ main-B8BLk30S.js:38
(anonymous) @ main-B8BLk30S.js:38
Promise.then
j @ main-B8BLk30S.js:38
D @ main-B8BLk30S.js:38
s @ main-B8BLk30S.js:38
uc @ main-B8BLk30S.js:20
Zi @ main-B8BLk30S.js:20
a @ main-B8BLk30S.js:26
main-B8BLk30S.js:4  GET https://app.facturino.mk/api/v1/api/v1/invoices?status=DUE&orderByField=due_date&orderBy=asc&limit=10 404 (Not Found)
(anonymous) @ main-B8BLk30S.js:4
xhr @ main-B8BLk30S.js:4
yx @ main-B8BLk30S.js:6
Promise.then
_request @ main-B8BLk30S.js:7
request @ main-B8BLk30S.js:6
Vl.<computed> @ main-B8BLk30S.js:7
(anonymous) @ main-B8BLk30S.js:2
(anonymous) @ main-B8BLk30S.js:151
fetchInvoices @ main-B8BLk30S.js:151
q @ main-B8BLk30S.js:42
$ @ Dashboard-CswzTAaU.js:1
(anonymous) @ Dashboard-CswzTAaU.js:1
(anonymous) @ main-B8BLk30S.js:22
uc @ main-B8BLk30S.js:20
Zi @ main-B8BLk30S.js:20
Hh.t.__weh.t.__weh @ main-B8BLk30S.js:22
Rf @ main-B8BLk30S.js:20
JA @ main-B8BLk30S.js:20
Promise.then
GA @ main-B8BLk30S.js:20
od @ main-B8BLk30S.js:20
WC @ main-B8BLk30S.js:22
s.scheduler @ main-B8BLk30S.js:22
G9._.scheduler @ main-B8BLk30S.js:16
trigger @ main-B8BLk30S.js:16
Q0 @ main-B8BLk30S.js:16
notify @ main-B8BLk30S.js:16
trigger @ main-B8BLk30S.js:16
set value @ main-B8BLk30S.js:16
Y @ main-B8BLk30S.js:38
(anonymous) @ main-B8BLk30S.js:38
Promise.then
j @ main-B8BLk30S.js:38
D @ main-B8BLk30S.js:38
s @ main-B8BLk30S.js:38
uc @ main-B8BLk30S.js:20
Zi @ main-B8BLk30S.js:20
a @ main-B8BLk30S.js:26
Dashboard-CswzTAaU.js:1 Error fetching overdue invoices: Tt {message: 'Request failed with status code 404', name: 'AxiosError', code: 'ERR_BAD_REQUEST', config: {…}, request: XMLHttpRequest, …}
$ @ Dashboard-CswzTAaU.js:1
await in $
(anonymous) @ Dashboard-CswzTAaU.js:1
(anonymous) @ main-B8BLk30S.js:22
uc @ main-B8BLk30S.js:20
Zi @ main-B8BLk30S.js:20
Hh.t.__weh.t.__weh @ main-B8BLk30S.js:22
Rf @ main-B8BLk30S.js:20
JA @ main-B8BLk30S.js:20
Promise.then
GA @ main-B8BLk30S.js:20
od @ main-B8BLk30S.js:20
WC @ main-B8BLk30S.js:22
s.scheduler @ main-B8BLk30S.js:22
G9._.scheduler @ main-B8BLk30S.js:16
trigger @ main-B8BLk30S.js:16
Q0 @ main-B8BLk30S.js:16
notify @ main-B8BLk30S.js:16
trigger @ main-B8BLk30S.js:16
set value @ main-B8BLk30S.js:16
Y @ main-B8BLk30S.js:38
(anonymous) @ main-B8BLk30S.js:38
Promise.then
j @ main-B8BLk30S.js:38
D @ main-B8BLk30S.js:38
s @ main-B8BLk30S.js:38
uc @ main-B8BLk30S.js:20
Zi @ main-B8BLk30S.js:20
a @ main-B8BLk30S.js:26
main-B8BLk30S.js:72 [intlify] Not found 'dashboard.no_overdue_invoices' key in 'mk' locale messages.
Id @ main-B8BLk30S.js:72
lg @ main-B8BLk30S.js:75
Yz @ main-B8BLk30S.js:75
PK @ main-B8BLk30S.js:75
(anonymous) @ main-B8BLk30S.js:105
La @ main-B8BLk30S.js:105
Uo @ main-B8BLk30S.js:105
(anonymous) @ Dashboard-CswzTAaU.js:1
n @ main-B8BLk30S.js:20
rt @ main-B8BLk30S.js:22
(anonymous) @ main-B8BLk30S.js:109
pf @ main-B8BLk30S.js:22
G @ main-B8BLk30S.js:22
run @ main-B8BLk30S.js:16
runIfDirty @ main-B8BLk30S.js:16
uc @ main-B8BLk30S.js:20
JA @ main-B8BLk30S.js:20
Promise.then
GA @ main-B8BLk30S.js:20
ik @ main-B8BLk30S.js:20
oe.scheduler @ main-B8BLk30S.js:22
trigger @ main-B8BLk30S.js:16
Q0 @ main-B8BLk30S.js:16
notify @ main-B8BLk30S.js:16
trigger @ main-B8BLk30S.js:16
set value @ main-B8BLk30S.js:16
$ @ Dashboard-CswzTAaU.js:1
await in $
(anonymous) @ Dashboard-CswzTAaU.js:1
(anonymous) @ main-B8BLk30S.js:22
uc @ main-B8BLk30S.js:20
Zi @ main-B8BLk30S.js:20
Hh.t.__weh.t.__weh @ main-B8BLk30S.js:22
Rf @ main-B8BLk30S.js:20
JA @ main-B8BLk30S.js:20
Promise.then
GA @ main-B8BLk30S.js:20
od @ main-B8BLk30S.js:20
WC @ main-B8BLk30S.js:22
s.scheduler @ main-B8BLk30S.js:22
G9._.scheduler @ main-B8BLk30S.js:16
trigger @ main-B8BLk30S.js:16
Q0 @ main-B8BLk30S.js:16
notify @ main-B8BLk30S.js:16
trigger @ main-B8BLk30S.js:16
set value @ main-B8BLk30S.js:16
Y @ main-B8BLk30S.js:38
(anonymous) @ main-B8BLk30S.js:38
Promise.then
j @ main-B8BLk30S.js:38
D @ main-B8BLk30S.js:38
s @ main-B8BLk30S.js:38
uc @ main-B8BLk30S.js:20
Zi @ main-B8BLk30S.js:20
a @ main-B8BLk30S.js:26
main-B8BLk30S.js:72 [intlify] Fall back to translate 'dashboard.no_overdue_invoices' key with 'en' locale.
Id @ main-B8BLk30S.js:72
Yz @ main-B8BLk30S.js:75
PK @ main-B8BLk30S.js:75
(anonymous) @ main-B8BLk30S.js:105
La @ main-B8BLk30S.js:105
Uo @ main-B8BLk30S.js:105
(anonymous) @ Dashboard-CswzTAaU.js:1
n @ main-B8BLk30S.js:20
rt @ main-B8BLk30S.js:22
(anonymous) @ main-B8BLk30S.js:109
pf @ main-B8BLk30S.js:22
G @ main-B8BLk30S.js:22
run @ main-B8BLk30S.js:16
runIfDirty @ main-B8BLk30S.js:16
uc @ main-B8BLk30S.js:20
JA @ main-B8BLk30S.js:20
Promise.then
GA @ main-B8BLk30S.js:20
ik @ main-B8BLk30S.js:20
oe.scheduler @ main-B8BLk30S.js:22
trigger @ main-B8BLk30S.js:16
Q0 @ main-B8BLk30S.js:16
notify @ main-B8BLk30S.js:16
trigger @ main-B8BLk30S.js:16
set value @ main-B8BLk30S.js:16
$ @ Dashboard-CswzTAaU.js:1
await in $
(anonymous) @ Dashboard-CswzTAaU.js:1
(anonymous) @ main-B8BLk30S.js:22
uc @ main-B8BLk30S.js:20
Zi @ main-B8BLk30S.js:20
Hh.t.__weh.t.__weh @ main-B8BLk30S.js:22
Rf @ main-B8BLk30S.js:20
JA @ main-B8BLk30S.js:20
Promise.then
GA @ main-B8BLk30S.js:20
od @ main-B8BLk30S.js:20
WC @ main-B8BLk30S.js:22
s.scheduler @ main-B8BLk30S.js:22
G9._.scheduler @ main-B8BLk30S.js:16
trigger @ main-B8BLk30S.js:16
Q0 @ main-B8BLk30S.js:16
notify @ main-B8BLk30S.js:16
trigger @ main-B8BLk30S.js:16
set value @ main-B8BLk30S.js:16
Y @ main-B8BLk30S.js:38
(anonymous) @ main-B8BLk30S.js:38
Promise.then
j @ main-B8BLk30S.js:38
D @ main-B8BLk30S.js:38
s @ main-B8BLk30S.js:38
uc @ main-B8BLk30S.js:20
Zi @ main-B8BLk30S.js:20
a @ main-B8BLk30S.js:26
main-B8BLk30S.js:72 [intlify] Not found 'dashboard.no_overdue_invoices' key in 'en' locale messages.
Id @ main-B8BLk30S.js:72
lg @ main-B8BLk30S.js:75
Yz @ main-B8BLk30S.js:75
PK @ main-B8BLk30S.js:75
(anonymous) @ main-B8BLk30S.js:105
La @ main-B8BLk30S.js:105
Uo @ main-B8BLk30S.js:105
(anonymous) @ Dashboard-CswzTAaU.js:1
n @ main-B8BLk30S.js:20
rt @ main-B8BLk30S.js:22
(anonymous) @ main-B8BLk30S.js:109
pf @ main-B8BLk30S.js:22
G @ main-B8BLk30S.js:22
run @ main-B8BLk30S.js:16
runIfDirty @ main-B8BLk30S.js:16
uc @ main-B8BLk30S.js:20
JA @ main-B8BLk30S.js:20
Promise.then
GA @ main-B8BLk30S.js:20
ik @ main-B8BLk30S.js:20
oe.scheduler @ main-B8BLk30S.js:22
trigger @ main-B8BLk30S.js:16
Q0 @ main-B8BLk30S.js:16
notify @ main-B8BLk30S.js:16
trigger @ main-B8BLk30S.js:16
set value @ main-B8BLk30S.js:16
$ @ Dashboard-CswzTAaU.js:1
await in $
(anonymous) @ Dashboard-CswzTAaU.js:1
(anonymous) @ main-B8BLk30S.js:22
uc @ main-B8BLk30S.js:20
Zi @ main-B8BLk30S.js:20
Hh.t.__weh.t.__weh @ main-B8BLk30S.js:22
Rf @ main-B8BLk30S.js:20
JA @ main-B8BLk30S.js:20
Promise.then
GA @ main-B8BLk30S.js:20
od @ main-B8BLk30S.js:20
WC @ main-B8BLk30S.js:22
s.scheduler @ main-B8BLk30S.js:22
G9._.scheduler @ main-B8BLk30S.js:16
trigger @ main-B8BLk30S.js:16
Q0 @ main-B8BLk30S.js:16
notify @ main-B8BLk30S.js:16
trigger @ main-B8BLk30S.js:16
set value @ main-B8BLk30S.js:16
Y @ main-B8BLk30S.js:38
(anonymous) @ main-B8BLk30S.js:38
Promise.then
j @ main-B8BLk30S.js:38
D @ main-B8BLk30S.js:38
s @ main-B8BLk30S.js:38
uc @ main-B8BLk30S.js:20
Zi @ main-B8BLk30S.js:20
a @ main-B8BLk30S.js:26
main-B8BLk30S.js:4  GET https://app.facturino.mk/api/v1/api/v1/ai/insights 404 (Not Found)
(anonymous) @ main-B8BLk30S.js:4
xhr @ main-B8BLk30S.js:4
yx @ main-B8BLk30S.js:6
Promise.then
_request @ main-B8BLk30S.js:7
request @ main-B8BLk30S.js:6
Vl.<computed> @ main-B8BLk30S.js:7
(anonymous) @ main-B8BLk30S.js:2
$ @ Dashboard-CswzTAaU.js:1
(anonymous) @ Dashboard-CswzTAaU.js:1
(anonymous) @ main-B8BLk30S.js:22
uc @ main-B8BLk30S.js:20
Zi @ main-B8BLk30S.js:20
Hh.t.__weh.t.__weh @ main-B8BLk30S.js:22
Rf @ main-B8BLk30S.js:20
JA @ main-B8BLk30S.js:20
Promise.then
GA @ main-B8BLk30S.js:20
od @ main-B8BLk30S.js:20
WC @ main-B8BLk30S.js:22
s.scheduler @ main-B8BLk30S.js:22
G9._.scheduler @ main-B8BLk30S.js:16
trigger @ main-B8BLk30S.js:16
Q0 @ main-B8BLk30S.js:16
notify @ main-B8BLk30S.js:16
trigger @ main-B8BLk30S.js:16
set value @ main-B8BLk30S.js:16
Y @ main-B8BLk30S.js:38
(anonymous) @ main-B8BLk30S.js:38
Promise.then
j @ main-B8BLk30S.js:38
D @ main-B8BLk30S.js:38
s @ main-B8BLk30S.js:38
uc @ main-B8BLk30S.js:20
Zi @ main-B8BLk30S.js:20
a @ main-B8BLk30S.js:26
Dashboard-CswzTAaU.js:1 Failed to fetch AI insights: Tt {message: 'Request failed with status code 404', name: 'AxiosError', code: 'ERR_BAD_REQUEST', config: {…}, request: XMLHttpRequest, …}
$ @ Dashboard-CswzTAaU.js:1
await in $
(anonymous) @ Dashboard-CswzTAaU.js:1
(anonymous) @ main-B8BLk30S.js:22
uc @ main-B8BLk30S.js:20
Zi @ main-B8BLk30S.js:20
Hh.t.__weh.t.__weh @ main-B8BLk30S.js:22
Rf @ main-B8BLk30S.js:20
JA @ main-B8BLk30S.js:20
Promise.then
GA @ main-B8BLk30S.js:20
od @ main-B8BLk30S.js:20
WC @ main-B8BLk30S.js:22
s.scheduler @ main-B8BLk30S.js:22
G9._.scheduler @ main-B8BLk30S.js:16
trigger @ main-B8BLk30S.js:16
Q0 @ main-B8BLk30S.js:16
notify @ main-B8BLk30S.js:16
trigger @ main-B8BLk30S.js:16
set value @ main-B8BLk30S.js:16
Y @ main-B8BLk30S.js:38
(anonymous) @ main-B8BLk30S.js:38
Promise.then
j @ main-B8BLk30S.js:38
D @ main-B8BLk30S.js:38
s @ main-B8BLk30S.js:38
uc @ main-B8BLk30S.js:20
Zi @ main-B8BLk30S.js:20
a @ main-B8BLk30S.js:26
