2025-11-19T19:34:17.000000000Z [inf]  Mounting volume on: /var/lib/containers/railwayapp/bind-mounts/1b95bce5-99e1-48b0-91f0-2ec65cb4889a/vol_fbj0jmd9ow95b1he
2025-11-19T19:34:18.000000000Z [inf]  Starting Container
2025-11-19T19:34:20.025050289Z [inf]  === Application Startup ===
2025-11-19T19:34:20.025056150Z [inf]  Railway detected: Parsing MYSQL_URL...
2025-11-19T19:34:20.025062685Z [inf]  DB configured from MYSQL_URL
2025-11-19T19:34:20.025068413Z [inf]  Waiting for database at mysql-y5el.railway.internal:3306...
2025-11-19T19:34:20.025073914Z [inf]  Waiting for database... (1/30)
2025-11-19T19:34:20.890953941Z [inf]  Waiting for database... (2/30)
2025-11-19T19:34:23.051902529Z [inf]  Waiting for database... (3/30)
2025-11-19T19:34:25.214693456Z [inf]  Waiting for database... (4/30)
2025-11-19T19:34:27.390826752Z [inf]  Waiting for database... (5/30)
2025-11-19T19:34:30.017647575Z [inf]  Waiting for database... (6/30)
2025-11-19T19:34:32.063566363Z [inf]  Waiting for database... (7/30)
2025-11-19T19:34:34.099942356Z [inf]  Waiting for database... (8/30)
2025-11-19T19:34:36.067521690Z [inf]  Waiting for database... (9/30)
2025-11-19T19:34:38.227187572Z [inf]  Waiting for database... (10/30)
2025-11-19T19:34:40.398699812Z [inf]  Waiting for database... (11/30)
2025-11-19T19:34:43.108061796Z [inf]  Waiting for database... (12/30)
2025-11-19T19:34:45.089933102Z [inf]  Waiting for database... (13/30)
2025-11-19T19:34:47.105008692Z [inf]  Waiting for database... (14/30)
2025-11-19T19:34:49.080705391Z [inf]  Waiting for database... (15/30)
2025-11-19T19:34:51.255170860Z [inf]  Waiting for database... (16/30)
2025-11-19T19:34:53.436369805Z [inf]  Waiting for database... (17/30)
2025-11-19T19:34:56.153393342Z [inf]  Waiting for database... (18/30)
2025-11-19T19:34:58.223357225Z [inf]  Waiting for database... (19/30)
2025-11-19T19:35:00.188584061Z [inf]  Waiting for database... (20/30)
2025-11-19T19:35:02.209617062Z [inf]  Waiting for database... (21/30)
2025-11-19T19:35:04.298160324Z [inf]  Waiting for database... (22/30)
2025-11-19T19:35:06.498380965Z [inf]  Waiting for database... (23/30)
2025-11-19T19:35:08.662410052Z [inf]  Waiting for database... (24/30)
2025-11-19T19:35:11.302294093Z [inf]  Waiting for database... (25/30)
2025-11-19T19:35:13.413201194Z [inf]  Waiting for database... (26/30)
2025-11-19T19:35:15.312188846Z [inf]  Waiting for database... (27/30)
2025-11-19T19:35:17.334957432Z [inf]  Waiting for database... (28/30)
2025-11-19T19:35:19.500623069Z [inf]  Waiting for database... (29/30)
2025-11-19T19:35:21.687696459Z [inf]  Waiting for database... (30/30)
2025-11-19T19:35:23.753188543Z [inf]  ✅ Permissions set for www user
2025-11-19T19:35:23.753195313Z [inf]  Nginx configured to listen on ports 80 and 8080
2025-11-19T19:35:23.753200302Z [inf]  Clearing caches...
2025-11-19T19:35:24.392592812Z [inf]  
2025-11-19T19:35:24.392598369Z [inf]     INFO  Configuration cache cleared successfully.  
2025-11-19T19:35:24.392603627Z [inf]  
2025-11-19T19:35:24.591058803Z [inf]  
2025-11-19T19:35:24.591065837Z [inf]     INFO  Application cache cleared successfully.  
2025-11-19T19:35:24.591070634Z [inf]  
2025-11-19T19:35:25.417674163Z [inf]  
2025-11-19T19:35:25.417679404Z [inf]     INFO  Route cache cleared successfully.  
2025-11-19T19:35:25.417684190Z [inf]  
2025-11-19T19:35:25.417691249Z [inf]  
2025-11-19T19:35:25.417695754Z [inf]     INFO  Compiled views cleared successfully.  
2025-11-19T19:35:25.417700497Z [inf]  
2025-11-19T19:35:25.417705661Z [inf]  Running migrations...
2025-11-19T19:35:25.700623244Z [inf]  
2025-11-19T19:35:25.700627586Z [inf]     INFO  Nothing to migrate.  
2025-11-19T19:35:25.700631618Z [inf]  
2025-11-19T19:35:26.400322504Z [inf]  Profile status: COMPLETED
2025-11-19T19:35:26.701892962Z [inf]  Database marker exists: YES
2025-11-19T19:35:26.701902180Z [inf]  Already installed (profile_complete = COMPLETED)
2025-11-19T19:35:26.701908173Z [inf]  ✅ Installation complete, all markers in place
2025-11-19T19:35:27.433567649Z [inf]  Laravel Framework 12.12.0
2025-11-19T19:35:27.433579803Z [inf]  Testing PHP bootstrap...
2025-11-19T19:35:27.433759647Z [inf]  
2025-11-19T19:35:27.433769826Z [inf]     INFO  The [public/storage] link has been connected to [storage/app/public].  
2025-11-19T19:35:27.433777312Z [inf]  
2025-11-19T19:35:27.433785155Z [inf]  Verifying Laravel application...
2025-11-19T19:35:27.830326537Z [inf]  
2025-11-19T19:35:27.830338928Z [inf]    GET|HEAD        / ..................................................... home
2025-11-19T19:35:27.830352237Z [inf]    GET|HEAD        admin/{vue?} ............................... admin.dashboard
2025-11-19T19:35:27.830357085Z [inf]    GET|HEAD        api/cron ...................... V1\Webhook\CronJobController
2025-11-19T19:35:27.830361785Z [inf]    GET|HEAD        api/ping .............................................. ping
2025-11-19T19:35:28.542670244Z [inf]  Testing database connection...
2025-11-19T19:35:28.542674979Z [inf]  DB OK
2025-11-19T19:35:28.543119500Z [inf]  Enabling verbose PHP errors for debugging...
2025-11-19T19:35:28.543125982Z [inf]  Testing home route...
2025-11-19T19:35:29.433686410Z [err]    import pkg_resources
2025-11-19T19:35:29.433704567Z [inf]  Home route test passed
2025-11-19T19:35:29.433705342Z [inf]  2025-11-19 19:35:29,286 INFO Set uid to user 0 succeeded
2025-11-19T19:35:29.433716375Z [inf]  Validating nginx configuration...
2025-11-19T19:35:29.433719865Z [inf]  2025-11-19 19:35:29,288 INFO supervisord started with pid 118
2025-11-19T19:35:29.433725895Z [inf]  nginx: the configuration file /etc/nginx/nginx.conf syntax is ok
2025-11-19T19:35:29.433732320Z [inf]  nginx: configuration file /etc/nginx/nginx.conf test is successful
2025-11-19T19:35:29.433742959Z [inf]  Validating PHP-FPM configuration...
2025-11-19T19:35:29.433748108Z [inf]  [19-Nov-2025 19:35:29] NOTICE: configuration file /usr/local/etc/php-fpm.conf test is successful
2025-11-19T19:35:29.433754608Z [inf]  [19-Nov-2025 19:35:29] NOTICE: configuration file /usr/local/etc/php-fpm.conf test is successful
2025-11-19T19:35:29.433762380Z [inf]  
2025-11-19T19:35:29.433769355Z [inf]  
2025-11-19T19:35:29.433775119Z [inf]  Setting final permissions before starting services...
2025-11-19T19:35:29.433783413Z [inf]  ✅ Final permissions set for www user
2025-11-19T19:35:29.433794282Z [inf]  Starting application services in background...
2025-11-19T19:35:29.433802402Z [inf]  Waiting for services to be ready...
2025-11-19T19:35:29.433809714Z [err]  /usr/lib/python3.12/site-packages/supervisor/options.py:13: UserWarning: pkg_resources is deprecated as an API. See https://setuptools.pypa.io/en/latest/pkg_resources.html. The pkg_resources package is slated for removal as early as 2025-11-30. Refrain from using this package or pin to Setuptools<81.
2025-11-19T19:35:30.399938064Z [inf]  2025-11-19 19:35:30,291 INFO spawned: 'nginx' with pid 120
2025-11-19T19:35:30.399944291Z [err]  [19-Nov-2025 19:35:30] NOTICE: fpm is running, pid 121
2025-11-19T19:35:30.399953035Z [inf]  2025-11-19 19:35:30,293 INFO spawned: 'php-fpm' with pid 121
2025-11-19T19:35:30.399962589Z [err]  [19-Nov-2025 19:35:30] NOTICE: ready to handle connections
2025-11-19T19:35:30.399966573Z [inf]  2025-11-19 19:35:30,296 INFO spawned: 'scheduler' with pid 122
2025-11-19T19:35:31.647253685Z [inf]  2025-11-19 19:35:31,634 INFO success: nginx entered RUNNING state, process has stayed up for > than 1 seconds (startsecs)
2025-11-19T19:35:31.647270101Z [inf]  2025-11-19 19:35:31,635 INFO success: php-fpm entered RUNNING state, process has stayed up for > than 1 seconds (startsecs)
2025-11-19T19:35:31.647278984Z [inf]  2025-11-19 19:35:31,635 INFO success: scheduler entered RUNNING state, process has stayed up for > than 1 seconds (startsecs)
2025-11-19T19:35:34.522590015Z [inf]  tcp        0      0 :::9000                 :::*                    LISTEN      
2025-11-19T19:35:34.522599387Z [inf]  Checking if nginx is listening on port 8080...
2025-11-19T19:35:34.522605417Z [inf]  tcp        0      0 0.0.0.0:8080            0.0.0.0:*               LISTEN      
2025-11-19T19:35:34.522610154Z [inf]  Testing HTTP request through nginx/php-fpm...
2025-11-19T19:35:34.522700336Z [inf]  Checking if PHP-FPM is listening on port 9000...
2025-11-19T19:35:34.797986495Z [err]  127.0.0.1 -  19/Nov/2025:19:35:34 +0000 "GET /index.php" 200
2025-11-19T19:35:34.800711584Z [inf]  ✅ Health check passed (HTTP 200)
2025-11-19T19:35:34.800722178Z [inf]  Testing home route through HTTP...
2025-11-19T19:35:34.926397040Z [err]  127.0.0.1 -  19/Nov/2025:19:35:34 +0000 "GET /index.php" 200
2025-11-19T19:35:34.926406457Z [inf]  ✅ Home route accessible (HTTP 200)
2025-11-19T19:35:34.926414052Z [inf]  All startup checks complete. Supervisor running with PID 118
2025-11-19T19:35:34.926423551Z [inf]  Application ready to serve requests.
2025-11-19T19:35:41.601645510Z [err]  127.0.0.1 -  19/Nov/2025:19:35:41 +0000 "GET /index.php" 200
2025-11-19T19:36:11.867287355Z [err]  127.0.0.1 -  19/Nov/2025:19:36:02 +0000 "GET /index.php" 200
2025-11-19T19:36:11.867294939Z [err]  127.0.0.1 -  19/Nov/2025:19:36:03 +0000 "GET /index.php" 200
2025-11-19T19:36:11.867303612Z [err]  127.0.0.1 -  19/Nov/2025:19:36:03 +0000 "GET /index.php" 403
2025-11-19T19:36:11.867310245Z [err]  127.0.0.1 -  19/Nov/2025:19:36:03 +0000 "GET /index.php" 403
2025-11-19T19:36:11.867326147Z [err]  127.0.0.1 -  19/Nov/2025:19:36:09 +0000 "GET /index.php" 200
2025-11-19T19:42:13.881700124Z [err]  127.0.0.1 -  19/Nov/2025:19:42:08 +0000 "POST /index.php" 200
2025-11-19T19:42:13.881707034Z [err]  127.0.0.1 -  19/Nov/2025:19:42:11 +0000 "GET /index.php" 204
2025-11-19T19:42:13.881712458Z [err]  127.0.0.1 -  19/Nov/2025:19:42:12 +0000 "POST /index.php" 200
2025-11-19T19:42:13.881718049Z [err]  127.0.0.1 -  19/Nov/2025:19:42:12 +0000 "GET /index.php" 403
2025-11-19T19:42:13.881722754Z [err]  127.0.0.1 -  19/Nov/2025:19:42:12 +0000 "GET /index.php" 403
2025-11-19T19:42:14.161353070Z [err]  127.0.0.1 -  19/Nov/2025:19:42:14 +0000 "GET /index.php" 200
2025-11-19T19:42:14.746639850Z [err]  127.0.0.1 -  19/Nov/2025:19:42:14 +0000 "GET /index.php" 200
2025-11-19T19:42:14.746648956Z [err]  127.0.0.1 -  19/Nov/2025:19:42:14 +0000 "GET /index.php" 403
2025-11-19T19:42:14.798104463Z [err]  127.0.0.1 -  19/Nov/2025:19:42:14 +0000 "GET /index.php" 403
2025-11-19T19:42:16.837224107Z [err]  127.0.0.1 -  19/Nov/2025:19:42:16 +0000 "GET /index.php" 200
2025-11-19T19:42:17.013214693Z [err]  127.0.0.1 -  19/Nov/2025:19:42:16 +0000 "GET /index.php" 200
2025-11-19T19:42:17.158597473Z [err]  127.0.0.1 -  19/Nov/2025:19:42:17 +0000 "GET /index.php" 403
2025-11-19T19:42:17.792924165Z [err]  127.0.0.1 -  19/Nov/2025:19:42:17 +0000 "GET /index.php" 403