main-DlgftOp2.js:109 🔥🔥🔥 CUSTOMER STORE MODULE LOADED - VERSION 2025-11-26-03:11 🔥🔥🔥
main-DlgftOp2.js:72 [intlify] Not found 'proforma_invoices.statuses.draft' key in 'mk' locale messages.
rd @ main-DlgftOp2.js:72
yh @ main-DlgftOp2.js:75
ej @ main-DlgftOp2.js:75
lq @ main-DlgftOp2.js:75
(anonymous) @ main-DlgftOp2.js:105
bo @ main-DlgftOp2.js:105
ts @ main-DlgftOp2.js:105
(anonymous) @ View-DqzwV_1n.js:1
n @ main-DlgftOp2.js:20
ct @ main-DlgftOp2.js:22
(anonymous) @ main-DlgftOp2.js:109
Cp @ main-DlgftOp2.js:22
G @ main-DlgftOp2.js:22
run @ main-DlgftOp2.js:16
de @ main-DlgftOp2.js:22
Ne @ main-DlgftOp2.js:22
ie @ main-DlgftOp2.js:22
v @ main-DlgftOp2.js:22
D @ main-DlgftOp2.js:22
I @ main-DlgftOp2.js:22
z @ main-DlgftOp2.js:22
v @ main-DlgftOp2.js:22
D @ main-DlgftOp2.js:22
Z @ main-DlgftOp2.js:22
v @ main-DlgftOp2.js:22
D @ main-DlgftOp2.js:22
I @ main-DlgftOp2.js:22
z @ main-DlgftOp2.js:22
v @ main-DlgftOp2.js:22
G @ main-DlgftOp2.js:22
run @ main-DlgftOp2.js:16
de @ main-DlgftOp2.js:22
Ne @ main-DlgftOp2.js:22
ie @ main-DlgftOp2.js:22
v @ main-DlgftOp2.js:22
G @ main-DlgftOp2.js:22
run @ main-DlgftOp2.js:16
runIfDirty @ main-DlgftOp2.js:16
$l @ main-DlgftOp2.js:20
nA @ main-DlgftOp2.js:20
Promise.then
aA @ main-DlgftOp2.js:20
Yb @ main-DlgftOp2.js:20
re.scheduler @ main-DlgftOp2.js:22
trigger @ main-DlgftOp2.js:16
qb @ main-DlgftOp2.js:16
notify @ main-DlgftOp2.js:16
trigger @ main-DlgftOp2.js:16
set value @ main-DlgftOp2.js:16
z @ View-DqzwV_1n.js:1
await in z
setup @ View-DqzwV_1n.js:1
$l @ main-DlgftOp2.js:20
l8 @ main-DlgftOp2.js:22
rz @ main-DlgftOp2.js:22
Ne @ main-DlgftOp2.js:22
ie @ main-DlgftOp2.js:22
v @ main-DlgftOp2.js:22
G @ main-DlgftOp2.js:22
run @ main-DlgftOp2.js:16
de @ main-DlgftOp2.js:22
Ne @ main-DlgftOp2.js:22
ie @ main-DlgftOp2.js:22
v @ main-DlgftOp2.js:22
D @ main-DlgftOp2.js:22
I @ main-DlgftOp2.js:22
z @ main-DlgftOp2.js:22
v @ main-DlgftOp2.js:22
D @ main-DlgftOp2.js:22
I @ main-DlgftOp2.js:22
z @ main-DlgftOp2.js:22
v @ main-DlgftOp2.js:22
D @ main-DlgftOp2.js:22
I @ main-DlgftOp2.js:22
z @ main-DlgftOp2.js:22
v @ main-DlgftOp2.js:22
G @ main-DlgftOp2.js:22
run @ main-DlgftOp2.js:16
runIfDirty @ main-DlgftOp2.js:16
$l @ main-DlgftOp2.js:20
nA @ main-DlgftOp2.js:20
Promise.then
aA @ main-DlgftOp2.js:20
Yb @ main-DlgftOp2.js:20
re.scheduler @ main-DlgftOp2.js:22
trigger @ main-DlgftOp2.js:16
qb @ main-DlgftOp2.js:16
Dr @ main-DlgftOp2.js:16
set @ main-DlgftOp2.js:16
set value @ main-DlgftOp2.js:16
set @ main-DlgftOp2.js:16
(anonymous) @ main-DlgftOp2.js:68
Promise.then
(anonymous) @ main-DlgftOp2.js:68
bootstrap @ main-DlgftOp2.js:68
U @ main-DlgftOp2.js:42
(anonymous) @ LayoutBasic-DXTTFO3X.js:1
(anonymous) @ main-DlgftOp2.js:22
$l @ main-DlgftOp2.js:20
qi @ main-DlgftOp2.js:20
t.__weh.t.__weh @ main-DlgftOp2.js:22
Xp @ main-DlgftOp2.js:20
nA @ main-DlgftOp2.js:20
Promise.then
aA @ main-DlgftOp2.js:20
Cc @ main-DlgftOp2.js:20
QA @ main-DlgftOp2.js:22
D_.l.scheduler @ main-DlgftOp2.js:22
_.scheduler @ main-DlgftOp2.js:16
trigger @ main-DlgftOp2.js:16
qb @ main-DlgftOp2.js:16
notify @ main-DlgftOp2.js:16
trigger @ main-DlgftOp2.js:16
set value @ main-DlgftOp2.js:16
Z @ main-DlgftOp2.js:38
(anonymous) @ main-DlgftOp2.js:38
Promise.then
j @ main-DlgftOp2.js:38
P @ main-DlgftOp2.js:38
install @ main-DlgftOp2.js:38
use @ main-DlgftOp2.js:22
start @ main-DlgftOp2.js:140
(anonymous) @ view:32
main-DlgftOp2.js:72 [intlify] Fall back to translate 'proforma_invoices.statuses.draft' key with 'en' locale.
rd @ main-DlgftOp2.js:72
ej @ main-DlgftOp2.js:75
lq @ main-DlgftOp2.js:75
(anonymous) @ main-DlgftOp2.js:105
bo @ main-DlgftOp2.js:105
ts @ main-DlgftOp2.js:105
(anonymous) @ View-DqzwV_1n.js:1
n @ main-DlgftOp2.js:20
ct @ main-DlgftOp2.js:22
(anonymous) @ main-DlgftOp2.js:109
Cp @ main-DlgftOp2.js:22
G @ main-DlgftOp2.js:22
run @ main-DlgftOp2.js:16
de @ main-DlgftOp2.js:22
Ne @ main-DlgftOp2.js:22
ie @ main-DlgftOp2.js:22
v @ main-DlgftOp2.js:22
D @ main-DlgftOp2.js:22
I @ main-DlgftOp2.js:22
z @ main-DlgftOp2.js:22
v @ main-DlgftOp2.js:22
D @ main-DlgftOp2.js:22
Z @ main-DlgftOp2.js:22
v @ main-DlgftOp2.js:22
D @ main-DlgftOp2.js:22
I @ main-DlgftOp2.js:22
z @ main-DlgftOp2.js:22
v @ main-DlgftOp2.js:22
G @ main-DlgftOp2.js:22
run @ main-DlgftOp2.js:16
de @ main-DlgftOp2.js:22
Ne @ main-DlgftOp2.js:22
ie @ main-DlgftOp2.js:22
v @ main-DlgftOp2.js:22
G @ main-DlgftOp2.js:22
run @ main-DlgftOp2.js:16
runIfDirty @ main-DlgftOp2.js:16
$l @ main-DlgftOp2.js:20
nA @ main-DlgftOp2.js:20
Promise.then
aA @ main-DlgftOp2.js:20
Yb @ main-DlgftOp2.js:20
re.scheduler @ main-DlgftOp2.js:22
trigger @ main-DlgftOp2.js:16
qb @ main-DlgftOp2.js:16
notify @ main-DlgftOp2.js:16
trigger @ main-DlgftOp2.js:16
set value @ main-DlgftOp2.js:16
z @ View-DqzwV_1n.js:1
await in z
setup @ View-DqzwV_1n.js:1
$l @ main-DlgftOp2.js:20
l8 @ main-DlgftOp2.js:22
rz @ main-DlgftOp2.js:22
Ne @ main-DlgftOp2.js:22
ie @ main-DlgftOp2.js:22
v @ main-DlgftOp2.js:22
G @ main-DlgftOp2.js:22
run @ main-DlgftOp2.js:16
de @ main-DlgftOp2.js:22
Ne @ main-DlgftOp2.js:22
ie @ main-DlgftOp2.js:22
v @ main-DlgftOp2.js:22
D @ main-DlgftOp2.js:22
I @ main-DlgftOp2.js:22
z @ main-DlgftOp2.js:22
v @ main-DlgftOp2.js:22
D @ main-DlgftOp2.js:22
I @ main-DlgftOp2.js:22
z @ main-DlgftOp2.js:22
v @ main-DlgftOp2.js:22
D @ main-DlgftOp2.js:22
I @ main-DlgftOp2.js:22
z @ main-DlgftOp2.js:22
v @ main-DlgftOp2.js:22
G @ main-DlgftOp2.js:22
run @ main-DlgftOp2.js:16
runIfDirty @ main-DlgftOp2.js:16
$l @ main-DlgftOp2.js:20
nA @ main-DlgftOp2.js:20
Promise.then
aA @ main-DlgftOp2.js:20
Yb @ main-DlgftOp2.js:20
re.scheduler @ main-DlgftOp2.js:22
trigger @ main-DlgftOp2.js:16
qb @ main-DlgftOp2.js:16
Dr @ main-DlgftOp2.js:16
set @ main-DlgftOp2.js:16
set value @ main-DlgftOp2.js:16
set @ main-DlgftOp2.js:16
(anonymous) @ main-DlgftOp2.js:68
Promise.then
(anonymous) @ main-DlgftOp2.js:68
bootstrap @ main-DlgftOp2.js:68
U @ main-DlgftOp2.js:42
(anonymous) @ LayoutBasic-DXTTFO3X.js:1
(anonymous) @ main-DlgftOp2.js:22
$l @ main-DlgftOp2.js:20
qi @ main-DlgftOp2.js:20
t.__weh.t.__weh @ main-DlgftOp2.js:22
Xp @ main-DlgftOp2.js:20
nA @ main-DlgftOp2.js:20
Promise.then
aA @ main-DlgftOp2.js:20
Cc @ main-DlgftOp2.js:20
QA @ main-DlgftOp2.js:22
D_.l.scheduler @ main-DlgftOp2.js:22
_.scheduler @ main-DlgftOp2.js:16
trigger @ main-DlgftOp2.js:16
qb @ main-DlgftOp2.js:16
notify @ main-DlgftOp2.js:16
trigger @ main-DlgftOp2.js:16
set value @ main-DlgftOp2.js:16
Z @ main-DlgftOp2.js:38
(anonymous) @ main-DlgftOp2.js:38
Promise.then
j @ main-DlgftOp2.js:38
P @ main-DlgftOp2.js:38
install @ main-DlgftOp2.js:38
use @ main-DlgftOp2.js:22
start @ main-DlgftOp2.js:140
(anonymous) @ view:32
main-DlgftOp2.js:72 [intlify] Not found 'proforma_invoices.statuses.draft' key in 'en' locale messages.
rd @ main-DlgftOp2.js:72
yh @ main-DlgftOp2.js:75
ej @ main-DlgftOp2.js:75
lq @ main-DlgftOp2.js:75
(anonymous) @ main-DlgftOp2.js:105
bo @ main-DlgftOp2.js:105
ts @ main-DlgftOp2.js:105
(anonymous) @ View-DqzwV_1n.js:1
n @ main-DlgftOp2.js:20
ct @ main-DlgftOp2.js:22
(anonymous) @ main-DlgftOp2.js:109
Cp @ main-DlgftOp2.js:22
G @ main-DlgftOp2.js:22
run @ main-DlgftOp2.js:16
de @ main-DlgftOp2.js:22
Ne @ main-DlgftOp2.js:22
ie @ main-DlgftOp2.js:22
v @ main-DlgftOp2.js:22
D @ main-DlgftOp2.js:22
I @ main-DlgftOp2.js:22
z @ main-DlgftOp2.js:22
v @ main-DlgftOp2.js:22
D @ main-DlgftOp2.js:22
Z @ main-DlgftOp2.js:22
v @ main-DlgftOp2.js:22
D @ main-DlgftOp2.js:22
I @ main-DlgftOp2.js:22
z @ main-DlgftOp2.js:22
v @ main-DlgftOp2.js:22
G @ main-DlgftOp2.js:22
run @ main-DlgftOp2.js:16
de @ main-DlgftOp2.js:22
Ne @ main-DlgftOp2.js:22
ie @ main-DlgftOp2.js:22
v @ main-DlgftOp2.js:22
G @ main-DlgftOp2.js:22
run @ main-DlgftOp2.js:16
runIfDirty @ main-DlgftOp2.js:16
$l @ main-DlgftOp2.js:20
nA @ main-DlgftOp2.js:20
Promise.then
aA @ main-DlgftOp2.js:20
Yb @ main-DlgftOp2.js:20
re.scheduler @ main-DlgftOp2.js:22
trigger @ main-DlgftOp2.js:16
qb @ main-DlgftOp2.js:16
notify @ main-DlgftOp2.js:16
trigger @ main-DlgftOp2.js:16
set value @ main-DlgftOp2.js:16
z @ View-DqzwV_1n.js:1
await in z
setup @ View-DqzwV_1n.js:1
$l @ main-DlgftOp2.js:20
l8 @ main-DlgftOp2.js:22
rz @ main-DlgftOp2.js:22
Ne @ main-DlgftOp2.js:22
ie @ main-DlgftOp2.js:22
v @ main-DlgftOp2.js:22
G @ main-DlgftOp2.js:22
run @ main-DlgftOp2.js:16
de @ main-DlgftOp2.js:22
Ne @ main-DlgftOp2.js:22
ie @ main-DlgftOp2.js:22
v @ main-DlgftOp2.js:22
D @ main-DlgftOp2.js:22
I @ main-DlgftOp2.js:22
z @ main-DlgftOp2.js:22
v @ main-DlgftOp2.js:22
D @ main-DlgftOp2.js:22
I @ main-DlgftOp2.js:22
z @ main-DlgftOp2.js:22
v @ main-DlgftOp2.js:22
D @ main-DlgftOp2.js:22
I @ main-DlgftOp2.js:22
z @ main-DlgftOp2.js:22
v @ main-DlgftOp2.js:22
G @ main-DlgftOp2.js:22
run @ main-DlgftOp2.js:16
runIfDirty @ main-DlgftOp2.js:16
$l @ main-DlgftOp2.js:20
nA @ main-DlgftOp2.js:20
Promise.then
aA @ main-DlgftOp2.js:20
Yb @ main-DlgftOp2.js:20
re.scheduler @ main-DlgftOp2.js:22
trigger @ main-DlgftOp2.js:16
qb @ main-DlgftOp2.js:16
Dr @ main-DlgftOp2.js:16
set @ main-DlgftOp2.js:16
set value @ main-DlgftOp2.js:16
set @ main-DlgftOp2.js:16
(anonymous) @ main-DlgftOp2.js:68
Promise.then
(anonymous) @ main-DlgftOp2.js:68
bootstrap @ main-DlgftOp2.js:68
U @ main-DlgftOp2.js:42
(anonymous) @ LayoutBasic-DXTTFO3X.js:1
(anonymous) @ main-DlgftOp2.js:22
$l @ main-DlgftOp2.js:20
qi @ main-DlgftOp2.js:20
t.__weh.t.__weh @ main-DlgftOp2.js:22
Xp @ main-DlgftOp2.js:20
nA @ main-DlgftOp2.js:20
Promise.then
aA @ main-DlgftOp2.js:20
Cc @ main-DlgftOp2.js:20
QA @ main-DlgftOp2.js:22
D_.l.scheduler @ main-DlgftOp2.js:22
_.scheduler @ main-DlgftOp2.js:16
trigger @ main-DlgftOp2.js:16
qb @ main-DlgftOp2.js:16
notify @ main-DlgftOp2.js:16
trigger @ main-DlgftOp2.js:16
set value @ main-DlgftOp2.js:16
Z @ main-DlgftOp2.js:38
(anonymous) @ main-DlgftOp2.js:38
Promise.then
j @ main-DlgftOp2.js:38
P @ main-DlgftOp2.js:38
install @ main-DlgftOp2.js:38
use @ main-DlgftOp2.js:22
start @ main-DlgftOp2.js:140
(anonymous) @ view:32
main-DlgftOp2.js:72 [intlify] Not found 'proforma_invoices.details' key in 'mk' locale messages.
rd @ main-DlgftOp2.js:72
yh @ main-DlgftOp2.js:75
ej @ main-DlgftOp2.js:75
lq @ main-DlgftOp2.js:75
(anonymous) @ main-DlgftOp2.js:105
bo @ main-DlgftOp2.js:105
ts @ main-DlgftOp2.js:105
(anonymous) @ View-DqzwV_1n.js:1
n @ main-DlgftOp2.js:20
(anonymous) @ main-DlgftOp2.js:137
CE @ main-DlgftOp2.js:16
get value @ main-DlgftOp2.js:16
(anonymous) @ main-DlgftOp2.js:137
n @ main-DlgftOp2.js:20
sy @ main-DlgftOp2.js:118
ia @ main-DlgftOp2.js:118
(anonymous) @ main-DlgftOp2.js:121
Cp @ main-DlgftOp2.js:22
G @ main-DlgftOp2.js:22
run @ main-DlgftOp2.js:16
de @ main-DlgftOp2.js:22
Ne @ main-DlgftOp2.js:22
ie @ main-DlgftOp2.js:22
v @ main-DlgftOp2.js:22
D @ main-DlgftOp2.js:22
Z @ main-DlgftOp2.js:22
v @ main-DlgftOp2.js:22
D @ main-DlgftOp2.js:22
Z @ main-DlgftOp2.js:22
v @ main-DlgftOp2.js:22
G @ main-DlgftOp2.js:22
run @ main-DlgftOp2.js:16
de @ main-DlgftOp2.js:22
Ne @ main-DlgftOp2.js:22
ie @ main-DlgftOp2.js:22
v @ main-DlgftOp2.js:22
D @ main-DlgftOp2.js:22
I @ main-DlgftOp2.js:22
z @ main-DlgftOp2.js:22
v @ main-DlgftOp2.js:22
G @ main-DlgftOp2.js:22
run @ main-DlgftOp2.js:16
de @ main-DlgftOp2.js:22
Ne @ main-DlgftOp2.js:22
ie @ main-DlgftOp2.js:22
v @ main-DlgftOp2.js:22
D @ main-DlgftOp2.js:22
Z @ main-DlgftOp2.js:22
v @ main-DlgftOp2.js:22
D @ main-DlgftOp2.js:22
I @ main-DlgftOp2.js:22
z @ main-DlgftOp2.js:22
v @ main-DlgftOp2.js:22
D @ main-DlgftOp2.js:22
I @ main-DlgftOp2.js:22
z @ main-DlgftOp2.js:22
v @ main-DlgftOp2.js:22
G @ main-DlgftOp2.js:22
run @ main-DlgftOp2.js:16
de @ main-DlgftOp2.js:22
Ne @ main-DlgftOp2.js:22
ie @ main-DlgftOp2.js:22
v @ main-DlgftOp2.js:22
D @ main-DlgftOp2.js:22
Z @ main-DlgftOp2.js:22
v @ main-DlgftOp2.js:22
D @ main-DlgftOp2.js:22
I @ main-DlgftOp2.js:22
z @ main-DlgftOp2.js:22
v @ main-DlgftOp2.js:22
G @ main-DlgftOp2.js:22
run @ main-DlgftOp2.js:16
de @ main-DlgftOp2.js:22
Ne @ main-DlgftOp2.js:22
ie @ main-DlgftOp2.js:22
v @ main-DlgftOp2.js:22
G @ main-DlgftOp2.js:22
run @ main-DlgftOp2.js:16
runIfDirty @ main-DlgftOp2.js:16
$l @ main-DlgftOp2.js:20
nA @ main-DlgftOp2.js:20
Promise.then
aA @ main-DlgftOp2.js:20
Yb @ main-DlgftOp2.js:20
re.scheduler @ main-DlgftOp2.js:22
trigger @ main-DlgftOp2.js:16
qb @ main-DlgftOp2.js:16
notify @ main-DlgftOp2.js:16
trigger @ main-DlgftOp2.js:16
set value @ main-DlgftOp2.js:16
z @ View-DqzwV_1n.js:1
await in z
setup @ View-DqzwV_1n.js:1
$l @ main-DlgftOp2.js:20
l8 @ main-DlgftOp2.js:22
rz @ main-DlgftOp2.js:22
Ne @ main-DlgftOp2.js:22
ie @ main-DlgftOp2.js:22
v @ main-DlgftOp2.js:22
G @ main-DlgftOp2.js:22
run @ main-DlgftOp2.js:16
de @ main-DlgftOp2.js:22
Ne @ main-DlgftOp2.js:22
ie @ main-DlgftOp2.js:22
v @ main-DlgftOp2.js:22
D @ main-DlgftOp2.js:22
I @ main-DlgftOp2.js:22
z @ main-DlgftOp2.js:22
v @ main-DlgftOp2.js:22
D @ main-DlgftOp2.js:22
I @ main-DlgftOp2.js:22
z @ main-DlgftOp2.js:22
v @ main-DlgftOp2.js:22
D @ main-DlgftOp2.js:22
I @ main-DlgftOp2.js:22
z @ main-DlgftOp2.js:22
v @ main-DlgftOp2.js:22
G @ main-DlgftOp2.js:22
run @ main-DlgftOp2.js:16
runIfDirty @ main-DlgftOp2.js:16
$l @ main-DlgftOp2.js:20
nA @ main-DlgftOp2.js:20
Promise.then
aA @ main-DlgftOp2.js:20
Yb @ main-DlgftOp2.js:20
re.scheduler @ main-DlgftOp2.js:22
trigger @ main-DlgftOp2.js:16
qb @ main-DlgftOp2.js:16
Dr @ main-DlgftOp2.js:16
set @ main-DlgftOp2.js:16
set value @ main-DlgftOp2.js:16
set @ main-DlgftOp2.js:16
(anonymous) @ main-DlgftOp2.js:68
Promise.then
(anonymous) @ main-DlgftOp2.js:68
bootstrap @ main-DlgftOp2.js:68
U @ main-DlgftOp2.js:42
(anonymous) @ LayoutBasic-DXTTFO3X.js:1
(anonymous) @ main-DlgftOp2.js:22
$l @ main-DlgftOp2.js:20
qi @ main-DlgftOp2.js:20
t.__weh.t.__weh @ main-DlgftOp2.js:22
Xp @ main-DlgftOp2.js:20
nA @ main-DlgftOp2.js:20
Promise.then
aA @ main-DlgftOp2.js:20
Cc @ main-DlgftOp2.js:20
QA @ main-DlgftOp2.js:22
D_.l.scheduler @ main-DlgftOp2.js:22
_.scheduler @ main-DlgftOp2.js:16
trigger @ main-DlgftOp2.js:16
qb @ main-DlgftOp2.js:16
notify @ main-DlgftOp2.js:16
trigger @ main-DlgftOp2.js:16
set value @ main-DlgftOp2.js:16
Z @ main-DlgftOp2.js:38
(anonymous) @ main-DlgftOp2.js:38
Promise.then
j @ main-DlgftOp2.js:38
P @ main-DlgftOp2.js:38
install @ main-DlgftOp2.js:38
use @ main-DlgftOp2.js:22
start @ main-DlgftOp2.js:140
(anonymous) @ view:32
main-DlgftOp2.js:72 [intlify] Fall back to translate 'proforma_invoices.details' key with 'en' locale.
rd @ main-DlgftOp2.js:72
ej @ main-DlgftOp2.js:75
lq @ main-DlgftOp2.js:75
(anonymous) @ main-DlgftOp2.js:105
bo @ main-DlgftOp2.js:105
ts @ main-DlgftOp2.js:105
(anonymous) @ View-DqzwV_1n.js:1
n @ main-DlgftOp2.js:20
(anonymous) @ main-DlgftOp2.js:137
CE @ main-DlgftOp2.js:16
get value @ main-DlgftOp2.js:16
(anonymous) @ main-DlgftOp2.js:137
n @ main-DlgftOp2.js:20
sy @ main-DlgftOp2.js:118
ia @ main-DlgftOp2.js:118
(anonymous) @ main-DlgftOp2.js:121
Cp @ main-DlgftOp2.js:22
G @ main-DlgftOp2.js:22
run @ main-DlgftOp2.js:16
de @ main-DlgftOp2.js:22
Ne @ main-DlgftOp2.js:22
ie @ main-DlgftOp2.js:22
v @ main-DlgftOp2.js:22
D @ main-DlgftOp2.js:22
Z @ main-DlgftOp2.js:22
v @ main-DlgftOp2.js:22
D @ main-DlgftOp2.js:22
Z @ main-DlgftOp2.js:22
v @ main-DlgftOp2.js:22
G @ main-DlgftOp2.js:22
run @ main-DlgftOp2.js:16
de @ main-DlgftOp2.js:22
Ne @ main-DlgftOp2.js:22
ie @ main-DlgftOp2.js:22
v @ main-DlgftOp2.js:22
D @ main-DlgftOp2.js:22
I @ main-DlgftOp2.js:22
z @ main-DlgftOp2.js:22
v @ main-DlgftOp2.js:22
G @ main-DlgftOp2.js:22
run @ main-DlgftOp2.js:16
de @ main-DlgftOp2.js:22
Ne @ main-DlgftOp2.js:22
ie @ main-DlgftOp2.js:22
v @ main-DlgftOp2.js:22
D @ main-DlgftOp2.js:22
Z @ main-DlgftOp2.js:22
v @ main-DlgftOp2.js:22
D @ main-DlgftOp2.js:22
I @ main-DlgftOp2.js:22
z @ main-DlgftOp2.js:22
v @ main-DlgftOp2.js:22
D @ main-DlgftOp2.js:22
I @ main-DlgftOp2.js:22
z @ main-DlgftOp2.js:22
v @ main-DlgftOp2.js:22
G @ main-DlgftOp2.js:22
run @ main-DlgftOp2.js:16
de @ main-DlgftOp2.js:22
Ne @ main-DlgftOp2.js:22
ie @ main-DlgftOp2.js:22
v @ main-DlgftOp2.js:22
D @ main-DlgftOp2.js:22
Z @ main-DlgftOp2.js:22
v @ main-DlgftOp2.js:22
D @ main-DlgftOp2.js:22
I @ main-DlgftOp2.js:22
z @ main-DlgftOp2.js:22
v @ main-DlgftOp2.js:22
G @ main-DlgftOp2.js:22
run @ main-DlgftOp2.js:16
de @ main-DlgftOp2.js:22
Ne @ main-DlgftOp2.js:22
ie @ main-DlgftOp2.js:22
v @ main-DlgftOp2.js:22
G @ main-DlgftOp2.js:22
run @ main-DlgftOp2.js:16
runIfDirty @ main-DlgftOp2.js:16
$l @ main-DlgftOp2.js:20
nA @ main-DlgftOp2.js:20
Promise.then
aA @ main-DlgftOp2.js:20
Yb @ main-DlgftOp2.js:20
re.scheduler @ main-DlgftOp2.js:22
trigger @ main-DlgftOp2.js:16
qb @ main-DlgftOp2.js:16
notify @ main-DlgftOp2.js:16
trigger @ main-DlgftOp2.js:16
set value @ main-DlgftOp2.js:16
z @ View-DqzwV_1n.js:1
await in z
setup @ View-DqzwV_1n.js:1
$l @ main-DlgftOp2.js:20
l8 @ main-DlgftOp2.js:22
rz @ main-DlgftOp2.js:22
Ne @ main-DlgftOp2.js:22
ie @ main-DlgftOp2.js:22
v @ main-DlgftOp2.js:22
G @ main-DlgftOp2.js:22
run @ main-DlgftOp2.js:16
de @ main-DlgftOp2.js:22
Ne @ main-DlgftOp2.js:22
ie @ main-DlgftOp2.js:22
v @ main-DlgftOp2.js:22
D @ main-DlgftOp2.js:22
I @ main-DlgftOp2.js:22
z @ main-DlgftOp2.js:22
v @ main-DlgftOp2.js:22
D @ main-DlgftOp2.js:22
I @ main-DlgftOp2.js:22
z @ main-DlgftOp2.js:22
v @ main-DlgftOp2.js:22
D @ main-DlgftOp2.js:22
I @ main-DlgftOp2.js:22
z @ main-DlgftOp2.js:22
v @ main-DlgftOp2.js:22
G @ main-DlgftOp2.js:22
run @ main-DlgftOp2.js:16
runIfDirty @ main-DlgftOp2.js:16
$l @ main-DlgftOp2.js:20
nA @ main-DlgftOp2.js:20
Promise.then
aA @ main-DlgftOp2.js:20
Yb @ main-DlgftOp2.js:20
re.scheduler @ main-DlgftOp2.js:22
trigger @ main-DlgftOp2.js:16
qb @ main-DlgftOp2.js:16
Dr @ main-DlgftOp2.js:16
set @ main-DlgftOp2.js:16
set value @ main-DlgftOp2.js:16
set @ main-DlgftOp2.js:16
(anonymous) @ main-DlgftOp2.js:68
Promise.then
(anonymous) @ main-DlgftOp2.js:68
bootstrap @ main-DlgftOp2.js:68
U @ main-DlgftOp2.js:42
(anonymous) @ LayoutBasic-DXTTFO3X.js:1
(anonymous) @ main-DlgftOp2.js:22
$l @ main-DlgftOp2.js:20
qi @ main-DlgftOp2.js:20
t.__weh.t.__weh @ main-DlgftOp2.js:22
Xp @ main-DlgftOp2.js:20
nA @ main-DlgftOp2.js:20
Promise.then
aA @ main-DlgftOp2.js:20
Cc @ main-DlgftOp2.js:20
QA @ main-DlgftOp2.js:22
D_.l.scheduler @ main-DlgftOp2.js:22
_.scheduler @ main-DlgftOp2.js:16
trigger @ main-DlgftOp2.js:16
qb @ main-DlgftOp2.js:16
notify @ main-DlgftOp2.js:16
trigger @ main-DlgftOp2.js:16
set value @ main-DlgftOp2.js:16
Z @ main-DlgftOp2.js:38
(anonymous) @ main-DlgftOp2.js:38
Promise.then
j @ main-DlgftOp2.js:38
P @ main-DlgftOp2.js:38
install @ main-DlgftOp2.js:38
use @ main-DlgftOp2.js:22
start @ main-DlgftOp2.js:140
(anonymous) @ view:32
main-DlgftOp2.js:72 [intlify] Not found 'proforma_invoices.details' key in 'en' locale messages.
rd @ main-DlgftOp2.js:72
yh @ main-DlgftOp2.js:75
ej @ main-DlgftOp2.js:75
lq @ main-DlgftOp2.js:75
(anonymous) @ main-DlgftOp2.js:105
bo @ main-DlgftOp2.js:105
ts @ main-DlgftOp2.js:105
(anonymous) @ View-DqzwV_1n.js:1
n @ main-DlgftOp2.js:20
(anonymous) @ main-DlgftOp2.js:137
CE @ main-DlgftOp2.js:16
get value @ main-DlgftOp2.js:16
(anonymous) @ main-DlgftOp2.js:137
n @ main-DlgftOp2.js:20
sy @ main-DlgftOp2.js:118
ia @ main-DlgftOp2.js:118
(anonymous) @ main-DlgftOp2.js:121
Cp @ main-DlgftOp2.js:22
G @ main-DlgftOp2.js:22
run @ main-DlgftOp2.js:16
de @ main-DlgftOp2.js:22
Ne @ main-DlgftOp2.js:22
ie @ main-DlgftOp2.js:22
v @ main-DlgftOp2.js:22
D @ main-DlgftOp2.js:22
Z @ main-DlgftOp2.js:22
v @ main-DlgftOp2.js:22
D @ main-DlgftOp2.js:22
Z @ main-DlgftOp2.js:22
v @ main-DlgftOp2.js:22
G @ main-DlgftOp2.js:22
run @ main-DlgftOp2.js:16
de @ main-DlgftOp2.js:22
Ne @ main-DlgftOp2.js:22
ie @ main-DlgftOp2.js:22
v @ main-DlgftOp2.js:22
D @ main-DlgftOp2.js:22
I @ main-DlgftOp2.js:22
z @ main-DlgftOp2.js:22
v @ main-DlgftOp2.js:22
G @ main-DlgftOp2.js:22
run @ main-DlgftOp2.js:16
de @ main-DlgftOp2.js:22
Ne @ main-DlgftOp2.js:22
ie @ main-DlgftOp2.js:22
v @ main-DlgftOp2.js:22
D @ main-DlgftOp2.js:22
Z @ main-DlgftOp2.js:22
v @ main-DlgftOp2.js:22
D @ main-DlgftOp2.js:22
I @ main-DlgftOp2.js:22
z @ main-DlgftOp2.js:22
v @ main-DlgftOp2.js:22
D @ main-DlgftOp2.js:22
I @ main-DlgftOp2.js:22
z @ main-DlgftOp2.js:22
v @ main-DlgftOp2.js:22
G @ main-DlgftOp2.js:22
run @ main-DlgftOp2.js:16
de @ main-DlgftOp2.js:22
Ne @ main-DlgftOp2.js:22
ie @ main-DlgftOp2.js:22
v @ main-DlgftOp2.js:22
D @ main-DlgftOp2.js:22
Z @ main-DlgftOp2.js:22
v @ main-DlgftOp2.js:22
D @ main-DlgftOp2.js:22
I @ main-DlgftOp2.js:22
z @ main-DlgftOp2.js:22
v @ main-DlgftOp2.js:22
G @ main-DlgftOp2.js:22
run @ main-DlgftOp2.js:16
de @ main-DlgftOp2.js:22
Ne @ main-DlgftOp2.js:22
ie @ main-DlgftOp2.js:22
v @ main-DlgftOp2.js:22
G @ main-DlgftOp2.js:22
run @ main-DlgftOp2.js:16
runIfDirty @ main-DlgftOp2.js:16
$l @ main-DlgftOp2.js:20
nA @ main-DlgftOp2.js:20
Promise.then
aA @ main-DlgftOp2.js:20
Yb @ main-DlgftOp2.js:20
re.scheduler @ main-DlgftOp2.js:22
trigger @ main-DlgftOp2.js:16
qb @ main-DlgftOp2.js:16
notify @ main-DlgftOp2.js:16
trigger @ main-DlgftOp2.js:16
set value @ main-DlgftOp2.js:16
z @ View-DqzwV_1n.js:1
await in z
setup @ View-DqzwV_1n.js:1
$l @ main-DlgftOp2.js:20
l8 @ main-DlgftOp2.js:22
rz @ main-DlgftOp2.js:22
Ne @ main-DlgftOp2.js:22
ie @ main-DlgftOp2.js:22
v @ main-DlgftOp2.js:22
G @ main-DlgftOp2.js:22
run @ main-DlgftOp2.js:16
de @ main-DlgftOp2.js:22
Ne @ main-DlgftOp2.js:22
ie @ main-DlgftOp2.js:22
v @ main-DlgftOp2.js:22
D @ main-DlgftOp2.js:22
I @ main-DlgftOp2.js:22
z @ main-DlgftOp2.js:22
v @ main-DlgftOp2.js:22
D @ main-DlgftOp2.js:22
I @ main-DlgftOp2.js:22
z @ main-DlgftOp2.js:22
v @ main-DlgftOp2.js:22
D @ main-DlgftOp2.js:22
I @ main-DlgftOp2.js:22
z @ main-DlgftOp2.js:22
v @ main-DlgftOp2.js:22
G @ main-DlgftOp2.js:22
run @ main-DlgftOp2.js:16
runIfDirty @ main-DlgftOp2.js:16
$l @ main-DlgftOp2.js:20
nA @ main-DlgftOp2.js:20
Promise.then
aA @ main-DlgftOp2.js:20
Yb @ main-DlgftOp2.js:20
re.scheduler @ main-DlgftOp2.js:22
trigger @ main-DlgftOp2.js:16
qb @ main-DlgftOp2.js:16
Dr @ main-DlgftOp2.js:16
set @ main-DlgftOp2.js:16
set value @ main-DlgftOp2.js:16
set @ main-DlgftOp2.js:16
(anonymous) @ main-DlgftOp2.js:68
Promise.then
(anonymous) @ main-DlgftOp2.js:68
bootstrap @ main-DlgftOp2.js:68
U @ main-DlgftOp2.js:42
(anonymous) @ LayoutBasic-DXTTFO3X.js:1
(anonymous) @ main-DlgftOp2.js:22
$l @ main-DlgftOp2.js:20
qi @ main-DlgftOp2.js:20
t.__weh.t.__weh @ main-DlgftOp2.js:22
Xp @ main-DlgftOp2.js:20
nA @ main-DlgftOp2.js:20
Promise.then
aA @ main-DlgftOp2.js:20
Cc @ main-DlgftOp2.js:20
QA @ main-DlgftOp2.js:22
D_.l.scheduler @ main-DlgftOp2.js:22
_.scheduler @ main-DlgftOp2.js:16
trigger @ main-DlgftOp2.js:16
qb @ main-DlgftOp2.js:16
notify @ main-DlgftOp2.js:16
trigger @ main-DlgftOp2.js:16
set value @ main-DlgftOp2.js:16
Z @ main-DlgftOp2.js:38
(anonymous) @ main-DlgftOp2.js:38
Promise.then
j @ main-DlgftOp2.js:38
P @ main-DlgftOp2.js:38
install @ main-DlgftOp2.js:38
use @ main-DlgftOp2.js:22
start @ main-DlgftOp2.js:140
(anonymous) @ view:32
main-DlgftOp2.js:72 [intlify] Not found 'proforma_invoices.details' key in 'mk' locale messages.
rd @ main-DlgftOp2.js:72
yh @ main-DlgftOp2.js:75
ej @ main-DlgftOp2.js:75
lq @ main-DlgftOp2.js:75
(anonymous) @ main-DlgftOp2.js:105
bo @ main-DlgftOp2.js:105
ts @ main-DlgftOp2.js:105
(anonymous) @ View-DqzwV_1n.js:1
n @ main-DlgftOp2.js:20
ct @ main-DlgftOp2.js:22
(anonymous) @ main-DlgftOp2.js:137
n @ main-DlgftOp2.js:20
sy @ main-DlgftOp2.js:118
ia @ main-DlgftOp2.js:118
(anonymous) @ main-DlgftOp2.js:121
Cp @ main-DlgftOp2.js:22
G @ main-DlgftOp2.js:22
run @ main-DlgftOp2.js:16
de @ main-DlgftOp2.js:22
Ne @ main-DlgftOp2.js:22
ie @ main-DlgftOp2.js:22
v @ main-DlgftOp2.js:22
D @ main-DlgftOp2.js:22
Z @ main-DlgftOp2.js:22
v @ main-DlgftOp2.js:22
D @ main-DlgftOp2.js:22
Z @ main-DlgftOp2.js:22
v @ main-DlgftOp2.js:22
G @ main-DlgftOp2.js:22
run @ main-DlgftOp2.js:16
de @ main-DlgftOp2.js:22
Ne @ main-DlgftOp2.js:22
ie @ main-DlgftOp2.js:22
v @ main-DlgftOp2.js:22
D @ main-DlgftOp2.js:22
I @ main-DlgftOp2.js:22
z @ main-DlgftOp2.js:22
v @ main-DlgftOp2.js:22
G @ main-DlgftOp2.js:22
run @ main-DlgftOp2.js:16
de @ main-DlgftOp2.js:22
Ne @ main-DlgftOp2.js:22
ie @ main-DlgftOp2.js:22
v @ main-DlgftOp2.js:22
D @ main-DlgftOp2.js:22
Z @ main-DlgftOp2.js:22
v @ main-DlgftOp2.js:22
D @ main-DlgftOp2.js:22
I @ main-DlgftOp2.js:22
z @ main-DlgftOp2.js:22
v @ main-DlgftOp2.js:22
D @ main-DlgftOp2.js:22
I @ main-DlgftOp2.js:22
z @ main-DlgftOp2.js:22
v @ main-DlgftOp2.js:22
G @ main-DlgftOp2.js:22
run @ main-DlgftOp2.js:16
de @ main-DlgftOp2.js:22
Ne @ main-DlgftOp2.js:22
ie @ main-DlgftOp2.js:22
v @ main-DlgftOp2.js:22
D @ main-DlgftOp2.js:22
Z @ main-DlgftOp2.js:22
v @ main-DlgftOp2.js:22
D @ main-DlgftOp2.js:22
I @ main-DlgftOp2.js:22
z @ main-DlgftOp2.js:22
v @ main-DlgftOp2.js:22
G @ main-DlgftOp2.js:22
run @ main-DlgftOp2.js:16
de @ main-DlgftOp2.js:22
Ne @ main-DlgftOp2.js:22
ie @ main-DlgftOp2.js:22
v @ main-DlgftOp2.js:22
G @ main-DlgftOp2.js:22
run @ main-DlgftOp2.js:16
runIfDirty @ main-DlgftOp2.js:16
$l @ main-DlgftOp2.js:20
nA @ main-DlgftOp2.js:20
Promise.then
aA @ main-DlgftOp2.js:20
Yb @ main-DlgftOp2.js:20
re.scheduler @ main-DlgftOp2.js:22
trigger @ main-DlgftOp2.js:16
qb @ main-DlgftOp2.js:16
notify @ main-DlgftOp2.js:16
trigger @ main-DlgftOp2.js:16
set value @ main-DlgftOp2.js:16
z @ View-DqzwV_1n.js:1
await in z
setup @ View-DqzwV_1n.js:1
$l @ main-DlgftOp2.js:20
l8 @ main-DlgftOp2.js:22
rz @ main-DlgftOp2.js:22
Ne @ main-DlgftOp2.js:22
ie @ main-DlgftOp2.js:22
v @ main-DlgftOp2.js:22
G @ main-DlgftOp2.js:22
run @ main-DlgftOp2.js:16
de @ main-DlgftOp2.js:22
Ne @ main-DlgftOp2.js:22
ie @ main-DlgftOp2.js:22
v @ main-DlgftOp2.js:22
D @ main-DlgftOp2.js:22
I @ main-DlgftOp2.js:22
z @ main-DlgftOp2.js:22
v @ main-DlgftOp2.js:22
D @ main-DlgftOp2.js:22
I @ main-DlgftOp2.js:22
z @ main-DlgftOp2.js:22
v @ main-DlgftOp2.js:22
D @ main-DlgftOp2.js:22
I @ main-DlgftOp2.js:22
z @ main-DlgftOp2.js:22
v @ main-DlgftOp2.js:22
G @ main-DlgftOp2.js:22
run @ main-DlgftOp2.js:16
runIfDirty @ main-DlgftOp2.js:16
$l @ main-DlgftOp2.js:20
nA @ main-DlgftOp2.js:20
Promise.then
aA @ main-DlgftOp2.js:20
Yb @ main-DlgftOp2.js:20
re.scheduler @ main-DlgftOp2.js:22
trigger @ main-DlgftOp2.js:16
qb @ main-DlgftOp2.js:16
Dr @ main-DlgftOp2.js:16
set @ main-DlgftOp2.js:16
set value @ main-DlgftOp2.js:16
set @ main-DlgftOp2.js:16
(anonymous) @ main-DlgftOp2.js:68
Promise.then
(anonymous) @ main-DlgftOp2.js:68
bootstrap @ main-DlgftOp2.js:68
U @ main-DlgftOp2.js:42
(anonymous) @ LayoutBasic-DXTTFO3X.js:1
(anonymous) @ main-DlgftOp2.js:22
$l @ main-DlgftOp2.js:20
qi @ main-DlgftOp2.js:20
t.__weh.t.__weh @ main-DlgftOp2.js:22
Xp @ main-DlgftOp2.js:20
nA @ main-DlgftOp2.js:20
Promise.then
aA @ main-DlgftOp2.js:20
Cc @ main-DlgftOp2.js:20
QA @ main-DlgftOp2.js:22
D_.l.scheduler @ main-DlgftOp2.js:22
_.scheduler @ main-DlgftOp2.js:16
trigger @ main-DlgftOp2.js:16
qb @ main-DlgftOp2.js:16
notify @ main-DlgftOp2.js:16
trigger @ main-DlgftOp2.js:16
set value @ main-DlgftOp2.js:16
Z @ main-DlgftOp2.js:38
(anonymous) @ main-DlgftOp2.js:38
Promise.then
j @ main-DlgftOp2.js:38
P @ main-DlgftOp2.js:38
install @ main-DlgftOp2.js:38
use @ main-DlgftOp2.js:22
start @ main-DlgftOp2.js:140
(anonymous) @ view:32
main-DlgftOp2.js:72 [intlify] Fall back to translate 'proforma_invoices.details' key with 'en' locale.
rd @ main-DlgftOp2.js:72
ej @ main-DlgftOp2.js:75
lq @ main-DlgftOp2.js:75
(anonymous) @ main-DlgftOp2.js:105
bo @ main-DlgftOp2.js:105
ts @ main-DlgftOp2.js:105
(anonymous) @ View-DqzwV_1n.js:1
n @ main-DlgftOp2.js:20
ct @ main-DlgftOp2.js:22
(anonymous) @ main-DlgftOp2.js:137
n @ main-DlgftOp2.js:20
sy @ main-DlgftOp2.js:118
ia @ main-DlgftOp2.js:118
(anonymous) @ main-DlgftOp2.js:121
Cp @ main-DlgftOp2.js:22
G @ main-DlgftOp2.js:22
run @ main-DlgftOp2.js:16
de @ main-DlgftOp2.js:22
Ne @ main-DlgftOp2.js:22
ie @ main-DlgftOp2.js:22
v @ main-DlgftOp2.js:22
D @ main-DlgftOp2.js:22
Z @ main-DlgftOp2.js:22
v @ main-DlgftOp2.js:22
D @ main-DlgftOp2.js:22
Z @ main-DlgftOp2.js:22
v @ main-DlgftOp2.js:22
G @ main-DlgftOp2.js:22
run @ main-DlgftOp2.js:16
de @ main-DlgftOp2.js:22
Ne @ main-DlgftOp2.js:22
ie @ main-DlgftOp2.js:22
v @ main-DlgftOp2.js:22
D @ main-DlgftOp2.js:22
I @ main-DlgftOp2.js:22
z @ main-DlgftOp2.js:22
v @ main-DlgftOp2.js:22
G @ main-DlgftOp2.js:22
run @ main-DlgftOp2.js:16
de @ main-DlgftOp2.js:22
Ne @ main-DlgftOp2.js:22
ie @ main-DlgftOp2.js:22
v @ main-DlgftOp2.js:22
D @ main-DlgftOp2.js:22
Z @ main-DlgftOp2.js:22
v @ main-DlgftOp2.js:22
D @ main-DlgftOp2.js:22
I @ main-DlgftOp2.js:22
z @ main-DlgftOp2.js:22
v @ main-DlgftOp2.js:22
D @ main-DlgftOp2.js:22
I @ main-DlgftOp2.js:22
z @ main-DlgftOp2.js:22
v @ main-DlgftOp2.js:22
G @ main-DlgftOp2.js:22
run @ main-DlgftOp2.js:16
de @ main-DlgftOp2.js:22
Ne @ main-DlgftOp2.js:22
ie @ main-DlgftOp2.js:22
v @ main-DlgftOp2.js:22
D @ main-DlgftOp2.js:22
Z @ main-DlgftOp2.js:22
v @ main-DlgftOp2.js:22
D @ main-DlgftOp2.js:22
I @ main-DlgftOp2.js:22
z @ main-DlgftOp2.js:22
v @ main-DlgftOp2.js:22
G @ main-DlgftOp2.js:22
run @ main-DlgftOp2.js:16
de @ main-DlgftOp2.js:22
Ne @ main-DlgftOp2.js:22
ie @ main-DlgftOp2.js:22
v @ main-DlgftOp2.js:22
G @ main-DlgftOp2.js:22
run @ main-DlgftOp2.js:16
runIfDirty @ main-DlgftOp2.js:16
$l @ main-DlgftOp2.js:20
nA @ main-DlgftOp2.js:20
Promise.then
aA @ main-DlgftOp2.js:20
Yb @ main-DlgftOp2.js:20
re.scheduler @ main-DlgftOp2.js:22
trigger @ main-DlgftOp2.js:16
qb @ main-DlgftOp2.js:16
notify @ main-DlgftOp2.js:16
trigger @ main-DlgftOp2.js:16
set value @ main-DlgftOp2.js:16
z @ View-DqzwV_1n.js:1
await in z
setup @ View-DqzwV_1n.js:1
$l @ main-DlgftOp2.js:20
l8 @ main-DlgftOp2.js:22
rz @ main-DlgftOp2.js:22
Ne @ main-DlgftOp2.js:22
ie @ main-DlgftOp2.js:22
v @ main-DlgftOp2.js:22
G @ main-DlgftOp2.js:22
run @ main-DlgftOp2.js:16
de @ main-DlgftOp2.js:22
Ne @ main-DlgftOp2.js:22
ie @ main-DlgftOp2.js:22
v @ main-DlgftOp2.js:22
D @ main-DlgftOp2.js:22
I @ main-DlgftOp2.js:22
z @ main-DlgftOp2.js:22
v @ main-DlgftOp2.js:22
D @ main-DlgftOp2.js:22
I @ main-DlgftOp2.js:22
z @ main-DlgftOp2.js:22
v @ main-DlgftOp2.js:22
D @ main-DlgftOp2.js:22
I @ main-DlgftOp2.js:22
z @ main-DlgftOp2.js:22
v @ main-DlgftOp2.js:22
G @ main-DlgftOp2.js:22
run @ main-DlgftOp2.js:16
runIfDirty @ main-DlgftOp2.js:16
$l @ main-DlgftOp2.js:20
nA @ main-DlgftOp2.js:20
Promise.then
aA @ main-DlgftOp2.js:20
Yb @ main-DlgftOp2.js:20
re.scheduler @ main-DlgftOp2.js:22
trigger @ main-DlgftOp2.js:16
qb @ main-DlgftOp2.js:16
Dr @ main-DlgftOp2.js:16
set @ main-DlgftOp2.js:16
set value @ main-DlgftOp2.js:16
set @ main-DlgftOp2.js:16
(anonymous) @ main-DlgftOp2.js:68
Promise.then
(anonymous) @ main-DlgftOp2.js:68
bootstrap @ main-DlgftOp2.js:68
U @ main-DlgftOp2.js:42
(anonymous) @ LayoutBasic-DXTTFO3X.js:1
(anonymous) @ main-DlgftOp2.js:22
$l @ main-DlgftOp2.js:20
qi @ main-DlgftOp2.js:20
t.__weh.t.__weh @ main-DlgftOp2.js:22
Xp @ main-DlgftOp2.js:20
nA @ main-DlgftOp2.js:20
Promise.then
aA @ main-DlgftOp2.js:20
Cc @ main-DlgftOp2.js:20
QA @ main-DlgftOp2.js:22
D_.l.scheduler @ main-DlgftOp2.js:22
_.scheduler @ main-DlgftOp2.js:16
trigger @ main-DlgftOp2.js:16
qb @ main-DlgftOp2.js:16
notify @ main-DlgftOp2.js:16
trigger @ main-DlgftOp2.js:16
set value @ main-DlgftOp2.js:16
Z @ main-DlgftOp2.js:38
(anonymous) @ main-DlgftOp2.js:38
Promise.then
j @ main-DlgftOp2.js:38
P @ main-DlgftOp2.js:38
install @ main-DlgftOp2.js:38
use @ main-DlgftOp2.js:22
start @ main-DlgftOp2.js:140
(anonymous) @ view:32
main-DlgftOp2.js:72 [intlify] Not found 'proforma_invoices.details' key in 'en' locale messages.
rd @ main-DlgftOp2.js:72
yh @ main-DlgftOp2.js:75
ej @ main-DlgftOp2.js:75
lq @ main-DlgftOp2.js:75
(anonymous) @ main-DlgftOp2.js:105
bo @ main-DlgftOp2.js:105
ts @ main-DlgftOp2.js:105
(anonymous) @ View-DqzwV_1n.js:1
n @ main-DlgftOp2.js:20
ct @ main-DlgftOp2.js:22
(anonymous) @ main-DlgftOp2.js:137
n @ main-DlgftOp2.js:20
sy @ main-DlgftOp2.js:118
ia @ main-DlgftOp2.js:118
(anonymous) @ main-DlgftOp2.js:121
Cp @ main-DlgftOp2.js:22
G @ main-DlgftOp2.js:22
run @ main-DlgftOp2.js:16
de @ main-DlgftOp2.js:22
Ne @ main-DlgftOp2.js:22
ie @ main-DlgftOp2.js:22
v @ main-DlgftOp2.js:22
D @ main-DlgftOp2.js:22
Z @ main-DlgftOp2.js:22
v @ main-DlgftOp2.js:22
D @ main-DlgftOp2.js:22
Z @ main-DlgftOp2.js:22
v @ main-DlgftOp2.js:22
G @ main-DlgftOp2.js:22
run @ main-DlgftOp2.js:16
de @ main-DlgftOp2.js:22
Ne @ main-DlgftOp2.js:22
ie @ main-DlgftOp2.js:22
v @ main-DlgftOp2.js:22
D @ main-DlgftOp2.js:22
I @ main-DlgftOp2.js:22
z @ main-DlgftOp2.js:22
v @ main-DlgftOp2.js:22
G @ main-DlgftOp2.js:22
run @ main-DlgftOp2.js:16
de @ main-DlgftOp2.js:22
Ne @ main-DlgftOp2.js:22
ie @ main-DlgftOp2.js:22
v @ main-DlgftOp2.js:22
D @ main-DlgftOp2.js:22
Z @ main-DlgftOp2.js:22
v @ main-DlgftOp2.js:22
D @ main-DlgftOp2.js:22
I @ main-DlgftOp2.js:22
z @ main-DlgftOp2.js:22
v @ main-DlgftOp2.js:22
D @ main-DlgftOp2.js:22
I @ main-DlgftOp2.js:22
z @ main-DlgftOp2.js:22
v @ main-DlgftOp2.js:22
G @ main-DlgftOp2.js:22
run @ main-DlgftOp2.js:16
de @ main-DlgftOp2.js:22
Ne @ main-DlgftOp2.js:22
ie @ main-DlgftOp2.js:22
v @ main-DlgftOp2.js:22
D @ main-DlgftOp2.js:22
Z @ main-DlgftOp2.js:22
v @ main-DlgftOp2.js:22
D @ main-DlgftOp2.js:22
I @ main-DlgftOp2.js:22
z @ main-DlgftOp2.js:22
v @ main-DlgftOp2.js:22
G @ main-DlgftOp2.js:22
run @ main-DlgftOp2.js:16
de @ main-DlgftOp2.js:22
Ne @ main-DlgftOp2.js:22
ie @ main-DlgftOp2.js:22
v @ main-DlgftOp2.js:22
G @ main-DlgftOp2.js:22
run @ main-DlgftOp2.js:16
runIfDirty @ main-DlgftOp2.js:16
$l @ main-DlgftOp2.js:20
nA @ main-DlgftOp2.js:20
Promise.then
aA @ main-DlgftOp2.js:20
Yb @ main-DlgftOp2.js:20
re.scheduler @ main-DlgftOp2.js:22
trigger @ main-DlgftOp2.js:16
qb @ main-DlgftOp2.js:16
notify @ main-DlgftOp2.js:16
trigger @ main-DlgftOp2.js:16
set value @ main-DlgftOp2.js:16
z @ View-DqzwV_1n.js:1
await in z
setup @ View-DqzwV_1n.js:1
$l @ main-DlgftOp2.js:20
l8 @ main-DlgftOp2.js:22
rz @ main-DlgftOp2.js:22
Ne @ main-DlgftOp2.js:22
ie @ main-DlgftOp2.js:22
v @ main-DlgftOp2.js:22
G @ main-DlgftOp2.js:22
run @ main-DlgftOp2.js:16
de @ main-DlgftOp2.js:22
Ne @ main-DlgftOp2.js:22
ie @ main-DlgftOp2.js:22
v @ main-DlgftOp2.js:22
D @ main-DlgftOp2.js:22
I @ main-DlgftOp2.js:22
z @ main-DlgftOp2.js:22
v @ main-DlgftOp2.js:22
D @ main-DlgftOp2.js:22
I @ main-DlgftOp2.js:22
z @ main-DlgftOp2.js:22
v @ main-DlgftOp2.js:22
D @ main-DlgftOp2.js:22
I @ main-DlgftOp2.js:22
z @ main-DlgftOp2.js:22
v @ main-DlgftOp2.js:22
G @ main-DlgftOp2.js:22
run @ main-DlgftOp2.js:16
runIfDirty @ main-DlgftOp2.js:16
$l @ main-DlgftOp2.js:20
nA @ main-DlgftOp2.js:20
Promise.then
aA @ main-DlgftOp2.js:20
Yb @ main-DlgftOp2.js:20
re.scheduler @ main-DlgftOp2.js:22
trigger @ main-DlgftOp2.js:16
qb @ main-DlgftOp2.js:16
Dr @ main-DlgftOp2.js:16
set @ main-DlgftOp2.js:16
set value @ main-DlgftOp2.js:16
set @ main-DlgftOp2.js:16
(anonymous) @ main-DlgftOp2.js:68
Promise.then
(anonymous) @ main-DlgftOp2.js:68
bootstrap @ main-DlgftOp2.js:68
U @ main-DlgftOp2.js:42
(anonymous) @ LayoutBasic-DXTTFO3X.js:1
(anonymous) @ main-DlgftOp2.js:22
$l @ main-DlgftOp2.js:20
qi @ main-DlgftOp2.js:20
t.__weh.t.__weh @ main-DlgftOp2.js:22
Xp @ main-DlgftOp2.js:20
nA @ main-DlgftOp2.js:20
Promise.then
aA @ main-DlgftOp2.js:20
Cc @ main-DlgftOp2.js:20
QA @ main-DlgftOp2.js:22
D_.l.scheduler @ main-DlgftOp2.js:22
_.scheduler @ main-DlgftOp2.js:16
trigger @ main-DlgftOp2.js:16
qb @ main-DlgftOp2.js:16
notify @ main-DlgftOp2.js:16
trigger @ main-DlgftOp2.js:16
set value @ main-DlgftOp2.js:16
Z @ main-DlgftOp2.js:38
(anonymous) @ main-DlgftOp2.js:38
Promise.then
j @ main-DlgftOp2.js:38
P @ main-DlgftOp2.js:38
install @ main-DlgftOp2.js:38
use @ main-DlgftOp2.js:22
start @ main-DlgftOp2.js:140
(anonymous) @ view:32
main-DlgftOp2.js:72 [intlify] Not found 'proforma_invoices.details' key in 'mk' locale messages.
rd @ main-DlgftOp2.js:72
yh @ main-DlgftOp2.js:75
ej @ main-DlgftOp2.js:75
lq @ main-DlgftOp2.js:75
(anonymous) @ main-DlgftOp2.js:105
bo @ main-DlgftOp2.js:105
ts @ main-DlgftOp2.js:105
(anonymous) @ View-DqzwV_1n.js:1
n @ main-DlgftOp2.js:20
ct @ main-DlgftOp2.js:22
(anonymous) @ main-DlgftOp2.js:137
n @ main-DlgftOp2.js:20
sy @ main-DlgftOp2.js:118
ia @ main-DlgftOp2.js:118
(anonymous) @ main-DlgftOp2.js:121
Cp @ main-DlgftOp2.js:22
G @ main-DlgftOp2.js:22
run @ main-DlgftOp2.js:16
Me @ main-DlgftOp2.js:22
ie @ main-DlgftOp2.js:22
v @ main-DlgftOp2.js:22
be @ main-DlgftOp2.js:22
Ce @ main-DlgftOp2.js:22
Z @ main-DlgftOp2.js:22
v @ main-DlgftOp2.js:22
be @ main-DlgftOp2.js:22
Ce @ main-DlgftOp2.js:22
Z @ main-DlgftOp2.js:22
v @ main-DlgftOp2.js:22
G @ main-DlgftOp2.js:22
run @ main-DlgftOp2.js:16
runIfDirty @ main-DlgftOp2.js:16
$l @ main-DlgftOp2.js:20
nA @ main-DlgftOp2.js:20
nA @ main-DlgftOp2.js:20
Promise.then
aA @ main-DlgftOp2.js:20
Yb @ main-DlgftOp2.js:20
re.scheduler @ main-DlgftOp2.js:22
trigger @ main-DlgftOp2.js:16
qb @ main-DlgftOp2.js:16
notify @ main-DlgftOp2.js:16
trigger @ main-DlgftOp2.js:16
set value @ main-DlgftOp2.js:16
z @ View-DqzwV_1n.js:1
await in z
setup @ View-DqzwV_1n.js:1
$l @ main-DlgftOp2.js:20
l8 @ main-DlgftOp2.js:22
rz @ main-DlgftOp2.js:22
Ne @ main-DlgftOp2.js:22
ie @ main-DlgftOp2.js:22
v @ main-DlgftOp2.js:22
G @ main-DlgftOp2.js:22
run @ main-DlgftOp2.js:16
de @ main-DlgftOp2.js:22
Ne @ main-DlgftOp2.js:22
ie @ main-DlgftOp2.js:22
v @ main-DlgftOp2.js:22
D @ main-DlgftOp2.js:22
I @ main-DlgftOp2.js:22
z @ main-DlgftOp2.js:22
v @ main-DlgftOp2.js:22
D @ main-DlgftOp2.js:22
I @ main-DlgftOp2.js:22
z @ main-DlgftOp2.js:22
v @ main-DlgftOp2.js:22
D @ main-DlgftOp2.js:22
I @ main-DlgftOp2.js:22
z @ main-DlgftOp2.js:22
v @ main-DlgftOp2.js:22
G @ main-DlgftOp2.js:22
run @ main-DlgftOp2.js:16
runIfDirty @ main-DlgftOp2.js:16
$l @ main-DlgftOp2.js:20
nA @ main-DlgftOp2.js:20
Promise.then
aA @ main-DlgftOp2.js:20
Yb @ main-DlgftOp2.js:20
re.scheduler @ main-DlgftOp2.js:22
trigger @ main-DlgftOp2.js:16
qb @ main-DlgftOp2.js:16
Dr @ main-DlgftOp2.js:16
set @ main-DlgftOp2.js:16
set value @ main-DlgftOp2.js:16
set @ main-DlgftOp2.js:16
(anonymous) @ main-DlgftOp2.js:68
Promise.then
(anonymous) @ main-DlgftOp2.js:68
bootstrap @ main-DlgftOp2.js:68
U @ main-DlgftOp2.js:42
(anonymous) @ LayoutBasic-DXTTFO3X.js:1
(anonymous) @ main-DlgftOp2.js:22
$l @ main-DlgftOp2.js:20
qi @ main-DlgftOp2.js:20
t.__weh.t.__weh @ main-DlgftOp2.js:22
Xp @ main-DlgftOp2.js:20
nA @ main-DlgftOp2.js:20
Promise.then
aA @ main-DlgftOp2.js:20
Cc @ main-DlgftOp2.js:20
QA @ main-DlgftOp2.js:22
D_.l.scheduler @ main-DlgftOp2.js:22
_.scheduler @ main-DlgftOp2.js:16
trigger @ main-DlgftOp2.js:16
qb @ main-DlgftOp2.js:16
notify @ main-DlgftOp2.js:16
trigger @ main-DlgftOp2.js:16
set value @ main-DlgftOp2.js:16
Z @ main-DlgftOp2.js:38
(anonymous) @ main-DlgftOp2.js:38
Promise.then
j @ main-DlgftOp2.js:38
P @ main-DlgftOp2.js:38
install @ main-DlgftOp2.js:38
use @ main-DlgftOp2.js:22
start @ main-DlgftOp2.js:140
(anonymous) @ view:32
main-DlgftOp2.js:72 [intlify] Fall back to translate 'proforma_invoices.details' key with 'en' locale.
rd @ main-DlgftOp2.js:72
ej @ main-DlgftOp2.js:75
lq @ main-DlgftOp2.js:75
(anonymous) @ main-DlgftOp2.js:105
bo @ main-DlgftOp2.js:105
ts @ main-DlgftOp2.js:105
(anonymous) @ View-DqzwV_1n.js:1
n @ main-DlgftOp2.js:20
ct @ main-DlgftOp2.js:22
(anonymous) @ main-DlgftOp2.js:137
n @ main-DlgftOp2.js:20
sy @ main-DlgftOp2.js:118
ia @ main-DlgftOp2.js:118
(anonymous) @ main-DlgftOp2.js:121
Cp @ main-DlgftOp2.js:22
G @ main-DlgftOp2.js:22
run @ main-DlgftOp2.js:16
Me @ main-DlgftOp2.js:22
ie @ main-DlgftOp2.js:22
v @ main-DlgftOp2.js:22
be @ main-DlgftOp2.js:22
Ce @ main-DlgftOp2.js:22
Z @ main-DlgftOp2.js:22
v @ main-DlgftOp2.js:22
be @ main-DlgftOp2.js:22
Ce @ main-DlgftOp2.js:22
Z @ main-DlgftOp2.js:22
v @ main-DlgftOp2.js:22
G @ main-DlgftOp2.js:22
run @ main-DlgftOp2.js:16
runIfDirty @ main-DlgftOp2.js:16
$l @ main-DlgftOp2.js:20
nA @ main-DlgftOp2.js:20
nA @ main-DlgftOp2.js:20
Promise.then
aA @ main-DlgftOp2.js:20
Yb @ main-DlgftOp2.js:20
re.scheduler @ main-DlgftOp2.js:22
trigger @ main-DlgftOp2.js:16
qb @ main-DlgftOp2.js:16
notify @ main-DlgftOp2.js:16
trigger @ main-DlgftOp2.js:16
set value @ main-DlgftOp2.js:16
z @ View-DqzwV_1n.js:1
await in z
setup @ View-DqzwV_1n.js:1
$l @ main-DlgftOp2.js:20
l8 @ main-DlgftOp2.js:22
rz @ main-DlgftOp2.js:22
Ne @ main-DlgftOp2.js:22
ie @ main-DlgftOp2.js:22
v @ main-DlgftOp2.js:22
G @ main-DlgftOp2.js:22
run @ main-DlgftOp2.js:16
de @ main-DlgftOp2.js:22
Ne @ main-DlgftOp2.js:22
ie @ main-DlgftOp2.js:22
v @ main-DlgftOp2.js:22
D @ main-DlgftOp2.js:22
I @ main-DlgftOp2.js:22
z @ main-DlgftOp2.js:22
v @ main-DlgftOp2.js:22
D @ main-DlgftOp2.js:22
I @ main-DlgftOp2.js:22
z @ main-DlgftOp2.js:22
v @ main-DlgftOp2.js:22
D @ main-DlgftOp2.js:22
I @ main-DlgftOp2.js:22
z @ main-DlgftOp2.js:22
v @ main-DlgftOp2.js:22
G @ main-DlgftOp2.js:22
run @ main-DlgftOp2.js:16
runIfDirty @ main-DlgftOp2.js:16
$l @ main-DlgftOp2.js:20
nA @ main-DlgftOp2.js:20
Promise.then
aA @ main-DlgftOp2.js:20
Yb @ main-DlgftOp2.js:20
re.scheduler @ main-DlgftOp2.js:22
trigger @ main-DlgftOp2.js:16
qb @ main-DlgftOp2.js:16
Dr @ main-DlgftOp2.js:16
set @ main-DlgftOp2.js:16
set value @ main-DlgftOp2.js:16
set @ main-DlgftOp2.js:16
(anonymous) @ main-DlgftOp2.js:68
Promise.then
(anonymous) @ main-DlgftOp2.js:68
bootstrap @ main-DlgftOp2.js:68
U @ main-DlgftOp2.js:42
(anonymous) @ LayoutBasic-DXTTFO3X.js:1
(anonymous) @ main-DlgftOp2.js:22
$l @ main-DlgftOp2.js:20
qi @ main-DlgftOp2.js:20
t.__weh.t.__weh @ main-DlgftOp2.js:22
Xp @ main-DlgftOp2.js:20
nA @ main-DlgftOp2.js:20
Promise.then
aA @ main-DlgftOp2.js:20
Cc @ main-DlgftOp2.js:20
QA @ main-DlgftOp2.js:22
D_.l.scheduler @ main-DlgftOp2.js:22
_.scheduler @ main-DlgftOp2.js:16
trigger @ main-DlgftOp2.js:16
qb @ main-DlgftOp2.js:16
notify @ main-DlgftOp2.js:16
trigger @ main-DlgftOp2.js:16
set value @ main-DlgftOp2.js:16
Z @ main-DlgftOp2.js:38
(anonymous) @ main-DlgftOp2.js:38
Promise.then
j @ main-DlgftOp2.js:38
P @ main-DlgftOp2.js:38
install @ main-DlgftOp2.js:38
use @ main-DlgftOp2.js:22
start @ main-DlgftOp2.js:140
(anonymous) @ view:32
main-DlgftOp2.js:72 [intlify] Not found 'proforma_invoices.details' key in 'en' locale messages.
rd @ main-DlgftOp2.js:72
yh @ main-DlgftOp2.js:75
ej @ main-DlgftOp2.js:75
lq @ main-DlgftOp2.js:75
(anonymous) @ main-DlgftOp2.js:105
bo @ main-DlgftOp2.js:105
ts @ main-DlgftOp2.js:105
(anonymous) @ View-DqzwV_1n.js:1
n @ main-DlgftOp2.js:20
ct @ main-DlgftOp2.js:22
(anonymous) @ main-DlgftOp2.js:137
n @ main-DlgftOp2.js:20
sy @ main-DlgftOp2.js:118
ia @ main-DlgftOp2.js:118
(anonymous) @ main-DlgftOp2.js:121
Cp @ main-DlgftOp2.js:22
G @ main-DlgftOp2.js:22
run @ main-DlgftOp2.js:16
Me @ main-DlgftOp2.js:22
ie @ main-DlgftOp2.js:22
v @ main-DlgftOp2.js:22
be @ main-DlgftOp2.js:22
Ce @ main-DlgftOp2.js:22
Z @ main-DlgftOp2.js:22
v @ main-DlgftOp2.js:22
be @ main-DlgftOp2.js:22
Ce @ main-DlgftOp2.js:22
Z @ main-DlgftOp2.js:22
v @ main-DlgftOp2.js:22
G @ main-DlgftOp2.js:22
run @ main-DlgftOp2.js:16
runIfDirty @ main-DlgftOp2.js:16
$l @ main-DlgftOp2.js:20
nA @ main-DlgftOp2.js:20
nA @ main-DlgftOp2.js:20
Promise.then
aA @ main-DlgftOp2.js:20
Yb @ main-DlgftOp2.js:20
re.scheduler @ main-DlgftOp2.js:22
trigger @ main-DlgftOp2.js:16
qb @ main-DlgftOp2.js:16
notify @ main-DlgftOp2.js:16
trigger @ main-DlgftOp2.js:16
set value @ main-DlgftOp2.js:16
z @ View-DqzwV_1n.js:1
await in z
setup @ View-DqzwV_1n.js:1
$l @ main-DlgftOp2.js:20
l8 @ main-DlgftOp2.js:22
rz @ main-DlgftOp2.js:22
Ne @ main-DlgftOp2.js:22
ie @ main-DlgftOp2.js:22
v @ main-DlgftOp2.js:22
G @ main-DlgftOp2.js:22
run @ main-DlgftOp2.js:16
de @ main-DlgftOp2.js:22
Ne @ main-DlgftOp2.js:22
ie @ main-DlgftOp2.js:22
v @ main-DlgftOp2.js:22
D @ main-DlgftOp2.js:22
I @ main-DlgftOp2.js:22
z @ main-DlgftOp2.js:22
v @ main-DlgftOp2.js:22
D @ main-DlgftOp2.js:22
I @ main-DlgftOp2.js:22
z @ main-DlgftOp2.js:22
v @ main-DlgftOp2.js:22
D @ main-DlgftOp2.js:22
I @ main-DlgftOp2.js:22
z @ main-DlgftOp2.js:22
v @ main-DlgftOp2.js:22
G @ main-DlgftOp2.js:22
run @ main-DlgftOp2.js:16
runIfDirty @ main-DlgftOp2.js:16
$l @ main-DlgftOp2.js:20
nA @ main-DlgftOp2.js:20
Promise.then
aA @ main-DlgftOp2.js:20
Yb @ main-DlgftOp2.js:20
re.scheduler @ main-DlgftOp2.js:22
trigger @ main-DlgftOp2.js:16
qb @ main-DlgftOp2.js:16
Dr @ main-DlgftOp2.js:16
set @ main-DlgftOp2.js:16
set value @ main-DlgftOp2.js:16
set @ main-DlgftOp2.js:16
(anonymous) @ main-DlgftOp2.js:68
Promise.then
(anonymous) @ main-DlgftOp2.js:68
bootstrap @ main-DlgftOp2.js:68
U @ main-DlgftOp2.js:42
(anonymous) @ LayoutBasic-DXTTFO3X.js:1
(anonymous) @ main-DlgftOp2.js:22
$l @ main-DlgftOp2.js:20
qi @ main-DlgftOp2.js:20
t.__weh.t.__weh @ main-DlgftOp2.js:22
Xp @ main-DlgftOp2.js:20
nA @ main-DlgftOp2.js:20
Promise.then
aA @ main-DlgftOp2.js:20
Cc @ main-DlgftOp2.js:20
QA @ main-DlgftOp2.js:22
D_.l.scheduler @ main-DlgftOp2.js:22
_.scheduler @ main-DlgftOp2.js:16
trigger @ main-DlgftOp2.js:16
qb @ main-DlgftOp2.js:16
notify @ main-DlgftOp2.js:16
trigger @ main-DlgftOp2.js:16
set value @ main-DlgftOp2.js:16
Z @ main-DlgftOp2.js:38
(anonymous) @ main-DlgftOp2.js:38
Promise.then
j @ main-DlgftOp2.js:38
P @ main-DlgftOp2.js:38
install @ main-DlgftOp2.js:38
use @ main-DlgftOp2.js:22
start @ main-DlgftOp2.js:140
(anonymous) @ view:32
main-DlgftOp2.js:72 [intlify] Not found 'proforma_invoices.statuses.draft' key in 'mk' locale messages.
rd @ main-DlgftOp2.js:72
yh @ main-DlgftOp2.js:75
ej @ main-DlgftOp2.js:75
lq @ main-DlgftOp2.js:75
(anonymous) @ main-DlgftOp2.js:105
bo @ main-DlgftOp2.js:105
ts @ main-DlgftOp2.js:105
(anonymous) @ View-DqzwV_1n.js:1
n @ main-DlgftOp2.js:20
ct @ main-DlgftOp2.js:22
(anonymous) @ main-DlgftOp2.js:109
Cp @ main-DlgftOp2.js:22
G @ main-DlgftOp2.js:22
run @ main-DlgftOp2.js:16
de @ main-DlgftOp2.js:22
Ne @ main-DlgftOp2.js:22
ie @ main-DlgftOp2.js:22
v @ main-DlgftOp2.js:22
D @ main-DlgftOp2.js:22
I @ main-DlgftOp2.js:22
z @ main-DlgftOp2.js:22
v @ main-DlgftOp2.js:22
D @ main-DlgftOp2.js:22
I @ main-DlgftOp2.js:22
z @ main-DlgftOp2.js:22
v @ main-DlgftOp2.js:22
G @ main-DlgftOp2.js:22
run @ main-DlgftOp2.js:16
de @ main-DlgftOp2.js:22
Ne @ main-DlgftOp2.js:22
ie @ main-DlgftOp2.js:22
v @ main-DlgftOp2.js:22
D @ main-DlgftOp2.js:22
I @ main-DlgftOp2.js:22
z @ main-DlgftOp2.js:22
v @ main-DlgftOp2.js:22
be @ main-DlgftOp2.js:22
Ce @ main-DlgftOp2.js:22
Z @ main-DlgftOp2.js:22
v @ main-DlgftOp2.js:22
U @ main-DlgftOp2.js:22
Z @ main-DlgftOp2.js:22
v @ main-DlgftOp2.js:22
U @ main-DlgftOp2.js:22
V @ main-DlgftOp2.js:22
z @ main-DlgftOp2.js:22
v @ main-DlgftOp2.js:22
G @ main-DlgftOp2.js:22
run @ main-DlgftOp2.js:16
runIfDirty @ main-DlgftOp2.js:16
$l @ main-DlgftOp2.js:20
nA @ main-DlgftOp2.js:20
Promise.then
aA @ main-DlgftOp2.js:20
Yb @ main-DlgftOp2.js:20
re.scheduler @ main-DlgftOp2.js:22
trigger @ main-DlgftOp2.js:16
qb @ main-DlgftOp2.js:16
notify @ main-DlgftOp2.js:16
trigger @ main-DlgftOp2.js:16
set value @ main-DlgftOp2.js:16
E @ View-DqzwV_1n.js:1
await in E
setup @ View-DqzwV_1n.js:1
$l @ main-DlgftOp2.js:20
l8 @ main-DlgftOp2.js:22
rz @ main-DlgftOp2.js:22
Ne @ main-DlgftOp2.js:22
ie @ main-DlgftOp2.js:22
v @ main-DlgftOp2.js:22
G @ main-DlgftOp2.js:22
run @ main-DlgftOp2.js:16
de @ main-DlgftOp2.js:22
Ne @ main-DlgftOp2.js:22
ie @ main-DlgftOp2.js:22
v @ main-DlgftOp2.js:22
D @ main-DlgftOp2.js:22
I @ main-DlgftOp2.js:22
z @ main-DlgftOp2.js:22
v @ main-DlgftOp2.js:22
D @ main-DlgftOp2.js:22
I @ main-DlgftOp2.js:22
z @ main-DlgftOp2.js:22
v @ main-DlgftOp2.js:22
D @ main-DlgftOp2.js:22
I @ main-DlgftOp2.js:22
z @ main-DlgftOp2.js:22
v @ main-DlgftOp2.js:22
G @ main-DlgftOp2.js:22
run @ main-DlgftOp2.js:16
runIfDirty @ main-DlgftOp2.js:16
$l @ main-DlgftOp2.js:20
nA @ main-DlgftOp2.js:20
Promise.then
aA @ main-DlgftOp2.js:20
Yb @ main-DlgftOp2.js:20
re.scheduler @ main-DlgftOp2.js:22
trigger @ main-DlgftOp2.js:16
qb @ main-DlgftOp2.js:16
Dr @ main-DlgftOp2.js:16
set @ main-DlgftOp2.js:16
set value @ main-DlgftOp2.js:16
set @ main-DlgftOp2.js:16
(anonymous) @ main-DlgftOp2.js:68
Promise.then
(anonymous) @ main-DlgftOp2.js:68
bootstrap @ main-DlgftOp2.js:68
U @ main-DlgftOp2.js:42
(anonymous) @ LayoutBasic-DXTTFO3X.js:1
(anonymous) @ main-DlgftOp2.js:22
$l @ main-DlgftOp2.js:20
qi @ main-DlgftOp2.js:20
t.__weh.t.__weh @ main-DlgftOp2.js:22
Xp @ main-DlgftOp2.js:20
nA @ main-DlgftOp2.js:20
Promise.then
aA @ main-DlgftOp2.js:20
Cc @ main-DlgftOp2.js:20
QA @ main-DlgftOp2.js:22
D_.l.scheduler @ main-DlgftOp2.js:22
_.scheduler @ main-DlgftOp2.js:16
trigger @ main-DlgftOp2.js:16
qb @ main-DlgftOp2.js:16
notify @ main-DlgftOp2.js:16
trigger @ main-DlgftOp2.js:16
set value @ main-DlgftOp2.js:16
Z @ main-DlgftOp2.js:38
(anonymous) @ main-DlgftOp2.js:38
Promise.then
j @ main-DlgftOp2.js:38
P @ main-DlgftOp2.js:38
install @ main-DlgftOp2.js:38
use @ main-DlgftOp2.js:22
start @ main-DlgftOp2.js:140
(anonymous) @ view:32
main-DlgftOp2.js:72 [intlify] Fall back to translate 'proforma_invoices.statuses.draft' key with 'en' locale.
rd @ main-DlgftOp2.js:72
ej @ main-DlgftOp2.js:75
lq @ main-DlgftOp2.js:75
(anonymous) @ main-DlgftOp2.js:105
bo @ main-DlgftOp2.js:105
ts @ main-DlgftOp2.js:105
(anonymous) @ View-DqzwV_1n.js:1
n @ main-DlgftOp2.js:20
ct @ main-DlgftOp2.js:22
(anonymous) @ main-DlgftOp2.js:109
Cp @ main-DlgftOp2.js:22
G @ main-DlgftOp2.js:22
run @ main-DlgftOp2.js:16
de @ main-DlgftOp2.js:22
Ne @ main-DlgftOp2.js:22
ie @ main-DlgftOp2.js:22
v @ main-DlgftOp2.js:22
D @ main-DlgftOp2.js:22
I @ main-DlgftOp2.js:22
z @ main-DlgftOp2.js:22
v @ main-DlgftOp2.js:22
D @ main-DlgftOp2.js:22
I @ main-DlgftOp2.js:22
z @ main-DlgftOp2.js:22
v @ main-DlgftOp2.js:22
G @ main-DlgftOp2.js:22
run @ main-DlgftOp2.js:16
de @ main-DlgftOp2.js:22
Ne @ main-DlgftOp2.js:22
ie @ main-DlgftOp2.js:22
v @ main-DlgftOp2.js:22
D @ main-DlgftOp2.js:22
I @ main-DlgftOp2.js:22
z @ main-DlgftOp2.js:22
v @ main-DlgftOp2.js:22
be @ main-DlgftOp2.js:22
Ce @ main-DlgftOp2.js:22
Z @ main-DlgftOp2.js:22
v @ main-DlgftOp2.js:22
U @ main-DlgftOp2.js:22
Z @ main-DlgftOp2.js:22
v @ main-DlgftOp2.js:22
U @ main-DlgftOp2.js:22
V @ main-DlgftOp2.js:22
z @ main-DlgftOp2.js:22
v @ main-DlgftOp2.js:22
G @ main-DlgftOp2.js:22
run @ main-DlgftOp2.js:16
runIfDirty @ main-DlgftOp2.js:16
$l @ main-DlgftOp2.js:20
nA @ main-DlgftOp2.js:20
Promise.then
aA @ main-DlgftOp2.js:20
Yb @ main-DlgftOp2.js:20
re.scheduler @ main-DlgftOp2.js:22
trigger @ main-DlgftOp2.js:16
qb @ main-DlgftOp2.js:16
notify @ main-DlgftOp2.js:16
trigger @ main-DlgftOp2.js:16
set value @ main-DlgftOp2.js:16
E @ View-DqzwV_1n.js:1
await in E
setup @ View-DqzwV_1n.js:1
$l @ main-DlgftOp2.js:20
l8 @ main-DlgftOp2.js:22
rz @ main-DlgftOp2.js:22
Ne @ main-DlgftOp2.js:22
ie @ main-DlgftOp2.js:22
v @ main-DlgftOp2.js:22
G @ main-DlgftOp2.js:22
run @ main-DlgftOp2.js:16
de @ main-DlgftOp2.js:22
Ne @ main-DlgftOp2.js:22
ie @ main-DlgftOp2.js:22
v @ main-DlgftOp2.js:22
D @ main-DlgftOp2.js:22
I @ main-DlgftOp2.js:22
z @ main-DlgftOp2.js:22
v @ main-DlgftOp2.js:22
D @ main-DlgftOp2.js:22
I @ main-DlgftOp2.js:22
z @ main-DlgftOp2.js:22
v @ main-DlgftOp2.js:22
D @ main-DlgftOp2.js:22
I @ main-DlgftOp2.js:22
z @ main-DlgftOp2.js:22
v @ main-DlgftOp2.js:22
G @ main-DlgftOp2.js:22
run @ main-DlgftOp2.js:16
runIfDirty @ main-DlgftOp2.js:16
$l @ main-DlgftOp2.js:20
nA @ main-DlgftOp2.js:20
Promise.then
aA @ main-DlgftOp2.js:20
Yb @ main-DlgftOp2.js:20
re.scheduler @ main-DlgftOp2.js:22
trigger @ main-DlgftOp2.js:16
qb @ main-DlgftOp2.js:16
Dr @ main-DlgftOp2.js:16
set @ main-DlgftOp2.js:16
set value @ main-DlgftOp2.js:16
set @ main-DlgftOp2.js:16
(anonymous) @ main-DlgftOp2.js:68
Promise.then
(anonymous) @ main-DlgftOp2.js:68
bootstrap @ main-DlgftOp2.js:68
U @ main-DlgftOp2.js:42
(anonymous) @ LayoutBasic-DXTTFO3X.js:1
(anonymous) @ main-DlgftOp2.js:22
$l @ main-DlgftOp2.js:20
qi @ main-DlgftOp2.js:20
t.__weh.t.__weh @ main-DlgftOp2.js:22
Xp @ main-DlgftOp2.js:20
nA @ main-DlgftOp2.js:20
Promise.then
aA @ main-DlgftOp2.js:20
Cc @ main-DlgftOp2.js:20
QA @ main-DlgftOp2.js:22
D_.l.scheduler @ main-DlgftOp2.js:22
_.scheduler @ main-DlgftOp2.js:16
trigger @ main-DlgftOp2.js:16
qb @ main-DlgftOp2.js:16
notify @ main-DlgftOp2.js:16
trigger @ main-DlgftOp2.js:16
set value @ main-DlgftOp2.js:16
Z @ main-DlgftOp2.js:38
(anonymous) @ main-DlgftOp2.js:38
Promise.then
j @ main-DlgftOp2.js:38
P @ main-DlgftOp2.js:38
install @ main-DlgftOp2.js:38
use @ main-DlgftOp2.js:22
start @ main-DlgftOp2.js:140
(anonymous) @ view:32
main-DlgftOp2.js:72 [intlify] Not found 'proforma_invoices.statuses.draft' key in 'en' locale messages.
rd @ main-DlgftOp2.js:72
yh @ main-DlgftOp2.js:75
ej @ main-DlgftOp2.js:75
lq @ main-DlgftOp2.js:75
(anonymous) @ main-DlgftOp2.js:105
bo @ main-DlgftOp2.js:105
ts @ main-DlgftOp2.js:105
(anonymous) @ View-DqzwV_1n.js:1
n @ main-DlgftOp2.js:20
ct @ main-DlgftOp2.js:22
(anonymous) @ main-DlgftOp2.js:109
Cp @ main-DlgftOp2.js:22
G @ main-DlgftOp2.js:22
run @ main-DlgftOp2.js:16
de @ main-DlgftOp2.js:22
Ne @ main-DlgftOp2.js:22
ie @ main-DlgftOp2.js:22
v @ main-DlgftOp2.js:22
D @ main-DlgftOp2.js:22
I @ main-DlgftOp2.js:22
z @ main-DlgftOp2.js:22
v @ main-DlgftOp2.js:22
D @ main-DlgftOp2.js:22
I @ main-DlgftOp2.js:22
z @ main-DlgftOp2.js:22
v @ main-DlgftOp2.js:22
G @ main-DlgftOp2.js:22
run @ main-DlgftOp2.js:16
de @ main-DlgftOp2.js:22
Ne @ main-DlgftOp2.js:22
ie @ main-DlgftOp2.js:22
v @ main-DlgftOp2.js:22
D @ main-DlgftOp2.js:22
I @ main-DlgftOp2.js:22
z @ main-DlgftOp2.js:22
v @ main-DlgftOp2.js:22
be @ main-DlgftOp2.js:22
Ce @ main-DlgftOp2.js:22
Z @ main-DlgftOp2.js:22
v @ main-DlgftOp2.js:22
U @ main-DlgftOp2.js:22
Z @ main-DlgftOp2.js:22
v @ main-DlgftOp2.js:22
U @ main-DlgftOp2.js:22
V @ main-DlgftOp2.js:22
z @ main-DlgftOp2.js:22
v @ main-DlgftOp2.js:22
G @ main-DlgftOp2.js:22
run @ main-DlgftOp2.js:16
runIfDirty @ main-DlgftOp2.js:16
$l @ main-DlgftOp2.js:20
nA @ main-DlgftOp2.js:20
Promise.then
aA @ main-DlgftOp2.js:20
Yb @ main-DlgftOp2.js:20
re.scheduler @ main-DlgftOp2.js:22
trigger @ main-DlgftOp2.js:16
qb @ main-DlgftOp2.js:16
notify @ main-DlgftOp2.js:16
trigger @ main-DlgftOp2.js:16
set value @ main-DlgftOp2.js:16
E @ View-DqzwV_1n.js:1
await in E
setup @ View-DqzwV_1n.js:1
$l @ main-DlgftOp2.js:20
l8 @ main-DlgftOp2.js:22
rz @ main-DlgftOp2.js:22
Ne @ main-DlgftOp2.js:22
ie @ main-DlgftOp2.js:22
v @ main-DlgftOp2.js:22
G @ main-DlgftOp2.js:22
run @ main-DlgftOp2.js:16
de @ main-DlgftOp2.js:22
Ne @ main-DlgftOp2.js:22
ie @ main-DlgftOp2.js:22
v @ main-DlgftOp2.js:22
D @ main-DlgftOp2.js:22
I @ main-DlgftOp2.js:22
z @ main-DlgftOp2.js:22
v @ main-DlgftOp2.js:22
D @ main-DlgftOp2.js:22
I @ main-DlgftOp2.js:22
z @ main-DlgftOp2.js:22
v @ main-DlgftOp2.js:22
D @ main-DlgftOp2.js:22
I @ main-DlgftOp2.js:22
z @ main-DlgftOp2.js:22
v @ main-DlgftOp2.js:22
G @ main-DlgftOp2.js:22
run @ main-DlgftOp2.js:16
runIfDirty @ main-DlgftOp2.js:16
$l @ main-DlgftOp2.js:20
nA @ main-DlgftOp2.js:20
Promise.then
aA @ main-DlgftOp2.js:20
Yb @ main-DlgftOp2.js:20
re.scheduler @ main-DlgftOp2.js:22
trigger @ main-DlgftOp2.js:16
qb @ main-DlgftOp2.js:16
Dr @ main-DlgftOp2.js:16
set @ main-DlgftOp2.js:16
set value @ main-DlgftOp2.js:16
set @ main-DlgftOp2.js:16
(anonymous) @ main-DlgftOp2.js:68
Promise.then
(anonymous) @ main-DlgftOp2.js:68
bootstrap @ main-DlgftOp2.js:68
U @ main-DlgftOp2.js:42
(anonymous) @ LayoutBasic-DXTTFO3X.js:1
(anonymous) @ main-DlgftOp2.js:22
$l @ main-DlgftOp2.js:20
qi @ main-DlgftOp2.js:20
t.__weh.t.__weh @ main-DlgftOp2.js:22
Xp @ main-DlgftOp2.js:20
nA @ main-DlgftOp2.js:20
Promise.then
aA @ main-DlgftOp2.js:20
Cc @ main-DlgftOp2.js:20
QA @ main-DlgftOp2.js:22
D_.l.scheduler @ main-DlgftOp2.js:22
_.scheduler @ main-DlgftOp2.js:16
trigger @ main-DlgftOp2.js:16
qb @ main-DlgftOp2.js:16
notify @ main-DlgftOp2.js:16
trigger @ main-DlgftOp2.js:16
set value @ main-DlgftOp2.js:16
Z @ main-DlgftOp2.js:38
(anonymous) @ main-DlgftOp2.js:38
Promise.then
j @ main-DlgftOp2.js:38
P @ main-DlgftOp2.js:38
install @ main-DlgftOp2.js:38
use @ main-DlgftOp2.js:22
start @ main-DlgftOp2.js:140
(anonymous) @ view:32
main-DlgftOp2.js:26  GET https://app.facturino.mk/proforma-invoices/pdf/null 404 (Not Found)
insert @ main-DlgftOp2.js:26
I @ main-DlgftOp2.js:22
z @ main-DlgftOp2.js:22
v @ main-DlgftOp2.js:22
G @ main-DlgftOp2.js:22
run @ main-DlgftOp2.js:16
de @ main-DlgftOp2.js:22
Ne @ main-DlgftOp2.js:22
ie @ main-DlgftOp2.js:22
v @ main-DlgftOp2.js:22
G @ main-DlgftOp2.js:22
run @ main-DlgftOp2.js:16
runIfDirty @ main-DlgftOp2.js:16
$l @ main-DlgftOp2.js:20
nA @ main-DlgftOp2.js:20
Promise.then
aA @ main-DlgftOp2.js:20
Yb @ main-DlgftOp2.js:20
re.scheduler @ main-DlgftOp2.js:22
trigger @ main-DlgftOp2.js:16
qb @ main-DlgftOp2.js:16
notify @ main-DlgftOp2.js:16
trigger @ main-DlgftOp2.js:16
set value @ main-DlgftOp2.js:16
z @ View-DqzwV_1n.js:1
main-DlgftOp2.js:109 🔥🔥🔥 CUSTOMER STORE MODULE LOADED - VERSION 2025-11-26-03:11 🔥🔥🔥
