[2025-11-11 23:44:00] production.WARNING: Slow operation detected {"operation":"req_6913ca406029f","execution_time_ms":319.83,"memory_used_bytes":0,"memory_used_mb":0.0} 
[2025-11-11 23:44:00] production.WARNING: Slow request detected {"operation":"req_6913ca406029f","execution_time_ms":319.83,"memory_used_bytes":0,"memory_used_mb":0.0,"method":"POST","url":"https://www.facturino.mk/login","route":null,"user_id":2,"company_id":"2","ip":"79.125.199.91","user_agent":"Mozilla/5.0 (Macintosh; Intel Mac OS X 10_15_7) AppleWebKit/537.36 (KHTML, like Gecko) Chrome/142.0.0.0 Safari/537.36","response_status":302} 
[2025-11-11 23:44:01] production.WARNING: Slow operation detected {"operation":"req_6913ca412c58c","execution_time_ms":595.82,"memory_used_bytes":14680064,"memory_used_mb":14.0} 
[2025-11-11 23:44:01] production.WARNING: Slow request detected {"operation":"req_6913ca412c58c","execution_time_ms":595.82,"memory_used_bytes":14680064,"memory_used_mb":14.0,"method":"GET","url":"https://www.facturino.mk/api/v1/bootstrap","route":null,"user_id":2,"company_id":"2","ip":"79.125.199.91","user_agent":"Mozilla/5.0 (Macintosh; Intel Mac OS X 10_15_7) AppleWebKit/537.36 (KHTML, like Gecko) Chrome/142.0.0.0 Safari/537.36","response_status":200} 
[2025-11-11 23:44:01] production.WARNING: Certificate file missing for certificate {"certificate_id":12,"path":"certificates/company_2/931f2fb58ea0200b_1762889719.pem"} 
[2025-11-11 23:44:03] production.WARNING: Slow operation detected {"operation":"req_6913ca4386e25","execution_time_ms":434.23,"memory_used_bytes":0,"memory_used_mb":0.0} 
[2025-11-11 23:44:03] production.WARNING: Slow request detected {"operation":"req_6913ca4386e25","execution_time_ms":434.23,"memory_used_bytes":0,"memory_used_mb":0.0,"method":"GET","url":"https://www.facturino.mk/api/v1/customers","route":"customers.index","user_id":2,"company_id":"2","ip":"79.125.199.91","user_agent":"Mozilla/5.0 (Macintosh; Intel Mac OS X 10_15_7) AppleWebKit/537.36 (KHTML, like Gecko) Chrome/142.0.0.0 Safari/537.36","response_status":200} 
[2025-11-11 23:44:05] production.WARNING: Slow operation detected {"operation":"req_6913ca4388893","execution_time_ms":2175.67,"memory_used_bytes":4194304,"memory_used_mb":4.0} 
[2025-11-11 23:44:05] production.WARNING: Slow request detected {"operation":"req_6913ca4388893","execution_time_ms":2175.67,"memory_used_bytes":4194304,"memory_used_mb":4.0,"method":"GET","url":"https://www.facturino.mk/api/v1/invoices","route":"invoices.index","user_id":2,"company_id":"2","ip":"79.125.199.91","user_agent":"Mozilla/5.0 (Macintosh; Intel Mac OS X 10_15_7) AppleWebKit/537.36 (KHTML, like Gecko) Chrome/142.0.0.0 Safari/537.36","response_status":200} 
[2025-11-11 23:44:08] production.WARNING: Slow operation detected {"operation":"req_6913ca47db5d7","execution_time_ms":391.03,"memory_used_bytes":2097152,"memory_used_mb":2.0} 
[2025-11-11 23:44:08] production.WARNING: Slow request detected {"operation":"req_6913ca47db5d7","execution_time_ms":391.03,"memory_used_bytes":2097152,"memory_used_mb":2.0,"method":"GET","url":"https://www.facturino.mk/api/v1/invoices/12","route":"invoices.show","user_id":2,"company_id":"2","ip":"79.125.199.91","user_agent":"Mozilla/5.0 (Macintosh; Intel Mac OS X 10_15_7) AppleWebKit/537.36 (KHTML, like Gecko) Chrome/142.0.0.0 Safari/537.36","response_status":200} 
[2025-11-11 23:44:08] production.INFO: [EInvoiceController::show] Request received {"e_invoice_id":12,"user_id":2,"user_email":"your-email@example.com","company_id":"N/A","is_owner":true} 
[2025-11-11 23:44:08] production.INFO: [EInvoicePolicy::viewAny] Authorization check {"user_id":2,"user_email":"your-email@example.com","is_owner":true,"company_id":"N/A"} 
[2025-11-11 23:44:08] production.INFO: [EInvoicePolicy::viewAny] User is owner - AUTHORIZED  
[2025-11-11 23:44:08] production.INFO: [EInvoiceController::show] Authorization PASSED  
[2025-11-11 23:44:08] production.WARNING: Slow operation detected {"operation":"req_6913ca48675ae","execution_time_ms":495.17,"memory_used_bytes":12582912,"memory_used_mb":12.0} 
[2025-11-11 23:44:08] production.WARNING: Slow request detected {"operation":"req_6913ca48675ae","execution_time_ms":495.17,"memory_used_bytes":12582912,"memory_used_mb":12.0,"method":"GET","url":"https://www.facturino.mk/invoices/pdf/jNGLb5WPRY360Y1q843m","route":null,"user_id":2,"company_id":"2","ip":"79.125.199.91","user_agent":"Mozilla/5.0 (Macintosh; Intel Mac OS X 10_15_7) AppleWebKit/537.36 (KHTML, like Gecko) Chrome/142.0.0.0 Safari/537.36","response_status":200} 
[2025-11-11 23:44:09] production.WARNING: Slow operation detected {"operation":"req_6913ca47db89c","execution_time_ms":1996.22,"memory_used_bytes":2097152,"memory_used_mb":2.0} 
[2025-11-11 23:44:09] production.WARNING: Slow request detected {"operation":"req_6913ca47db89c","execution_time_ms":1996.22,"memory_used_bytes":2097152,"memory_used_mb":2.0,"method":"GET","url":"https://www.facturino.mk/api/v1/invoices","route":"invoices.index","user_id":2,"company_id":"2","ip":"79.125.199.91","user_agent":"Mozilla/5.0 (Macintosh; Intel Mac OS X 10_15_7) AppleWebKit/537.36 (KHTML, like Gecko) Chrome/142.0.0.0 Safari/537.36","response_status":200} 
[2025-11-11 23:44:11] production.INFO: [EInvoiceController::show] Request received {"e_invoice_id":12,"user_id":2,"user_email":"your-email@example.com","company_id":"N/A","is_owner":true} 
[2025-11-11 23:44:11] production.INFO: [EInvoicePolicy::viewAny] Authorization check {"user_id":2,"user_email":"your-email@example.com","is_owner":true,"company_id":"N/A"} 
[2025-11-11 23:44:11] production.INFO: [EInvoicePolicy::viewAny] User is owner - AUTHORIZED  
[2025-11-11 23:44:11] production.INFO: [EInvoiceController::show] Authorization PASSED  
[2025-11-11 23:44:14] production.INFO: [EInvoiceController::generate] Request received {"invoice_id":12,"user_id":2,"user_email":"your-email@example.com","company_id":"N/A","is_owner":true,"request_headers":{"x-xsrf-token":["eyJpdiI6IkYrZ1BNN3FVY2lnS0NHRk1TSnFaVkE9PSIsInZhbHVlIjoibVhWdHY4QUE2bHEvRkxNNnhyZnZyblZyUW5GV2ZPeXA4VllGK3N6M1pmajBtTEp0MkpGQ2NuUzRHUzFncjJwWGIvbEZuOWdqN0tqNDlHMllIT3NnWU9vQUM4bmlYRmdCd3N6Z0hDbXZ2YStIR3pIMU1PK3FFM2szMW1RemQ2ckMiLCJtYWMiOiIyMWQxMzA0Y2VjNWQwNTY3ZTcyYzI4ZDUyZjg4MDk3Mzg4MDZlNTgwYjIxNDI4MmE5NmI3NmU5ZTJjNjQ1Zjk0IiwidGFnIjoiIn0="],"x-requested-with":["XMLHttpRequest"],"x-request-start":["1762904654653"],"x-real-ip":["79.125.199.91"],"x-railway-request-id":["j4ui2uBJSY-CkGHjN8N_Fg"],"x-railway-edge":["railway/europe-west4-drams3a"],"x-forwarded-proto":["https"],"x-forwarded-host":["www.facturino.mk"],"x-forwarded-for":["79.125.199.91"],"sec-fetch-site":["same-origin"],"sec-fetch-mode":["cors"],"sec-fetch-dest":["empty"],"sec-ch-ua-platform":["\"macOS\""],"sec-ch-ua-mobile":["?0"],"sec-ch-ua":["\"Chromium\";v=\"142\", \"Google Chrome\";v=\"142\", \"Not_A Brand\";v=\"99\""],"referer":["https://www.facturino.mk/admin/invoices/12/view"],"priority":["u=1, i"],"origin":["https://www.facturino.mk"],"cookie":["XSRF-TOKEN=eyJpdiI6IkYrZ1BNN3FVY2lnS0NHRk1TSnFaVkE9PSIsInZhbHVlIjoibVhWdHY4QUE2bHEvRkxNNnhyZnZyblZyUW5GV2ZPeXA4VllGK3N6M1pmajBtTEp0MkpGQ2NuUzRHUzFncjJwWGIvbEZuOWdqN0tqNDlHMllIT3NnWU9vQUM4bmlYRmdCd3N6Z0hDbXZ2YStIR3pIMU1PK3FFM2szMW1RemQ2ckMiLCJtYWMiOiIyMWQxMzA0Y2VjNWQwNTY3ZTcyYzI4ZDUyZjg4MDk3Mzg4MDZlNTgwYjIxNDI4MmE5NmI3NmU5ZTJjNjQ1Zjk0IiwidGFnIjoiIn0%3D; facturino_session=eyJpdiI6ImE0Q05WdHB6Q1djd0dUTXhXbGdSNUE9PSIsInZhbHVlIjoiN0hUWDlHa3ZwdnE5QXVRMUtGVTNwbWhra1Y2Q0JPbGJreUhTcmlEazd5SnpJaWxVTXgva25MMWNVcjVLbkp0ZSs4S2QvNjZXeG5ONEFsZzc5RjZKaU5mTTNuQjZIRFBqSzFuVHkvWDBuTjRnT3dXcVJTZGtGR0dpbFFvbmpjUEYiLCJtYWMiOiJkYmU4ZDJiMGQ0MDVjMTg2NzkzYTk4NjJlNDhkNmI5MTRjNjIwMmNmZWY3YWNlMjdlNWJjNzRlNTgzZDNjN2Y2IiwidGFnIjoiIn0%3D"],"company":["2"],"accept-language":["tr-TR,tr;q=0.9"],"accept-encoding":["gzip, deflate, br, zstd"],"accept":["*/*"],"content-length":["0"],"user-agent":["Mozilla/5.0 (Macintosh; Intel Mac OS X 10_15_7) AppleWebKit/537.36 (KHTML, like Gecko) Chrome/142.0.0.0 Safari/537.36"],"host":["www.facturino.mk"]}} 
[2025-11-11 23:44:14] production.INFO: [EInvoicePolicy::create] Authorization check for generate {"user_id":2,"user_email":"your-email@example.com","is_owner":true,"company_id":"N/A"} 
[2025-11-11 23:44:14] production.INFO: [EInvoicePolicy::create] User is owner - AUTHORIZED  
[2025-11-11 23:44:14] production.INFO: [EInvoiceController::generate] Authorization PASSED  
[2025-11-11 23:44:14] production.ERROR: E-invoice generation failed {"invoice_id":12,"error":"SQLSTATE[42S22]: Column not found: 1054 Unknown column 'e_invoice_submissions.company_id' in 'where clause' (Connection: mysql, SQL: select * from `e_invoice_submissions` where `e_invoice_submissions`.`e_invoice_id` in (1) and `e_invoice_submissions`.`company_id` = 2 order by `created_at` desc)","trace":"#0 /var/www/html/vendor/laravel/framework/src/Illuminate/Database/Connection.php(776): Illuminate\\Database\\Connection->runQueryCallback('select * from `...', Array, Object(Closure))
#1 /var/www/html/vendor/laravel/framework/src/Illuminate/Database/Connection.php(395): Illuminate\\Database\\Connection->run('select * from `...', Array, Object(Closure))
#2 /var/www/html/vendor/laravel/framework/src/Illuminate/Database/Query/Builder.php(3117): Illuminate\\Database\\Connection->select('select * from `...', Array, true)
#3 /var/www/html/vendor/laravel/framework/src/Illuminate/Database/Query/Builder.php(3102): Illuminate\\Database\\Query\\Builder->runSelect()
#4 /var/www/html/vendor/laravel/framework/src/Illuminate/Database/Query/Builder.php(3689): Illuminate\\Database\\Query\\Builder->Illuminate\\Database\\Query\\{closure}()
#5 /var/www/html/vendor/laravel/framework/src/Illuminate/Database/Query/Builder.php(3101): Illuminate\\Database\\Query\\Builder->onceWithColumns(Array, Object(Closure))
#6 /var/www/html/vendor/laravel/framework/src/Illuminate/Database/Eloquent/Builder.php(871): Illuminate\\Database\\Query\\Builder->get(Array)
#7 /var/www/html/vendor/laravel/framework/src/Illuminate/Database/Eloquent/Builder.php(853): Illuminate\\Database\\Eloquent\\Builder->getModels(Array)
#8 /var/www/html/vendor/laravel/framework/src/Illuminate/Database/Eloquent/Relations/Relation.php(212): Illuminate\\Database\\Eloquent\\Builder->get(Array)
#9 /var/www/html/vendor/laravel/framework/src/Illuminate/Database/Eloquent/Relations/Relation.php(175): Illuminate\\Database\\Eloquent\\Relations\\Relation->get()
#10 /var/www/html/vendor/laravel/framework/src/Illuminate/Database/Eloquent/Builder.php(919): Illuminate\\Database\\Eloquent\\Relations\\Relation->getEager()
#11 /var/www/html/vendor/laravel/framework/src/Illuminate/Database/Eloquent/Builder.php(888): Illuminate\\Database\\Eloquent\\Builder->eagerLoadRelation(Array, 'submissions', Object(Closure))
#12 /var/www/html/vendor/laravel/framework/src/Illuminate/Database/Eloquent/Model.php(772): Illuminate\\Database\\Eloquent\\Builder->eagerLoadRelations(Array)
#13 /var/www/html/app/Http/Controllers/V1/Admin/EInvoice/EInvoiceController.php(204): Illuminate\\Database\\Eloquent\\Model->load(Array)
#14 /var/www/html/vendor/laravel/framework/src/Illuminate/Routing/Controller.php(54): App\\Http\\Controllers\\V1\\Admin\\EInvoice\\EInvoiceController->generate(12)
#15 /var/www/html/vendor/laravel/framework/src/Illuminate/Routing/ControllerDispatcher.php(43): Illuminate\\Routing\\Controller->callAction('generate', Array)
#16 /var/www/html/vendor/laravel/framework/src/Illuminate/Routing/Route.php(265): Illuminate\\Routing\\ControllerDispatcher->dispatch(Object(Illuminate\\Routing\\Route), Object(App\\Http\\Controllers\\V1\\Admin\\EInvoice\\EInvoiceController), 'generate')
#17 /var/www/html/vendor/laravel/framework/src/Illuminate/Routing/Route.php(211): Illuminate\\Routing\\Route->runController()
#18 /var/www/html/vendor/laravel/framework/src/Illuminate/Routing/Router.php(808): Illuminate\\Routing\\Route->run()
#19 /var/www/html/vendor/laravel/framework/src/Illuminate/Pipeline/Pipeline.php(169): Illuminate\\Routing\\Router->Illuminate\\Routing\\{closure}(Object(Illuminate\\Http\\Request))
#20 /var/www/html/vendor/laravel/framework/src/Illuminate/Routing/Middleware/ThrottleRequests.php(160): Illuminate\\Pipeline\\Pipeline->Illuminate\\Pipeline\\{closure}(Object(Illuminate\\Http\\Request))
#21 /var/www/html/vendor/laravel/framework/src/Illuminate/Routing/Middleware/ThrottleRequests.php(91): Illuminate\\Routing\\Middleware\\ThrottleRequests->handleRequest(Object(Illuminate\\Http\\Request), Object(Closure), Array)
#22 /var/www/html/vendor/laravel/framework/src/Illuminate/Pipeline/Pipeline.php(208): Illuminate\\Routing\\Middleware\\ThrottleRequests->handle(Object(Illuminate\\Http\\Request), Object(Closure), '60', '1')
#23 /var/www/html/app/Http/Middleware/ScopeBouncer.php(53): Illuminate\\Pipeline\\Pipeline->Illuminate\\Pipeline\\{closure}(Object(Illuminate\\Http\\Request))
#24 /var/www/html/vendor/laravel/framework/src/Illuminate/Pipeline/Pipeline.php(208): App\\Http\\Middleware\\ScopeBouncer->handle(Object(Illuminate\\Http\\Request), Object(Closure))
#25 /var/www/html/app/Http/Middleware/CompanyMiddleware.php(58): Illuminate\\Pipeline\\Pipeline->Illuminate\\Pipeline\\{closure}(Object(Illuminate\\Http\\Request))
#26 /var/www/html/vendor/laravel/framework/src/Illuminate/Pipeline/Pipeline.php(208): App\\Http\\Middleware\\CompanyMiddleware->handle(Object(Illuminate\\Http\\Request), Object(Closure))
#27 /var/www/html/vendor/laravel/framework/src/Illuminate/Routing/Middleware/SubstituteBindings.php(50): Illuminate\\Pipeline\\Pipeline->Illuminate\\Pipeline\\{closure}(Object(Illuminate\\Http\\Request))
#28 /var/www/html/vendor/laravel/framework/src/Illuminate/Pipeline/Pipeline.php(208): Illuminate\\Routing\\Middleware\\SubstituteBindings->handle(Object(Illuminate\\Http\\Request), Object(Closure))
#29 /var/www/html/vendor/laravel/framework/src/Illuminate/Auth/Middleware/Authenticate.php(63): Illuminate\\Pipeline\\Pipeline->Illuminate\\Pipeline\\{closure}(Object(Illuminate\\Http\\Request))
#30 /var/www/html/vendor/laravel/framework/src/Illuminate/Pipeline/Pipeline.php(208): Illuminate\\Auth\\Middleware\\Authenticate->handle(Object(Illuminate\\Http\\Request), Object(Closure), 'sanctum')
#31 /var/www/html/vendor/laravel/framework/src/Illuminate/Routing/Middleware/ThrottleRequests.php(160): Illuminate\\Pipeline\\Pipeline->Illuminate\\Pipeline\\{closure}(Object(Illuminate\\Http\\Request))
#32 /var/www/html/vendor/laravel/framework/src/Illuminate/Routing/Middleware/ThrottleRequests.php(91): Illuminate\\Routing\\Middleware\\ThrottleRequests->handleRequest(Object(Illuminate\\Http\\Request), Object(Closure), Array)
#33 /var/www/html/vendor/laravel/framework/src/Illuminate/Pipeline/Pipeline.php(208): Illuminate\\Routing\\Middleware\\ThrottleRequests->handle(Object(Illuminate\\Http\\Request), Object(Closure), '180', '1')
#34 /var/www/html/vendor/laravel/sanctum/src/Http/Middleware/EnsureFrontendRequestsAreStateful.php(26): Illuminate\\Pipeline\\Pipeline->Illuminate\\Pipeline\\{closure}(Object(Illuminate\\Http\\Request))
#35 /var/www/html/vendor/laravel/framework/src/Illuminate/Pipeline/Pipeline.php(169): Laravel\\Sanctum\\Http\\Middleware\\EnsureFrontendRequestsAreStateful->Laravel\\Sanctum\\Http\\Middleware\\{closure}(Object(Illuminate\\Http\\Request))
#36 /var/www/html/vendor/laravel/sanctum/src/Http/Middleware/AuthenticateSession.php(66): Illuminate\\Pipeline\\Pipeline->Illuminate\\Pipeline\\{closure}(Object(Illuminate\\Http\\Request))
#37 /var/www/html/vendor/laravel/framework/src/Illuminate/Pipeline/Pipeline.php(208): Laravel\\Sanctum\\Http\\Middleware\\AuthenticateSession->handle(Object(Illuminate\\Http\\Request), Object(Closure))
#38 /var/www/html/vendor/laravel/framework/src/Illuminate/Foundation/Http/Middleware/VerifyCsrfToken.php(87): Illuminate\\Pipeline\\Pipeline->Illuminate\\Pipeline\\{closure}(Object(Illuminate\\Http\\Request))
#39 /var/www/html/vendor/laravel/framework/src/Illuminate/Pipeline/Pipeline.php(208): Illuminate\\Foundation\\Http\\Middleware\\VerifyCsrfToken->handle(Object(Illuminate\\Http\\Request), Object(Closure))
#40 /var/www/html/vendor/laravel/framework/src/Illuminate/Session/Middleware/StartSession.php(120): Illuminate\\Pipeline\\Pipeline->Illuminate\\Pipeline\\{closure}(Object(Illuminate\\Http\\Request))
#41 /var/www/html/vendor/laravel/framework/src/Illuminate/Session/Middleware/StartSession.php(63): Illuminate\\Session\\Middleware\\StartSession->handleStatefulRequest(Object(Illuminate\\Http\\Request), Object(Illuminate\\Session\\Store), Object(Closure))
#42 /var/www/html/vendor/laravel/framework/src/Illuminate/Pipeline/Pipeline.php(208): Illuminate\\Session\\Middleware\\StartSession->handle(Object(Illuminate\\Http\\Request), Object(Closure))
#43 /var/www/html/vendor/laravel/framework/src/Illuminate/Cookie/Middleware/AddQueuedCookiesToResponse.php(36): Illuminate\\Pipeline\\Pipeline->Illuminate\\Pipeline\\{closure}(Object(Illuminate\\Http\\Request))
#44 /var/www/html/vendor/laravel/framework/src/Illuminate/Pipeline/Pipeline.php(208): Illuminate\\Cookie\\Middleware\\AddQueuedCookiesToResponse->handle(Object(Illuminate\\Http\\Request), Object(Closure))
#45 /var/www/html/vendor/laravel/framework/src/Illuminate/Cookie/Middleware/EncryptCookies.php(74): Illuminate\\Pipeline\\Pipeline->Illuminate\\Pipeline\\{closure}(Object(Illuminate\\Http\\Request))
#46 /var/www/html/vendor/laravel/framework/src/Illuminate/Pipeline/Pipeline.php(208): Illuminate\\Cookie\\Middleware\\EncryptCookies->handle(Object(Illuminate\\Http\\Request), Object(Closure))
#47 /var/www/html/vendor/laravel/sanctum/src/Http/Middleware/EnsureFrontendRequestsAreStateful.php(61): Illuminate\\Pipeline\\Pipeline->Illuminate\\Pipeline\\{closure}(Object(Illuminate\\Http\\Request))
#48 /var/www/html/vendor/laravel/framework/src/Illuminate/Pipeline/Pipeline.php(190): Laravel\\Sanctum\\Http\\Middleware\\EnsureFrontendRequestsAreStateful->Laravel\\Sanctum\\Http\\Middleware\\{closure}(Object(Illuminate\\Http\\Request), Object(Closure))
#49 /var/www/html/vendor/laravel/framework/src/Illuminate/Pipeline/Pipeline.php(126): Illuminate\\Pipeline\\Pipeline->Illuminate\\Pipeline\\{closure}(Object(Illuminate\\Http\\Request))
#50 /var/www/html/vendor/laravel/sanctum/src/Http/Middleware/EnsureFrontendRequestsAreStateful.php(25): Illuminate\\Pipeline\\Pipeline->then(Object(Closure))
#51 /var/www/html/vendor/laravel/framework/src/Illuminate/Pipeline/Pipeline.php(208): Laravel\\Sanctum\\Http\\Middleware\\EnsureFrontendRequestsAreStateful->handle(Object(Illuminate\\Http\\Request), Object(Closure))
#52 /var/www/html/vendor/laravel/framework/src/Illuminate/Pipeline/Pipeline.php(126): Illuminate\\Pipeline\\Pipeline->Illuminate\\Pipeline\\{closure}(Object(Illuminate\\Http\\Request))
#53 /var/www/html/vendor/laravel/framework/src/Illuminate/Routing/Router.php(807): Illuminate\\Pipeline\\Pipeline->then(Object(Closure))
#54 /var/www/html/vendor/laravel/framework/src/Illuminate/Routing/Router.php(786): Illuminate\\Routing\\Router->runRouteWithinStack(Object(Illuminate\\Routing\\Route), Object(Illuminate\\Http\\Request))
#55 /var/www/html/vendor/laravel/framework/src/Illuminate/Routing/Router.php(750): Illuminate\\Routing\\Router->runRoute(Object(Illuminate\\Http\\Request), Object(Illuminate\\Routing\\Route))
#56 /var/www/html/vendor/laravel/framework/src/Illuminate/Routing/Router.php(739): Illuminate\\Routing\\Router->dispatchToRoute(Object(Illuminate\\Http\\Request))
#57 /var/www/html/vendor/laravel/framework/src/Illuminate/Foundation/Http/Kernel.php(200): Illuminate\\Routing\\Router->dispatch(Object(Illuminate\\Http\\Request))
#58 /var/www/html/vendor/laravel/framework/src/Illuminate/Pipeline/Pipeline.php(169): Illuminate\\Foundation\\Http\\Kernel->Illuminate\\Foundation\\Http\\{closure}(Object(Illuminate\\Http\\Request))
#59 /var/www/html/app/Http/Middleware/PerformanceMonitoringMiddleware.php(41): Illuminate\\Pipeline\\Pipeline->Illuminate\\Pipeline\\{closure}(Object(Illuminate\\Http\\Request))
#60 /var/www/html/vendor/laravel/framework/src/Illuminate/Pipeline/Pipeline.php(208): App\\Http\\Middleware\\PerformanceMonitoringMiddleware->handle(Object(Illuminate\\Http\\Request), Object(Closure))
#61 /var/www/html/app/Http/Middleware/LocaleMiddleware.php(42): Illuminate\\Pipeline\\Pipeline->Illuminate\\Pipeline\\{closure}(Object(Illuminate\\Http\\Request))
#62 /var/www/html/vendor/laravel/framework/src/Illuminate/Pipeline/Pipeline.php(208): App\\Http\\Middleware\\LocaleMiddleware->handle(Object(Illuminate\\Http\\Request), Object(Closure))
#63 /var/www/html/app/Http/Middleware/ConfigMiddleware.php(38): Illuminate\\Pipeline\\Pipeline->Illuminate\\Pipeline\\{closure}(Object(Illuminate\\Http\\Request))
#64 /var/www/html/vendor/laravel/framework/src/Illuminate/Pipeline/Pipeline.php(208): App\\Http\\Middleware\\ConfigMiddleware->handle(Object(Illuminate\\Http\\Request), Object(Closure))
#65 /var/www/html/vendor/laravel/framework/src/Illuminate/Foundation/Http/Middleware/TransformsRequest.php(21): Illuminate\\Pipeline\\Pipeline->Illuminate\\Pipeline\\{closure}(Object(Illuminate\\Http\\Request))
#66 /var/www/html/vendor/laravel/framework/src/Illuminate/Foundation/Http/Middleware/TrimStrings.php(51): Illuminate\\Foundation\\Http\\Middleware\\TransformsRequest->handle(Object(Illuminate\\Http\\Request), Object(Closure))
#67 /var/www/html/vendor/laravel/framework/src/Illuminate/Pipeline/Pipeline.php(208): Illuminate\\Foundation\\Http\\Middleware\\TrimStrings->handle(Object(Illuminate\\Http\\Request), Object(Closure))
#68 /var/www/html/vendor/laravel/framework/src/Illuminate/Foundation/Http/Middleware/PreventRequestsDuringMaintenance.php(109): Illuminate\\Pipeline\\Pipeline->Illuminate\\Pipeline\\{closure}(Object(Illuminate\\Http\\Request))
#69 /var/www/html/vendor/laravel/framework/src/Illuminate/Pipeline/Pipeline.php(208): Illuminate\\Foundation\\Http\\Middleware\\PreventRequestsDuringMaintenance->handle(Object(Illuminate\\Http\\Request), Object(Closure))
#70 /var/www/html/vendor/laravel/framework/src/Illuminate/Foundation/Http/Middleware/TransformsRequest.php(21): Illuminate\\Pipeline\\Pipeline->Illuminate\\Pipeline\\{closure}(Object(Illuminate\\Http\\Request))
#71 /var/www/html/vendor/laravel/framework/src/Illuminate/Foundation/Http/Middleware/ConvertEmptyStringsToNull.php(31): Illuminate\\Foundation\\Http\\Middleware\\TransformsRequest->handle(Object(Illuminate\\Http\\Request), Object(Closure))
#72 /var/www/html/vendor/laravel/framework/src/Illuminate/Pipeline/Pipeline.php(208): Illuminate\\Foundation\\Http\\Middleware\\ConvertEmptyStringsToNull->handle(Object(Illuminate\\Http\\Request), Object(Closure))
#73 /var/www/html/vendor/laravel/framework/src/Illuminate/Foundation/Http/Middleware/TransformsRequest.php(21): Illuminate\\Pipeline\\Pipeline->Illuminate\\Pipeline\\{closure}(Object(Illuminate\\Http\\Request))
#74 /var/www/html/vendor/laravel/framework/src/Illuminate/Foundation/Http/Middleware/TrimStrings.php(51): Illuminate\\Foundation\\Http\\Middleware\\TransformsRequest->handle(Object(Illuminate\\Http\\Request), Object(Closure))
#75 /var/www/html/vendor/laravel/framework/src/Illuminate/Pipeline/Pipeline.php(208): Illuminate\\Foundation\\Http\\Middleware\\TrimStrings->handle(Object(Illuminate\\Http\\Request), Object(Closure))
#76 /var/www/html/vendor/laravel/framework/src/Illuminate/Http/Middleware/ValidatePostSize.php(27): Illuminate\\Pipeline\\Pipeline->Illuminate\\Pipeline\\{closure}(Object(Illuminate\\Http\\Request))
#77 /var/www/html/vendor/laravel/framework/src/Illuminate/Pipeline/Pipeline.php(208): Illuminate\\Http\\Middleware\\ValidatePostSize->handle(Object(Illuminate\\Http\\Request), Object(Closure))
#78 /var/www/html/vendor/laravel/framework/src/Illuminate/Foundation/Http/Middleware/PreventRequestsDuringMaintenance.php(109): Illuminate\\Pipeline\\Pipeline->Illuminate\\Pipeline\\{closure}(Object(Illuminate\\Http\\Request))
#79 /var/www/html/vendor/laravel/framework/src/Illuminate/Pipeline/Pipeline.php(208): Illuminate\\Foundation\\Http\\Middleware\\PreventRequestsDuringMaintenance->handle(Object(Illuminate\\Http\\Request), Object(Closure))
#80 /var/www/html/vendor/laravel/framework/src/Illuminate/Http/Middleware/HandleCors.php(61): Illuminate\\Pipeline\\Pipeline->Illuminate\\Pipeline\\{closure}(Object(Illuminate\\Http\\Request))
#81 /var/www/html/vendor/laravel/framework/src/Illuminate/Pipeline/Pipeline.php(208): Illuminate\\Http\\Middleware\\HandleCors->handle(Object(Illuminate\\Http\\Request), Object(Closure))
#82 /var/www/html/vendor/laravel/framework/src/Illuminate/Http/Middleware/TrustProxies.php(58): Illuminate\\Pipeline\\Pipeline->Illuminate\\Pipeline\\{closure}(Object(Illuminate\\Http\\Request))
#83 /var/www/html/vendor/laravel/framework/src/Illuminate/Pipeline/Pipeline.php(208): Illuminate\\Http\\Middleware\\TrustProxies->handle(Object(Illuminate\\Http\\Request), Object(Closure))
#84 /var/www/html/vendor/laravel/framework/src/Illuminate/Foundation/Http/Middleware/InvokeDeferredCallbacks.php(22): Illuminate\\Pipeline\\Pipeline->Illuminate\\Pipeline\\{closure}(Object(Illuminate\\Http\\Request))
#85 /var/www/html/vendor/laravel/framework/src/Illuminate/Pipeline/Pipeline.php(208): Illuminate\\Foundation\\Http\\Middleware\\InvokeDeferredCallbacks->handle(Object(Illuminate\\Http\\Request), Object(Closure))
#86 /var/www/html/vendor/laravel/framework/src/Illuminate/Http/Middleware/ValidatePathEncoding.php(26): Illuminate\\Pipeline\\Pipeline->Illuminate\\Pipeline\\{closure}(Object(Illuminate\\Http\\Request))
#87 /var/www/html/vendor/laravel/framework/src/Illuminate/Pipeline/Pipeline.php(208): Illuminate\\Http\\Middleware\\ValidatePathEncoding->handle(Object(Illuminate\\Http\\Request), Object(Closure))
#88 /var/www/html/vendor/laravel/framework/src/Illuminate/Pipeline/Pipeline.php(126): Illuminate\\Pipeline\\Pipeline->Illuminate\\Pipeline\\{closure}(Object(Illuminate\\Http\\Request))
#89 /var/www/html/vendor/laravel/framework/src/Illuminate/Foundation/Http/Kernel.php(175): Illuminate\\Pipeline\\Pipeline->then(Object(Closure))
#90 /var/www/html/vendor/laravel/framework/src/Illuminate/Foundation/Http/Kernel.php(144): Illuminate\\Foundation\\Http\\Kernel->sendRequestThroughRouter(Object(Illuminate\\Http\\Request))
#91 /var/www/html/vendor/laravel/framework/src/Illuminate/Foundation/Application.php(1219): Illuminate\\Foundation\\Http\\Kernel->handle(Object(Illuminate\\Http\\Request))
#92 /var/www/html/public/index.php(17): Illuminate\\Foundation\\Application->handleRequest(Object(Illuminate\\Http\\Request))
#93 {main}"} 
[2025-11-11 23:44:28] production.WARNING: Slow operation detected {"operation":"req_6913ca5bf350c","execution_time_ms":349.21,"memory_used_bytes":2097152,"memory_used_mb":2.0} 
[2025-11-11 23:44:28] production.WARNING: Slow request detected {"operation":"req_6913ca5bf350c","execution_time_ms":349.21,"memory_used_bytes":2097152,"memory_used_mb":2.0,"method":"GET","url":"https://www.facturino.mk/api/v1/invoices/12","route":"invoices.show","user_id":2,"company_id":"2","ip":"79.125.199.91","user_agent":"Mozilla/5.0 (Macintosh; Intel Mac OS X 10_15_7) AppleWebKit/537.36 (KHTML, like Gecko) Chrome/142.0.0.0 Safari/537.36","response_status":200} 
[2025-11-11 23:44:34] production.WARNING: Slow operation detected {"operation":"req_6913ca61d9c32","execution_time_ms":325.71,"memory_used_bytes":0,"memory_used_mb":0.0} 
[2025-11-11 23:44:34] production.WARNING: Slow request detected {"operation":"req_6913ca61d9c32","execution_time_ms":325.71,"memory_used_bytes":0,"memory_used_mb":0.0,"method":"GET","url":"https://www.facturino.mk/api/v1/invoices/1","route":"invoices.show","user_id":2,"company_id":"2","ip":"79.125.199.91","user_agent":"Mozilla/5.0 (Macintosh; Intel Mac OS X 10_15_7) AppleWebKit/537.36 (KHTML, like Gecko) Chrome/142.0.0.0 Safari/537.36","response_status":200} 
[2025-11-11 23:44:40] production.WARNING: Slow operation detected {"operation":"req_6913ca68084eb","execution_time_ms":376.56,"memory_used_bytes":6291456,"memory_used_mb":6.0} 
[2025-11-11 23:44:40] production.WARNING: Slow request detected {"operation":"req_6913ca68084eb","execution_time_ms":376.56,"memory_used_bytes":6291456,"memory_used_mb":6.0,"method":"GET","url":"https://www.facturino.mk/invoices/pdf/P857bzW3621RYLG4V2mO","route":null,"user_id":2,"company_id":"2","ip":"79.125.199.91","user_agent":"Mozilla/5.0 (Macintosh; Intel Mac OS X 10_15_7) AppleWebKit/537.36 (KHTML, like Gecko) Chrome/142.0.0.0 Safari/537.36","response_status":200} 