2025-11-14T16:52:46.510903047Z [inf]  
2025-11-14T16:52:51.273134938Z [inf]  [35m[Region: europe-west4][0m
2025-11-14T16:52:51.277688643Z [inf]  [35m==============
2025-11-14T16:52:51.277754040Z [inf]  Using Nixpacks
2025-11-14T16:52:51.277765579Z [inf]  ==============
2025-11-14T16:52:51.277779400Z [inf]  [0m
2025-11-14T16:52:51.277953589Z [inf]  context: pz9t-KVJA
2025-11-14T16:52:51.415534472Z [inf]  â•”â•â•â•â•â•â•â•â• Nixpacks v1.38.0 â•â•â•â•â•â•â•â•—
2025-11-14T16:52:51.415586224Z [inf]  â•‘ setup      â”‚ nodejs_22, npm-9_x â•‘
2025-11-14T16:52:51.415592716Z [inf]  â•‘â”€â”€â”€â”€â”€â”€â”€â”€â”€â”€â”€â”€â”€â”€â”€â”€â”€â”€â”€â”€â”€â”€â”€â”€â”€â”€â”€â”€â”€â”€â”€â”€â”€â•‘
2025-11-14T16:52:51.415597037Z [inf]  â•‘ install    â”‚ npm i              â•‘
2025-11-14T16:52:51.415604302Z [inf]  â•‘â”€â”€â”€â”€â”€â”€â”€â”€â”€â”€â”€â”€â”€â”€â”€â”€â”€â”€â”€â”€â”€â”€â”€â”€â”€â”€â”€â”€â”€â”€â”€â”€â”€â•‘
2025-11-14T16:52:51.415608674Z [inf]  â•‘ build      â”‚ npm run build      â•‘
2025-11-14T16:52:51.415613413Z [inf]  â•‘â”€â”€â”€â”€â”€â”€â”€â”€â”€â”€â”€â”€â”€â”€â”€â”€â”€â”€â”€â”€â”€â”€â”€â”€â”€â”€â”€â”€â”€â”€â”€â”€â”€â•‘
2025-11-14T16:52:51.415617760Z [inf]  â•‘ start      â”‚ npm run start      â•‘
2025-11-14T16:52:51.415621933Z [inf]  â•šâ•â•â•â•â•â•â•â•â•â•â•â•â•â•â•â•â•â•â•â•â•â•â•â•â•â•â•â•â•â•â•â•â•â•
2025-11-14T16:52:51.643366109Z [inf]  [internal] load build definition from Dockerfile
2025-11-14T16:52:51.643442427Z [inf]  [internal] load build definition from Dockerfile
2025-11-14T16:52:51.643464789Z [inf]  [internal] load build definition from Dockerfile
2025-11-14T16:52:51.664457082Z [inf]  [internal] load build definition from Dockerfile
2025-11-14T16:52:51.667284065Z [inf]  [internal] load metadata for ghcr.io/railwayapp/nixpacks:ubuntu-1745885067
2025-11-14T16:52:51.944785491Z [inf]  [internal] load metadata for ghcr.io/railwayapp/nixpacks:ubuntu-1745885067
2025-11-14T16:52:51.945191268Z [inf]  [internal] load .dockerignore
2025-11-14T16:52:51.945272447Z [inf]  [internal] load .dockerignore
2025-11-14T16:52:51.945298344Z [inf]  [internal] load .dockerignore
2025-11-14T16:52:51.955117362Z [inf]  [internal] load .dockerignore
2025-11-14T16:52:51.962257335Z [inf]  [stage-0 10/10] COPY . /app
2025-11-14T16:52:51.962305527Z [inf]  [stage-0  9/10] RUN printf '\nPATH=/app/node_modules/.bin:$PATH' >> /root/.profile
2025-11-14T16:52:51.962324681Z [inf]  [stage-0  8/10] RUN --mount=type=cache,id=s/1bb5ef8b-0ac2-40fb-bce5-a100f30c93b2-next/cache,target=/app/.next/cache --mount=type=cache,id=s/1bb5ef8b-0ac2-40fb-bce5-a100f30c93b2-node_modules/cache,target=/app/node_modules/.cache npm run build
2025-11-14T16:52:51.962336026Z [inf]  [stage-0  7/10] COPY . /app/.
2025-11-14T16:52:51.962348004Z [inf]  [stage-0  6/10] RUN --mount=type=cache,id=s/1bb5ef8b-0ac2-40fb-bce5-a100f30c93b2-/root/npm,target=/root/.npm npm i
2025-11-14T16:52:51.962357623Z [inf]  [stage-0  5/10] COPY . /app/.
2025-11-14T16:52:51.962365357Z [inf]  [stage-0  4/10] RUN nix-env -if .nixpacks/nixpkgs-ffeebf0acf3ae8b29f8c7049cd911b9636efd7e7.nix && nix-collect-garbage -d
2025-11-14T16:52:51.962374249Z [inf]  [stage-0  3/10] COPY .nixpacks/nixpkgs-ffeebf0acf3ae8b29f8c7049cd911b9636efd7e7.nix .nixpacks/nixpkgs-ffeebf0acf3ae8b29f8c7049cd911b9636efd7e7.nix
2025-11-14T16:52:51.962382620Z [inf]  [internal] load build context
2025-11-14T16:52:51.962392207Z [inf]  [stage-0  2/10] WORKDIR /app/
2025-11-14T16:52:51.962399880Z [inf]  [stage-0  1/10] FROM ghcr.io/railwayapp/nixpacks:ubuntu-1745885067@sha256:d45c89d80e13d7ad0fd555b5130f22a866d9dd10e861f589932303ef2314c7de
2025-11-14T16:52:51.962423037Z [inf]  [stage-0  1/10] FROM ghcr.io/railwayapp/nixpacks:ubuntu-1745885067@sha256:d45c89d80e13d7ad0fd555b5130f22a866d9dd10e861f589932303ef2314c7de
2025-11-14T16:52:51.962432156Z [inf]  [internal] load build context
2025-11-14T16:52:51.962933412Z [inf]  [internal] load build context
2025-11-14T16:52:51.997452405Z [inf]  [internal] load build context
2025-11-14T16:52:51.999533270Z [inf]  [stage-0  2/10] WORKDIR /app/
2025-11-14T16:52:51.999583090Z [inf]  [stage-0  3/10] COPY .nixpacks/nixpkgs-ffeebf0acf3ae8b29f8c7049cd911b9636efd7e7.nix .nixpacks/nixpkgs-ffeebf0acf3ae8b29f8c7049cd911b9636efd7e7.nix
2025-11-14T16:52:52.065413469Z [inf]  [stage-0  3/10] COPY .nixpacks/nixpkgs-ffeebf0acf3ae8b29f8c7049cd911b9636efd7e7.nix .nixpacks/nixpkgs-ffeebf0acf3ae8b29f8c7049cd911b9636efd7e7.nix
2025-11-14T16:52:52.066664166Z [inf]  [stage-0  4/10] RUN nix-env -if .nixpacks/nixpkgs-ffeebf0acf3ae8b29f8c7049cd911b9636efd7e7.nix && nix-collect-garbage -d
2025-11-14T16:52:52.3430905Z [inf]  unpacking 'https://github.com/NixOS/nixpkgs/archive/ffeebf0acf3ae8b29f8c7049cd911b9636efd7e7.tar.gz' into the Git cache...

2025-11-14T16:53:26.04124907Z [inf]  unpacking 'https://github.com/railwayapp/nix-npm-overlay/archive/main.tar.gz' into the Git cache...

2025-11-14T16:53:26.610989405Z [inf]  installing 'ffeebf0acf3ae8b29f8c7049cd911b9636efd7e7-env'

2025-11-14T16:53:27.62558718Z [inf]  these 5 derivations will be built:

2025-11-14T16:53:27.625610323Z [inf]    /nix/store/6vy68gykpxfphbmmyd59ya88xvrwvvaa-npm-9.9.4.tgz.drv
  /nix/store/cjdjkmr6gy2h8l0cra71whgrvy030kx1-libraries.drv
  /nix/store/bs6g8vhkfynvlzidhlqbsvnc9wijbaaz-ffeebf0acf3ae8b29f8c7049cd911b9636efd7e7-env.drv
  /nix/store/w9h0z1lhfwxc0m38f3w5brfdqrzm4wyj-npm.drv
  /nix/store/zr34yihblp8zqam2fjahiiddvnii8gw0-ffeebf0acf3ae8b29f8c7049cd911b9636efd7e7-env.drv
these 78 paths will be fetched (122.32 MiB download, 581.57 MiB unpacked):

2025-11-14T16:53:27.625659741Z [inf]    /nix/store/cf7gkacyxmm66lwl5nj6j6yykbrg4q5c-acl-2.3.2
  /nix/store/a9jgnlhkjkxav6qrc3rzg2q84pkl2wvr-attr-2.5.2
  /nix/store/5mh7kaj2fyv8mk4sfq1brwxgc02884wi-bash-5.2p37
  /nix/store/j7p46r8v9gcpbxx89pbqlh61zhd33gzv-binutils-2.43.1
  /nix/store/df2a8k58k00f2dh2x930dg6xs6g6mliv-binutils-2.43.1-lib
  /nix/store/srcmmqi8kxjfygd0hyy42c8hv6cws83b-binutils-wrapper-2.43.1
  /nix/store/wf5zj2gbib3gjqllkabxaw4dh0gzcla3-builder.pl
  /nix/store/ivl2v8rgg7qh1jkj5pwpqycax3rc2hnl-bzip2-1.0.8
  /nix/store/mglixp03lsp0w986svwdvm7vcy17rdax-bzip2-1.0.8-bin
  /nix/store/4s9rah4cwaxflicsk5cndnknqlk9n4p3-coreutils-9.5

2025-11-14T16:53:27.625673105Z [inf]    /nix/store/pkc7mb4a4qvyz73srkqh4mwl70w98dsv-curl-8.11.0
  /nix/store/p123cq20klajcl9hj8jnkjip5nw6awhz-curl-8.11.0-bin
  /nix/store/5f5linrxzhhb3mrclkwdpm9bd8ygldna-curl-8.11.0-dev
  /nix/store/agvks3qmzja0yj54szi3vja6vx3cwkkw-curl-8.11.0-man
  /nix/store/00g69vw7c9lycy63h45ximy0wmzqx5y6-diffutils-3.10
  /nix/store/74h4z8k82pmp24xryflv4lxkz8jlpqqd-ed-1.20.2
  /nix/store/qbry6090vlr9ar33kdmmbq2p5apzbga8-expand-response-params
  /nix/store/c4rj90r2m89rxs64hmm857mipwjhig5d-file-5.46
  /nix/store/jqrz1vq5nz4lnv9pqzydj0ir58wbjfy1-findutils-4.10.0
  /nix/store/a3c47r5z1q2c4rz0kvq8hlilkhx2s718-gawk-5.3.1
  /nix/store/l89iqc7am6i60y8vk507zwrzxf0wcd3v-gcc-14-20241116
  /nix/store/bpq1s72cw9qb2fs8mnmlw6hn2c7iy0ss-gcc-14-20241116-lib

2025-11-14T16:53:27.625677391Z [inf]    /nix/store/17v0ywnr3akp85pvdi56gwl99ljv95kx-gcc-14-20241116-libgcc
  /nix/store/xcn9p4xxfbvlkpah7pwchpav4ab9d135-gcc-wrapper-14-20241116
  /nix/store/65h17wjrrlsj2rj540igylrx7fqcd6vq-glibc-2.40-36
  /nix/store/1c6bmxrrhm8bd26ai2rjqld2yyjrxhds-glibc-2.40-36-bin

2025-11-14T16:53:27.625689836Z [inf]    /nix/store/kj8hbqx4ds9qm9mq7hyikxyfwwg13kzj-glibc-2.40-36-dev
  /nix/store/kryrg7ds05iwcmy81amavk8w13y4lxbs-gmp-6.3.0

2025-11-14T16:53:27.62569444Z [inf]    /nix/store/a2byxfv4lc8f2g5xfzw8cz5q8k05wi29-gmp-with-cxx-6.3.0
  /nix/store/1m67ipsk39xvhyqrxnzv2m2p48pil8kl-gnu-config-2024-01-01
  /nix/store/aap6cq56amx4mzbyxp2wpgsf1kqjcr1f-gnugrep-3.11
  /nix/store/fp6cjl1zcmm6mawsnrb5yak1wkz2ma8l-gnumake-4.4.1

2025-11-14T16:53:27.62572247Z [inf]    /nix/store/abm77lnrkrkb58z6xp1qwjcr1xgkcfwm-gnused-4.9
  /nix/store/9cwwj1c9csmc85l2cqzs3h9hbf1vwl6c-gnutar-1.35
  /nix/store/nvvj6sk0k6px48436drlblf4gafgbvzr-gzip-1.13
  /nix/store/wwipgdqb4p2fr46kmw9c5wlk799kbl68-icu4c-74.2
  /nix/store/m8w3mf0i4862q22bxad0wspkgdy4jnkk-icu4c-74.2-dev

2025-11-14T16:53:27.625733817Z [inf]    /nix/store/xmbv8s4p4i4dbxgkgdrdfb0ym25wh6gk-isl-0.20
  /nix/store/2wh1gqyzf5xsvxpdz2k0bxiz583wwq29-keyutils-1.6.3-lib
  /nix/store/milph81dilrh96isyivh5n50agpx39k2-krb5-1.21.3
  /nix/store/b56mswksrql15knpb1bnhv3ysif340kd-krb5-1.21.3-dev
  /nix/store/v9c1s50x7magpiqgycxxkn36avzbcg0g-krb5-1.21.3-lib
  /nix/store/34z2792zyd4ayl5186vx0s98ckdaccz9-libidn2-2.3.7
  /nix/store/2a3anh8vl3fcgk0fvaravlimrqawawza-libmpc-1.3.1

2025-11-14T16:53:27.625739012Z [inf]    /nix/store/8675pnfr4fqnwv4pzjl67hdwls4q13aa-libssh2-1.11.1
  /nix/store/d7zhcrcc7q3yfbm3qkqpgc3daq82spwi-libssh2-1.11.1-dev
  /nix/store/xcqcgqazykf6s7fsn08k0blnh0wisdcl-libunistring-1.3

2025-11-14T16:53:27.625745066Z [inf]    /nix/store/r9ac2hwnmb0nxwsrvr6gi9wsqf2whfqj-libuv-1.49.2
  /nix/store/ll14czvpxglf6nnwmmrmygplm830fvlv-libuv-1.49.2-dev

2025-11-14T16:53:27.625749585Z [inf]    /nix/store/6cr0spsvymmrp1hj5n0kbaxw55w1lqyp-libxcrypt-4.4.36

2025-11-14T16:53:27.625754353Z [inf]    /nix/store/pc74azbkr19rkd5bjalq2xwx86cj3cga-linux-headers-6.12
  /nix/store/fv7gpnvg922frkh81w5hkdhpz0nw3iiz-mirrors-list

2025-11-14T16:53:27.625760746Z [inf]    /nix/store/qs22aazzrdd4dnjf9vffl0n31hvls43h-mpfr-4.2.1
  /nix/store/grixvx878884hy8x3xs0c0s1i00j632k-nghttp2-1.64.0

2025-11-14T16:53:27.625765552Z [inf]    /nix/store/dz97fw51rm5bl9kz1vg0haj1j1a7r1mr-nghttp2-1.64.0-dev
  /nix/store/qcghigzrz56vczwlzg9c02vbs6zr9jkz-nghttp2-1.64.0-lib
  /nix/store/fkyp1bm5gll9adnfcj92snyym524mdrj-nodejs-22.11.0

2025-11-14T16:53:27.625807164Z [inf]    /nix/store/9l9n7a0v4aibcz0sgd0crs209an9p7dz-openssl-3.3.2
  /nix/store/h1ydpxkw9qhjdxjpic1pdc2nirggyy6f-openssl-3.3.2
  /nix/store/lygl27c44xv73kx1spskcgvzwq7z337c-openssl-3.3.2-bin
  /nix/store/qq5q0alyzywdazhmybi7m69akz0ppk05-openssl-3.3.2-bin
  /nix/store/kqm7wpqkzc4bwjlzqizcbz0mgkj06a9x-openssl-3.3.2-dev
  /nix/store/pp2zf8bdgyz60ds8vcshk2603gcjgp72-openssl-3.3.2-dev
  /nix/store/5yja5dpk2qw1v5mbfbl2d7klcdfrh90w-patch-2.7.6
  /nix/store/srfxqk119fijwnprgsqvn68ys9kiw0bn-patchelf-0.15.0
  /nix/store/3j1p598fivxs69wx3a657ysv3rw8k06l-pcre2-10.44

2025-11-14T16:53:27.625814669Z [inf]    /nix/store/1i003ijlh9i0mzp6alqby5hg3090pjdx-perl-5.40.0
  /nix/store/dj96qp9vps02l3n8xgc2vallqa9rhafb-sqlite-3.47.0
  /nix/store/yc39wvfz87i0bl8r6vnhq48n6clbx2pb-sqlite-3.47.0-bin
  /nix/store/i47d0rzbbnihcxkcaj48jgii5pj58djc-sqlite-3.47.0-dev
  /nix/store/4ig84cyqi6qy4n0sanrbzsw1ixa497jx-stdenv-linux
  /nix/store/d0gfdcag8bxzvg7ww4s7px4lf8sxisyx-stdenv-linux

2025-11-14T16:53:27.62582017Z [inf]    /nix/store/d29r1bdmlvwmj52apgcdxfl1mm9c5782-update-autotools-gnu-config-scripts-hook
  /nix/store/acfkqzj5qrqs88a4a6ixnybbjxja663d-xgcc-14-20241116-libgcc
  /nix/store/c2njy6bv84kw1i4bjf5k5gn7gz8hn57n-xz-5.6.3

2025-11-14T16:53:27.625825814Z [inf]    /nix/store/h18s640fnhhj2qdh5vivcfbxvz377srg-xz-5.6.3-bin
  /nix/store/cqlaa2xf6lslnizyj9xqa8j0ii1yqw0x-zlib-1.3.1

2025-11-14T16:53:27.625831122Z [inf]    /nix/store/1lggwqzapn5mn49l9zy4h566ysv9kzdb-zlib-1.3.1-dev

2025-11-14T16:53:27.634129428Z [inf]  copying path '/nix/store/wf5zj2gbib3gjqllkabxaw4dh0gzcla3-builder.pl' from 'https://cache.nixos.org'...

2025-11-14T16:53:27.638284589Z [inf]  copying path '/nix/store/17v0ywnr3akp85pvdi56gwl99ljv95kx-gcc-14-20241116-libgcc' from 'https://cache.nixos.org'...

2025-11-14T16:53:27.638296061Z [inf]  copying path '/nix/store/1m67ipsk39xvhyqrxnzv2m2p48pil8kl-gnu-config-2024-01-01' from 'https://cache.nixos.org'...

2025-11-14T16:53:27.638717922Z [inf]  copying path '/nix/store/acfkqzj5qrqs88a4a6ixnybbjxja663d-xgcc-14-20241116-libgcc' from 'https://cache.nixos.org'...

2025-11-14T16:53:27.639034894Z [inf]  copying path '/nix/store/xcqcgqazykf6s7fsn08k0blnh0wisdcl-libunistring-1.3' from 'https://cache.nixos.org'...

2025-11-14T16:53:27.642105165Z [inf]  copying path '/nix/store/pc74azbkr19rkd5bjalq2xwx86cj3cga-linux-headers-6.12' from 'https://cache.nixos.org'...

2025-11-14T16:53:27.642121338Z [inf]  copying path '/nix/store/fv7gpnvg922frkh81w5hkdhpz0nw3iiz-mirrors-list' from 'https://cache.nixos.org'...

2025-11-14T16:53:27.642698463Z [inf]  copying path '/nix/store/agvks3qmzja0yj54szi3vja6vx3cwkkw-curl-8.11.0-man' from 'https://cache.nixos.org'...

2025-11-14T16:53:27.643377407Z [inf]  copying path '/nix/store/grixvx878884hy8x3xs0c0s1i00j632k-nghttp2-1.64.0' from 'https://cache.nixos.org'...

2025-11-14T16:53:27.651547269Z [inf]  copying path '/nix/store/d29r1bdmlvwmj52apgcdxfl1mm9c5782-update-autotools-gnu-config-scripts-hook' from 'https://cache.nixos.org'...

2025-11-14T16:53:27.697915593Z [inf]  copying path '/nix/store/34z2792zyd4ayl5186vx0s98ckdaccz9-libidn2-2.3.7' from 'https://cache.nixos.org'...

2025-11-14T16:53:27.718324189Z [inf]  copying path '/nix/store/65h17wjrrlsj2rj540igylrx7fqcd6vq-glibc-2.40-36' from 'https://cache.nixos.org'...

2025-11-14T16:53:28.340023879Z [inf]  copying path '/nix/store/a9jgnlhkjkxav6qrc3rzg2q84pkl2wvr-attr-2.5.2' from 'https://cache.nixos.org'...
copying path '/nix/store/5mh7kaj2fyv8mk4sfq1brwxgc02884wi-bash-5.2p37' from 'https://cache.nixos.org'...
copying path '/nix/store/ivl2v8rgg7qh1jkj5pwpqycax3rc2hnl-bzip2-1.0.8' from 'https://cache.nixos.org'...

2025-11-14T16:53:28.340044069Z [inf]  copying path '/nix/store/74h4z8k82pmp24xryflv4lxkz8jlpqqd-ed-1.20.2' from 'https://cache.nixos.org'...
copying path '/nix/store/qbry6090vlr9ar33kdmmbq2p5apzbga8-expand-response-params' from 'https://cache.nixos.org'...

2025-11-14T16:53:28.340173857Z [inf]  copying path '/nix/store/a3c47r5z1q2c4rz0kvq8hlilkhx2s718-gawk-5.3.1' from 'https://cache.nixos.org'...
copying path '/nix/store/bpq1s72cw9qb2fs8mnmlw6hn2c7iy0ss-gcc-14-20241116-lib' from 'https://cache.nixos.org'...

2025-11-14T16:53:28.340219917Z [inf]  copying path '/nix/store/1c6bmxrrhm8bd26ai2rjqld2yyjrxhds-glibc-2.40-36-bin' from 'https://cache.nixos.org'...

2025-11-14T16:53:28.34026758Z [inf]  copying path '/nix/store/kryrg7ds05iwcmy81amavk8w13y4lxbs-gmp-6.3.0' from 'https://cache.nixos.org'...

2025-11-14T16:53:28.340309902Z [inf]  copying path '/nix/store/fp6cjl1zcmm6mawsnrb5yak1wkz2ma8l-gnumake-4.4.1' from 'https://cache.nixos.org'...

2025-11-14T16:53:28.340398205Z [inf]  copying path '/nix/store/abm77lnrkrkb58z6xp1qwjcr1xgkcfwm-gnused-4.9' from 'https://cache.nixos.org'...

2025-11-14T16:53:28.340413118Z [inf]  copying path '/nix/store/2wh1gqyzf5xsvxpdz2k0bxiz583wwq29-keyutils-1.6.3-lib' from 'https://cache.nixos.org'...

2025-11-14T16:53:28.340518429Z [inf]  copying path '/nix/store/r9ac2hwnmb0nxwsrvr6gi9wsqf2whfqj-libuv-1.49.2' from 'https://cache.nixos.org'...

2025-11-14T16:53:28.34055504Z [inf]  copying path '/nix/store/6cr0spsvymmrp1hj5n0kbaxw55w1lqyp-libxcrypt-4.4.36' from 'https://cache.nixos.org'...

2025-11-14T16:53:28.340616675Z [inf]  copying path '/nix/store/qcghigzrz56vczwlzg9c02vbs6zr9jkz-nghttp2-1.64.0-lib' from 'https://cache.nixos.org'...

2025-11-14T16:53:28.340741568Z [inf]  copying path '/nix/store/9l9n7a0v4aibcz0sgd0crs209an9p7dz-openssl-3.3.2' from 'https://cache.nixos.org'...

2025-11-14T16:53:28.383854335Z [inf]  copying path '/nix/store/h1ydpxkw9qhjdxjpic1pdc2nirggyy6f-openssl-3.3.2' from 'https://cache.nixos.org'...

2025-11-14T16:53:28.385920663Z [inf]  copying path '/nix/store/3j1p598fivxs69wx3a657ysv3rw8k06l-pcre2-10.44' from 'https://cache.nixos.org'...

2025-11-14T16:53:28.386497119Z [inf]  copying path '/nix/store/mglixp03lsp0w986svwdvm7vcy17rdax-bzip2-1.0.8-bin' from 'https://cache.nixos.org'...

2025-11-14T16:53:28.388441115Z [inf]  copying path '/nix/store/5yja5dpk2qw1v5mbfbl2d7klcdfrh90w-patch-2.7.6' from 'https://cache.nixos.org'...

2025-11-14T16:53:28.391981506Z [inf]  copying path '/nix/store/cf7gkacyxmm66lwl5nj6j6yykbrg4q5c-acl-2.3.2' from 'https://cache.nixos.org'...

2025-11-14T16:53:28.396196439Z [inf]  copying path '/nix/store/c2njy6bv84kw1i4bjf5k5gn7gz8hn57n-xz-5.6.3' from 'https://cache.nixos.org'...

2025-11-14T16:53:28.398145671Z [inf]  copying path '/nix/store/cqlaa2xf6lslnizyj9xqa8j0ii1yqw0x-zlib-1.3.1' from 'https://cache.nixos.org'...

2025-11-14T16:53:28.398744212Z [inf]  copying path '/nix/store/dz97fw51rm5bl9kz1vg0haj1j1a7r1mr-nghttp2-1.64.0-dev' from 'https://cache.nixos.org'...

2025-11-14T16:53:28.399477474Z [inf]  copying path '/nix/store/ll14czvpxglf6nnwmmrmygplm830fvlv-libuv-1.49.2-dev' from 'https://cache.nixos.org'...

2025-11-14T16:53:28.405488509Z [inf]  copying path '/nix/store/9cwwj1c9csmc85l2cqzs3h9hbf1vwl6c-gnutar-1.35' from 'https://cache.nixos.org'...

2025-11-14T16:53:28.40755824Z [inf]  copying path '/nix/store/xmbv8s4p4i4dbxgkgdrdfb0ym25wh6gk-isl-0.20' from 'https://cache.nixos.org'...

2025-11-14T16:53:28.408903951Z [inf]  copying path '/nix/store/qs22aazzrdd4dnjf9vffl0n31hvls43h-mpfr-4.2.1' from 'https://cache.nixos.org'...

2025-11-14T16:53:28.416012226Z [inf]  copying path '/nix/store/c4rj90r2m89rxs64hmm857mipwjhig5d-file-5.46' from 'https://cache.nixos.org'...
copying path '/nix/store/df2a8k58k00f2dh2x930dg6xs6g6mliv-binutils-2.43.1-lib' from 'https://cache.nixos.org'...

2025-11-14T16:53:28.416323669Z [inf]  copying path '/nix/store/dj96qp9vps02l3n8xgc2vallqa9rhafb-sqlite-3.47.0' from 'https://cache.nixos.org'...

2025-11-14T16:53:28.418474553Z [inf]  copying path '/nix/store/yc39wvfz87i0bl8r6vnhq48n6clbx2pb-sqlite-3.47.0-bin' from 'https://cache.nixos.org'...

2025-11-14T16:53:28.428670515Z [inf]  copying path '/nix/store/1lggwqzapn5mn49l9zy4h566ysv9kzdb-zlib-1.3.1-dev' from 'https://cache.nixos.org'...

2025-11-14T16:53:28.431764335Z [inf]  copying path '/nix/store/nvvj6sk0k6px48436drlblf4gafgbvzr-gzip-1.13' from 'https://cache.nixos.org'...

2025-11-14T16:53:28.441306968Z [inf]  copying path '/nix/store/h18s640fnhhj2qdh5vivcfbxvz377srg-xz-5.6.3-bin' from 'https://cache.nixos.org'...

2025-11-14T16:53:28.44377418Z [inf]  copying path '/nix/store/2a3anh8vl3fcgk0fvaravlimrqawawza-libmpc-1.3.1' from 'https://cache.nixos.org'...

2025-11-14T16:53:28.445444785Z [inf]  copying path '/nix/store/aap6cq56amx4mzbyxp2wpgsf1kqjcr1f-gnugrep-3.11' from 'https://cache.nixos.org'...

2025-11-14T16:53:28.468700152Z [inf]  copying path '/nix/store/kj8hbqx4ds9qm9mq7hyikxyfwwg13kzj-glibc-2.40-36-dev' from 'https://cache.nixos.org'...

2025-11-14T16:53:28.494191356Z [inf]  copying path '/nix/store/i47d0rzbbnihcxkcaj48jgii5pj58djc-sqlite-3.47.0-dev' from 'https://cache.nixos.org'...

2025-11-14T16:53:28.560460009Z [inf]  copying path '/nix/store/v9c1s50x7magpiqgycxxkn36avzbcg0g-krb5-1.21.3-lib' from 'https://cache.nixos.org'...
copying path '/nix/store/8675pnfr4fqnwv4pzjl67hdwls4q13aa-libssh2-1.11.1' from 'https://cache.nixos.org'...
copying path '/nix/store/qq5q0alyzywdazhmybi7m69akz0ppk05-openssl-3.3.2-bin' from 'https://cache.nixos.org'...

2025-11-14T16:53:28.565822737Z [inf]  copying path '/nix/store/lygl27c44xv73kx1spskcgvzwq7z337c-openssl-3.3.2-bin' from 'https://cache.nixos.org'...

2025-11-14T16:53:28.596025895Z [inf]  copying path '/nix/store/pp2zf8bdgyz60ds8vcshk2603gcjgp72-openssl-3.3.2-dev' from 'https://cache.nixos.org'...

2025-11-14T16:53:28.602793348Z [inf]  copying path '/nix/store/kqm7wpqkzc4bwjlzqizcbz0mgkj06a9x-openssl-3.3.2-dev' from 'https://cache.nixos.org'...

2025-11-14T16:53:28.605606851Z [inf]  copying path '/nix/store/j7p46r8v9gcpbxx89pbqlh61zhd33gzv-binutils-2.43.1' from 'https://cache.nixos.org'...

2025-11-14T16:53:28.605621024Z [inf]  copying path '/nix/store/l89iqc7am6i60y8vk507zwrzxf0wcd3v-gcc-14-20241116' from 'https://cache.nixos.org'...

2025-11-14T16:53:28.605689284Z [inf]  copying path '/nix/store/a2byxfv4lc8f2g5xfzw8cz5q8k05wi29-gmp-with-cxx-6.3.0' from 'https://cache.nixos.org'...
copying path '/nix/store/wwipgdqb4p2fr46kmw9c5wlk799kbl68-icu4c-74.2' from 'https://cache.nixos.org'...

2025-11-14T16:53:28.605771158Z [inf]  copying path '/nix/store/srfxqk119fijwnprgsqvn68ys9kiw0bn-patchelf-0.15.0' from 'https://cache.nixos.org'...

2025-11-14T16:53:28.632052731Z [inf]  copying path '/nix/store/pkc7mb4a4qvyz73srkqh4mwl70w98dsv-curl-8.11.0' from 'https://cache.nixos.org'...

2025-11-14T16:53:28.63207957Z [inf]  copying path '/nix/store/milph81dilrh96isyivh5n50agpx39k2-krb5-1.21.3' from 'https://cache.nixos.org'...

2025-11-14T16:53:28.635886406Z [inf]  copying path '/nix/store/4s9rah4cwaxflicsk5cndnknqlk9n4p3-coreutils-9.5' from 'https://cache.nixos.org'...

2025-11-14T16:53:28.661383773Z [inf]  copying path '/nix/store/d7zhcrcc7q3yfbm3qkqpgc3daq82spwi-libssh2-1.11.1-dev' from 'https://cache.nixos.org'...

2025-11-14T16:53:28.678716067Z [inf]  copying path '/nix/store/p123cq20klajcl9hj8jnkjip5nw6awhz-curl-8.11.0-bin' from 'https://cache.nixos.org'...

2025-11-14T16:53:28.686649289Z [inf]  copying path '/nix/store/b56mswksrql15knpb1bnhv3ysif340kd-krb5-1.21.3-dev' from 'https://cache.nixos.org'...

2025-11-14T16:53:28.713546772Z [inf]  copying path '/nix/store/5f5linrxzhhb3mrclkwdpm9bd8ygldna-curl-8.11.0-dev' from 'https://cache.nixos.org'...

2025-11-14T16:53:28.715979887Z [inf]  copying path '/nix/store/00g69vw7c9lycy63h45ximy0wmzqx5y6-diffutils-3.10' from 'https://cache.nixos.org'...

2025-11-14T16:53:28.716107761Z [inf]  copying path '/nix/store/jqrz1vq5nz4lnv9pqzydj0ir58wbjfy1-findutils-4.10.0' from 'https://cache.nixos.org'...
copying path '/nix/store/1i003ijlh9i0mzp6alqby5hg3090pjdx-perl-5.40.0' from 'https://cache.nixos.org'...

2025-11-14T16:53:28.776539978Z [inf]  copying path '/nix/store/4ig84cyqi6qy4n0sanrbzsw1ixa497jx-stdenv-linux' from 'https://cache.nixos.org'...

2025-11-14T16:53:28.844936229Z [inf]  building '/nix/store/cjdjkmr6gy2h8l0cra71whgrvy030kx1-libraries.drv'...

2025-11-14T16:53:28.90221062Z [inf]  building '/nix/store/6vy68gykpxfphbmmyd59ya88xvrwvvaa-npm-9.9.4.tgz.drv'...

2025-11-14T16:53:29.055333512Z [inf]  building '/nix/store/bs6g8vhkfynvlzidhlqbsvnc9wijbaaz-ffeebf0acf3ae8b29f8c7049cd911b9636efd7e7-env.drv'...

2025-11-14T16:53:29.108557122Z [inf]  
trying https://registry.npmjs.org/npm/-/npm-9.9.4.tgz

2025-11-14T16:53:29.113210834Z [inf]    % Total    % Received % Xferd  Average Speed   Time    Time     Time  Current

2025-11-14T16:53:29.113289663Z [inf]                                   Dload  Upload   Total   Spent    Left  Speed

2025-11-14T16:53:29.19289297Z [inf]  100 2648k  100 2648k    0     0  32.4M      0 --:--:-- --:--:-- --:--:-- 32.7M

2025-11-14T16:53:29.275457589Z [inf]  copying path '/nix/store/srcmmqi8kxjfygd0hyy42c8hv6cws83b-binutils-wrapper-2.43.1' from 'https://cache.nixos.org'...

2025-11-14T16:53:29.564370748Z [inf]  copying path '/nix/store/m8w3mf0i4862q22bxad0wspkgdy4jnkk-icu4c-74.2-dev' from 'https://cache.nixos.org'...

2025-11-14T16:53:29.673947767Z [inf]  copying path '/nix/store/fkyp1bm5gll9adnfcj92snyym524mdrj-nodejs-22.11.0' from 'https://cache.nixos.org'...

2025-11-14T16:53:33.218053459Z [inf]  copying path '/nix/store/xcn9p4xxfbvlkpah7pwchpav4ab9d135-gcc-wrapper-14-20241116' from 'https://cache.nixos.org'...

2025-11-14T16:53:33.229628453Z [inf]  copying path '/nix/store/d0gfdcag8bxzvg7ww4s7px4lf8sxisyx-stdenv-linux' from 'https://cache.nixos.org'...

2025-11-14T16:53:33.269216432Z [inf]  building '/nix/store/w9h0z1lhfwxc0m38f3w5brfdqrzm4wyj-npm.drv'...

2025-11-14T16:53:33.330242901Z [inf]  Running phase: unpackPhase

2025-11-14T16:53:33.335291536Z [inf]  unpacking source archive /nix/store/fkd1ma3nify8r9wp463yg5rqz9hdcyf1-npm-9.9.4.tgz

2025-11-14T16:53:33.466092264Z [inf]  source root is package

2025-11-14T16:53:33.53113425Z [inf]  setting SOURCE_DATE_EPOCH to timestamp 499162500 of file package/package.json

2025-11-14T16:53:33.537259822Z [inf]  Running phase: installPhase

2025-11-14T16:53:34.272227813Z [inf]  building '/nix/store/zr34yihblp8zqam2fjahiiddvnii8gw0-ffeebf0acf3ae8b29f8c7049cd911b9636efd7e7-env.drv'...

2025-11-14T16:53:34.358746326Z [inf]  created 33 symlinks in user environment

2025-11-14T16:53:34.531551664Z [inf]  building '/nix/store/540448vk4llinjrj8arqg9x2kb5l721g-user-environment.drv'...

2025-11-14T16:53:34.736520874Z [inf]  removing old generations of profile /nix/var/nix/profiles/per-user/root/profile

2025-11-14T16:53:34.736542415Z [inf]  removing profile version 1

2025-11-14T16:53:34.736653994Z [inf]  removing old generations of profile /nix/var/nix/profiles/per-user/root/channels

2025-11-14T16:53:34.736835324Z [inf]  removing old generations of profile /nix/var/nix/profiles/per-user/root/profile

2025-11-14T16:53:34.736908212Z [inf]  removing old generations of profile /nix/var/nix/profiles/per-user/root/channels

2025-11-14T16:53:34.73911738Z [inf]  finding garbage collector roots...

2025-11-14T16:53:34.739179596Z [inf]  removing stale link from '/nix/var/nix/gcroots/auto/lzjbmb2ry0z7lma2fvpqprb12921pnb5' to '/nix/var/nix/profiles/per-user/root/profile-1-link'

2025-11-14T16:53:34.743933627Z [inf]  deleting garbage...

2025-11-14T16:53:34.751841356Z [inf]  deleting '/nix/store/a9qf4wwhympzs35ncp80r185j6a21w07-user-environment'

2025-11-14T16:53:34.768865164Z [inf]  deleting '/nix/store/253kwn1730vnay87xkjgxa2v97w3y079-user-environment.drv'

2025-11-14T16:53:34.769001447Z [inf]  deleting '/nix/store/hn5mrh362n52x8wwab9s1v6bgn4n5c94-env-manifest.nix'

2025-11-14T16:53:34.769827613Z [inf]  deleting '/nix/store/d0gfdcag8bxzvg7ww4s7px4lf8sxisyx-stdenv-linux'

2025-11-14T16:53:34.770189481Z [inf]  deleting '/nix/store/4ig84cyqi6qy4n0sanrbzsw1ixa497jx-stdenv-linux'

2025-11-14T16:53:34.770428298Z [inf]  deleting '/nix/store/h18s640fnhhj2qdh5vivcfbxvz377srg-xz-5.6.3-bin'

2025-11-14T16:53:34.770879408Z [inf]  deleting '/nix/store/c2njy6bv84kw1i4bjf5k5gn7gz8hn57n-xz-5.6.3'

2025-11-14T16:53:34.772508394Z [inf]  deleting '/nix/store/1c0dv2pdlshjz5kmjd4dfp3c96yncr23-libraries'

2025-11-14T16:53:34.772797485Z [inf]  deleting '/nix/store/5f5linrxzhhb3mrclkwdpm9bd8ygldna-curl-8.11.0-dev'

2025-11-14T16:53:34.773353056Z [inf]  deleting '/nix/store/b56mswksrql15knpb1bnhv3ysif340kd-krb5-1.21.3-dev'

2025-11-14T16:53:34.774344615Z [inf]  deleting '/nix/store/xcn9p4xxfbvlkpah7pwchpav4ab9d135-gcc-wrapper-14-20241116'

2025-11-14T16:53:34.774984582Z [inf]  deleting '/nix/store/srcmmqi8kxjfygd0hyy42c8hv6cws83b-binutils-wrapper-2.43.1'

2025-11-14T16:53:34.775504798Z [inf]  deleting '/nix/store/p123cq20klajcl9hj8jnkjip5nw6awhz-curl-8.11.0-bin'

2025-11-14T16:53:34.775903855Z [inf]  deleting '/nix/store/l89iqc7am6i60y8vk507zwrzxf0wcd3v-gcc-14-20241116'

2025-11-14T16:53:34.795010738Z [inf]  deleting '/nix/store/kj8hbqx4ds9qm9mq7hyikxyfwwg13kzj-glibc-2.40-36-dev'

2025-11-14T16:53:34.800069023Z [inf]  deleting '/nix/store/pc74azbkr19rkd5bjalq2xwx86cj3cga-linux-headers-6.12'

2025-11-14T16:53:34.810356715Z [inf]  deleting '/nix/store/1c6bmxrrhm8bd26ai2rjqld2yyjrxhds-glibc-2.40-36-bin'

2025-11-14T16:53:34.810758259Z [inf]  deleting '/nix/store/lwi59jcfwk2lnrakmm1y5vw85hj3n1bi-source'

2025-11-14T16:53:36.152995469Z [inf]  deleting '/nix/store/wf5zj2gbib3gjqllkabxaw4dh0gzcla3-builder.pl'

2025-11-14T16:53:36.153217581Z [inf]  deleting '/nix/store/d29r1bdmlvwmj52apgcdxfl1mm9c5782-update-autotools-gnu-config-scripts-hook'

2025-11-14T16:53:36.153376407Z [inf]  deleting '/nix/store/1m67ipsk39xvhyqrxnzv2m2p48pil8kl-gnu-config-2024-01-01'

2025-11-14T16:53:36.153621954Z [inf]  deleting '/nix/store/nvvj6sk0k6px48436drlblf4gafgbvzr-gzip-1.13'

2025-11-14T16:53:36.154252815Z [inf]  deleting '/nix/store/fp6cjl1zcmm6mawsnrb5yak1wkz2ma8l-gnumake-4.4.1'

2025-11-14T16:53:36.15708569Z [inf]  deleting '/nix/store/qbry6090vlr9ar33kdmmbq2p5apzbga8-expand-response-params'

2025-11-14T16:53:36.157528111Z [inf]  deleting '/nix/store/d7zhcrcc7q3yfbm3qkqpgc3daq82spwi-libssh2-1.11.1-dev'

2025-11-14T16:53:36.158034931Z [inf]  deleting '/nix/store/2a3anh8vl3fcgk0fvaravlimrqawawza-libmpc-1.3.1'

2025-11-14T16:53:36.158464511Z [inf]  deleting '/nix/store/qs22aazzrdd4dnjf9vffl0n31hvls43h-mpfr-4.2.1'

2025-11-14T16:53:36.159191436Z [inf]  deleting '/nix/store/pkc7mb4a4qvyz73srkqh4mwl70w98dsv-curl-8.11.0'

2025-11-14T16:53:36.159459137Z [inf]  deleting '/nix/store/milph81dilrh96isyivh5n50agpx39k2-krb5-1.21.3'

2025-11-14T16:53:36.160647091Z [inf]  deleting '/nix/store/v9c1s50x7magpiqgycxxkn36avzbcg0g-krb5-1.21.3-lib'

2025-11-14T16:53:36.162093468Z [inf]  deleting '/nix/store/kqm7wpqkzc4bwjlzqizcbz0mgkj06a9x-openssl-3.3.2-dev'

2025-11-14T16:53:36.163906308Z [inf]  deleting '/nix/store/qq5q0alyzywdazhmybi7m69akz0ppk05-openssl-3.3.2-bin'

2025-11-14T16:53:36.164149319Z [inf]  deleting '/nix/store/8675pnfr4fqnwv4pzjl67hdwls4q13aa-libssh2-1.11.1'

2025-11-14T16:53:36.164285655Z [inf]  deleting '/nix/store/9l9n7a0v4aibcz0sgd0crs209an9p7dz-openssl-3.3.2'

2025-11-14T16:53:36.164770937Z [inf]  deleting '/nix/store/c4rj90r2m89rxs64hmm857mipwjhig5d-file-5.46'

2025-11-14T16:53:36.16526554Z [inf]  deleting '/nix/store/j7p46r8v9gcpbxx89pbqlh61zhd33gzv-binutils-2.43.1'

2025-11-14T16:53:36.169771145Z [inf]  deleting '/nix/store/df2a8k58k00f2dh2x930dg6xs6g6mliv-binutils-2.43.1-lib'

2025-11-14T16:53:36.170158735Z [inf]  deleting '/nix/store/fkd1ma3nify8r9wp463yg5rqz9hdcyf1-npm-9.9.4.tgz'

2025-11-14T16:53:36.170648565Z [inf]  deleting '/nix/store/cq7spyiisamd2arvssmh3cds0hw8gzy0-source'

2025-11-14T16:53:36.171618777Z [inf]  deleting '/nix/store/aap6cq56amx4mzbyxp2wpgsf1kqjcr1f-gnugrep-3.11'

2025-11-14T16:53:36.174619954Z [inf]  deleting '/nix/store/3j1p598fivxs69wx3a657ysv3rw8k06l-pcre2-10.44'

2025-11-14T16:53:36.174979525Z [inf]  deleting '/nix/store/xmbv8s4p4i4dbxgkgdrdfb0ym25wh6gk-isl-0.20'

2025-11-14T16:53:36.176075292Z [inf]  deleting '/nix/store/dz97fw51rm5bl9kz1vg0haj1j1a7r1mr-nghttp2-1.64.0-dev'

2025-11-14T16:53:36.176334307Z [inf]  deleting '/nix/store/grixvx878884hy8x3xs0c0s1i00j632k-nghttp2-1.64.0'

2025-11-14T16:53:36.177128208Z [inf]  deleting '/nix/store/a3c47r5z1q2c4rz0kvq8hlilkhx2s718-gawk-5.3.1'

2025-11-14T16:53:36.179393079Z [inf]  deleting '/nix/store/1i003ijlh9i0mzp6alqby5hg3090pjdx-perl-5.40.0'

2025-11-14T16:53:36.20645858Z [inf]  deleting '/nix/store/6cr0spsvymmrp1hj5n0kbaxw55w1lqyp-libxcrypt-4.4.36'

2025-11-14T16:53:36.20695127Z [inf]  deleting '/nix/store/5yja5dpk2qw1v5mbfbl2d7klcdfrh90w-patch-2.7.6'

2025-11-14T16:53:36.207272138Z [inf]  deleting '/nix/store/74h4z8k82pmp24xryflv4lxkz8jlpqqd-ed-1.20.2'

2025-11-14T16:53:36.207642221Z [inf]  deleting '/nix/store/abm77lnrkrkb58z6xp1qwjcr1xgkcfwm-gnused-4.9'

2025-11-14T16:53:36.210669318Z [inf]  deleting '/nix/store/jqrz1vq5nz4lnv9pqzydj0ir58wbjfy1-findutils-4.10.0'

2025-11-14T16:53:36.213588876Z [inf]  deleting '/nix/store/qcghigzrz56vczwlzg9c02vbs6zr9jkz-nghttp2-1.64.0-lib'

2025-11-14T16:53:36.213886003Z [inf]  deleting '/nix/store/srfxqk119fijwnprgsqvn68ys9kiw0bn-patchelf-0.15.0'

2025-11-14T16:53:36.214393854Z [inf]  deleting '/nix/store/kryrg7ds05iwcmy81amavk8w13y4lxbs-gmp-6.3.0'

2025-11-14T16:53:36.21469627Z [inf]  deleting '/nix/store/9cwwj1c9csmc85l2cqzs3h9hbf1vwl6c-gnutar-1.35'

2025-11-14T16:53:36.217575676Z [inf]  deleting '/nix/store/mglixp03lsp0w986svwdvm7vcy17rdax-bzip2-1.0.8-bin'

2025-11-14T16:53:36.217882753Z [inf]  deleting '/nix/store/ivl2v8rgg7qh1jkj5pwpqycax3rc2hnl-bzip2-1.0.8'

2025-11-14T16:53:36.218202629Z [inf]  deleting '/nix/store/2wh1gqyzf5xsvxpdz2k0bxiz583wwq29-keyutils-1.6.3-lib'

2025-11-14T16:53:36.218418254Z [inf]  deleting '/nix/store/fv7gpnvg922frkh81w5hkdhpz0nw3iiz-mirrors-list'

2025-11-14T16:53:36.218709605Z [inf]  deleting '/nix/store/00g69vw7c9lycy63h45ximy0wmzqx5y6-diffutils-3.10'

2025-11-14T16:53:36.221362058Z [inf]  deleting '/nix/store/agvks3qmzja0yj54szi3vja6vx3cwkkw-curl-8.11.0-man'

2025-11-14T16:53:36.221730595Z [inf]  deleting unused links...

2025-11-14T16:53:38.246420197Z [inf]  note: currently hard linking saves 2.96 MiB

2025-11-14T16:53:38.354837152Z [inf]  61 store paths deleted, 559.41 MiB freed

2025-11-14T16:53:39.833642486Z [inf]  [stage-0  4/10] RUN nix-env -if .nixpacks/nixpkgs-ffeebf0acf3ae8b29f8c7049cd911b9636efd7e7.nix && nix-collect-garbage -d
2025-11-14T16:53:39.837982723Z [inf]  [stage-0  5/10] COPY . /app/.
2025-11-14T16:53:40.031957703Z [inf]  [stage-0  5/10] COPY . /app/.
2025-11-14T16:53:40.037079584Z [inf]  [stage-0  6/10] RUN --mount=type=cache,id=s/1bb5ef8b-0ac2-40fb-bce5-a100f30c93b2-/root/npm,target=/root/.npm npm i
2025-11-14T16:53:40.237377582Z [inf]  npm warn config production Use `--omit=dev` instead.

2025-11-14T16:54:11.641093197Z [inf]  
added 360 packages, and audited 361 packages in 31s

2025-11-14T16:54:11.641166917Z [inf]  
142 packages are looking for funding

2025-11-14T16:54:11.641185706Z [inf]    run `npm fund` for details

2025-11-14T16:54:11.642475211Z [inf]  
found 0 vulnerabilities

2025-11-14T16:54:13.450159368Z [inf]  [stage-0  6/10] RUN --mount=type=cache,id=s/1bb5ef8b-0ac2-40fb-bce5-a100f30c93b2-/root/npm,target=/root/.npm npm i
2025-11-14T16:54:13.453075218Z [inf]  [stage-0  7/10] COPY . /app/.
2025-11-14T16:54:13.741781459Z [inf]  [stage-0  7/10] COPY . /app/.
2025-11-14T16:54:13.746190870Z [inf]  [stage-0  8/10] RUN --mount=type=cache,id=s/1bb5ef8b-0ac2-40fb-bce5-a100f30c93b2-next/cache,target=/app/.next/cache --mount=type=cache,id=s/1bb5ef8b-0ac2-40fb-bce5-a100f30c93b2-node_modules/cache,target=/app/node_modules/.cache npm run build
2025-11-14T16:54:13.943669345Z [inf]  npm warn config production Use `--omit=dev` instead.

2025-11-14T16:54:13.961159477Z [inf]  
> website@0.1.0 build
> next build


2025-11-14T16:54:14.885095574Z [inf]  Attention: Next.js now collects completely anonymous telemetry regarding usage.

2025-11-14T16:54:14.885292378Z [inf]  This information is used to shape Next.js' roadmap and prioritize features.

2025-11-14T16:54:14.885313583Z [inf]  You can learn more, including how to opt-out if you'd not like to participate in this anonymous program, by visiting the following URL:
https://nextjs.org/telemetry

2025-11-14T16:54:14.885367859Z [inf]  

2025-11-14T16:54:14.916074618Z [inf]     â–² Next.js 16.0.3 (Turbopack)

2025-11-14T16:54:14.916154866Z [inf]  

2025-11-14T16:54:14.981715271Z [inf]     Creating an optimized production build ...

2025-11-14T16:54:17.709378211Z [inf]  

2025-11-14T16:54:17.709711943Z [inf]  > Build error occurred

2025-11-14T16:54:17.714126811Z [inf]  Error: Turbopack build failed with 1 errors:
./src/app
An issue occurred while preparing your Next.js app
Conflicting route and page at /health: route at /health/route and page at /health/page


    at ignore-listed frames

2025-11-14T16:54:17.893088111Z [err]  [stage-0  8/10] RUN --mount=type=cache,id=s/1bb5ef8b-0ac2-40fb-bce5-a100f30c93b2-next/cache,target=/app/.next/cache --mount=type=cache,id=s/1bb5ef8b-0ac2-40fb-bce5-a100f30c93b2-node_modules/cache,target=/app/node_modules/.cache npm run build
2025-11-14T16:54:17.911722149Z [err]  Dockerfile:24
2025-11-14T16:54:17.911756064Z [err]  -------------------
2025-11-14T16:54:17.911764831Z [err]  22 |     # build phase
2025-11-14T16:54:17.911772686Z [err]  23 |     COPY . /app/.
2025-11-14T16:54:17.911783925Z [err]  24 | >>> RUN --mount=type=cache,id=s/1bb5ef8b-0ac2-40fb-bce5-a100f30c93b2-next/cache,target=/app/.next/cache --mount=type=cache,id=s/1bb5ef8b-0ac2-40fb-bce5-a100f30c93b2-node_modules/cache,target=/app/node_modules/.cache npm run build
2025-11-14T16:54:17.911791718Z [err]  25 |
2025-11-14T16:54:17.911798428Z [err]  26 |
2025-11-14T16:54:17.911805041Z [err]  -------------------
2025-11-14T16:54:17.911816953Z [err]  ERROR: failed to build: failed to solve: process "/bin/bash -ol pipefail -c npm run build" did not complete successfully: exit code: 1
2025-11-14T16:54:17.917964383Z [err]  Error: Docker build failed