[2025-11-18 23:06:58] production.INFO: IntelligentFieldMapper initialized {"matcher_count":4,"matchers":["App\\Services\\Import\\Intelligent\\Matchers\\ExactMatcher","App\\Services\\Import\\Intelligent\\Matchers\\SynonymMatcher","App\\Services\\Import\\Intelligent\\Matchers\\FuzzyMatcher","App\\Services\\Import\\Intelligent\\Matchers\\PatternMatcher"]} 
[2025-11-18 23:06:58] production.INFO: ImportService initialized {"intelligent_enabled":true,"fallback_enabled":true} 
[2025-11-18 23:06:58] production.INFO: IntelligentFieldMapper initialized {"matcher_count":4,"matchers":["App\\Services\\Import\\Intelligent\\Matchers\\ExactMatcher","App\\Services\\Import\\Intelligent\\Matchers\\SynonymMatcher","App\\Services\\Import\\Intelligent\\Matchers\\FuzzyMatcher","App\\Services\\Import\\Intelligent\\Matchers\\PatternMatcher"]} 
[2025-11-18 23:06:58] production.INFO: ImportService initialized {"intelligent_enabled":true,"fallback_enabled":true} 
[2025-11-18 23:06:58] production.INFO: IntelligentFieldMapper initialized {"matcher_count":4,"matchers":["App\\Services\\Import\\Intelligent\\Matchers\\ExactMatcher","App\\Services\\Import\\Intelligent\\Matchers\\SynonymMatcher","App\\Services\\Import\\Intelligent\\Matchers\\FuzzyMatcher","App\\Services\\Import\\Intelligent\\Matchers\\PatternMatcher"]} 
[2025-11-18 23:06:58] production.INFO: ImportService initialized {"intelligent_enabled":true,"fallback_enabled":true} 
[2025-11-18 23:06:58] production.INFO: IntelligentFieldMapper initialized {"matcher_count":4,"matchers":["App\\Services\\Import\\Intelligent\\Matchers\\ExactMatcher","App\\Services\\Import\\Intelligent\\Matchers\\SynonymMatcher","App\\Services\\Import\\Intelligent\\Matchers\\FuzzyMatcher","App\\Services\\Import\\Intelligent\\Matchers\\PatternMatcher"]} 
[2025-11-18 23:06:58] production.INFO: ImportService initialized {"intelligent_enabled":true,"fallback_enabled":true} 
[2025-11-18 23:06:58] production.INFO: IntelligentFieldMapper initialized {"matcher_count":4,"matchers":["App\\Services\\Import\\Intelligent\\Matchers\\ExactMatcher","App\\Services\\Import\\Intelligent\\Matchers\\SynonymMatcher","App\\Services\\Import\\Intelligent\\Matchers\\FuzzyMatcher","App\\Services\\Import\\Intelligent\\Matchers\\PatternMatcher"]} 
[2025-11-18 23:06:58] production.INFO: ImportService initialized {"intelligent_enabled":true,"fallback_enabled":true} 
[2025-11-18 23:06:58] production.INFO: IntelligentFieldMapper initialized {"matcher_count":4,"matchers":["App\\Services\\Import\\Intelligent\\Matchers\\ExactMatcher","App\\Services\\Import\\Intelligent\\Matchers\\SynonymMatcher","App\\Services\\Import\\Intelligent\\Matchers\\FuzzyMatcher","App\\Services\\Import\\Intelligent\\Matchers\\PatternMatcher"]} 
[2025-11-18 23:06:58] production.INFO: ImportService initialized {"intelligent_enabled":true,"fallback_enabled":true} 
[2025-11-18 23:06:58] production.INFO: IntelligentFieldMapper initialized {"matcher_count":4,"matchers":["App\\Services\\Import\\Intelligent\\Matchers\\ExactMatcher","App\\Services\\Import\\Intelligent\\Matchers\\SynonymMatcher","App\\Services\\Import\\Intelligent\\Matchers\\FuzzyMatcher","App\\Services\\Import\\Intelligent\\Matchers\\PatternMatcher"]} 
[2025-11-18 23:06:58] production.INFO: ImportService initialized {"intelligent_enabled":true,"fallback_enabled":true} 
[2025-11-18 23:06:58] production.INFO: IntelligentFieldMapper initialized {"matcher_count":4,"matchers":["App\\Services\\Import\\Intelligent\\Matchers\\ExactMatcher","App\\Services\\Import\\Intelligent\\Matchers\\SynonymMatcher","App\\Services\\Import\\Intelligent\\Matchers\\FuzzyMatcher","App\\Services\\Import\\Intelligent\\Matchers\\PatternMatcher"]} 
[2025-11-18 23:06:58] production.INFO: ImportService initialized {"intelligent_enabled":true,"fallback_enabled":true} 
[2025-11-18 23:06:58] production.INFO: IntelligentFieldMapper initialized {"matcher_count":4,"matchers":["App\\Services\\Import\\Intelligent\\Matchers\\ExactMatcher","App\\Services\\Import\\Intelligent\\Matchers\\SynonymMatcher","App\\Services\\Import\\Intelligent\\Matchers\\FuzzyMatcher","App\\Services\\Import\\Intelligent\\Matchers\\PatternMatcher"]} 
[2025-11-18 23:06:58] production.INFO: ImportService initialized {"intelligent_enabled":true,"fallback_enabled":true} 
[2025-11-18 23:07:05] production.WARNING: Health check: Certificate file not found {"path":"/var/www/html/storage/certificates/certificate.pem"} 
[2025-11-18 23:07:05] production.WARNING: Health check: Missing Paddle configuration {"missing":["cashier.seller_id","cashier.api_key","cashier.public_key","cashier.webhook.secret"],"note":"Paddle not configured yet - this is expected until production setup"} 
[2025-11-18 23:07:12] production.WARNING: Health check: Certificate file not found {"path":"/var/www/html/storage/certificates/certificate.pem"} 
[2025-11-18 23:07:12] production.WARNING: Health check: Missing Paddle configuration {"missing":["cashier.seller_id","cashier.api_key","cashier.public_key","cashier.webhook.secret"],"note":"Paddle not configured yet - this is expected until production setup"} 
[2025-11-18 23:08:19] production.INFO: Authenticate middleware handling request {"url":"https://app.facturino.mk/api/v1/certificates/current","method":"GET","guards":["sanctum"],"authenticated_before":true,"user_id_before":2,"session_id":"NWG4VPYf917k6uzyohStcnhrDHmwCusRLwx5atTu","has_session_cookie":true} 
[2025-11-18 23:08:19] production.INFO: Authenticate middleware completed {"authenticated_after":true,"user_id_after":2} 
[2025-11-18 23:09:42] production.INFO: Authenticate middleware handling request {"url":"https://app.facturino.mk/api/v1/bootstrap","method":"GET","guards":["sanctum"],"authenticated_before":true,"user_id_before":2,"session_id":"QdpY7UkvskSNiNCK5EyXHEPnAB0s7ciJjwsiQjTN","has_session_cookie":true} 
[2025-11-18 23:09:42] production.INFO: Bootstrap controller reached {"authenticated":true,"user_id":2,"guard":"sanctum","session_id":"QdpY7UkvskSNiNCK5EyXHEPnAB0s7ciJjwsiQjTN","has_company_header":true,"company_header":"1"} 
[2025-11-18 23:09:43] production.INFO: CompanyResource::toArray - Returning to frontend {"company_id":1,"vat_id":null,"vat_number_raw":null,"vat_number_returned":null,"tax_id":null} 
[2025-11-18 23:09:43] production.INFO: CompanyResource::toArray - Returning to frontend {"company_id":2,"vat_id":"MK12345678901","vat_number_raw":"MK12345678901","vat_number_returned":"MK12345678901","tax_id":"MK12345678901"} 
[2025-11-18 23:09:43] production.INFO: CompanyResource::toArray - Returning to frontend {"company_id":1,"vat_id":null,"vat_number_raw":null,"vat_number_returned":null,"tax_id":null} 
[2025-11-18 23:09:43] production.INFO: CompanyResource::toArray - Returning to frontend {"company_id":1,"vat_id":null,"vat_number_raw":null,"vat_number_returned":null,"tax_id":null} 
[2025-11-18 23:09:43] production.INFO: CompanyResource::toArray - Returning to frontend {"company_id":2,"vat_id":"MK12345678901","vat_number_raw":"MK12345678901","vat_number_returned":"MK12345678901","tax_id":"MK12345678901"} 
[2025-11-18 23:09:43] production.INFO: Authenticate middleware completed {"authenticated_after":true,"user_id_after":2} 
[2025-11-18 23:09:43] production.WARNING: Slow operation detected {"operation":"req_691cfcb6d7be7","execution_time_ms":554.11,"memory_used_bytes":14680064,"memory_used_mb":14.0} 
[2025-11-18 23:09:43] production.WARNING: Slow request detected {"operation":"req_691cfcb6d7be7","execution_time_ms":554.11,"memory_used_bytes":14680064,"memory_used_mb":14.0,"method":"GET","url":"https://app.facturino.mk/api/v1/bootstrap","route":null,"user_id":2,"company_id":"1","ip":"77.28.5.111","user_agent":"Mozilla/5.0 (Macintosh; Intel Mac OS X 10_15_7) AppleWebKit/537.36 (KHTML, like Gecko) Chrome/142.0.0.0 Safari/537.36","response_status":200} 
[2025-11-18 23:09:43] production.INFO: Authenticate middleware handling request {"url":"https://app.facturino.mk/api/v1/console/companies","method":"GET","guards":["sanctum"],"authenticated_before":true,"user_id_before":2,"session_id":"QdpY7UkvskSNiNCK5EyXHEPnAB0s7ciJjwsiQjTN","has_session_cookie":true} 
[2025-11-18 23:09:43] production.INFO: Authenticate middleware handling request {"url":"https://app.facturino.mk/api/v1/partners/stats","method":"GET","guards":["sanctum"],"authenticated_before":true,"user_id_before":2,"session_id":"QdpY7UkvskSNiNCK5EyXHEPnAB0s7ciJjwsiQjTN","has_session_cookie":true} 
[2025-11-18 23:09:43] production.INFO: Authenticate middleware completed {"authenticated_after":true,"user_id_after":2} 
[2025-11-18 23:09:43] production.INFO: Authenticate middleware completed {"authenticated_after":true,"user_id_after":2} 
[2025-11-18 23:09:43] production.INFO: Authenticate middleware handling request {"url":"https://app.facturino.mk/api/v1/partners","method":"GET","guards":["sanctum"],"authenticated_before":true,"user_id_before":2,"session_id":"QdpY7UkvskSNiNCK5EyXHEPnAB0s7ciJjwsiQjTN","has_session_cookie":true} 
[2025-11-18 23:09:43] production.INFO: [Partners Index API] Request received {"params":{"page":"1","per_page":"15","search":null,"status":null,"kyc_status":null,"sort_by":"created_at","sort_order":"desc"},"user_id":2} 
[2025-11-18 23:09:43] production.INFO: [Partners Index API] Base query created  
[2025-11-18 23:09:43] production.INFO: [Partners Index API] Search filter applied {"search":null} 
[2025-11-18 23:09:43] production.INFO: [Partners Index API] About to execute query {"sql":"select `partners`.*, (select count(*) from `companies` inner join `partner_company_links` on `companies`.`id` = `partner_company_links`.`company_id` where `partners`.`id` = `partner_company_links`.`partner_id`) as `companies_count`, (select count(*) from `companies` inner join `partner_company_links` on `companies`.`id` = `partner_company_links`.`company_id` where `partners`.`id` = `partner_company_links`.`partner_id` and `partner_company_links`.`is_active` = ?) as `active_companies_count` from `partners` where (`name` like ? or `email` like ? or `company_name` like ?) order by `created_at` desc","bindings":[true,"%%","%%","%%"]} 
[2025-11-18 23:09:43] production.INFO: [Partners Index API] Query executed {"total":5,"count":5,"per_page":"15","current_page":1} 
[2025-11-18 23:09:43] production.INFO: [Partners Index API] Returning response {"total":5,"data_count":5} 
[2025-11-18 23:09:44] production.INFO: Authenticate middleware completed {"authenticated_after":true,"user_id_after":2} 
[2025-11-18 23:09:44] production.WARNING: Slow operation detected {"operation":"req_691cfcb7b5843","execution_time_ms":314.6,"memory_used_bytes":2097152,"memory_used_mb":2.0} 
[2025-11-18 23:09:44] production.WARNING: Slow request detected {"operation":"req_691cfcb7b5843","execution_time_ms":314.6,"memory_used_bytes":2097152,"memory_used_mb":2.0,"method":"GET","url":"https://app.facturino.mk/api/v1/partners","route":null,"user_id":2,"company_id":"1","ip":"77.28.5.111","user_agent":"Mozilla/5.0 (Macintosh; Intel Mac OS X 10_15_7) AppleWebKit/537.36 (KHTML, like Gecko) Chrome/142.0.0.0 Safari/537.36","response_status":200} 
[2025-11-18 23:10:02] production.INFO: Authenticate middleware handling request {"url":"https://app.facturino.mk/debug/logs","method":"GET","guards":[],"authenticated_before":true,"user_id_before":2,"session_id":"QdpY7UkvskSNiNCK5EyXHEPnAB0s7ciJjwsiQjTN","has_session_cookie":true} 