content.js:4 content.js: v2.0.3
main-BL6GpmpU.js:72 [intlify] Not found 'users.add_existing_user' key in 'mk' locale messages.
Id @ main-BL6GpmpU.js:72
lg @ main-BL6GpmpU.js:75
Yz @ main-BL6GpmpU.js:75
TK @ main-BL6GpmpU.js:75
(anonymous) @ main-BL6GpmpU.js:105
La @ main-BL6GpmpU.js:105
Uo @ main-BL6GpmpU.js:105
(anonymous) @ Create-D-g3RZ1k.js:1
n @ main-BL6GpmpU.js:20
rt @ main-BL6GpmpU.js:22
(anonymous) @ main-BL6GpmpU.js:158
ff @ main-BL6GpmpU.js:22
G @ main-BL6GpmpU.js:22
run @ main-BL6GpmpU.js:16
fe @ main-BL6GpmpU.js:22
ze @ main-BL6GpmpU.js:22
re @ main-BL6GpmpU.js:22
v @ main-BL6GpmpU.js:22
N @ main-BL6GpmpU.js:22
Y @ main-BL6GpmpU.js:22
v @ main-BL6GpmpU.js:22
N @ main-BL6GpmpU.js:22
T @ main-BL6GpmpU.js:22
A @ main-BL6GpmpU.js:22
v @ main-BL6GpmpU.js:22
N @ main-BL6GpmpU.js:22
T @ main-BL6GpmpU.js:22
A @ main-BL6GpmpU.js:22
v @ main-BL6GpmpU.js:22
G @ main-BL6GpmpU.js:22
run @ main-BL6GpmpU.js:16
fe @ main-BL6GpmpU.js:22
ze @ main-BL6GpmpU.js:22
re @ main-BL6GpmpU.js:22
v @ main-BL6GpmpU.js:22
N @ main-BL6GpmpU.js:22
T @ main-BL6GpmpU.js:22
A @ main-BL6GpmpU.js:22
v @ main-BL6GpmpU.js:22
N @ main-BL6GpmpU.js:22
T @ main-BL6GpmpU.js:22
A @ main-BL6GpmpU.js:22
v @ main-BL6GpmpU.js:22
N @ main-BL6GpmpU.js:22
Y @ main-BL6GpmpU.js:22
v @ main-BL6GpmpU.js:22
N @ main-BL6GpmpU.js:22
T @ main-BL6GpmpU.js:22
A @ main-BL6GpmpU.js:22
v @ main-BL6GpmpU.js:22
G @ main-BL6GpmpU.js:22
run @ main-BL6GpmpU.js:16
fe @ main-BL6GpmpU.js:22
ze @ main-BL6GpmpU.js:22
re @ main-BL6GpmpU.js:22
v @ main-BL6GpmpU.js:22
G @ main-BL6GpmpU.js:22
run @ main-BL6GpmpU.js:16
fe @ main-BL6GpmpU.js:22
ze @ main-BL6GpmpU.js:22
re @ main-BL6GpmpU.js:22
v @ main-BL6GpmpU.js:22
G @ main-BL6GpmpU.js:22
run @ main-BL6GpmpU.js:16
fe @ main-BL6GpmpU.js:22
ze @ main-BL6GpmpU.js:22
re @ main-BL6GpmpU.js:22
v @ main-BL6GpmpU.js:22
N @ main-BL6GpmpU.js:22
T @ main-BL6GpmpU.js:22
A @ main-BL6GpmpU.js:22
v @ main-BL6GpmpU.js:22
N @ main-BL6GpmpU.js:22
T @ main-BL6GpmpU.js:22
A @ main-BL6GpmpU.js:22
v @ main-BL6GpmpU.js:22
N @ main-BL6GpmpU.js:22
T @ main-BL6GpmpU.js:22
A @ main-BL6GpmpU.js:22
v @ main-BL6GpmpU.js:22
G @ main-BL6GpmpU.js:22
run @ main-BL6GpmpU.js:16
runIfDirty @ main-BL6GpmpU.js:16
uc @ main-BL6GpmpU.js:20
JA @ main-BL6GpmpU.js:20
Promise.then
GA @ main-BL6GpmpU.js:20
ik @ main-BL6GpmpU.js:20
oe.scheduler @ main-BL6GpmpU.js:22
trigger @ main-BL6GpmpU.js:16
Q0 @ main-BL6GpmpU.js:16
Lr @ main-BL6GpmpU.js:16
set @ main-BL6GpmpU.js:16
set value @ main-BL6GpmpU.js:16
set @ main-BL6GpmpU.js:16
(anonymous) @ main-BL6GpmpU.js:68
Promise.then
(anonymous) @ main-BL6GpmpU.js:68
bootstrap @ main-BL6GpmpU.js:68
q @ main-BL6GpmpU.js:42
(anonymous) @ LayoutBasic-BkRfw8m4.js:1
(anonymous) @ main-BL6GpmpU.js:22
uc @ main-BL6GpmpU.js:20
Zi @ main-BL6GpmpU.js:20
Kh.t.__weh.t.__weh @ main-BL6GpmpU.js:22
$f @ main-BL6GpmpU.js:20
JA @ main-BL6GpmpU.js:20
Promise.then
GA @ main-BL6GpmpU.js:20
od @ main-BL6GpmpU.js:20
WC @ main-BL6GpmpU.js:22
s.scheduler @ main-BL6GpmpU.js:22
GL._.scheduler @ main-BL6GpmpU.js:16
trigger @ main-BL6GpmpU.js:16
Q0 @ main-BL6GpmpU.js:16
notify @ main-BL6GpmpU.js:16
trigger @ main-BL6GpmpU.js:16
set value @ main-BL6GpmpU.js:16
Y @ main-BL6GpmpU.js:38
(anonymous) @ main-BL6GpmpU.js:38
Promise.then
j @ main-BL6GpmpU.js:38
D @ main-BL6GpmpU.js:38
install @ main-BL6GpmpU.js:38
use @ main-BL6GpmpU.js:22
start @ main-BL6GpmpU.js:173
(anonymous) @ create:32
main-BL6GpmpU.js:72 [intlify] Fall back to translate 'users.add_existing_user' key with 'en' locale.
Id @ main-BL6GpmpU.js:72
Yz @ main-BL6GpmpU.js:75
TK @ main-BL6GpmpU.js:75
(anonymous) @ main-BL6GpmpU.js:105
La @ main-BL6GpmpU.js:105
Uo @ main-BL6GpmpU.js:105
(anonymous) @ Create-D-g3RZ1k.js:1
n @ main-BL6GpmpU.js:20
rt @ main-BL6GpmpU.js:22
(anonymous) @ main-BL6GpmpU.js:158
ff @ main-BL6GpmpU.js:22
G @ main-BL6GpmpU.js:22
run @ main-BL6GpmpU.js:16
fe @ main-BL6GpmpU.js:22
ze @ main-BL6GpmpU.js:22
re @ main-BL6GpmpU.js:22
v @ main-BL6GpmpU.js:22
N @ main-BL6GpmpU.js:22
Y @ main-BL6GpmpU.js:22
v @ main-BL6GpmpU.js:22
N @ main-BL6GpmpU.js:22
T @ main-BL6GpmpU.js:22
A @ main-BL6GpmpU.js:22
v @ main-BL6GpmpU.js:22
N @ main-BL6GpmpU.js:22
T @ main-BL6GpmpU.js:22
A @ main-BL6GpmpU.js:22
v @ main-BL6GpmpU.js:22
G @ main-BL6GpmpU.js:22
run @ main-BL6GpmpU.js:16
fe @ main-BL6GpmpU.js:22
ze @ main-BL6GpmpU.js:22
re @ main-BL6GpmpU.js:22
v @ main-BL6GpmpU.js:22
N @ main-BL6GpmpU.js:22
T @ main-BL6GpmpU.js:22
A @ main-BL6GpmpU.js:22
v @ main-BL6GpmpU.js:22
N @ main-BL6GpmpU.js:22
T @ main-BL6GpmpU.js:22
A @ main-BL6GpmpU.js:22
v @ main-BL6GpmpU.js:22
N @ main-BL6GpmpU.js:22
Y @ main-BL6GpmpU.js:22
v @ main-BL6GpmpU.js:22
N @ main-BL6GpmpU.js:22
T @ main-BL6GpmpU.js:22
A @ main-BL6GpmpU.js:22
v @ main-BL6GpmpU.js:22
G @ main-BL6GpmpU.js:22
run @ main-BL6GpmpU.js:16
fe @ main-BL6GpmpU.js:22
ze @ main-BL6GpmpU.js:22
re @ main-BL6GpmpU.js:22
v @ main-BL6GpmpU.js:22
G @ main-BL6GpmpU.js:22
run @ main-BL6GpmpU.js:16
fe @ main-BL6GpmpU.js:22
ze @ main-BL6GpmpU.js:22
re @ main-BL6GpmpU.js:22
v @ main-BL6GpmpU.js:22
G @ main-BL6GpmpU.js:22
run @ main-BL6GpmpU.js:16
fe @ main-BL6GpmpU.js:22
ze @ main-BL6GpmpU.js:22
re @ main-BL6GpmpU.js:22
v @ main-BL6GpmpU.js:22
N @ main-BL6GpmpU.js:22
T @ main-BL6GpmpU.js:22
A @ main-BL6GpmpU.js:22
v @ main-BL6GpmpU.js:22
N @ main-BL6GpmpU.js:22
T @ main-BL6GpmpU.js:22
A @ main-BL6GpmpU.js:22
v @ main-BL6GpmpU.js:22
N @ main-BL6GpmpU.js:22
T @ main-BL6GpmpU.js:22
A @ main-BL6GpmpU.js:22
v @ main-BL6GpmpU.js:22
G @ main-BL6GpmpU.js:22
run @ main-BL6GpmpU.js:16
runIfDirty @ main-BL6GpmpU.js:16
uc @ main-BL6GpmpU.js:20
JA @ main-BL6GpmpU.js:20
Promise.then
GA @ main-BL6GpmpU.js:20
ik @ main-BL6GpmpU.js:20
oe.scheduler @ main-BL6GpmpU.js:22
trigger @ main-BL6GpmpU.js:16
Q0 @ main-BL6GpmpU.js:16
Lr @ main-BL6GpmpU.js:16
set @ main-BL6GpmpU.js:16
set value @ main-BL6GpmpU.js:16
set @ main-BL6GpmpU.js:16
(anonymous) @ main-BL6GpmpU.js:68
Promise.then
(anonymous) @ main-BL6GpmpU.js:68
bootstrap @ main-BL6GpmpU.js:68
q @ main-BL6GpmpU.js:42
(anonymous) @ LayoutBasic-BkRfw8m4.js:1
(anonymous) @ main-BL6GpmpU.js:22
uc @ main-BL6GpmpU.js:20
Zi @ main-BL6GpmpU.js:20
Kh.t.__weh.t.__weh @ main-BL6GpmpU.js:22
$f @ main-BL6GpmpU.js:20
JA @ main-BL6GpmpU.js:20
Promise.then
GA @ main-BL6GpmpU.js:20
od @ main-BL6GpmpU.js:20
WC @ main-BL6GpmpU.js:22
s.scheduler @ main-BL6GpmpU.js:22
GL._.scheduler @ main-BL6GpmpU.js:16
trigger @ main-BL6GpmpU.js:16
Q0 @ main-BL6GpmpU.js:16
notify @ main-BL6GpmpU.js:16
trigger @ main-BL6GpmpU.js:16
set value @ main-BL6GpmpU.js:16
Y @ main-BL6GpmpU.js:38
(anonymous) @ main-BL6GpmpU.js:38
Promise.then
j @ main-BL6GpmpU.js:38
D @ main-BL6GpmpU.js:38
install @ main-BL6GpmpU.js:38
use @ main-BL6GpmpU.js:22
start @ main-BL6GpmpU.js:173
(anonymous) @ create:32
main-BL6GpmpU.js:72 [intlify] Not found 'users.add_existing_user' key in 'en' locale messages.
Id @ main-BL6GpmpU.js:72
lg @ main-BL6GpmpU.js:75
Yz @ main-BL6GpmpU.js:75
TK @ main-BL6GpmpU.js:75
(anonymous) @ main-BL6GpmpU.js:105
La @ main-BL6GpmpU.js:105
Uo @ main-BL6GpmpU.js:105
(anonymous) @ Create-D-g3RZ1k.js:1
n @ main-BL6GpmpU.js:20
rt @ main-BL6GpmpU.js:22
(anonymous) @ main-BL6GpmpU.js:158
ff @ main-BL6GpmpU.js:22
G @ main-BL6GpmpU.js:22
run @ main-BL6GpmpU.js:16
fe @ main-BL6GpmpU.js:22
ze @ main-BL6GpmpU.js:22
re @ main-BL6GpmpU.js:22
v @ main-BL6GpmpU.js:22
N @ main-BL6GpmpU.js:22
Y @ main-BL6GpmpU.js:22
v @ main-BL6GpmpU.js:22
N @ main-BL6GpmpU.js:22
T @ main-BL6GpmpU.js:22
A @ main-BL6GpmpU.js:22
v @ main-BL6GpmpU.js:22
N @ main-BL6GpmpU.js:22
T @ main-BL6GpmpU.js:22
A @ main-BL6GpmpU.js:22
v @ main-BL6GpmpU.js:22
G @ main-BL6GpmpU.js:22
run @ main-BL6GpmpU.js:16
fe @ main-BL6GpmpU.js:22
ze @ main-BL6GpmpU.js:22
re @ main-BL6GpmpU.js:22
v @ main-BL6GpmpU.js:22
N @ main-BL6GpmpU.js:22
T @ main-BL6GpmpU.js:22
A @ main-BL6GpmpU.js:22
v @ main-BL6GpmpU.js:22
N @ main-BL6GpmpU.js:22
T @ main-BL6GpmpU.js:22
A @ main-BL6GpmpU.js:22
v @ main-BL6GpmpU.js:22
N @ main-BL6GpmpU.js:22
Y @ main-BL6GpmpU.js:22
v @ main-BL6GpmpU.js:22
N @ main-BL6GpmpU.js:22
T @ main-BL6GpmpU.js:22
A @ main-BL6GpmpU.js:22
v @ main-BL6GpmpU.js:22
G @ main-BL6GpmpU.js:22
run @ main-BL6GpmpU.js:16
fe @ main-BL6GpmpU.js:22
ze @ main-BL6GpmpU.js:22
re @ main-BL6GpmpU.js:22
v @ main-BL6GpmpU.js:22
G @ main-BL6GpmpU.js:22
run @ main-BL6GpmpU.js:16
fe @ main-BL6GpmpU.js:22
ze @ main-BL6GpmpU.js:22
re @ main-BL6GpmpU.js:22
v @ main-BL6GpmpU.js:22
G @ main-BL6GpmpU.js:22
run @ main-BL6GpmpU.js:16
fe @ main-BL6GpmpU.js:22
ze @ main-BL6GpmpU.js:22
re @ main-BL6GpmpU.js:22
v @ main-BL6GpmpU.js:22
N @ main-BL6GpmpU.js:22
T @ main-BL6GpmpU.js:22
A @ main-BL6GpmpU.js:22
v @ main-BL6GpmpU.js:22
N @ main-BL6GpmpU.js:22
T @ main-BL6GpmpU.js:22
A @ main-BL6GpmpU.js:22
v @ main-BL6GpmpU.js:22
N @ main-BL6GpmpU.js:22
T @ main-BL6GpmpU.js:22
A @ main-BL6GpmpU.js:22
v @ main-BL6GpmpU.js:22
G @ main-BL6GpmpU.js:22
run @ main-BL6GpmpU.js:16
runIfDirty @ main-BL6GpmpU.js:16
uc @ main-BL6GpmpU.js:20
JA @ main-BL6GpmpU.js:20
Promise.then
GA @ main-BL6GpmpU.js:20
ik @ main-BL6GpmpU.js:20
oe.scheduler @ main-BL6GpmpU.js:22
trigger @ main-BL6GpmpU.js:16
Q0 @ main-BL6GpmpU.js:16
Lr @ main-BL6GpmpU.js:16
set @ main-BL6GpmpU.js:16
set value @ main-BL6GpmpU.js:16
set @ main-BL6GpmpU.js:16
(anonymous) @ main-BL6GpmpU.js:68
Promise.then
(anonymous) @ main-BL6GpmpU.js:68
bootstrap @ main-BL6GpmpU.js:68
q @ main-BL6GpmpU.js:42
(anonymous) @ LayoutBasic-BkRfw8m4.js:1
(anonymous) @ main-BL6GpmpU.js:22
uc @ main-BL6GpmpU.js:20
Zi @ main-BL6GpmpU.js:20
Kh.t.__weh.t.__weh @ main-BL6GpmpU.js:22
$f @ main-BL6GpmpU.js:20
JA @ main-BL6GpmpU.js:20
Promise.then
GA @ main-BL6GpmpU.js:20
od @ main-BL6GpmpU.js:20
WC @ main-BL6GpmpU.js:22
s.scheduler @ main-BL6GpmpU.js:22
GL._.scheduler @ main-BL6GpmpU.js:16
trigger @ main-BL6GpmpU.js:16
Q0 @ main-BL6GpmpU.js:16
notify @ main-BL6GpmpU.js:16
trigger @ main-BL6GpmpU.js:16
set value @ main-BL6GpmpU.js:16
Y @ main-BL6GpmpU.js:38
(anonymous) @ main-BL6GpmpU.js:38
Promise.then
j @ main-BL6GpmpU.js:38
D @ main-BL6GpmpU.js:38
install @ main-BL6GpmpU.js:38
use @ main-BL6GpmpU.js:22
start @ main-BL6GpmpU.js:173
(anonymous) @ create:32
main-BL6GpmpU.js:72 [intlify] Not found 'users.add_existing_user' key in 'mk' locale messages.
Id @ main-BL6GpmpU.js:72
lg @ main-BL6GpmpU.js:75
Yz @ main-BL6GpmpU.js:75
TK @ main-BL6GpmpU.js:75
(anonymous) @ main-BL6GpmpU.js:105
La @ main-BL6GpmpU.js:105
Uo @ main-BL6GpmpU.js:105
(anonymous) @ Create-D-g3RZ1k.js:1
n @ main-BL6GpmpU.js:20
rt @ main-BL6GpmpU.js:22
(anonymous) @ main-BL6GpmpU.js:158
ff @ main-BL6GpmpU.js:22
G @ main-BL6GpmpU.js:22
run @ main-BL6GpmpU.js:16
runIfDirty @ main-BL6GpmpU.js:16
uc @ main-BL6GpmpU.js:20
JA @ main-BL6GpmpU.js:20
Promise.then
GA @ main-BL6GpmpU.js:20
ik @ main-BL6GpmpU.js:20
oe.scheduler @ main-BL6GpmpU.js:22
trigger @ main-BL6GpmpU.js:16
Q0 @ main-BL6GpmpU.js:16
notify @ main-BL6GpmpU.js:16
trigger @ main-BL6GpmpU.js:16
set value @ main-BL6GpmpU.js:16
G @ Create-D-g3RZ1k.js:1
await in G
setup @ Create-D-g3RZ1k.js:1
uc @ main-BL6GpmpU.js:20
K9 @ main-BL6GpmpU.js:22
e3 @ main-BL6GpmpU.js:22
ze @ main-BL6GpmpU.js:22
re @ main-BL6GpmpU.js:22
v @ main-BL6GpmpU.js:22
G @ main-BL6GpmpU.js:22
run @ main-BL6GpmpU.js:16
fe @ main-BL6GpmpU.js:22
ze @ main-BL6GpmpU.js:22
re @ main-BL6GpmpU.js:22
v @ main-BL6GpmpU.js:22
N @ main-BL6GpmpU.js:22
T @ main-BL6GpmpU.js:22
A @ main-BL6GpmpU.js:22
v @ main-BL6GpmpU.js:22
N @ main-BL6GpmpU.js:22
T @ main-BL6GpmpU.js:22
A @ main-BL6GpmpU.js:22
v @ main-BL6GpmpU.js:22
N @ main-BL6GpmpU.js:22
T @ main-BL6GpmpU.js:22
A @ main-BL6GpmpU.js:22
v @ main-BL6GpmpU.js:22
G @ main-BL6GpmpU.js:22
run @ main-BL6GpmpU.js:16
runIfDirty @ main-BL6GpmpU.js:16
uc @ main-BL6GpmpU.js:20
JA @ main-BL6GpmpU.js:20
Promise.then
GA @ main-BL6GpmpU.js:20
ik @ main-BL6GpmpU.js:20
oe.scheduler @ main-BL6GpmpU.js:22
trigger @ main-BL6GpmpU.js:16
Q0 @ main-BL6GpmpU.js:16
Lr @ main-BL6GpmpU.js:16
set @ main-BL6GpmpU.js:16
set value @ main-BL6GpmpU.js:16
set @ main-BL6GpmpU.js:16
(anonymous) @ main-BL6GpmpU.js:68
Promise.then
(anonymous) @ main-BL6GpmpU.js:68
bootstrap @ main-BL6GpmpU.js:68
q @ main-BL6GpmpU.js:42
(anonymous) @ LayoutBasic-BkRfw8m4.js:1
(anonymous) @ main-BL6GpmpU.js:22
uc @ main-BL6GpmpU.js:20
Zi @ main-BL6GpmpU.js:20
Kh.t.__weh.t.__weh @ main-BL6GpmpU.js:22
$f @ main-BL6GpmpU.js:20
JA @ main-BL6GpmpU.js:20
Promise.then
GA @ main-BL6GpmpU.js:20
od @ main-BL6GpmpU.js:20
WC @ main-BL6GpmpU.js:22
s.scheduler @ main-BL6GpmpU.js:22
GL._.scheduler @ main-BL6GpmpU.js:16
trigger @ main-BL6GpmpU.js:16
Q0 @ main-BL6GpmpU.js:16
notify @ main-BL6GpmpU.js:16
trigger @ main-BL6GpmpU.js:16
set value @ main-BL6GpmpU.js:16
Y @ main-BL6GpmpU.js:38
(anonymous) @ main-BL6GpmpU.js:38
Promise.then
j @ main-BL6GpmpU.js:38
D @ main-BL6GpmpU.js:38
install @ main-BL6GpmpU.js:38
use @ main-BL6GpmpU.js:22
start @ main-BL6GpmpU.js:173
(anonymous) @ create:32
main-BL6GpmpU.js:72 [intlify] Fall back to translate 'users.add_existing_user' key with 'en' locale.
Id @ main-BL6GpmpU.js:72
Yz @ main-BL6GpmpU.js:75
TK @ main-BL6GpmpU.js:75
(anonymous) @ main-BL6GpmpU.js:105
La @ main-BL6GpmpU.js:105
Uo @ main-BL6GpmpU.js:105
(anonymous) @ Create-D-g3RZ1k.js:1
n @ main-BL6GpmpU.js:20
rt @ main-BL6GpmpU.js:22
(anonymous) @ main-BL6GpmpU.js:158
ff @ main-BL6GpmpU.js:22
G @ main-BL6GpmpU.js:22
run @ main-BL6GpmpU.js:16
runIfDirty @ main-BL6GpmpU.js:16
uc @ main-BL6GpmpU.js:20
JA @ main-BL6GpmpU.js:20
Promise.then
GA @ main-BL6GpmpU.js:20
ik @ main-BL6GpmpU.js:20
oe.scheduler @ main-BL6GpmpU.js:22
trigger @ main-BL6GpmpU.js:16
Q0 @ main-BL6GpmpU.js:16
notify @ main-BL6GpmpU.js:16
trigger @ main-BL6GpmpU.js:16
set value @ main-BL6GpmpU.js:16
G @ Create-D-g3RZ1k.js:1
await in G
setup @ Create-D-g3RZ1k.js:1
uc @ main-BL6GpmpU.js:20
K9 @ main-BL6GpmpU.js:22
e3 @ main-BL6GpmpU.js:22
ze @ main-BL6GpmpU.js:22
re @ main-BL6GpmpU.js:22
v @ main-BL6GpmpU.js:22
G @ main-BL6GpmpU.js:22
run @ main-BL6GpmpU.js:16
fe @ main-BL6GpmpU.js:22
ze @ main-BL6GpmpU.js:22
re @ main-BL6GpmpU.js:22
v @ main-BL6GpmpU.js:22
N @ main-BL6GpmpU.js:22
T @ main-BL6GpmpU.js:22
A @ main-BL6GpmpU.js:22
v @ main-BL6GpmpU.js:22
N @ main-BL6GpmpU.js:22
T @ main-BL6GpmpU.js:22
A @ main-BL6GpmpU.js:22
v @ main-BL6GpmpU.js:22
N @ main-BL6GpmpU.js:22
T @ main-BL6GpmpU.js:22
A @ main-BL6GpmpU.js:22
v @ main-BL6GpmpU.js:22
G @ main-BL6GpmpU.js:22
run @ main-BL6GpmpU.js:16
runIfDirty @ main-BL6GpmpU.js:16
uc @ main-BL6GpmpU.js:20
JA @ main-BL6GpmpU.js:20
Promise.then
GA @ main-BL6GpmpU.js:20
ik @ main-BL6GpmpU.js:20
oe.scheduler @ main-BL6GpmpU.js:22
trigger @ main-BL6GpmpU.js:16
Q0 @ main-BL6GpmpU.js:16
Lr @ main-BL6GpmpU.js:16
set @ main-BL6GpmpU.js:16
set value @ main-BL6GpmpU.js:16
set @ main-BL6GpmpU.js:16
(anonymous) @ main-BL6GpmpU.js:68
Promise.then
(anonymous) @ main-BL6GpmpU.js:68
bootstrap @ main-BL6GpmpU.js:68
q @ main-BL6GpmpU.js:42
(anonymous) @ LayoutBasic-BkRfw8m4.js:1
(anonymous) @ main-BL6GpmpU.js:22
uc @ main-BL6GpmpU.js:20
Zi @ main-BL6GpmpU.js:20
Kh.t.__weh.t.__weh @ main-BL6GpmpU.js:22
$f @ main-BL6GpmpU.js:20
JA @ main-BL6GpmpU.js:20
Promise.then
GA @ main-BL6GpmpU.js:20
od @ main-BL6GpmpU.js:20
WC @ main-BL6GpmpU.js:22
s.scheduler @ main-BL6GpmpU.js:22
GL._.scheduler @ main-BL6GpmpU.js:16
trigger @ main-BL6GpmpU.js:16
Q0 @ main-BL6GpmpU.js:16
notify @ main-BL6GpmpU.js:16
trigger @ main-BL6GpmpU.js:16
set value @ main-BL6GpmpU.js:16
Y @ main-BL6GpmpU.js:38
(anonymous) @ main-BL6GpmpU.js:38
Promise.then
j @ main-BL6GpmpU.js:38
D @ main-BL6GpmpU.js:38
install @ main-BL6GpmpU.js:38
use @ main-BL6GpmpU.js:22
start @ main-BL6GpmpU.js:173
(anonymous) @ create:32
main-BL6GpmpU.js:72 [intlify] Not found 'users.add_existing_user' key in 'en' locale messages.
Id @ main-BL6GpmpU.js:72
lg @ main-BL6GpmpU.js:75
Yz @ main-BL6GpmpU.js:75
TK @ main-BL6GpmpU.js:75
(anonymous) @ main-BL6GpmpU.js:105
La @ main-BL6GpmpU.js:105
Uo @ main-BL6GpmpU.js:105
(anonymous) @ Create-D-g3RZ1k.js:1
n @ main-BL6GpmpU.js:20
rt @ main-BL6GpmpU.js:22
(anonymous) @ main-BL6GpmpU.js:158
ff @ main-BL6GpmpU.js:22
G @ main-BL6GpmpU.js:22
run @ main-BL6GpmpU.js:16
runIfDirty @ main-BL6GpmpU.js:16
uc @ main-BL6GpmpU.js:20
JA @ main-BL6GpmpU.js:20
Promise.then
GA @ main-BL6GpmpU.js:20
ik @ main-BL6GpmpU.js:20
oe.scheduler @ main-BL6GpmpU.js:22
trigger @ main-BL6GpmpU.js:16
Q0 @ main-BL6GpmpU.js:16
notify @ main-BL6GpmpU.js:16
trigger @ main-BL6GpmpU.js:16
set value @ main-BL6GpmpU.js:16
G @ Create-D-g3RZ1k.js:1
await in G
setup @ Create-D-g3RZ1k.js:1
uc @ main-BL6GpmpU.js:20
K9 @ main-BL6GpmpU.js:22
e3 @ main-BL6GpmpU.js:22
ze @ main-BL6GpmpU.js:22
re @ main-BL6GpmpU.js:22
v @ main-BL6GpmpU.js:22
G @ main-BL6GpmpU.js:22
run @ main-BL6GpmpU.js:16
fe @ main-BL6GpmpU.js:22
ze @ main-BL6GpmpU.js:22
re @ main-BL6GpmpU.js:22
v @ main-BL6GpmpU.js:22
N @ main-BL6GpmpU.js:22
T @ main-BL6GpmpU.js:22
A @ main-BL6GpmpU.js:22
v @ main-BL6GpmpU.js:22
N @ main-BL6GpmpU.js:22
T @ main-BL6GpmpU.js:22
A @ main-BL6GpmpU.js:22
v @ main-BL6GpmpU.js:22
N @ main-BL6GpmpU.js:22
T @ main-BL6GpmpU.js:22
A @ main-BL6GpmpU.js:22
v @ main-BL6GpmpU.js:22
G @ main-BL6GpmpU.js:22
run @ main-BL6GpmpU.js:16
runIfDirty @ main-BL6GpmpU.js:16
uc @ main-BL6GpmpU.js:20
JA @ main-BL6GpmpU.js:20
Promise.then
GA @ main-BL6GpmpU.js:20
ik @ main-BL6GpmpU.js:20
oe.scheduler @ main-BL6GpmpU.js:22
trigger @ main-BL6GpmpU.js:16
Q0 @ main-BL6GpmpU.js:16
Lr @ main-BL6GpmpU.js:16
set @ main-BL6GpmpU.js:16
set value @ main-BL6GpmpU.js:16
set @ main-BL6GpmpU.js:16
(anonymous) @ main-BL6GpmpU.js:68
Promise.then
(anonymous) @ main-BL6GpmpU.js:68
bootstrap @ main-BL6GpmpU.js:68
q @ main-BL6GpmpU.js:42
(anonymous) @ LayoutBasic-BkRfw8m4.js:1
(anonymous) @ main-BL6GpmpU.js:22
uc @ main-BL6GpmpU.js:20
Zi @ main-BL6GpmpU.js:20
Kh.t.__weh.t.__weh @ main-BL6GpmpU.js:22
$f @ main-BL6GpmpU.js:20
JA @ main-BL6GpmpU.js:20
Promise.then
GA @ main-BL6GpmpU.js:20
od @ main-BL6GpmpU.js:20
WC @ main-BL6GpmpU.js:22
s.scheduler @ main-BL6GpmpU.js:22
GL._.scheduler @ main-BL6GpmpU.js:16
trigger @ main-BL6GpmpU.js:16
Q0 @ main-BL6GpmpU.js:16
notify @ main-BL6GpmpU.js:16
trigger @ main-BL6GpmpU.js:16
set value @ main-BL6GpmpU.js:16
Y @ main-BL6GpmpU.js:38
(anonymous) @ main-BL6GpmpU.js:38
Promise.then
j @ main-BL6GpmpU.js:38
D @ main-BL6GpmpU.js:38
install @ main-BL6GpmpU.js:38
use @ main-BL6GpmpU.js:22
start @ main-BL6GpmpU.js:173
(anonymous) @ create:32
main-BL6GpmpU.js:72 [intlify] Not found 'users.add_existing_user' key in 'mk' locale messages.
Id @ main-BL6GpmpU.js:72
lg @ main-BL6GpmpU.js:75
Yz @ main-BL6GpmpU.js:75
TK @ main-BL6GpmpU.js:75
(anonymous) @ main-BL6GpmpU.js:105
La @ main-BL6GpmpU.js:105
Uo @ main-BL6GpmpU.js:105
(anonymous) @ Create-D-g3RZ1k.js:1
n @ main-BL6GpmpU.js:20
rt @ main-BL6GpmpU.js:22
(anonymous) @ main-BL6GpmpU.js:158
ff @ main-BL6GpmpU.js:22
G @ main-BL6GpmpU.js:22
run @ main-BL6GpmpU.js:16
runIfDirty @ main-BL6GpmpU.js:16
uc @ main-BL6GpmpU.js:20
JA @ main-BL6GpmpU.js:20
Promise.then
GA @ main-BL6GpmpU.js:20
ik @ main-BL6GpmpU.js:20
oe.scheduler @ main-BL6GpmpU.js:22
trigger @ main-BL6GpmpU.js:16
Q0 @ main-BL6GpmpU.js:16
notify @ main-BL6GpmpU.js:16
trigger @ main-BL6GpmpU.js:16
set value @ main-BL6GpmpU.js:16
o.onUpdate:modelValue.a.<computed>.a.<computed> @ Create-D-g3RZ1k.js:1
uc @ main-BL6GpmpU.js:20
Zi @ main-BL6GpmpU.js:20
T9 @ main-BL6GpmpU.js:22
set @ main-BL6GpmpU.js:170
set value @ main-BL6GpmpU.js:16
Cn.onUpdate:modelValue.r.<computed>.r.<computed> @ main-BL6GpmpU.js:170
uc @ main-BL6GpmpU.js:20
Zi @ main-BL6GpmpU.js:20
T9 @ main-BL6GpmpU.js:22
(anonymous) @ main-BL6GpmpU.js:154
(anonymous) @ main-BL6GpmpU.js:151
_ @ main-BL6GpmpU.js:154
g @ main-BL6GpmpU.js:154
onClick @ main-BL6GpmpU.js:154
uc @ main-BL6GpmpU.js:20
Zi @ main-BL6GpmpU.js:20
a @ main-BL6GpmpU.js:26
main-BL6GpmpU.js:72 [intlify] Fall back to translate 'users.add_existing_user' key with 'en' locale.
Id @ main-BL6GpmpU.js:72
Yz @ main-BL6GpmpU.js:75
TK @ main-BL6GpmpU.js:75
(anonymous) @ main-BL6GpmpU.js:105
La @ main-BL6GpmpU.js:105
Uo @ main-BL6GpmpU.js:105
(anonymous) @ Create-D-g3RZ1k.js:1
n @ main-BL6GpmpU.js:20
rt @ main-BL6GpmpU.js:22
(anonymous) @ main-BL6GpmpU.js:158
ff @ main-BL6GpmpU.js:22
G @ main-BL6GpmpU.js:22
run @ main-BL6GpmpU.js:16
runIfDirty @ main-BL6GpmpU.js:16
uc @ main-BL6GpmpU.js:20
JA @ main-BL6GpmpU.js:20
Promise.then
GA @ main-BL6GpmpU.js:20
ik @ main-BL6GpmpU.js:20
oe.scheduler @ main-BL6GpmpU.js:22
trigger @ main-BL6GpmpU.js:16
Q0 @ main-BL6GpmpU.js:16
notify @ main-BL6GpmpU.js:16
trigger @ main-BL6GpmpU.js:16
set value @ main-BL6GpmpU.js:16
o.onUpdate:modelValue.a.<computed>.a.<computed> @ Create-D-g3RZ1k.js:1
uc @ main-BL6GpmpU.js:20
Zi @ main-BL6GpmpU.js:20
T9 @ main-BL6GpmpU.js:22
set @ main-BL6GpmpU.js:170
set value @ main-BL6GpmpU.js:16
Cn.onUpdate:modelValue.r.<computed>.r.<computed> @ main-BL6GpmpU.js:170
uc @ main-BL6GpmpU.js:20
Zi @ main-BL6GpmpU.js:20
T9 @ main-BL6GpmpU.js:22
(anonymous) @ main-BL6GpmpU.js:154
(anonymous) @ main-BL6GpmpU.js:151
_ @ main-BL6GpmpU.js:154
g @ main-BL6GpmpU.js:154
onClick @ main-BL6GpmpU.js:154
uc @ main-BL6GpmpU.js:20
Zi @ main-BL6GpmpU.js:20
a @ main-BL6GpmpU.js:26
main-BL6GpmpU.js:72 [intlify] Not found 'users.add_existing_user' key in 'en' locale messages.
Id @ main-BL6GpmpU.js:72
lg @ main-BL6GpmpU.js:75
Yz @ main-BL6GpmpU.js:75
TK @ main-BL6GpmpU.js:75
(anonymous) @ main-BL6GpmpU.js:105
La @ main-BL6GpmpU.js:105
Uo @ main-BL6GpmpU.js:105
(anonymous) @ Create-D-g3RZ1k.js:1
n @ main-BL6GpmpU.js:20
rt @ main-BL6GpmpU.js:22
(anonymous) @ main-BL6GpmpU.js:158
ff @ main-BL6GpmpU.js:22
G @ main-BL6GpmpU.js:22
run @ main-BL6GpmpU.js:16
runIfDirty @ main-BL6GpmpU.js:16
uc @ main-BL6GpmpU.js:20
JA @ main-BL6GpmpU.js:20
Promise.then
GA @ main-BL6GpmpU.js:20
ik @ main-BL6GpmpU.js:20
oe.scheduler @ main-BL6GpmpU.js:22
trigger @ main-BL6GpmpU.js:16
Q0 @ main-BL6GpmpU.js:16
notify @ main-BL6GpmpU.js:16
trigger @ main-BL6GpmpU.js:16
set value @ main-BL6GpmpU.js:16
o.onUpdate:modelValue.a.<computed>.a.<computed> @ Create-D-g3RZ1k.js:1
uc @ main-BL6GpmpU.js:20
Zi @ main-BL6GpmpU.js:20
T9 @ main-BL6GpmpU.js:22
set @ main-BL6GpmpU.js:170
set value @ main-BL6GpmpU.js:16
Cn.onUpdate:modelValue.r.<computed>.r.<computed> @ main-BL6GpmpU.js:170
uc @ main-BL6GpmpU.js:20
Zi @ main-BL6GpmpU.js:20
T9 @ main-BL6GpmpU.js:22
(anonymous) @ main-BL6GpmpU.js:154
(anonymous) @ main-BL6GpmpU.js:151
_ @ main-BL6GpmpU.js:154
g @ main-BL6GpmpU.js:154
onClick @ main-BL6GpmpU.js:154
uc @ main-BL6GpmpU.js:20
Zi @ main-BL6GpmpU.js:20
a @ main-BL6GpmpU.js:26
content_script.js:1 Uncaught TypeError: Cannot read properties of undefined (reading 'control')
    at content_script.js:1:422999
    at Array.some (<anonymous>)
    at shouldOfferCompletionListForField (content_script.js:1:422984)
    at elementWasFocused (content_script.js:1:423712)
    at HTMLDocument.focusInEventHandler (content_script.js:1:423069)
(anonymous) @ content_script.js:1
shouldOfferCompletionListForField @ content_script.js:1
elementWasFocused @ content_script.js:1
focusInEventHandler @ content_script.js:1
content_script.js:1 Uncaught TypeError: Cannot read properties of undefined (reading 'control')
    at content_script.js:1:422999
    at Array.some (<anonymous>)
    at shouldOfferCompletionListForField (content_script.js:1:422984)
    at elementWasFocused (content_script.js:1:423712)
    at HTMLDocument.focusInEventHandler (content_script.js:1:423069)
(anonymous) @ content_script.js:1
shouldOfferCompletionListForField @ content_script.js:1
elementWasFocused @ content_script.js:1
focusInEventHandler @ content_script.js:1
main-BL6GpmpU.js:72 [intlify] Not found 'users.add_existing_user' key in 'mk' locale messages.
Id @ main-BL6GpmpU.js:72
lg @ main-BL6GpmpU.js:75
Yz @ main-BL6GpmpU.js:75
TK @ main-BL6GpmpU.js:75
(anonymous) @ main-BL6GpmpU.js:105
La @ main-BL6GpmpU.js:105
Uo @ main-BL6GpmpU.js:105
(anonymous) @ Create-D-g3RZ1k.js:1
n @ main-BL6GpmpU.js:20
rt @ main-BL6GpmpU.js:22
(anonymous) @ main-BL6GpmpU.js:158
ff @ main-BL6GpmpU.js:22
G @ main-BL6GpmpU.js:22
run @ main-BL6GpmpU.js:16
runIfDirty @ main-BL6GpmpU.js:16
uc @ main-BL6GpmpU.js:20
JA @ main-BL6GpmpU.js:20
Promise.then
GA @ main-BL6GpmpU.js:20
ik @ main-BL6GpmpU.js:20
s.scheduler @ main-BL6GpmpU.js:22
GL._.scheduler @ main-BL6GpmpU.js:16
trigger @ main-BL6GpmpU.js:16
Q0 @ main-BL6GpmpU.js:16
notify @ main-BL6GpmpU.js:16
trigger @ main-BL6GpmpU.js:16
set value @ main-BL6GpmpU.js:16
f @ BaseMultiselect-BjP_kLyV.js:1
je @ BaseMultiselect-BjP_kLyV.js:1
onClick @ BaseMultiselect-BjP_kLyV.js:1
uc @ main-BL6GpmpU.js:20
Zi @ main-BL6GpmpU.js:20
a @ main-BL6GpmpU.js:26
main-BL6GpmpU.js:72 [intlify] Fall back to translate 'users.add_existing_user' key with 'en' locale.
Id @ main-BL6GpmpU.js:72
Yz @ main-BL6GpmpU.js:75
TK @ main-BL6GpmpU.js:75
(anonymous) @ main-BL6GpmpU.js:105
La @ main-BL6GpmpU.js:105
Uo @ main-BL6GpmpU.js:105
(anonymous) @ Create-D-g3RZ1k.js:1
n @ main-BL6GpmpU.js:20
rt @ main-BL6GpmpU.js:22
(anonymous) @ main-BL6GpmpU.js:158
ff @ main-BL6GpmpU.js:22
G @ main-BL6GpmpU.js:22
run @ main-BL6GpmpU.js:16
runIfDirty @ main-BL6GpmpU.js:16
uc @ main-BL6GpmpU.js:20
JA @ main-BL6GpmpU.js:20
Promise.then
GA @ main-BL6GpmpU.js:20
ik @ main-BL6GpmpU.js:20
s.scheduler @ main-BL6GpmpU.js:22
GL._.scheduler @ main-BL6GpmpU.js:16
trigger @ main-BL6GpmpU.js:16
Q0 @ main-BL6GpmpU.js:16
notify @ main-BL6GpmpU.js:16
trigger @ main-BL6GpmpU.js:16
set value @ main-BL6GpmpU.js:16
f @ BaseMultiselect-BjP_kLyV.js:1
je @ BaseMultiselect-BjP_kLyV.js:1
onClick @ BaseMultiselect-BjP_kLyV.js:1
uc @ main-BL6GpmpU.js:20
Zi @ main-BL6GpmpU.js:20
a @ main-BL6GpmpU.js:26
main-BL6GpmpU.js:72 [intlify] Not found 'users.add_existing_user' key in 'en' locale messages.
Id @ main-BL6GpmpU.js:72
lg @ main-BL6GpmpU.js:75
Yz @ main-BL6GpmpU.js:75
TK @ main-BL6GpmpU.js:75
(anonymous) @ main-BL6GpmpU.js:105
La @ main-BL6GpmpU.js:105
Uo @ main-BL6GpmpU.js:105
(anonymous) @ Create-D-g3RZ1k.js:1
n @ main-BL6GpmpU.js:20
rt @ main-BL6GpmpU.js:22
(anonymous) @ main-BL6GpmpU.js:158
ff @ main-BL6GpmpU.js:22
G @ main-BL6GpmpU.js:22
run @ main-BL6GpmpU.js:16
runIfDirty @ main-BL6GpmpU.js:16
uc @ main-BL6GpmpU.js:20
JA @ main-BL6GpmpU.js:20
Promise.then
GA @ main-BL6GpmpU.js:20
ik @ main-BL6GpmpU.js:20
s.scheduler @ main-BL6GpmpU.js:22
GL._.scheduler @ main-BL6GpmpU.js:16
trigger @ main-BL6GpmpU.js:16
Q0 @ main-BL6GpmpU.js:16
notify @ main-BL6GpmpU.js:16
trigger @ main-BL6GpmpU.js:16
set value @ main-BL6GpmpU.js:16
f @ BaseMultiselect-BjP_kLyV.js:1
je @ BaseMultiselect-BjP_kLyV.js:1
onClick @ BaseMultiselect-BjP_kLyV.js:1
uc @ main-BL6GpmpU.js:20
Zi @ main-BL6GpmpU.js:20
a @ main-BL6GpmpU.js:26
main-BL6GpmpU.js:72 [intlify] Not found 'users.add_existing_user' key in 'mk' locale messages.
Id @ main-BL6GpmpU.js:72
lg @ main-BL6GpmpU.js:75
Yz @ main-BL6GpmpU.js:75
TK @ main-BL6GpmpU.js:75
(anonymous) @ main-BL6GpmpU.js:105
La @ main-BL6GpmpU.js:105
Uo @ main-BL6GpmpU.js:105
(anonymous) @ Create-D-g3RZ1k.js:1
n @ main-BL6GpmpU.js:20
rt @ main-BL6GpmpU.js:22
(anonymous) @ main-BL6GpmpU.js:158
ff @ main-BL6GpmpU.js:22
G @ main-BL6GpmpU.js:22
run @ main-BL6GpmpU.js:16
runIfDirty @ main-BL6GpmpU.js:16
uc @ main-BL6GpmpU.js:20
JA @ main-BL6GpmpU.js:20
Promise.then
GA @ main-BL6GpmpU.js:20
ik @ main-BL6GpmpU.js:20
s.scheduler @ main-BL6GpmpU.js:22
GL._.scheduler @ main-BL6GpmpU.js:16
trigger @ main-BL6GpmpU.js:16
Q0 @ main-BL6GpmpU.js:16
notify @ main-BL6GpmpU.js:16
trigger @ main-BL6GpmpU.js:16
set value @ main-BL6GpmpU.js:16
f @ BaseMultiselect-BjP_kLyV.js:1
je @ BaseMultiselect-BjP_kLyV.js:1
onClick @ BaseMultiselect-BjP_kLyV.js:1
uc @ main-BL6GpmpU.js:20
Zi @ main-BL6GpmpU.js:20
a @ main-BL6GpmpU.js:26
main-BL6GpmpU.js:72 [intlify] Fall back to translate 'users.add_existing_user' key with 'en' locale.
Id @ main-BL6GpmpU.js:72
Yz @ main-BL6GpmpU.js:75
TK @ main-BL6GpmpU.js:75
(anonymous) @ main-BL6GpmpU.js:105
La @ main-BL6GpmpU.js:105
Uo @ main-BL6GpmpU.js:105
(anonymous) @ Create-D-g3RZ1k.js:1
n @ main-BL6GpmpU.js:20
rt @ main-BL6GpmpU.js:22
(anonymous) @ main-BL6GpmpU.js:158
ff @ main-BL6GpmpU.js:22
G @ main-BL6GpmpU.js:22
run @ main-BL6GpmpU.js:16
runIfDirty @ main-BL6GpmpU.js:16
uc @ main-BL6GpmpU.js:20
JA @ main-BL6GpmpU.js:20
Promise.then
GA @ main-BL6GpmpU.js:20
ik @ main-BL6GpmpU.js:20
s.scheduler @ main-BL6GpmpU.js:22
GL._.scheduler @ main-BL6GpmpU.js:16
trigger @ main-BL6GpmpU.js:16
Q0 @ main-BL6GpmpU.js:16
notify @ main-BL6GpmpU.js:16
trigger @ main-BL6GpmpU.js:16
set value @ main-BL6GpmpU.js:16
f @ BaseMultiselect-BjP_kLyV.js:1
je @ BaseMultiselect-BjP_kLyV.js:1
onClick @ BaseMultiselect-BjP_kLyV.js:1
uc @ main-BL6GpmpU.js:20
Zi @ main-BL6GpmpU.js:20
a @ main-BL6GpmpU.js:26
main-BL6GpmpU.js:72 [intlify] Not found 'users.add_existing_user' key in 'en' locale messages.
Id @ main-BL6GpmpU.js:72
lg @ main-BL6GpmpU.js:75
Yz @ main-BL6GpmpU.js:75
TK @ main-BL6GpmpU.js:75
(anonymous) @ main-BL6GpmpU.js:105
La @ main-BL6GpmpU.js:105
Uo @ main-BL6GpmpU.js:105
(anonymous) @ Create-D-g3RZ1k.js:1
n @ main-BL6GpmpU.js:20
rt @ main-BL6GpmpU.js:22
(anonymous) @ main-BL6GpmpU.js:158
ff @ main-BL6GpmpU.js:22
G @ main-BL6GpmpU.js:22
run @ main-BL6GpmpU.js:16
runIfDirty @ main-BL6GpmpU.js:16
uc @ main-BL6GpmpU.js:20
JA @ main-BL6GpmpU.js:20
Promise.then
GA @ main-BL6GpmpU.js:20
ik @ main-BL6GpmpU.js:20
s.scheduler @ main-BL6GpmpU.js:22
GL._.scheduler @ main-BL6GpmpU.js:16
trigger @ main-BL6GpmpU.js:16
Q0 @ main-BL6GpmpU.js:16
notify @ main-BL6GpmpU.js:16
trigger @ main-BL6GpmpU.js:16
set value @ main-BL6GpmpU.js:16
f @ BaseMultiselect-BjP_kLyV.js:1
je @ BaseMultiselect-BjP_kLyV.js:1
onClick @ BaseMultiselect-BjP_kLyV.js:1
uc @ main-BL6GpmpU.js:20
Zi @ main-BL6GpmpU.js:20
a @ main-BL6GpmpU.js:26
content_script.js:1 Uncaught TypeError: Cannot read properties of undefined (reading 'control')
    at content_script.js:1:422999
    at Array.some (<anonymous>)
    at shouldOfferCompletionListForField (content_script.js:1:422984)
    at elementWasFocused (content_script.js:1:423712)
    at HTMLDocument.focusInEventHandler (content_script.js:1:423069)
(anonymous) @ content_script.js:1
shouldOfferCompletionListForField @ content_script.js:1
elementWasFocused @ content_script.js:1
focusInEventHandler @ content_script.js:1
main-BL6GpmpU.js:72 [intlify] Not found 'users.add_existing_user' key in 'mk' locale messages.
Id @ main-BL6GpmpU.js:72
lg @ main-BL6GpmpU.js:75
Yz @ main-BL6GpmpU.js:75
TK @ main-BL6GpmpU.js:75
(anonymous) @ main-BL6GpmpU.js:105
La @ main-BL6GpmpU.js:105
Uo @ main-BL6GpmpU.js:105
(anonymous) @ Create-D-g3RZ1k.js:1
n @ main-BL6GpmpU.js:20
rt @ main-BL6GpmpU.js:22
(anonymous) @ main-BL6GpmpU.js:158
ff @ main-BL6GpmpU.js:22
G @ main-BL6GpmpU.js:22
run @ main-BL6GpmpU.js:16
runIfDirty @ main-BL6GpmpU.js:16
uc @ main-BL6GpmpU.js:20
JA @ main-BL6GpmpU.js:20
Promise.then
GA @ main-BL6GpmpU.js:20
ik @ main-BL6GpmpU.js:20
oe.scheduler @ main-BL6GpmpU.js:22
trigger @ main-BL6GpmpU.js:16
Q0 @ main-BL6GpmpU.js:16
notify @ main-BL6GpmpU.js:16
trigger @ main-BL6GpmpU.js:16
set value @ main-BL6GpmpU.js:16
$touch @ main-BL6GpmpU.js:68
m @ main-BL6GpmpU.js:68
o.onInput.a.<computed>.a.<computed> @ Create-D-g3RZ1k.js:1
(anonymous) @ main-BL6GpmpU.js:26
uc @ main-BL6GpmpU.js:20
Zi @ main-BL6GpmpU.js:20
Zi @ main-BL6GpmpU.js:20
a @ main-BL6GpmpU.js:26
main-BL6GpmpU.js:72 [intlify] Fall back to translate 'users.add_existing_user' key with 'en' locale.
Id @ main-BL6GpmpU.js:72
Yz @ main-BL6GpmpU.js:75
TK @ main-BL6GpmpU.js:75
(anonymous) @ main-BL6GpmpU.js:105
La @ main-BL6GpmpU.js:105
Uo @ main-BL6GpmpU.js:105
(anonymous) @ Create-D-g3RZ1k.js:1
n @ main-BL6GpmpU.js:20
rt @ main-BL6GpmpU.js:22
(anonymous) @ main-BL6GpmpU.js:158
ff @ main-BL6GpmpU.js:22
G @ main-BL6GpmpU.js:22
run @ main-BL6GpmpU.js:16
runIfDirty @ main-BL6GpmpU.js:16
uc @ main-BL6GpmpU.js:20
JA @ main-BL6GpmpU.js:20
Promise.then
GA @ main-BL6GpmpU.js:20
ik @ main-BL6GpmpU.js:20
oe.scheduler @ main-BL6GpmpU.js:22
trigger @ main-BL6GpmpU.js:16
Q0 @ main-BL6GpmpU.js:16
notify @ main-BL6GpmpU.js:16
trigger @ main-BL6GpmpU.js:16
set value @ main-BL6GpmpU.js:16
$touch @ main-BL6GpmpU.js:68
m @ main-BL6GpmpU.js:68
o.onInput.a.<computed>.a.<computed> @ Create-D-g3RZ1k.js:1
(anonymous) @ main-BL6GpmpU.js:26
uc @ main-BL6GpmpU.js:20
Zi @ main-BL6GpmpU.js:20
Zi @ main-BL6GpmpU.js:20
a @ main-BL6GpmpU.js:26
main-BL6GpmpU.js:72 [intlify] Not found 'users.add_existing_user' key in 'en' locale messages.
Id @ main-BL6GpmpU.js:72
lg @ main-BL6GpmpU.js:75
Yz @ main-BL6GpmpU.js:75
TK @ main-BL6GpmpU.js:75
(anonymous) @ main-BL6GpmpU.js:105
La @ main-BL6GpmpU.js:105
Uo @ main-BL6GpmpU.js:105
(anonymous) @ Create-D-g3RZ1k.js:1
n @ main-BL6GpmpU.js:20
rt @ main-BL6GpmpU.js:22
(anonymous) @ main-BL6GpmpU.js:158
ff @ main-BL6GpmpU.js:22
G @ main-BL6GpmpU.js:22
run @ main-BL6GpmpU.js:16
runIfDirty @ main-BL6GpmpU.js:16
uc @ main-BL6GpmpU.js:20
JA @ main-BL6GpmpU.js:20
Promise.then
GA @ main-BL6GpmpU.js:20
ik @ main-BL6GpmpU.js:20
oe.scheduler @ main-BL6GpmpU.js:22
trigger @ main-BL6GpmpU.js:16
Q0 @ main-BL6GpmpU.js:16
notify @ main-BL6GpmpU.js:16
trigger @ main-BL6GpmpU.js:16
set value @ main-BL6GpmpU.js:16
$touch @ main-BL6GpmpU.js:68
m @ main-BL6GpmpU.js:68
o.onInput.a.<computed>.a.<computed> @ Create-D-g3RZ1k.js:1
(anonymous) @ main-BL6GpmpU.js:26
uc @ main-BL6GpmpU.js:20
Zi @ main-BL6GpmpU.js:20
Zi @ main-BL6GpmpU.js:20
a @ main-BL6GpmpU.js:26
content_script.js:1 Uncaught (in promise) TypeError: Cannot read properties of undefined (reading 'control')
    at content_script.js:1:422999
    at Array.some (<anonymous>)
    at shouldOfferCompletionListForField (content_script.js:1:422984)
    at processInputEvent (content_script.js:1:426332)
(anonymous) @ content_script.js:1
shouldOfferCompletionListForField @ content_script.js:1
processInputEvent @ content_script.js:1
setTimeout
inputEventHandler @ content_script.js:1
main-BL6GpmpU.js:72 [intlify] Not found 'users.add_existing_user' key in 'mk' locale messages.
Id @ main-BL6GpmpU.js:72
lg @ main-BL6GpmpU.js:75
Yz @ main-BL6GpmpU.js:75
TK @ main-BL6GpmpU.js:75
(anonymous) @ main-BL6GpmpU.js:105
La @ main-BL6GpmpU.js:105
Uo @ main-BL6GpmpU.js:105
(anonymous) @ Create-D-g3RZ1k.js:1
n @ main-BL6GpmpU.js:20
rt @ main-BL6GpmpU.js:22
(anonymous) @ main-BL6GpmpU.js:158
ff @ main-BL6GpmpU.js:22
G @ main-BL6GpmpU.js:22
run @ main-BL6GpmpU.js:16
runIfDirty @ main-BL6GpmpU.js:16
uc @ main-BL6GpmpU.js:20
JA @ main-BL6GpmpU.js:20
Promise.then
GA @ main-BL6GpmpU.js:20
ik @ main-BL6GpmpU.js:20
oe.scheduler @ main-BL6GpmpU.js:22
trigger @ main-BL6GpmpU.js:16
Q0 @ main-BL6GpmpU.js:16
notify @ main-BL6GpmpU.js:16
trigger @ main-BL6GpmpU.js:16
set value @ main-BL6GpmpU.js:16
g @ BaseMultiselect-BjP_kLyV.js:1
te @ BaseMultiselect-BjP_kLyV.js:1
je @ BaseMultiselect-BjP_kLyV.js:1
onClick @ BaseMultiselect-BjP_kLyV.js:1
uc @ main-BL6GpmpU.js:20
Zi @ main-BL6GpmpU.js:20
a @ main-BL6GpmpU.js:26
main-BL6GpmpU.js:72 [intlify] Fall back to translate 'users.add_existing_user' key with 'en' locale.
Id @ main-BL6GpmpU.js:72
Yz @ main-BL6GpmpU.js:75
TK @ main-BL6GpmpU.js:75
(anonymous) @ main-BL6GpmpU.js:105
La @ main-BL6GpmpU.js:105
Uo @ main-BL6GpmpU.js:105
(anonymous) @ Create-D-g3RZ1k.js:1
n @ main-BL6GpmpU.js:20
rt @ main-BL6GpmpU.js:22
(anonymous) @ main-BL6GpmpU.js:158
ff @ main-BL6GpmpU.js:22
G @ main-BL6GpmpU.js:22
run @ main-BL6GpmpU.js:16
runIfDirty @ main-BL6GpmpU.js:16
uc @ main-BL6GpmpU.js:20
JA @ main-BL6GpmpU.js:20
Promise.then
GA @ main-BL6GpmpU.js:20
ik @ main-BL6GpmpU.js:20
oe.scheduler @ main-BL6GpmpU.js:22
trigger @ main-BL6GpmpU.js:16
Q0 @ main-BL6GpmpU.js:16
notify @ main-BL6GpmpU.js:16
trigger @ main-BL6GpmpU.js:16
set value @ main-BL6GpmpU.js:16
g @ BaseMultiselect-BjP_kLyV.js:1
te @ BaseMultiselect-BjP_kLyV.js:1
je @ BaseMultiselect-BjP_kLyV.js:1
onClick @ BaseMultiselect-BjP_kLyV.js:1
uc @ main-BL6GpmpU.js:20
Zi @ main-BL6GpmpU.js:20
a @ main-BL6GpmpU.js:26
main-BL6GpmpU.js:72 [intlify] Not found 'users.add_existing_user' key in 'en' locale messages.
Id @ main-BL6GpmpU.js:72
lg @ main-BL6GpmpU.js:75
Yz @ main-BL6GpmpU.js:75
TK @ main-BL6GpmpU.js:75
(anonymous) @ main-BL6GpmpU.js:105
La @ main-BL6GpmpU.js:105
Uo @ main-BL6GpmpU.js:105
(anonymous) @ Create-D-g3RZ1k.js:1
n @ main-BL6GpmpU.js:20
rt @ main-BL6GpmpU.js:22
(anonymous) @ main-BL6GpmpU.js:158
ff @ main-BL6GpmpU.js:22
G @ main-BL6GpmpU.js:22
run @ main-BL6GpmpU.js:16
runIfDirty @ main-BL6GpmpU.js:16
uc @ main-BL6GpmpU.js:20
JA @ main-BL6GpmpU.js:20
Promise.then
GA @ main-BL6GpmpU.js:20
ik @ main-BL6GpmpU.js:20
oe.scheduler @ main-BL6GpmpU.js:22
trigger @ main-BL6GpmpU.js:16
Q0 @ main-BL6GpmpU.js:16
notify @ main-BL6GpmpU.js:16
trigger @ main-BL6GpmpU.js:16
set value @ main-BL6GpmpU.js:16
g @ BaseMultiselect-BjP_kLyV.js:1
te @ BaseMultiselect-BjP_kLyV.js:1
je @ BaseMultiselect-BjP_kLyV.js:1
onClick @ BaseMultiselect-BjP_kLyV.js:1
uc @ main-BL6GpmpU.js:20
Zi @ main-BL6GpmpU.js:20
a @ main-BL6GpmpU.js:26
main-BL6GpmpU.js:72 [intlify] Not found 'users.add_existing_user' key in 'mk' locale messages.
Id @ main-BL6GpmpU.js:72
lg @ main-BL6GpmpU.js:75
Yz @ main-BL6GpmpU.js:75
TK @ main-BL6GpmpU.js:75
(anonymous) @ main-BL6GpmpU.js:105
La @ main-BL6GpmpU.js:105
Uo @ main-BL6GpmpU.js:105
(anonymous) @ Create-D-g3RZ1k.js:1
n @ main-BL6GpmpU.js:20
rt @ main-BL6GpmpU.js:22
(anonymous) @ main-BL6GpmpU.js:158
ff @ main-BL6GpmpU.js:22
G @ main-BL6GpmpU.js:22
run @ main-BL6GpmpU.js:16
runIfDirty @ main-BL6GpmpU.js:16
uc @ main-BL6GpmpU.js:20
JA @ main-BL6GpmpU.js:20
Promise.then
GA @ main-BL6GpmpU.js:20
ik @ main-BL6GpmpU.js:20
oe.scheduler @ main-BL6GpmpU.js:22
trigger @ main-BL6GpmpU.js:16
Q0 @ main-BL6GpmpU.js:16
notify @ main-BL6GpmpU.js:16
trigger @ main-BL6GpmpU.js:16
set value @ main-BL6GpmpU.js:16
$touch @ main-BL6GpmpU.js:68
m @ main-BL6GpmpU.js:68
P @ Create-D-g3RZ1k.js:1
(anonymous) @ main-BL6GpmpU.js:26
uc @ main-BL6GpmpU.js:20
Zi @ main-BL6GpmpU.js:20
a @ main-BL6GpmpU.js:26
main-BL6GpmpU.js:72 [intlify] Fall back to translate 'users.add_existing_user' key with 'en' locale.
Id @ main-BL6GpmpU.js:72
Yz @ main-BL6GpmpU.js:75
TK @ main-BL6GpmpU.js:75
(anonymous) @ main-BL6GpmpU.js:105
La @ main-BL6GpmpU.js:105
Uo @ main-BL6GpmpU.js:105
(anonymous) @ Create-D-g3RZ1k.js:1
n @ main-BL6GpmpU.js:20
rt @ main-BL6GpmpU.js:22
(anonymous) @ main-BL6GpmpU.js:158
ff @ main-BL6GpmpU.js:22
G @ main-BL6GpmpU.js:22
run @ main-BL6GpmpU.js:16
runIfDirty @ main-BL6GpmpU.js:16
uc @ main-BL6GpmpU.js:20
JA @ main-BL6GpmpU.js:20
Promise.then
GA @ main-BL6GpmpU.js:20
ik @ main-BL6GpmpU.js:20
oe.scheduler @ main-BL6GpmpU.js:22
trigger @ main-BL6GpmpU.js:16
Q0 @ main-BL6GpmpU.js:16
notify @ main-BL6GpmpU.js:16
trigger @ main-BL6GpmpU.js:16
set value @ main-BL6GpmpU.js:16
$touch @ main-BL6GpmpU.js:68
m @ main-BL6GpmpU.js:68
P @ Create-D-g3RZ1k.js:1
(anonymous) @ main-BL6GpmpU.js:26
uc @ main-BL6GpmpU.js:20
Zi @ main-BL6GpmpU.js:20
a @ main-BL6GpmpU.js:26
main-BL6GpmpU.js:72 [intlify] Not found 'users.add_existing_user' key in 'en' locale messages.
Id @ main-BL6GpmpU.js:72
lg @ main-BL6GpmpU.js:75
Yz @ main-BL6GpmpU.js:75
TK @ main-BL6GpmpU.js:75
(anonymous) @ main-BL6GpmpU.js:105
La @ main-BL6GpmpU.js:105
Uo @ main-BL6GpmpU.js:105
(anonymous) @ Create-D-g3RZ1k.js:1
n @ main-BL6GpmpU.js:20
rt @ main-BL6GpmpU.js:22
(anonymous) @ main-BL6GpmpU.js:158
ff @ main-BL6GpmpU.js:22
G @ main-BL6GpmpU.js:22
run @ main-BL6GpmpU.js:16
runIfDirty @ main-BL6GpmpU.js:16
uc @ main-BL6GpmpU.js:20
JA @ main-BL6GpmpU.js:20
Promise.then
GA @ main-BL6GpmpU.js:20
ik @ main-BL6GpmpU.js:20
oe.scheduler @ main-BL6GpmpU.js:22
trigger @ main-BL6GpmpU.js:16
Q0 @ main-BL6GpmpU.js:16
notify @ main-BL6GpmpU.js:16
trigger @ main-BL6GpmpU.js:16
set value @ main-BL6GpmpU.js:16
$touch @ main-BL6GpmpU.js:68
m @ main-BL6GpmpU.js:68
P @ Create-D-g3RZ1k.js:1
(anonymous) @ main-BL6GpmpU.js:26
uc @ main-BL6GpmpU.js:20
Zi @ main-BL6GpmpU.js:20
a @ main-BL6GpmpU.js:26
requests.js:1  POST https://app.facturino.mk/api/v1/users 500 (Internal Server Error)
s.XMLHttpRequest.send @ requests.js:1
(anonymous) @ traffic.js:1
(anonymous) @ main-BL6GpmpU.js:4
xhr @ main-BL6GpmpU.js:4
yx @ main-BL6GpmpU.js:6
Promise.then
_request @ main-BL6GpmpU.js:7
request @ main-BL6GpmpU.js:6
(anonymous) @ main-BL6GpmpU.js:7
(anonymous) @ main-BL6GpmpU.js:2
(anonymous) @ users-FAK1BsGT.js:1
addUser @ users-FAK1BsGT.js:1
q @ main-BL6GpmpU.js:42
P @ Create-D-g3RZ1k.js:1
(anonymous) @ main-BL6GpmpU.js:26
uc @ main-BL6GpmpU.js:20
Zi @ main-BL6GpmpU.js:20
a @ main-BL6GpmpU.js:26
